//===============================================================================================================//
//=====  Kopernicus 1.7.3-2 - (BuildDate: 12.09.2019 10:49:54; AssemblyHash: mEiDzMX4z4uZzKUC3t772hbCbxI=)  =====//
//===============================================================================================================//
[LOG 22:59:28]: Logger "Cellus.Body" was created
[LOG 22:59:28]: Parsing Target name in (Kopernicus.Configuration.Body) as (System.String)
[LOG 22:59:28]: Parsing Target Template in (Kopernicus.Configuration.Body) as (Kopernicus.Configuration.TemplateLoader)
[LOG 22:59:28]: Parsing Target name in (Kopernicus.Configuration.TemplateLoader) as (System.String)
[LOG 22:59:28]: Parsing Target removePQS in (Kopernicus.Configuration.TemplateLoader) as (Kopernicus.ConfigParser.BuiltinTypeParsers.NumericParser`1[System.Boolean])
[LOG 22:59:28]: Parsing Target removeBiomes in (Kopernicus.Configuration.TemplateLoader) as (Kopernicus.ConfigParser.BuiltinTypeParsers.NumericParser`1[System.Boolean])
[LOG 22:59:28]: Parsing Target removeAtmosphere in (Kopernicus.Configuration.TemplateLoader) as (Kopernicus.ConfigParser.BuiltinTypeParsers.NumericParser`1[System.Boolean])
[LOG 22:59:28]: Parsing Target removeOcean in (Kopernicus.Configuration.TemplateLoader) as (Kopernicus.ConfigParser.BuiltinTypeParsers.NumericParser`1[System.Boolean])
[LOG 22:59:28]: Parsing Target removePQSMods in (Kopernicus.Configuration.TemplateLoader) as (Kopernicus.ConfigParser.BuiltinTypeParsers.StringCollectionParser)
[LOG 22:59:28]: Parsing Target removeAllPQSMods in (Kopernicus.Configuration.TemplateLoader) as (Kopernicus.ConfigParser.BuiltinTypeParsers.NumericParser`1[System.Boolean])
[LOG 22:59:28]: Parsing Target removeProgressTree in (Kopernicus.Configuration.TemplateLoader) as (Kopernicus.ConfigParser.BuiltinTypeParsers.NumericParser`1[System.Boolean])
[LOG 22:59:28]: Parsing Target removeCoronas in (Kopernicus.Configuration.TemplateLoader) as (Kopernicus.ConfigParser.BuiltinTypeParsers.NumericParser`1[System.Boolean])
[LOG 22:59:28]: Using Template "Laythe"
[LOG 22:59:28]: Removing mods from pqs Laythe
[LOG 22:59:28]: Creating blacklist
[LOG 22:59:28]: Blacklist count = 4
[LOG 22:59:28]: Adding all found PQSMods in pqs Laythe
[LOG 22:59:28]: Adding to remove list: PQSLandControl
[LOG 22:59:28]: Adding to remove list: PQSMod_AltitudeAlpha
[LOG 22:59:28]: Adding to remove list: PQSMod_AltitudeUV
[LOG 22:59:28]: Adding to remove list: PQSMod_AerialPerspectiveMaterial
[LOG 22:59:28]: Adding to remove list: PQSMod_VertexHeightNoise
[LOG 22:59:28]: Adding to remove list: PQSMod_VertexSimplexHeightMap
[LOG 22:59:28]: Adding to remove list: PQSMod_QuadEnhanceCoast
[LOG 22:59:28]: Adding to remove list: PQSMod_VertexHeightNoiseVertHeight
[LOG 22:59:28]: Adding to remove list: PQSMod_VertexHeightMap
[LOG 22:59:28]: Adding to remove list: PQSCity
[LOG 22:59:28]: Adding to remove list: PQSROCControl
[LOG 22:59:28]: Removed mod PQSLandControl
[LOG 22:59:28]: Removed mod PQSMod_AltitudeAlpha
[LOG 22:59:28]: Removed mod PQSMod_AltitudeUV
[LOG 22:59:28]: Removed mod PQSMod_AerialPerspectiveMaterial
[LOG 22:59:28]: Removed mod PQSMod_VertexHeightNoise
[LOG 22:59:28]: Removed mod PQSMod_VertexSimplexHeightMap
[LOG 22:59:28]: Removed mod PQSMod_QuadEnhanceCoast
[LOG 22:59:28]: Removed mod PQSMod_VertexHeightNoiseVertHeight
[LOG 22:59:28]: Removed mod PQSMod_VertexHeightMap
[LOG 22:59:28]: Removed mod PQSCity
[LOG 22:59:28]: Removed mod PQSROCControl
[LOG 22:59:28]: Patching PQSLandControl
[LOG 22:59:28]: Parsing Target cacheFile in (Kopernicus.Configuration.Body) as (System.String)
[LOG 22:59:28]: Parsing Target barycenter in (Kopernicus.Configuration.Body) as (Kopernicus.ConfigParser.BuiltinTypeParsers.NumericParser`1[System.Boolean])
[LOG 22:59:28]: Parsing Target cbNameLater in (Kopernicus.Configuration.Body) as (System.String)
[LOG 22:59:28]: Parsing Target identifier in (Kopernicus.Configuration.Body) as (System.String)
[LOG 22:59:28]: Parsing Target self in (Kopernicus.Configuration.Body) as (System.Collections.Generic.List`1[Kopernicus.ConfigParser.BuiltinTypeParsers.StringCollectionParser])
[LOG 22:59:28]: Parsing Target finalizeOrbit in (Kopernicus.Configuration.Body) as (Kopernicus.ConfigParser.BuiltinTypeParsers.NumericParser`1[System.Boolean])
[LOG 22:59:28]: Parsing Target randomMainMenuBody in (Kopernicus.Configuration.Body) as (Kopernicus.ConfigParser.BuiltinTypeParsers.NumericParser`1[System.Boolean])
[LOG 22:59:28]: Parsing Target contractWeight in (Kopernicus.Configuration.Body) as (Kopernicus.ConfigParser.BuiltinTypeParsers.NumericParser`1[System.Int32])
[LOG 22:59:28]: Parsing Target Properties in (Kopernicus.Configuration.Body) as (Kopernicus.Configuration.PropertiesLoader)
[LOG 22:59:28]: Parsing Target description in (Kopernicus.Configuration.PropertiesLoader) as (System.String)
[LOG 22:59:28]: Parsing Target radius in (Kopernicus.Configuration.PropertiesLoader) as (Kopernicus.ConfigParser.BuiltinTypeParsers.NumericParser`1[System.Double])
[LOG 22:59:28]: Parsing Target geeASL in (Kopernicus.Configuration.PropertiesLoader) as (Kopernicus.ConfigParser.BuiltinTypeParsers.NumericParser`1[System.Double])
[LOG 22:59:28]: Via surface G, set gravParam to 4137180468750, mass to 6.19887755128797E+22
[LOG 22:59:28]: Parsing Target mass in (Kopernicus.Configuration.PropertiesLoader) as (Kopernicus.ConfigParser.BuiltinTypeParsers.NumericParser`1[System.Double])
[LOG 22:59:28]: Parsing Target gravParameter in (Kopernicus.Configuration.PropertiesLoader) as (Kopernicus.ConfigParser.BuiltinTypeParsers.NumericParser`1[System.Double])
[LOG 22:59:28]: Parsing Target rotates in (Kopernicus.Configuration.PropertiesLoader) as (Kopernicus.ConfigParser.BuiltinTypeParsers.NumericParser`1[System.Boolean])
[LOG 22:59:28]: Parsing Target rotationPeriod in (Kopernicus.Configuration.PropertiesLoader) as (Kopernicus.ConfigParser.BuiltinTypeParsers.NumericParser`1[System.Double])
[LOG 22:59:28]: Parsing Target tidallyLocked in (Kopernicus.Configuration.PropertiesLoader) as (Kopernicus.ConfigParser.BuiltinTypeParsers.NumericParser`1[System.Boolean])
[LOG 22:59:28]: Parsing Target initialRotation in (Kopernicus.Configuration.PropertiesLoader) as (Kopernicus.ConfigParser.BuiltinTypeParsers.NumericParser`1[System.Double])
[LOG 22:59:28]: Parsing Target inverseRotThresholdAltitude in (Kopernicus.Configuration.PropertiesLoader) as (Kopernicus.ConfigParser.BuiltinTypeParsers.NumericParser`1[System.Single])
[LOG 22:59:28]: Parsing Target albedo in (Kopernicus.Configuration.PropertiesLoader) as (Kopernicus.ConfigParser.BuiltinTypeParsers.NumericParser`1[System.Double])
[LOG 22:59:28]: Parsing Target emissivity in (Kopernicus.Configuration.PropertiesLoader) as (Kopernicus.ConfigParser.BuiltinTypeParsers.NumericParser`1[System.Double])
[LOG 22:59:28]: Parsing Target coreTemperatureOffset in (Kopernicus.Configuration.PropertiesLoader) as (Kopernicus.ConfigParser.BuiltinTypeParsers.NumericParser`1[System.Double])
[LOG 22:59:28]: Parsing Target timewarpAltitudeLimits in (Kopernicus.Configuration.PropertiesLoader) as (Kopernicus.ConfigParser.BuiltinTypeParsers.NumericCollectionParser`1[System.Single])
[LOG 22:59:28]: Parsing Target sphereOfInfluence in (Kopernicus.Configuration.PropertiesLoader) as (Kopernicus.ConfigParser.BuiltinTypeParsers.NumericParser`1[System.Double])
[LOG 22:59:28]: Parsing Target solarRotationPeriod in (Kopernicus.Configuration.PropertiesLoader) as (Kopernicus.ConfigParser.BuiltinTypeParsers.NumericParser`1[System.Boolean])
[LOG 22:59:28]: Parsing Target navballSwitchRadiusMult in (Kopernicus.Configuration.PropertiesLoader) as (Kopernicus.ConfigParser.BuiltinTypeParsers.NumericParser`1[System.Double])
[LOG 22:59:28]: Parsing Target navballSwitchRadiusMultLow in (Kopernicus.Configuration.PropertiesLoader) as (Kopernicus.ConfigParser.BuiltinTypeParsers.NumericParser`1[System.Double])
[LOG 22:59:28]: Parsing Target ScienceValues in (Kopernicus.Configuration.PropertiesLoader) as (Kopernicus.Configuration.ScienceValuesLoader)
[LOG 22:59:28]: Parsing Target landedDataValue in (Kopernicus.Configuration.ScienceValuesLoader) as (Kopernicus.ConfigParser.BuiltinTypeParsers.NumericParser`1[System.Single])
[LOG 22:59:28]: Parsing Target splashedDataValue in (Kopernicus.Configuration.ScienceValuesLoader) as (Kopernicus.ConfigParser.BuiltinTypeParsers.NumericParser`1[System.Single])
[LOG 22:59:28]: Parsing Target flyingLowDataValue in (Kopernicus.Configuration.ScienceValuesLoader) as (Kopernicus.ConfigParser.BuiltinTypeParsers.NumericParser`1[System.Single])
[LOG 22:59:28]: Parsing Target flyingHighDataValue in (Kopernicus.Configuration.ScienceValuesLoader) as (Kopernicus.ConfigParser.BuiltinTypeParsers.NumericParser`1[System.Single])
[LOG 22:59:28]: Parsing Target inSpaceLowDataValue in (Kopernicus.Configuration.ScienceValuesLoader) as (Kopernicus.ConfigParser.BuiltinTypeParsers.NumericParser`1[System.Single])
[LOG 22:59:28]: Parsing Target inSpaceHighDataValue in (Kopernicus.Configuration.ScienceValuesLoader) as (Kopernicus.ConfigParser.BuiltinTypeParsers.NumericParser`1[System.Single])
[LOG 22:59:28]: Parsing Target recoveryValue in (Kopernicus.Configuration.ScienceValuesLoader) as (Kopernicus.ConfigParser.BuiltinTypeParsers.NumericParser`1[System.Single])
[LOG 22:59:28]: Parsing Target flyingAltitudeThreshold in (Kopernicus.Configuration.ScienceValuesLoader) as (Kopernicus.ConfigParser.BuiltinTypeParsers.NumericParser`1[System.Single])
[LOG 22:59:28]: Parsing Target spaceAltitudeThreshold in (Kopernicus.Configuration.ScienceValuesLoader) as (Kopernicus.ConfigParser.BuiltinTypeParsers.NumericParser`1[System.Single])
[LOG 22:59:28]: Parsing Target biomeMap in (Kopernicus.Configuration.PropertiesLoader) as (Kopernicus.Configuration.Parsing.MapSOParserRGB`1[CBAttributeMapSO])
[LOG 22:59:28]: Parsing Target nonExactThreshold in (Kopernicus.Configuration.PropertiesLoader) as (Kopernicus.ConfigParser.BuiltinTypeParsers.NumericParser`1[System.Single])
[LOG 22:59:28]: Parsing Target exactSearch in (Kopernicus.Configuration.PropertiesLoader) as (Kopernicus.ConfigParser.BuiltinTypeParsers.NumericParser`1[System.Boolean])
[LOG 22:59:28]: Parsing Target Biomes in (Kopernicus.Configuration.PropertiesLoader) as (Kopernicus.Configuration.Parsing.CallbackList`1[Kopernicus.Configuration.BiomeLoader])
[LOG 22:59:28]: Parsing Target name in (Kopernicus.Configuration.BiomeLoader) as (System.String)
[LOG 22:59:28]: Parsing Target displayName in (Kopernicus.Configuration.BiomeLoader) as (System.String)
[LOG 22:59:28]: Parsing Target value in (Kopernicus.Configuration.BiomeLoader) as (Kopernicus.ConfigParser.BuiltinTypeParsers.NumericParser`1[System.Single])
[LOG 22:59:28]: Parsing Target color in (Kopernicus.Configuration.BiomeLoader) as (Kopernicus.ConfigParser.BuiltinTypeParsers.ColorParser)
[LOG 22:59:28]: Parsing Target name in (Kopernicus.Configuration.BiomeLoader) as (System.String)
[LOG 22:59:28]: Parsing Target displayName in (Kopernicus.Configuration.BiomeLoader) as (System.String)
[LOG 22:59:28]: Parsing Target value in (Kopernicus.Configuration.BiomeLoader) as (Kopernicus.ConfigParser.BuiltinTypeParsers.NumericParser`1[System.Single])
[LOG 22:59:28]: Parsing Target color in (Kopernicus.Configuration.BiomeLoader) as (Kopernicus.ConfigParser.BuiltinTypeParsers.ColorParser)
[LOG 22:59:28]: Parsing Target name in (Kopernicus.Configuration.BiomeLoader) as (System.String)
[LOG 22:59:28]: Parsing Target displayName in (Kopernicus.Configuration.BiomeLoader) as (System.String)
[LOG 22:59:28]: Parsing Target value in (Kopernicus.Configuration.BiomeLoader) as (Kopernicus.ConfigParser.BuiltinTypeParsers.NumericParser`1[System.Single])
[LOG 22:59:28]: Parsing Target color in (Kopernicus.Configuration.BiomeLoader) as (Kopernicus.ConfigParser.BuiltinTypeParsers.ColorParser)
[LOG 22:59:28]: Parsing Target name in (Kopernicus.Configuration.BiomeLoader) as (System.String)
[LOG 22:59:28]: Parsing Target displayName in (Kopernicus.Configuration.BiomeLoader) as (System.String)
[LOG 22:59:28]: Parsing Target value in (Kopernicus.Configuration.BiomeLoader) as (Kopernicus.ConfigParser.BuiltinTypeParsers.NumericParser`1[System.Single])
[LOG 22:59:28]: Parsing Target color in (Kopernicus.Configuration.BiomeLoader) as (Kopernicus.ConfigParser.BuiltinTypeParsers.ColorParser)
[LOG 22:59:28]: Parsing Target name in (Kopernicus.Configuration.BiomeLoader) as (System.String)
[LOG 22:59:28]: Parsing Target displayName in (Kopernicus.Configuration.BiomeLoader) as (System.String)
[LOG 22:59:28]: Parsing Target value in (Kopernicus.Configuration.BiomeLoader) as (Kopernicus.ConfigParser.BuiltinTypeParsers.NumericParser`1[System.Single])
[LOG 22:59:28]: Parsing Target color in (Kopernicus.Configuration.BiomeLoader) as (Kopernicus.ConfigParser.BuiltinTypeParsers.ColorParser)
[LOG 22:59:28]: Parsing Target name in (Kopernicus.Configuration.BiomeLoader) as (System.String)
[LOG 22:59:28]: Parsing Target displayName in (Kopernicus.Configuration.BiomeLoader) as (System.String)
[LOG 22:59:28]: Parsing Target value in (Kopernicus.Configuration.BiomeLoader) as (Kopernicus.ConfigParser.BuiltinTypeParsers.NumericParser`1[System.Single])
[LOG 22:59:28]: Parsing Target color in (Kopernicus.Configuration.BiomeLoader) as (Kopernicus.ConfigParser.BuiltinTypeParsers.ColorParser)
[LOG 22:59:28]: Parsing Target name in (Kopernicus.Configuration.BiomeLoader) as (System.String)
[LOG 22:59:28]: Parsing Target displayName in (Kopernicus.Configuration.BiomeLoader) as (System.String)
[LOG 22:59:28]: Parsing Target value in (Kopernicus.Configuration.BiomeLoader) as (Kopernicus.ConfigParser.BuiltinTypeParsers.NumericParser`1[System.Single])
[LOG 22:59:28]: Parsing Target color in (Kopernicus.Configuration.BiomeLoader) as (Kopernicus.ConfigParser.BuiltinTypeParsers.ColorParser)
[LOG 22:59:28]: Parsing Target useTheInName in (Kopernicus.Configuration.PropertiesLoader) as (Kopernicus.ConfigParser.BuiltinTypeParsers.NumericParser`1[System.Boolean])
[LOG 22:59:28]: Parsing Target displayName in (Kopernicus.Configuration.PropertiesLoader) as (System.String)
[LOG 22:59:28]: Parsing Target selectable in (Kopernicus.Configuration.PropertiesLoader) as (Kopernicus.ConfigParser.BuiltinTypeParsers.NumericParser`1[System.Boolean])
[LOG 22:59:28]: Parsing Target RDVisibility in (Kopernicus.Configuration.PropertiesLoader) as (Kopernicus.ConfigParser.BuiltinTypeParsers.EnumParser`1[Kopernicus.Configuration.PropertiesLoader+RnDVisibility])
[LOG 22:59:28]: Parsing Target RnDVisibility in (Kopernicus.Configuration.PropertiesLoader) as (Kopernicus.ConfigParser.BuiltinTypeParsers.EnumParser`1[Kopernicus.Configuration.PropertiesLoader+RnDVisibility])
[LOG 22:59:28]: Parsing Target RnDRotation in (Kopernicus.Configuration.PropertiesLoader) as (Kopernicus.ConfigParser.BuiltinTypeParsers.NumericParser`1[System.Boolean])
[LOG 22:59:28]: Parsing Target maxZoom in (Kopernicus.Configuration.PropertiesLoader) as (Kopernicus.ConfigParser.BuiltinTypeParsers.NumericParser`1[System.Single])
[LOG 22:59:28]: --------- Science Values ------------
[LOG 22:59:28]: LandedDataValue = 15
[LOG 22:59:28]: SplashedDataValue = 12
[LOG 22:59:28]: FlyingLowDataValue = 11
[LOG 22:59:28]: FlyingHighDataValue = 10
[LOG 22:59:28]: InSpaceLowDataValue = 12
[LOG 22:59:28]: InSpaceHighDataValue = 11
[LOG 22:59:28]: RecoveryValue = 10
[LOG 22:59:28]: flyingAltitudeThreshold = 10000
[LOG 22:59:28]: spaceAltitudeThreshold = 400000
[LOG 22:59:28]: --------------------------------------
[LOG 22:59:28]: Found Biome: Basins : RGBA(0.000, 0.000, 0.000, 0.004) : 1
[LOG 22:59:28]: Found Biome: Lowlands : RGBA(0.165, 0.165, 0.165, 0.004) : 1
[LOG 22:59:28]: Found Biome: Midlands : RGBA(0.333, 0.333, 0.333, 0.004) : 1
[LOG 22:59:28]: Found Biome: Foothills : RGBA(0.498, 0.498, 0.498, 0.004) : 1
[LOG 22:59:28]: Found Biome: Highalnds : RGBA(0.667, 0.667, 0.667, 0.004) : 1
[LOG 22:59:28]: Found Biome: Peaks : RGBA(0.831, 0.831, 0.831, 0.004) : 1
[LOG 22:59:28]: Found Biome: Mark : RGBA(1.000, 0.000, 1.000, 0.004) : 1
[LOG 22:59:28]: Added Progress Tree
[LOG 22:59:28]: Parsing Target Orbit in (Kopernicus.Configuration.Body) as (Kopernicus.Configuration.OrbitLoader)
[LOG 22:59:28]: Parsing Target referenceBody in (Kopernicus.Configuration.OrbitLoader) as (System.String)
[LOG 22:59:28]: Parsing Target inclination in (Kopernicus.Configuration.OrbitLoader) as (Kopernicus.ConfigParser.BuiltinTypeParsers.NumericParser`1[System.Double])
[LOG 22:59:28]: Parsing Target eccentricity in (Kopernicus.Configuration.OrbitLoader) as (Kopernicus.ConfigParser.BuiltinTypeParsers.NumericParser`1[System.Double])
[LOG 22:59:28]: Parsing Target semiMajorAxis in (Kopernicus.Configuration.OrbitLoader) as (Kopernicus.ConfigParser.BuiltinTypeParsers.NumericParser`1[System.Double])
[LOG 22:59:28]: Parsing Target longitudeOfAscendingNode in (Kopernicus.Configuration.OrbitLoader) as (Kopernicus.ConfigParser.BuiltinTypeParsers.NumericParser`1[System.Double])
[LOG 22:59:28]: Parsing Target argumentOfPeriapsis in (Kopernicus.Configuration.OrbitLoader) as (Kopernicus.ConfigParser.BuiltinTypeParsers.NumericParser`1[System.Double])
[LOG 22:59:28]: Parsing Target meanAnomalyAtEpoch in (Kopernicus.Configuration.OrbitLoader) as (Kopernicus.ConfigParser.BuiltinTypeParsers.NumericParser`1[System.Double])
[LOG 22:59:28]: Parsing Target meanAnomalyAtEpochD in (Kopernicus.Configuration.OrbitLoader) as (Kopernicus.ConfigParser.BuiltinTypeParsers.NumericParser`1[System.Double])
[LOG 22:59:28]: Parsing Target epoch in (Kopernicus.Configuration.OrbitLoader) as (Kopernicus.ConfigParser.BuiltinTypeParsers.NumericParser`1[System.Double])
[LOG 22:59:28]: Parsing Target color in (Kopernicus.Configuration.OrbitLoader) as (Kopernicus.ConfigParser.BuiltinTypeParsers.ColorParser)
[LOG 22:59:28]: Parsing Target iconColor in (Kopernicus.Configuration.OrbitLoader) as (Kopernicus.ConfigParser.BuiltinTypeParsers.ColorParser)
[LOG 22:59:28]: Parsing Target nodeColor in (Kopernicus.Configuration.OrbitLoader) as (Kopernicus.ConfigParser.BuiltinTypeParsers.ColorParser)
[LOG 22:59:28]: Parsing Target mode in (Kopernicus.Configuration.OrbitLoader) as (Kopernicus.ConfigParser.BuiltinTypeParsers.EnumParser`1[OrbitRendererBase+DrawMode])
[LOG 22:59:28]: Parsing Target icon in (Kopernicus.Configuration.OrbitLoader) as (Kopernicus.ConfigParser.BuiltinTypeParsers.EnumParser`1[OrbitRendererBase+DrawIcons])
[LOG 22:59:28]: Parsing Target cameraSmaRatioBounds in (Kopernicus.Configuration.OrbitLoader) as (Kopernicus.ConfigParser.BuiltinTypeParsers.NumericCollectionParser`1[System.Single])
[LOG 22:59:28]: Parsing Target period in (Kopernicus.Configuration.OrbitLoader) as (Kopernicus.ConfigParser.BuiltinTypeParsers.NumericParser`1[System.Double])
[LOG 22:59:28]: Parsing Target iconTexture in (Kopernicus.Configuration.OrbitLoader) as (Kopernicus.Configuration.Parsing.Texture2DParser)
[LOG 22:59:28]: Parsing Target ScaledVersion in (Kopernicus.Configuration.Body) as (Kopernicus.Configuration.ScaledVersionLoader)
[LOG 22:59:28]: Parsing Target type in (Kopernicus.Configuration.ScaledVersionLoader) as (Kopernicus.ConfigParser.BuiltinTypeParsers.EnumParser`1[Kopernicus.Configuration.Enumerations.BodyType])
[LOG 22:59:28]: Copying "celestialBody": <NULL> => <NULL>
[LOG 22:59:28]: Copying "floatName": <NULL> => _Opacity
[LOG 22:59:28]: Copying "fadeStart": 0 => 55000
[LOG 22:59:28]: Copying "fadeEnd": 0 => 60000
[LOG 22:59:28]: Copying "r": <NULL> => <NULL>
[LOG 22:59:28]: Parsing Target fadeStart in (Kopernicus.Configuration.ScaledVersionLoader) as (Kopernicus.ConfigParser.BuiltinTypeParsers.NumericParser`1[System.Single])
[LOG 22:59:28]: Parsing Target fadeEnd in (Kopernicus.Configuration.ScaledVersionLoader) as (Kopernicus.ConfigParser.BuiltinTypeParsers.NumericParser`1[System.Single])
[LOG 22:59:28]: Parsing Target Light in (Kopernicus.Configuration.ScaledVersionLoader) as (Kopernicus.Configuration.LightShifterLoader)
[LOG 22:59:28]: Parsing Target sphericalModel in (Kopernicus.Configuration.ScaledVersionLoader) as (Kopernicus.ConfigParser.BuiltinTypeParsers.NumericParser`1[System.Boolean])
[LOG 22:59:28]: Parsing Target deferMesh in (Kopernicus.Configuration.ScaledVersionLoader) as (Kopernicus.ConfigParser.BuiltinTypeParsers.NumericParser`1[System.Boolean])
[LOG 22:59:28]: Parsing Target invisible in (Kopernicus.Configuration.ScaledVersionLoader) as (Kopernicus.ConfigParser.BuiltinTypeParsers.NumericParser`1[System.Boolean])
[LOG 22:59:28]: Parsing Target Material in (Kopernicus.Configuration.ScaledVersionLoader) as (UnityEngine.Material)
[LOG 22:59:28]: Parsing Target color in (Kopernicus.Configuration.MaterialLoader.ScaledPlanetRimAerialLoader) as (Kopernicus.ConfigParser.BuiltinTypeParsers.ColorParser)
[LOG 22:59:28]: Parsing Target specColor in (Kopernicus.Configuration.MaterialLoader.ScaledPlanetRimAerialLoader) as (Kopernicus.ConfigParser.BuiltinTypeParsers.ColorParser)
[LOG 22:59:28]: Parsing Target shininess in (Kopernicus.Configuration.MaterialLoader.ScaledPlanetRimAerialLoader) as (Kopernicus.ConfigParser.BuiltinTypeParsers.NumericParser`1[System.Single])
[LOG 22:59:28]: Parsing Target mainTex in (Kopernicus.Configuration.MaterialLoader.ScaledPlanetRimAerialLoader) as (Kopernicus.Configuration.Parsing.Texture2DParser)
[LOG 22:59:28]: Parsing Target texture in (Kopernicus.Configuration.MaterialLoader.ScaledPlanetRimAerialLoader) as (Kopernicus.Configuration.Parsing.Texture2DParser)
[LOG 22:59:28]: Parsing Target mainTexScale in (Kopernicus.Configuration.MaterialLoader.ScaledPlanetRimAerialLoader) as (Kopernicus.ConfigParser.BuiltinTypeParsers.Vector2Parser)
[LOG 22:59:28]: Parsing Target mainTexOffset in (Kopernicus.Configuration.MaterialLoader.ScaledPlanetRimAerialLoader) as (Kopernicus.ConfigParser.BuiltinTypeParsers.Vector2Parser)
[LOG 22:59:28]: Parsing Target bumpMap in (Kopernicus.Configuration.MaterialLoader.ScaledPlanetRimAerialLoader) as (Kopernicus.Configuration.Parsing.Texture2DParser)
[LOG 22:59:28]: Parsing Target normals in (Kopernicus.Configuration.MaterialLoader.ScaledPlanetRimAerialLoader) as (Kopernicus.Configuration.Parsing.Texture2DParser)
[LOG 22:59:28]: Parsing Target bumpMapScale in (Kopernicus.Configuration.MaterialLoader.ScaledPlanetRimAerialLoader) as (Kopernicus.ConfigParser.BuiltinTypeParsers.Vector2Parser)
[LOG 22:59:28]: Parsing Target bumpMapOffset in (Kopernicus.Configuration.MaterialLoader.ScaledPlanetRimAerialLoader) as (Kopernicus.ConfigParser.BuiltinTypeParsers.Vector2Parser)
[LOG 22:59:28]: Parsing Target opacity in (Kopernicus.Configuration.MaterialLoader.ScaledPlanetRimAerialLoader) as (Kopernicus.ConfigParser.BuiltinTypeParsers.NumericParser`1[System.Single])
[LOG 22:59:28]: Parsing Target rimPower in (Kopernicus.Configuration.MaterialLoader.ScaledPlanetRimAerialLoader) as (Kopernicus.ConfigParser.BuiltinTypeParsers.NumericParser`1[System.Single])
[LOG 22:59:28]: Parsing Target rimBlend in (Kopernicus.Configuration.MaterialLoader.ScaledPlanetRimAerialLoader) as (Kopernicus.ConfigParser.BuiltinTypeParsers.NumericParser`1[System.Single])
[LOG 22:59:28]: Parsing Target rimColorRamp in (Kopernicus.Configuration.MaterialLoader.ScaledPlanetRimAerialLoader) as (Kopernicus.Configuration.Parsing.Texture2DParser)
[LOG 22:59:28]: Parsing Target rimColorRampScale in (Kopernicus.Configuration.MaterialLoader.ScaledPlanetRimAerialLoader) as (Kopernicus.ConfigParser.BuiltinTypeParsers.Vector2Parser)
[LOG 22:59:28]: Parsing Target rimColorRampOffset in (Kopernicus.Configuration.MaterialLoader.ScaledPlanetRimAerialLoader) as (Kopernicus.ConfigParser.BuiltinTypeParsers.Vector2Parser)
[LOG 22:59:28]: Parsing Target Gradient in (Kopernicus.Configuration.MaterialLoader.ScaledPlanetRimAerialLoader) as (Kopernicus.Configuration.Parsing.Gradient)
[LOG 22:59:28]: Parsing Target localLightDirection in (Kopernicus.Configuration.MaterialLoader.ScaledPlanetRimAerialLoader) as (Kopernicus.ConfigParser.BuiltinTypeParsers.Vector4Parser)
[LOG 22:59:28]: Parsing Target resourceMap in (Kopernicus.Configuration.MaterialLoader.ScaledPlanetRimAerialLoader) as (Kopernicus.Configuration.Parsing.Texture2DParser)
[LOG 22:59:28]: Parsing Target resourceMapScale in (Kopernicus.Configuration.MaterialLoader.ScaledPlanetRimAerialLoader) as (Kopernicus.ConfigParser.BuiltinTypeParsers.Vector2Parser)
[LOG 22:59:28]: Parsing Target resourceMapOffset in (Kopernicus.Configuration.MaterialLoader.ScaledPlanetRimAerialLoader) as (Kopernicus.ConfigParser.BuiltinTypeParsers.Vector2Parser)
[LOG 22:59:28]: Parsing Target OnDemand in (Kopernicus.Configuration.ScaledVersionLoader) as (Kopernicus.Configuration.ScaledVersionLoader+OnDemandConfig)
[LOG 22:59:28]: Parsing Target TextureOptions in (Kopernicus.Configuration.ScaledVersionLoader) as (Kopernicus.UI.PlanetTextureExporter+TextureOptions)
[LOG 22:59:28]: Parsing Target Coronas in (Kopernicus.Configuration.ScaledVersionLoader) as (System.Collections.Generic.List`1[Kopernicus.Configuration.CoronaLoader])
[LOG 22:59:28]: ============= Scaled Version Dump ===================
[LOG 22:59:28]: Cellus (UnityEngine.GameObject)
[LOG 22:59:28]:  >>> Components <<< 
[LOG 22:59:28]:  Cellus (UnityEngine.Transform)
[LOG 22:59:28]:  Cellus (UnityEngine.MeshFilter)
[LOG 22:59:28]:  Cellus (UnityEngine.MeshRenderer)
[LOG 22:59:28]:  Cellus (UnityEngine.SphereCollider)
[LOG 22:59:28]:  Cellus (MaterialSetDirection)
[LOG 22:59:28]:  Cellus (Kopernicus.Components.SharedScaledSpaceFader)
[LOG 22:59:28]:  >>> ---------- <<< 
[LOG 22:59:28]:     Atmosphere (UnityEngine.GameObject)
[LOG 22:59:28]:      >>> Components <<< 
[LOG 22:59:28]:      Atmosphere (UnityEngine.Transform)
[LOG 22:59:28]:      Atmosphere (UnityEngine.MeshFilter)
[LOG 22:59:28]:      Atmosphere (UnityEngine.MeshRenderer)
[LOG 22:59:28]:      Atmosphere (AtmosphereFromGround)
[LOG 22:59:28]:      >>> ---------- <<< 
[LOG 22:59:28]: ===========================================
[LOG 22:59:28]: Parsing Target Atmosphere in (Kopernicus.Configuration.Body) as (Kopernicus.Configuration.AtmosphereLoader)
[LOG 22:59:28]: Parsing Target enabled in (Kopernicus.Configuration.AtmosphereLoader) as (Kopernicus.ConfigParser.BuiltinTypeParsers.NumericParser`1[System.Boolean])
[LOG 22:59:28]: Parsing Target addAFG in (Kopernicus.Configuration.AtmosphereLoader) as (Kopernicus.ConfigParser.BuiltinTypeParsers.NumericParser`1[System.Boolean])
[LOG 22:59:28]: Parsing Target oxygen in (Kopernicus.Configuration.AtmosphereLoader) as (Kopernicus.ConfigParser.BuiltinTypeParsers.NumericParser`1[System.Boolean])
[LOG 22:59:28]: Parsing Target staticDensityASL in (Kopernicus.Configuration.AtmosphereLoader) as (Kopernicus.ConfigParser.BuiltinTypeParsers.NumericParser`1[System.Double])
[LOG 22:59:28]: Parsing Target adiabaticIndex in (Kopernicus.Configuration.AtmosphereLoader) as (Kopernicus.ConfigParser.BuiltinTypeParsers.NumericParser`1[System.Double])
[LOG 22:59:28]: Parsing Target maxAltitude in (Kopernicus.Configuration.AtmosphereLoader) as (Kopernicus.ConfigParser.BuiltinTypeParsers.NumericParser`1[System.Double])
[LOG 22:59:28]: Parsing Target altitude in (Kopernicus.Configuration.AtmosphereLoader) as (Kopernicus.ConfigParser.BuiltinTypeParsers.NumericParser`1[System.Double])
[LOG 22:59:28]: Parsing Target atmosphereDepth in (Kopernicus.Configuration.AtmosphereLoader) as (Kopernicus.ConfigParser.BuiltinTypeParsers.NumericParser`1[System.Double])
[LOG 22:59:28]: Parsing Target gasMassLapseRate in (Kopernicus.Configuration.AtmosphereLoader) as (Kopernicus.ConfigParser.BuiltinTypeParsers.NumericParser`1[System.Double])
[LOG 22:59:28]: Parsing Target atmosphereMolarMass in (Kopernicus.Configuration.AtmosphereLoader) as (Kopernicus.ConfigParser.BuiltinTypeParsers.NumericParser`1[System.Double])
[LOG 22:59:28]: Parsing Target pressureCurve in (Kopernicus.Configuration.AtmosphereLoader) as (Kopernicus.ConfigParser.BuiltinTypeParsers.FloatCurveParser)
[LOG 22:59:28]: Parsing Target self in (Kopernicus.ConfigParser.BuiltinTypeParsers.FloatCurveParser) as (System.Collections.Generic.List`1[Kopernicus.ConfigParser.BuiltinTypeParsers.NumericCollectionParser`1[System.Single]])
[LOG 22:59:28]: Parsing Target pressureCurveIsNormalized in (Kopernicus.Configuration.AtmosphereLoader) as (Kopernicus.ConfigParser.BuiltinTypeParsers.NumericParser`1[System.Boolean])
[LOG 22:59:28]: Parsing Target staticPressureASL in (Kopernicus.Configuration.AtmosphereLoader) as (Kopernicus.ConfigParser.BuiltinTypeParsers.NumericParser`1[System.Double])
[LOG 22:59:28]: Parsing Target temperatureCurve in (Kopernicus.Configuration.AtmosphereLoader) as (Kopernicus.ConfigParser.BuiltinTypeParsers.FloatCurveParser)
[LOG 22:59:28]: Parsing Target self in (Kopernicus.ConfigParser.BuiltinTypeParsers.FloatCurveParser) as (System.Collections.Generic.List`1[Kopernicus.ConfigParser.BuiltinTypeParsers.NumericCollectionParser`1[System.Single]])
[LOG 22:59:28]: Parsing Target temperatureCurveIsNormalized in (Kopernicus.Configuration.AtmosphereLoader) as (Kopernicus.ConfigParser.BuiltinTypeParsers.NumericParser`1[System.Boolean])
[LOG 22:59:28]: Parsing Target temperatureLapseRate in (Kopernicus.Configuration.AtmosphereLoader) as (Kopernicus.ConfigParser.BuiltinTypeParsers.NumericParser`1[System.Double])
[LOG 22:59:28]: Parsing Target temperatureSeaLevel in (Kopernicus.Configuration.AtmosphereLoader) as (Kopernicus.ConfigParser.BuiltinTypeParsers.NumericParser`1[System.Double])
[LOG 22:59:28]: Parsing Target temperatureSunMultCurve in (Kopernicus.Configuration.AtmosphereLoader) as (Kopernicus.ConfigParser.BuiltinTypeParsers.FloatCurveParser)
[LOG 22:59:28]: Exception Was Recorded: temperatureSunMultCurve requires config value of Node
  at Kopernicus.ConfigParser.Parser.LoadObjectMemberFromConfigurationNode (System.Reflection.MemberInfo member, System.Object o, .ConfigNode node, System.String configName, Boolean getChildren) [0x00000] in <filename unknown>:0 
  at Kopernicus.ConfigParser.Parser.LoadObjectFromConfigurationNode (System.Object o, .ConfigNode node, System.String configName, Boolean getChildren) [0x00000] in <filename unknown>:0 
  at Kopernicus.ConfigParser.Parser.LoadObjectMemberFromConfigurationNode (System.Reflection.MemberInfo member, System.Object o, .ConfigNode node, System.String configName, Boolean getChildren) [0x00000] in <filename unknown>:0 
  at Kopernicus.ConfigParser.Parser.LoadObjectFromConfigurationNode (System.Object o, .ConfigNode node, System.String configName, Boolean getChildren) [0x00000] in <filename unknown>:0 
  at Kopernicus.Configuration.Loader.Kopernicus.ConfigParser.Interfaces.IParserEventSubscriber.PostApply (.ConfigNode node) [0x00000] in <filename unknown>:0 
