//===============================================================================================================//
//=====  Kopernicus 1.7.3-2 - (BuildDate: 12.09.2019 10:49:54; AssemblyHash: mEiDzMX4z4uZzKUC3t772hbCbxI=)  =====//
//===============================================================================================================//
[LOG 22:59:25]: Logger "Kopernicus" was created
[LOG 22:59:25]: Injector.Awake(): Begin
[LOG 22:59:25]: Parsing Target name in (Kopernicus.Configuration.Loader) as (System.String)
[LOG 22:59:25]: Parsing Target timeScale in (Kopernicus.Configuration.Loader) as (Kopernicus.ConfigParser.BuiltinTypeParsers.NumericParser`1[System.Double])
[LOG 22:59:25]: Parsing Target scale in (Kopernicus.Configuration.Loader) as (Kopernicus.ConfigParser.BuiltinTypeParsers.NumericParser`1[System.Double])
[LOG 22:59:25]: Parsing Target Epoch in (Kopernicus.Configuration.Loader) as (Kopernicus.ConfigParser.BuiltinTypeParsers.NumericParser`1[System.Double])
[LOG 22:59:25]: Parsing Target useOnDemand in (Kopernicus.Configuration.Loader) as (Kopernicus.ConfigParser.BuiltinTypeParsers.NumericParser`1[System.Boolean])
[LOG 22:59:25]: Parsing Target useOnDemandBiomes in (Kopernicus.Configuration.Loader) as (Kopernicus.ConfigParser.BuiltinTypeParsers.NumericParser`1[System.Boolean])
[LOG 22:59:25]: Parsing Target onDemandLoadOnMissing in (Kopernicus.Configuration.Loader) as (Kopernicus.ConfigParser.BuiltinTypeParsers.NumericParser`1[System.Boolean])
[LOG 22:59:25]: Parsing Target onDemandLogOnMissing in (Kopernicus.Configuration.Loader) as (Kopernicus.ConfigParser.BuiltinTypeParsers.NumericParser`1[System.Boolean])
[LOG 22:59:25]: Parsing Target onDemandUnloadDelay in (Kopernicus.Configuration.Loader) as (Kopernicus.ConfigParser.BuiltinTypeParsers.NumericParser`1[System.Int32])
[LOG 22:59:25]: Parsing Target useManualMemoryManagement in (Kopernicus.Configuration.Loader) as (Kopernicus.ConfigParser.BuiltinTypeParsers.NumericParser`1[System.Boolean])
[LOG 22:59:25]: Parsing Target mainMenuBody in (Kopernicus.Configuration.Loader) as (System.String)
[LOG 22:59:25]: Parsing Target maxViewingDistance in (Kopernicus.Configuration.Loader) as (Kopernicus.ConfigParser.BuiltinTypeParsers.NumericParser`1[System.Double])
[LOG 22:59:25]: Parsing Target scaledSpaceFaderMult in (Kopernicus.Configuration.Loader) as (Kopernicus.ConfigParser.BuiltinTypeParsers.NumericParser`1[System.Double])
[LOG 22:59:25]: Parsing Target force3DOrbits in (Kopernicus.Configuration.Loader) as (Kopernicus.ConfigParser.BuiltinTypeParsers.NumericParser`1[System.Boolean])
[LOG 22:59:25]: Parsing Target self in (Kopernicus.Configuration.Loader) as (System.Collections.Generic.List`1[Kopernicus.ConfigParser.BuiltinTypeParsers.StringCollectionParser])
[LOG 22:59:25]: [Kopernicus]: Configuration.Loader: Loaded Body: Sun
[LOG 22:59:28]: [Kopernicus]: Configuration.Loader: Loaded Body: Kerbin
[LOG 22:59:28]: [Kopernicus]: Configuration.Loader: Failed to load Body: Cellus: temperatureSunMultCurve requires config value of Node
[LOG 22:59:38]: [Kopernicus] RuntimeUtility Started
[LOG 22:59:38]: StarLightSwitcher.Awake(): Begin
[LOG 23:00:02]: Injector.OnDestroy(): Complete
