//===============================================================================================================//
//=====  Kopernicus 1.7.3-2 - (BuildDate: 12.09.2019 10:49:54; AssemblyHash: mEiDzMX4z4uZzKUC3t772hbCbxI=)  =====//
//===============================================================================================================//
[LOG 22:22:48]: Logger "Squad/Dres.Body" was created
[LOG 22:22:48]: Parsing Target name in (Kopernicus.Configuration.Body) as (System.String)
[LOG 22:22:48]: Parsing Target Template in (Kopernicus.Configuration.Body) as (Kopernicus.Configuration.TemplateLoader)
[LOG 22:22:48]: Parsing Target name in (Kopernicus.Configuration.TemplateLoader) as (System.String)
[LOG 22:22:48]: Parsing Target removePQS in (Kopernicus.Configuration.TemplateLoader) as (Kopernicus.ConfigParser.BuiltinTypeParsers.NumericParser`1[System.Boolean])
[LOG 22:22:48]: Parsing Target removeBiomes in (Kopernicus.Configuration.TemplateLoader) as (Kopernicus.ConfigParser.BuiltinTypeParsers.NumericParser`1[System.Boolean])
[LOG 22:22:48]: Parsing Target removeAtmosphere in (Kopernicus.Configuration.TemplateLoader) as (Kopernicus.ConfigParser.BuiltinTypeParsers.NumericParser`1[System.Boolean])
[LOG 22:22:48]: Parsing Target removeOcean in (Kopernicus.Configuration.TemplateLoader) as (Kopernicus.ConfigParser.BuiltinTypeParsers.NumericParser`1[System.Boolean])
[LOG 22:22:48]: Parsing Target removePQSMods in (Kopernicus.Configuration.TemplateLoader) as (Kopernicus.ConfigParser.BuiltinTypeParsers.StringCollectionParser)
[LOG 22:22:48]: Parsing Target removeAllPQSMods in (Kopernicus.Configuration.TemplateLoader) as (Kopernicus.ConfigParser.BuiltinTypeParsers.NumericParser`1[System.Boolean])
[LOG 22:22:48]: Parsing Target removeProgressTree in (Kopernicus.Configuration.TemplateLoader) as (Kopernicus.ConfigParser.BuiltinTypeParsers.NumericParser`1[System.Boolean])
[LOG 22:22:48]: Parsing Target removeCoronas in (Kopernicus.Configuration.TemplateLoader) as (Kopernicus.ConfigParser.BuiltinTypeParsers.NumericParser`1[System.Boolean])
[LOG 22:22:48]: Using Template "Dres"
[LOG 22:22:48]: Patching PQSLandControl
[LOG 22:22:48]: Parsing Target cacheFile in (Kopernicus.Configuration.Body) as (System.String)
[LOG 22:22:48]: Parsing Target barycenter in (Kopernicus.Configuration.Body) as (Kopernicus.ConfigParser.BuiltinTypeParsers.NumericParser`1[System.Boolean])
[LOG 22:22:48]: Parsing Target cbNameLater in (Kopernicus.Configuration.Body) as (System.String)
[LOG 22:22:48]: Parsing Target identifier in (Kopernicus.Configuration.Body) as (System.String)
[LOG 22:22:48]: Parsing Target self in (Kopernicus.Configuration.Body) as (System.Collections.Generic.List`1[Kopernicus.ConfigParser.BuiltinTypeParsers.StringCollectionParser])
[LOG 22:22:48]: Parsing Target finalizeOrbit in (Kopernicus.Configuration.Body) as (Kopernicus.ConfigParser.BuiltinTypeParsers.NumericParser`1[System.Boolean])
[LOG 22:22:48]: Parsing Target randomMainMenuBody in (Kopernicus.Configuration.Body) as (Kopernicus.ConfigParser.BuiltinTypeParsers.NumericParser`1[System.Boolean])
[LOG 22:22:48]: Parsing Target contractWeight in (Kopernicus.Configuration.Body) as (Kopernicus.ConfigParser.BuiltinTypeParsers.NumericParser`1[System.Int32])
[LOG 22:22:48]: Parsing Target Properties in (Kopernicus.Configuration.Body) as (Kopernicus.Configuration.PropertiesLoader)
[LOG 22:22:48]: Parsing Target description in (Kopernicus.Configuration.PropertiesLoader) as (System.String)
[LOG 22:22:48]: Parsing Target radius in (Kopernicus.Configuration.PropertiesLoader) as (Kopernicus.ConfigParser.BuiltinTypeParsers.NumericParser`1[System.Double])
[LOG 22:22:48]: Parsing Target geeASL in (Kopernicus.Configuration.PropertiesLoader) as (Kopernicus.ConfigParser.BuiltinTypeParsers.NumericParser`1[System.Double])
[LOG 22:22:48]: Parsing Target mass in (Kopernicus.Configuration.PropertiesLoader) as (Kopernicus.ConfigParser.BuiltinTypeParsers.NumericParser`1[System.Double])
[LOG 22:22:48]: Parsing Target gravParameter in (Kopernicus.Configuration.PropertiesLoader) as (Kopernicus.ConfigParser.BuiltinTypeParsers.NumericParser`1[System.Double])
[LOG 22:22:48]: Parsing Target rotates in (Kopernicus.Configuration.PropertiesLoader) as (Kopernicus.ConfigParser.BuiltinTypeParsers.NumericParser`1[System.Boolean])
[LOG 22:22:48]: Parsing Target rotationPeriod in (Kopernicus.Configuration.PropertiesLoader) as (Kopernicus.ConfigParser.BuiltinTypeParsers.NumericParser`1[System.Double])
[LOG 22:22:48]: Parsing Target tidallyLocked in (Kopernicus.Configuration.PropertiesLoader) as (Kopernicus.ConfigParser.BuiltinTypeParsers.NumericParser`1[System.Boolean])
[LOG 22:22:48]: Parsing Target initialRotation in (Kopernicus.Configuration.PropertiesLoader) as (Kopernicus.ConfigParser.BuiltinTypeParsers.NumericParser`1[System.Double])
[LOG 22:22:48]: Parsing Target inverseRotThresholdAltitude in (Kopernicus.Configuration.PropertiesLoader) as (Kopernicus.ConfigParser.BuiltinTypeParsers.NumericParser`1[System.Single])
[LOG 22:22:48]: Parsing Target albedo in (Kopernicus.Configuration.PropertiesLoader) as (Kopernicus.ConfigParser.BuiltinTypeParsers.NumericParser`1[System.Double])
[LOG 22:22:48]: Parsing Target emissivity in (Kopernicus.Configuration.PropertiesLoader) as (Kopernicus.ConfigParser.BuiltinTypeParsers.NumericParser`1[System.Double])
[LOG 22:22:48]: Parsing Target coreTemperatureOffset in (Kopernicus.Configuration.PropertiesLoader) as (Kopernicus.ConfigParser.BuiltinTypeParsers.NumericParser`1[System.Double])
[LOG 22:22:48]: Parsing Target timewarpAltitudeLimits in (Kopernicus.Configuration.PropertiesLoader) as (Kopernicus.ConfigParser.BuiltinTypeParsers.NumericCollectionParser`1[System.Single])
[LOG 22:22:48]: Parsing Target sphereOfInfluence in (Kopernicus.Configuration.PropertiesLoader) as (Kopernicus.ConfigParser.BuiltinTypeParsers.NumericParser`1[System.Double])
[LOG 22:22:48]: Parsing Target solarRotationPeriod in (Kopernicus.Configuration.PropertiesLoader) as (Kopernicus.ConfigParser.BuiltinTypeParsers.NumericParser`1[System.Boolean])
[LOG 22:22:48]: Parsing Target navballSwitchRadiusMult in (Kopernicus.Configuration.PropertiesLoader) as (Kopernicus.ConfigParser.BuiltinTypeParsers.NumericParser`1[System.Double])
[LOG 22:22:48]: Parsing Target navballSwitchRadiusMultLow in (Kopernicus.Configuration.PropertiesLoader) as (Kopernicus.ConfigParser.BuiltinTypeParsers.NumericParser`1[System.Double])
[LOG 22:22:48]: Parsing Target ScienceValues in (Kopernicus.Configuration.PropertiesLoader) as (Kopernicus.Configuration.ScienceValuesLoader)
[LOG 22:22:48]: Parsing Target landedDataValue in (Kopernicus.Configuration.ScienceValuesLoader) as (Kopernicus.ConfigParser.BuiltinTypeParsers.NumericParser`1[System.Single])
[LOG 22:22:48]: Parsing Target splashedDataValue in (Kopernicus.Configuration.ScienceValuesLoader) as (Kopernicus.ConfigParser.BuiltinTypeParsers.NumericParser`1[System.Single])
[LOG 22:22:48]: Parsing Target flyingLowDataValue in (Kopernicus.Configuration.ScienceValuesLoader) as (Kopernicus.ConfigParser.BuiltinTypeParsers.NumericParser`1[System.Single])
[LOG 22:22:48]: Parsing Target flyingHighDataValue in (Kopernicus.Configuration.ScienceValuesLoader) as (Kopernicus.ConfigParser.BuiltinTypeParsers.NumericParser`1[System.Single])
[LOG 22:22:48]: Parsing Target inSpaceLowDataValue in (Kopernicus.Configuration.ScienceValuesLoader) as (Kopernicus.ConfigParser.BuiltinTypeParsers.NumericParser`1[System.Single])
[LOG 22:22:48]: Parsing Target inSpaceHighDataValue in (Kopernicus.Configuration.ScienceValuesLoader) as (Kopernicus.ConfigParser.BuiltinTypeParsers.NumericParser`1[System.Single])
[LOG 22:22:48]: Parsing Target recoveryValue in (Kopernicus.Configuration.ScienceValuesLoader) as (Kopernicus.ConfigParser.BuiltinTypeParsers.NumericParser`1[System.Single])
[LOG 22:22:48]: Parsing Target flyingAltitudeThreshold in (Kopernicus.Configuration.ScienceValuesLoader) as (Kopernicus.ConfigParser.BuiltinTypeParsers.NumericParser`1[System.Single])
[LOG 22:22:48]: Parsing Target spaceAltitudeThreshold in (Kopernicus.Configuration.ScienceValuesLoader) as (Kopernicus.ConfigParser.BuiltinTypeParsers.NumericParser`1[System.Single])
[LOG 22:22:48]: Parsing Target biomeMap in (Kopernicus.Configuration.PropertiesLoader) as (Kopernicus.Configuration.Parsing.MapSOParserRGB`1[CBAttributeMapSO])
[LOG 22:22:48]: Parsing Target nonExactThreshold in (Kopernicus.Configuration.PropertiesLoader) as (Kopernicus.ConfigParser.BuiltinTypeParsers.NumericParser`1[System.Single])
[LOG 22:22:48]: Parsing Target exactSearch in (Kopernicus.Configuration.PropertiesLoader) as (Kopernicus.ConfigParser.BuiltinTypeParsers.NumericParser`1[System.Boolean])
[LOG 22:22:48]: Parsing Target Biomes in (Kopernicus.Configuration.PropertiesLoader) as (Kopernicus.Configuration.Parsing.CallbackList`1[Kopernicus.Configuration.BiomeLoader])
[LOG 22:22:48]: Parsing Target useTheInName in (Kopernicus.Configuration.PropertiesLoader) as (Kopernicus.ConfigParser.BuiltinTypeParsers.NumericParser`1[System.Boolean])
[LOG 22:22:48]: Parsing Target displayName in (Kopernicus.Configuration.PropertiesLoader) as (System.String)
[LOG 22:22:48]: Parsing Target selectable in (Kopernicus.Configuration.PropertiesLoader) as (Kopernicus.ConfigParser.BuiltinTypeParsers.NumericParser`1[System.Boolean])
[LOG 22:22:48]: Parsing Target RDVisibility in (Kopernicus.Configuration.PropertiesLoader) as (Kopernicus.ConfigParser.BuiltinTypeParsers.EnumParser`1[Kopernicus.Configuration.PropertiesLoader+RnDVisibility])
[LOG 22:22:48]: Parsing Target RnDVisibility in (Kopernicus.Configuration.PropertiesLoader) as (Kopernicus.ConfigParser.BuiltinTypeParsers.EnumParser`1[Kopernicus.Configuration.PropertiesLoader+RnDVisibility])
[LOG 22:22:48]: Parsing Target RnDRotation in (Kopernicus.Configuration.PropertiesLoader) as (Kopernicus.ConfigParser.BuiltinTypeParsers.NumericParser`1[System.Boolean])
[LOG 22:22:48]: Parsing Target maxZoom in (Kopernicus.Configuration.PropertiesLoader) as (Kopernicus.ConfigParser.BuiltinTypeParsers.NumericParser`1[System.Single])
[LOG 22:22:48]: --------- Science Values ------------
[LOG 22:22:48]: LandedDataValue = 8
[LOG 22:22:48]: SplashedDataValue = 1
[LOG 22:22:48]: FlyingLowDataValue = 1
[LOG 22:22:48]: FlyingHighDataValue = 1
[LOG 22:22:48]: InSpaceLowDataValue = 7
[LOG 22:22:48]: InSpaceHighDataValue = 6
[LOG 22:22:48]: RecoveryValue = 6
[LOG 22:22:48]: flyingAltitudeThreshold = 18000
[LOG 22:22:48]: spaceAltitudeThreshold = 25000
[LOG 22:22:48]: --------------------------------------
[LOG 22:22:48]: Found Biome: Poles : RGBA(0.973, 0.929, 0.863, 1.000) : 0
[LOG 22:22:48]: Found Biome: Midlands : RGBA(0.525, 0.506, 0.471, 1.000) : 0
[LOG 22:22:48]: Found Biome: Lowlands : RGBA(0.459, 0.443, 0.420, 1.000) : 0
[LOG 22:22:48]: Found Biome: Ridges : RGBA(0.694, 0.655, 0.592, 1.000) : 0
[LOG 22:22:48]: Found Biome: Highlands : RGBA(0.820, 0.761, 0.671, 1.000) : 0
[LOG 22:22:48]: Found Biome: Impact Craters : RGBA(0.380, 0.365, 0.349, 1.000) : 0
[LOG 22:22:48]: Found Biome: Impact Ejecta : RGBA(0.612, 0.580, 0.533, 1.000) : 0
[LOG 22:22:48]: Found Biome: Canyons : RGBA(0.333, 0.322, 0.306, 1.000) : 0
[LOG 22:22:48]: Parsing Target Orbit in (Kopernicus.Configuration.Body) as (Kopernicus.Configuration.OrbitLoader)
[LOG 22:22:48]: Parsing Target referenceBody in (Kopernicus.Configuration.OrbitLoader) as (System.String)
[LOG 22:22:48]: Parsing Target inclination in (Kopernicus.Configuration.OrbitLoader) as (Kopernicus.ConfigParser.BuiltinTypeParsers.NumericParser`1[System.Double])
[LOG 22:22:48]: Parsing Target eccentricity in (Kopernicus.Configuration.OrbitLoader) as (Kopernicus.ConfigParser.BuiltinTypeParsers.NumericParser`1[System.Double])
[LOG 22:22:48]: Parsing Target semiMajorAxis in (Kopernicus.Configuration.OrbitLoader) as (Kopernicus.ConfigParser.BuiltinTypeParsers.NumericParser`1[System.Double])
[LOG 22:22:48]: Parsing Target longitudeOfAscendingNode in (Kopernicus.Configuration.OrbitLoader) as (Kopernicus.ConfigParser.BuiltinTypeParsers.NumericParser`1[System.Double])
[LOG 22:22:48]: Parsing Target argumentOfPeriapsis in (Kopernicus.Configuration.OrbitLoader) as (Kopernicus.ConfigParser.BuiltinTypeParsers.NumericParser`1[System.Double])
[LOG 22:22:48]: Parsing Target meanAnomalyAtEpoch in (Kopernicus.Configuration.OrbitLoader) as (Kopernicus.ConfigParser.BuiltinTypeParsers.NumericParser`1[System.Double])
[LOG 22:22:48]: Parsing Target meanAnomalyAtEpochD in (Kopernicus.Configuration.OrbitLoader) as (Kopernicus.ConfigParser.BuiltinTypeParsers.NumericParser`1[System.Double])
[LOG 22:22:48]: Parsing Target epoch in (Kopernicus.Configuration.OrbitLoader) as (Kopernicus.ConfigParser.BuiltinTypeParsers.NumericParser`1[System.Double])
[LOG 22:22:48]: Parsing Target color in (Kopernicus.Configuration.OrbitLoader) as (Kopernicus.ConfigParser.BuiltinTypeParsers.ColorParser)
[LOG 22:22:48]: Parsing Target iconColor in (Kopernicus.Configuration.OrbitLoader) as (Kopernicus.ConfigParser.BuiltinTypeParsers.ColorParser)
[LOG 22:22:48]: Parsing Target nodeColor in (Kopernicus.Configuration.OrbitLoader) as (Kopernicus.ConfigParser.BuiltinTypeParsers.ColorParser)
[LOG 22:22:48]: Parsing Target mode in (Kopernicus.Configuration.OrbitLoader) as (Kopernicus.ConfigParser.BuiltinTypeParsers.EnumParser`1[OrbitRendererBase+DrawMode])
[LOG 22:22:48]: Parsing Target icon in (Kopernicus.Configuration.OrbitLoader) as (Kopernicus.ConfigParser.BuiltinTypeParsers.EnumParser`1[OrbitRendererBase+DrawIcons])
[LOG 22:22:48]: Parsing Target cameraSmaRatioBounds in (Kopernicus.Configuration.OrbitLoader) as (Kopernicus.ConfigParser.BuiltinTypeParsers.NumericCollectionParser`1[System.Single])
[LOG 22:22:48]: Parsing Target period in (Kopernicus.Configuration.OrbitLoader) as (Kopernicus.ConfigParser.BuiltinTypeParsers.NumericParser`1[System.Double])
[LOG 22:22:48]: Parsing Target iconTexture in (Kopernicus.Configuration.OrbitLoader) as (Kopernicus.Configuration.Parsing.Texture2DParser)
[LOG 22:22:48]: Parsing Target ScaledVersion in (Kopernicus.Configuration.Body) as (Kopernicus.Configuration.ScaledVersionLoader)
[LOG 22:22:48]: Parsing Target type in (Kopernicus.Configuration.ScaledVersionLoader) as (Kopernicus.ConfigParser.BuiltinTypeParsers.EnumParser`1[Kopernicus.Configuration.Enumerations.BodyType])
[LOG 22:22:48]: Copying "celestialBody": <NULL> => <NULL>
[LOG 22:22:48]: Copying "floatName": <NULL> => _Opacity
[LOG 22:22:48]: Copying "fadeStart": 0 => 95000
[LOG 22:22:48]: Copying "fadeEnd": 0 => 100000
[LOG 22:22:48]: Copying "r": <NULL> => <NULL>
[LOG 22:22:48]: Parsing Target fadeStart in (Kopernicus.Configuration.ScaledVersionLoader) as (Kopernicus.ConfigParser.BuiltinTypeParsers.NumericParser`1[System.Single])
[LOG 22:22:48]: Parsing Target fadeEnd in (Kopernicus.Configuration.ScaledVersionLoader) as (Kopernicus.ConfigParser.BuiltinTypeParsers.NumericParser`1[System.Single])
[LOG 22:22:48]: Parsing Target Light in (Kopernicus.Configuration.ScaledVersionLoader) as (Kopernicus.Configuration.LightShifterLoader)
[LOG 22:22:48]: Parsing Target sphericalModel in (Kopernicus.Configuration.ScaledVersionLoader) as (Kopernicus.ConfigParser.BuiltinTypeParsers.NumericParser`1[System.Boolean])
[LOG 22:22:48]: Parsing Target deferMesh in (Kopernicus.Configuration.ScaledVersionLoader) as (Kopernicus.ConfigParser.BuiltinTypeParsers.NumericParser`1[System.Boolean])
[LOG 22:22:48]: Parsing Target invisible in (Kopernicus.Configuration.ScaledVersionLoader) as (Kopernicus.ConfigParser.BuiltinTypeParsers.NumericParser`1[System.Boolean])
[LOG 22:22:48]: Parsing Target Material in (Kopernicus.Configuration.ScaledVersionLoader) as (UnityEngine.Material)
[LOG 22:22:48]: Parsing Target OnDemand in (Kopernicus.Configuration.ScaledVersionLoader) as (Kopernicus.Configuration.ScaledVersionLoader+OnDemandConfig)
[LOG 22:22:48]: Parsing Target TextureOptions in (Kopernicus.Configuration.ScaledVersionLoader) as (Kopernicus.UI.PlanetTextureExporter+TextureOptions)
[LOG 22:22:48]: Parsing Target Coronas in (Kopernicus.Configuration.ScaledVersionLoader) as (System.Collections.Generic.List`1[Kopernicus.Configuration.CoronaLoader])
[LOG 22:22:48]: ============= Scaled Version Dump ===================
[LOG 22:22:48]: Dres (UnityEngine.GameObject)
[LOG 22:22:48]:  >>> Components <<< 
[LOG 22:22:48]:  Dres (UnityEngine.Transform)
[LOG 22:22:48]:  Dres (UnityEngine.MeshFilter)
[LOG 22:22:48]:  Dres (UnityEngine.MeshRenderer)
[LOG 22:22:48]:  Dres (UnityEngine.SphereCollider)
[LOG 22:22:48]:  Dres (Kopernicus.Components.SharedScaledSpaceFader)
[LOG 22:22:48]:  >>> ---------- <<< 
[LOG 22:22:48]: ===========================================
[LOG 22:22:48]: Parsing Target Atmosphere in (Kopernicus.Configuration.Body) as (Kopernicus.Configuration.AtmosphereLoader)
[LOG 22:22:48]: Parsing Target PQS in (Kopernicus.Configuration.Body) as (Kopernicus.Configuration.PQSLoader)
[LOG 22:22:48]: Parsing Target materialType in (Kopernicus.Configuration.PQSLoader) as (Kopernicus.ConfigParser.BuiltinTypeParsers.EnumParser`1[Kopernicus.Configuration.PQSLoader+SurfaceMaterialType])
[LOG 22:22:48]: Parsing Target PhysicsMaterial in (Kopernicus.Configuration.PQSLoader) as (Kopernicus.Configuration.Parsing.PhysicsMaterialParser)
[LOG 22:22:48]: Parsing Target minLevel in (Kopernicus.Configuration.PQSLoader) as (Kopernicus.ConfigParser.BuiltinTypeParsers.NumericParser`1[System.Int32])
[LOG 22:22:48]: Parsing Target maxLevel in (Kopernicus.Configuration.PQSLoader) as (Kopernicus.ConfigParser.BuiltinTypeParsers.NumericParser`1[System.Int32])
[LOG 22:22:48]: Parsing Target minDetailDistance in (Kopernicus.Configuration.PQSLoader) as (Kopernicus.ConfigParser.BuiltinTypeParsers.NumericParser`1[System.Double])
[LOG 22:22:48]: Parsing Target maxQuadLengthsPerFrame in (Kopernicus.Configuration.PQSLoader) as (Kopernicus.ConfigParser.BuiltinTypeParsers.NumericParser`1[System.Single])
[LOG 22:22:48]: Parsing Target fadeStart in (Kopernicus.Configuration.PQSLoader) as (Kopernicus.ConfigParser.BuiltinTypeParsers.NumericParser`1[System.Single])
[LOG 22:22:48]: Parsing Target fadeEnd in (Kopernicus.Configuration.PQSLoader) as (Kopernicus.ConfigParser.BuiltinTypeParsers.NumericParser`1[System.Single])
[LOG 22:22:48]: Parsing Target deactivateAltitude in (Kopernicus.Configuration.PQSLoader) as (Kopernicus.ConfigParser.BuiltinTypeParsers.NumericParser`1[System.Double])
[LOG 22:22:48]: Parsing Target mapMaxHeight in (Kopernicus.Configuration.PQSLoader) as (Kopernicus.ConfigParser.BuiltinTypeParsers.NumericParser`1[System.Double])
[LOG 22:22:48]: Parsing Target Material in (Kopernicus.Configuration.PQSLoader) as (UnityEngine.Material)
[LOG 22:22:48]: Parsing Target FallbackMaterial in (Kopernicus.Configuration.PQSLoader) as (UnityEngine.Material)
[LOG 22:22:48]: Parsing Target Mods in (Kopernicus.Configuration.PQSLoader) as (System.Collections.Generic.List`1[Kopernicus.Configuration.ModLoader.IModLoader])
[LOG 22:22:48]:   Dres (UnityEngine.GameObject)
[LOG 22:22:48]:    >>> Components <<< 
[LOG 22:22:48]:    Dres (UnityEngine.Transform)
[LOG 22:22:48]:    Dres (PQS)
[LOG 22:22:48]:    >>> ---------- <<< 
[LOG 22:22:48]:       _Color (UnityEngine.GameObject)
[LOG 22:22:48]:        >>> Components <<< 
[LOG 22:22:48]:        _Color (UnityEngine.Transform)
[LOG 22:22:48]:        _Color (PQSMod_VertexSimplexNoiseColor)
[LOG 22:22:48]:        _Color (PQSMod_HeightColorMap)
[LOG 22:22:48]:        >>> ---------- <<< 
[LOG 22:22:48]:       _Material_ModProjection (UnityEngine.GameObject)
[LOG 22:22:48]:        >>> Components <<< 
[LOG 22:22:48]:        _Material_ModProjection (UnityEngine.Transform)
[LOG 22:22:48]:        _Material_ModProjection (PQSMod_AltitudeAlpha)
[LOG 22:22:48]:        >>> ---------- <<< 
[LOG 22:22:48]:       _Material_AerialPerspective (UnityEngine.GameObject)
[LOG 22:22:48]:        >>> Components <<< 
[LOG 22:22:48]:        _Material_AerialPerspective (UnityEngine.Transform)
[LOG 22:22:48]:        _Material_AerialPerspective (PQSMod_AerialPerspectiveMaterial)
[LOG 22:22:48]:        >>> ---------- <<< 
[LOG 22:22:48]:       _Material_SurfaceQuads (UnityEngine.GameObject)
[LOG 22:22:48]:        >>> Components <<< 
[LOG 22:22:48]:        _Material_SurfaceQuads (UnityEngine.Transform)
[LOG 22:22:48]:        _Material_SurfaceQuads (PQSMod_UVPlanetRelativePosition)
[LOG 22:22:48]:        >>> ---------- <<< 
[LOG 22:22:48]:       _HeightNoise (UnityEngine.GameObject)
[LOG 22:22:48]:        >>> Components <<< 
[LOG 22:22:48]:        _HeightNoise (UnityEngine.Transform)
[LOG 22:22:48]:        _HeightNoise (PQSMod_VertexHeightMap)
[LOG 22:22:48]:        _HeightNoise (PQSMod_VertexSimplexHeight)
[LOG 22:22:48]:        _HeightNoise (PQSMod_FlattenOcean)
[LOG 22:22:48]:        _HeightNoise (PQSMod_VertexHeightNoise)
[LOG 22:22:48]:        >>> ---------- <<< 
[LOG 22:22:48]:       _CelestialBody (UnityEngine.GameObject)
[LOG 22:22:48]:        >>> Components <<< 
[LOG 22:22:48]:        _CelestialBody (UnityEngine.Transform)
[LOG 22:22:48]:        _CelestialBody (PQSMod_CelestialBodyTransform)
[LOG 22:22:48]:        >>> ---------- <<< 
[LOG 22:22:48]:       _Material_SunLight (UnityEngine.GameObject)
[LOG 22:22:48]:        >>> Components <<< 
[LOG 22:22:48]:        _Material_SunLight (UnityEngine.Transform)
[LOG 22:22:48]:        _Material_SunLight (PQSMod_MaterialSetDirection)
[LOG 22:22:48]:        >>> ---------- <<< 
[LOG 22:22:48]:       QuadMeshColliders (UnityEngine.GameObject)
[LOG 22:22:48]:        >>> Components <<< 
[LOG 22:22:48]:        QuadMeshColliders (UnityEngine.Transform)
[LOG 22:22:48]:        QuadMeshColliders (PQSMod_QuadMeshColliders)
[LOG 22:22:48]:        >>> ---------- <<< 
[LOG 22:22:48]:       _FineDetail (UnityEngine.GameObject)
[LOG 22:22:48]:        >>> Components <<< 
[LOG 22:22:48]:        _FineDetail (UnityEngine.Transform)
[LOG 22:22:48]:        _FineDetail (PQSMod_VertexSimplexHeightAbsolute)
[LOG 22:22:48]:        >>> ---------- <<< 
[LOG 22:22:48]:       Randolith (UnityEngine.GameObject)
[LOG 22:22:48]:        >>> Components <<< 
[LOG 22:22:48]:        Randolith (UnityEngine.Transform)
[LOG 22:22:48]:        Randolith (PQSCity)
[LOG 22:22:48]:        Randolith (PrefabSpawner)
[LOG 22:22:48]:        >>> ---------- <<< 
[LOG 22:22:48]:           monolith01 (UnityEngine.GameObject)
[LOG 22:22:48]:            >>> Components <<< 
[LOG 22:22:48]:            monolith01 (UnityEngine.Transform)
[LOG 22:22:48]:            monolith01 (UnityEngine.MeshFilter)
[LOG 22:22:48]:            monolith01 (UnityEngine.MeshRenderer)
[LOG 22:22:48]:            monolith01 (UnityEngine.Animation)
[LOG 22:22:48]:            monolith01 (UnityEngine.MeshCollider)
[LOG 22:22:48]:            >>> ---------- <<< 
[LOG 22:22:48]:       _PQSROCControl (UnityEngine.GameObject)
[LOG 22:22:48]:        >>> Components <<< 
[LOG 22:22:48]:        _PQSROCControl (UnityEngine.Transform)
[LOG 22:22:48]:        _PQSROCControl (PQSROCControl)
[LOG 22:22:48]:        >>> ---------- <<< 
[LOG 22:22:48]:       LandControlFixer (UnityEngine.GameObject)
[LOG 22:22:48]:        >>> Components <<< 
[LOG 22:22:48]:        LandControlFixer (UnityEngine.Transform)
[LOG 22:22:48]:        LandControlFixer (Kopernicus.Components.PQSLandControlFixer)
[LOG 22:22:48]:        >>> ---------- <<< 
[LOG 22:22:48]:       OnDemandHandler (UnityEngine.GameObject)
[LOG 22:22:48]:        >>> Components <<< 
[LOG 22:22:48]:        OnDemandHandler (UnityEngine.Transform)
[LOG 22:22:48]:        OnDemandHandler (Kopernicus.OnDemand.PQSMod_OnDemandHandler)
[LOG 22:22:48]:        >>> ---------- <<< 
[LOG 22:22:48]: Parsing Target Ocean in (Kopernicus.Configuration.Body) as (Kopernicus.Configuration.OceanLoader)
[LOG 22:22:48]: Parsing Target Rings in (Kopernicus.Configuration.Body) as (System.Collections.Generic.List`1[Kopernicus.Configuration.RingLoader])
[LOG 22:22:48]: Parsing Target Particles in (Kopernicus.Configuration.Body) as (System.Collections.Generic.List`1[Kopernicus.Configuration.ParticleLoader])
[LOG 22:22:48]: Parsing Target HazardousBody in (Kopernicus.Configuration.Body) as (System.Collections.Generic.List`1[Kopernicus.Configuration.HazardousBodyLoader])
[LOG 22:22:48]: Parsing Target SpaceCenter in (Kopernicus.Configuration.Body) as (Kopernicus.Configuration.SpaceCenterLoader)
[LOG 22:22:48]: Parsing Target Debug in (Kopernicus.Configuration.Body) as (Kopernicus.Configuration.DebugLoader)
[LOG 22:22:48]: Parsing Target PostSpawnOrbit in (Kopernicus.Configuration.Body) as (ConfigNode)
[LOG 22:22:49]: --------- Celestial Body ------------
[LOG 22:22:49]: bodyName = Dres
[LOG 22:22:49]: bodyDisplayName = #autoLOC_910043
[LOG 22:22:49]: bodyAdjectiveDisplayName = #autoLOC_6004062
[LOG 22:22:49]: bodyDescription = #autoLOC_900098
[LOG 22:22:49]: GeeASL = 0.115039284567105
[LOG 22:22:49]: Radius = 138000
[LOG 22:22:49]: Mass = 0
[LOG 22:22:49]: Density = 0
[LOG 22:22:49]: SurfaceArea = 0
[LOG 22:22:49]: gravParameter = 0
[LOG 22:22:49]: sphereOfInfluence = 0
[LOG 22:22:49]: hillSphere = 0
[LOG 22:22:49]: gMagnitudeAtCenter = 0
[LOG 22:22:49]: atmDensityASL = 0
[LOG 22:22:49]: atmPressureASL = 0
[LOG 22:22:49]: scaledEllipsoid = True
[LOG 22:22:49]: scaledElipRadMult = [1, 1, 1]
[LOG 22:22:49]: scaledRadiusHorizonMultiplier = 1
[LOG 22:22:49]: navballSwitchRadiusMult = 0.06
[LOG 22:22:49]: navballSwitchRadiusMultLow = 0.055
[LOG 22:22:49]: use_The_InName = False
[LOG 22:22:49]: isHomeWorld = False
[LOG 22:22:49]: ocean = False
[LOG 22:22:49]: oceanUseFog = True
[LOG 22:22:49]: oceanFogPQSDepth = 1000
[LOG 22:22:49]: oceanFogPQSDepthRecip = 0.001
[LOG 22:22:49]: oceanFogDensityStart = 0.015
[LOG 22:22:49]: oceanFogDensityEnd = 0.13
[LOG 22:22:49]: oceanFogDensityPQSMult = 0.02
[LOG 22:22:49]: oceanFogDensityAltScalar = -0.0008
[LOG 22:22:49]: oceanFogDensityExponent = 1
[LOG 22:22:49]: oceanFogColorStart = RGBA(0.000, 0.337, 0.486, 1.000)
[LOG 22:22:49]: oceanFogColorEnd = RGBA(0.000, 0.084, 0.122, 1.000)
[LOG 22:22:49]: oceanFogDawnFactor = 10
[LOG 22:22:49]: oceanSkyColorMult = 1.2
[LOG 22:22:49]: oceanSkyColorOpacityBase = 0.2
[LOG 22:22:49]: oceanSkyColorOpacityAltMult = 2
[LOG 22:22:49]: oceanDensity = 1
[LOG 22:22:49]: oceanAFGBase = 0.6
[LOG 22:22:49]: oceanAFGAltMult = 0.05
[LOG 22:22:49]: oceanAFGMin = 0.05
[LOG 22:22:49]: oceanSunBase = 0.5
[LOG 22:22:49]: oceanSunAltMult = 0.01
[LOG 22:22:49]: oceanSunMin = 0.05
[LOG 22:22:49]: oceanAFGLerp = False
[LOG 22:22:49]: oceanMinAlphaFogDistance = 200
[LOG 22:22:49]: oceanMaxAlbedoFog = 0.95
[LOG 22:22:49]: oceanMaxAlphaFog = 0.9
[LOG 22:22:49]: oceanAlbedoDistanceScalar = 0.01
[LOG 22:22:49]: oceanAlphaDistanceScalar = 0.01
[LOG 22:22:49]: minOrbitalDistance = 100000
[LOG 22:22:49]: atmosphere = False
[LOG 22:22:49]: atmosphereContainsOxygen = False
[LOG 22:22:49]: atmosphereDepth = 0
[LOG 22:22:49]: atmosphereTemperatureSeaLevel = 288
[LOG 22:22:49]: atmospherePressureSeaLevel = 101.325
[LOG 22:22:49]: atmosphereMolarMass = 0.0289644
[LOG 22:22:49]: atmosphereAdiabaticIndex = 1.39999997615814
[LOG 22:22:49]: atmosphereTemperatureLapseRate = 0
[LOG 22:22:49]: atmosphereGasMassLapseRate = 0
[LOG 22:22:49]: atmosphereUseTemperatureCurve = False
[LOG 22:22:49]: atmosphereTemperatureCurveIsNormalized = False
[LOG 22:22:49]: atmosphereTemperatureCurve = FloatCurve
[LOG 22:22:49]: latitudeTemperatureBiasCurve = FloatCurve
[LOG 22:22:49]: latitudeTemperatureSunMultCurve = FloatCurve
[LOG 22:22:49]: axialTemperatureSunMultCurve = FloatCurve
[LOG 22:22:49]: axialTemperatureSunBiasCurve = FloatCurve
[LOG 22:22:49]: atmosphereTemperatureSunMultCurve = FloatCurve
[LOG 22:22:49]: maxAxialDot = 0
[LOG 22:22:49]: eccentricityTemperatureBiasCurve = FloatCurve
[LOG 22:22:49]: albedo = 0.12
[LOG 22:22:49]: emissivity = 0.88
[LOG 22:22:49]: coreTemperatureOffset = 0
[LOG 22:22:49]: convectionMultiplier = 1
[LOG 22:22:49]: shockTemperatureMultiplier = 1
[LOG 22:22:49]: atmosphereUsePressureCurve = False
[LOG 22:22:49]: atmospherePressureCurveIsNormalized = False
[LOG 22:22:49]: atmospherePressureCurve = FloatCurve
[LOG 22:22:49]: radiusAtmoFactor = 1
[LOG 22:22:49]: hasSolidSurface = True
[LOG 22:22:49]: isStar = False
[LOG 22:22:49]: rotation = (0.0, 0.0, 0.0, 0.0)
[LOG 22:22:49]: orbitDriver = Dres (OrbitDriver)
[LOG 22:22:49]: pqsController = Dres (PQS)
[LOG 22:22:49]: pqsSurfaceObjects = PQSSurfaceObject[]
[LOG 22:22:49]: scaledBody = Dres (UnityEngine.GameObject)
[LOG 22:22:49]: afg = 
[LOG 22:22:49]: rotates = True
[LOG 22:22:49]: rotationPeriod = 34800
[LOG 22:22:49]: rotPeriodRecip = 0
[LOG 22:22:49]: solarDayLength = 0
[LOG 22:22:49]: solarRotationPeriod = False
[LOG 22:22:49]: initialRotation = 65
[LOG 22:22:49]: rotationAngle = 0
[LOG 22:22:49]: directRotAngle = 0
[LOG 22:22:49]: angularVelocity = [0, 0, 0]
[LOG 22:22:49]: zUpAngularVelocity = [0, 0, 0]
[LOG 22:22:49]: tidallyLocked = True
[LOG 22:22:49]: clampInverseRotThreshold = True
[LOG 22:22:49]: inverseRotation = False
[LOG 22:22:49]: inverseRotThresholdAltitude = 100000
[LOG 22:22:49]: angularV = 0
[LOG 22:22:49]: timeWarpAltitudeLimits = System.Single[]
[LOG 22:22:49]: atmosphericAmbientColor = RGBA(0.000, 0.000, 0.000, 0.000)
[LOG 22:22:49]: orbitingBodies = System.Collections.Generic.List`1[CelestialBody]
[LOG 22:22:49]: BodyFrame = Planetarium+CelestialFrame
[LOG 22:22:49]: progressTree = KSPAchievements.CelestialBodySubtree
[LOG 22:22:49]: bodyType = Generic
[LOG 22:22:49]: scienceValues = CelestialBodyScienceParams
[LOG 22:22:49]: BiomeMap = dres_biome (CBAttributeMapSO)
[LOG 22:22:49]: MiniBiomes = MiniBiome[]
[LOG 22:22:49]: bodyTransform = 
[LOG 22:22:49]: --------------------------------------
