//===============================================================================================================//
//=====  Kopernicus 1.7.3-2 - (BuildDate: 12.09.2019 10:49:54; AssemblyHash: mEiDzMX4z4uZzKUC3t772hbCbxI=)  =====//
//===============================================================================================================//
[LOG 22:22:46]: Logger "Squad/Eve.Body" was created
[LOG 22:22:46]: Parsing Target name in (Kopernicus.Configuration.Body) as (System.String)
[LOG 22:22:46]: Parsing Target Template in (Kopernicus.Configuration.Body) as (Kopernicus.Configuration.TemplateLoader)
[LOG 22:22:46]: Parsing Target name in (Kopernicus.Configuration.TemplateLoader) as (System.String)
[LOG 22:22:46]: Parsing Target removePQS in (Kopernicus.Configuration.TemplateLoader) as (Kopernicus.ConfigParser.BuiltinTypeParsers.NumericParser`1[System.Boolean])
[LOG 22:22:46]: Parsing Target removeBiomes in (Kopernicus.Configuration.TemplateLoader) as (Kopernicus.ConfigParser.BuiltinTypeParsers.NumericParser`1[System.Boolean])
[LOG 22:22:46]: Parsing Target removeAtmosphere in (Kopernicus.Configuration.TemplateLoader) as (Kopernicus.ConfigParser.BuiltinTypeParsers.NumericParser`1[System.Boolean])
[LOG 22:22:46]: Parsing Target removeOcean in (Kopernicus.Configuration.TemplateLoader) as (Kopernicus.ConfigParser.BuiltinTypeParsers.NumericParser`1[System.Boolean])
[LOG 22:22:46]: Parsing Target removePQSMods in (Kopernicus.Configuration.TemplateLoader) as (Kopernicus.ConfigParser.BuiltinTypeParsers.StringCollectionParser)
[LOG 22:22:46]: Parsing Target removeAllPQSMods in (Kopernicus.Configuration.TemplateLoader) as (Kopernicus.ConfigParser.BuiltinTypeParsers.NumericParser`1[System.Boolean])
[LOG 22:22:46]: Parsing Target removeProgressTree in (Kopernicus.Configuration.TemplateLoader) as (Kopernicus.ConfigParser.BuiltinTypeParsers.NumericParser`1[System.Boolean])
[LOG 22:22:46]: Parsing Target removeCoronas in (Kopernicus.Configuration.TemplateLoader) as (Kopernicus.ConfigParser.BuiltinTypeParsers.NumericParser`1[System.Boolean])
[LOG 22:22:46]: Using Template "Eve"
[LOG 22:22:46]: Patching PQSLandControl
[LOG 22:22:46]: Parsing Target cacheFile in (Kopernicus.Configuration.Body) as (System.String)
[LOG 22:22:46]: Parsing Target barycenter in (Kopernicus.Configuration.Body) as (Kopernicus.ConfigParser.BuiltinTypeParsers.NumericParser`1[System.Boolean])
[LOG 22:22:46]: Parsing Target cbNameLater in (Kopernicus.Configuration.Body) as (System.String)
[LOG 22:22:46]: Parsing Target identifier in (Kopernicus.Configuration.Body) as (System.String)
[LOG 22:22:46]: Parsing Target self in (Kopernicus.Configuration.Body) as (System.Collections.Generic.List`1[Kopernicus.ConfigParser.BuiltinTypeParsers.StringCollectionParser])
[LOG 22:22:46]: Parsing Target finalizeOrbit in (Kopernicus.Configuration.Body) as (Kopernicus.ConfigParser.BuiltinTypeParsers.NumericParser`1[System.Boolean])
[LOG 22:22:46]: Parsing Target randomMainMenuBody in (Kopernicus.Configuration.Body) as (Kopernicus.ConfigParser.BuiltinTypeParsers.NumericParser`1[System.Boolean])
[LOG 22:22:46]: Parsing Target contractWeight in (Kopernicus.Configuration.Body) as (Kopernicus.ConfigParser.BuiltinTypeParsers.NumericParser`1[System.Int32])
[LOG 22:22:46]: Parsing Target Properties in (Kopernicus.Configuration.Body) as (Kopernicus.Configuration.PropertiesLoader)
[LOG 22:22:46]: Parsing Target description in (Kopernicus.Configuration.PropertiesLoader) as (System.String)
[LOG 22:22:46]: Parsing Target radius in (Kopernicus.Configuration.PropertiesLoader) as (Kopernicus.ConfigParser.BuiltinTypeParsers.NumericParser`1[System.Double])
[LOG 22:22:46]: Parsing Target geeASL in (Kopernicus.Configuration.PropertiesLoader) as (Kopernicus.ConfigParser.BuiltinTypeParsers.NumericParser`1[System.Double])
[LOG 22:22:46]: Parsing Target mass in (Kopernicus.Configuration.PropertiesLoader) as (Kopernicus.ConfigParser.BuiltinTypeParsers.NumericParser`1[System.Double])
[LOG 22:22:46]: Parsing Target gravParameter in (Kopernicus.Configuration.PropertiesLoader) as (Kopernicus.ConfigParser.BuiltinTypeParsers.NumericParser`1[System.Double])
[LOG 22:22:46]: Parsing Target rotates in (Kopernicus.Configuration.PropertiesLoader) as (Kopernicus.ConfigParser.BuiltinTypeParsers.NumericParser`1[System.Boolean])
[LOG 22:22:46]: Parsing Target rotationPeriod in (Kopernicus.Configuration.PropertiesLoader) as (Kopernicus.ConfigParser.BuiltinTypeParsers.NumericParser`1[System.Double])
[LOG 22:22:46]: Parsing Target tidallyLocked in (Kopernicus.Configuration.PropertiesLoader) as (Kopernicus.ConfigParser.BuiltinTypeParsers.NumericParser`1[System.Boolean])
[LOG 22:22:46]: Parsing Target initialRotation in (Kopernicus.Configuration.PropertiesLoader) as (Kopernicus.ConfigParser.BuiltinTypeParsers.NumericParser`1[System.Double])
[LOG 22:22:46]: Parsing Target inverseRotThresholdAltitude in (Kopernicus.Configuration.PropertiesLoader) as (Kopernicus.ConfigParser.BuiltinTypeParsers.NumericParser`1[System.Single])
[LOG 22:22:46]: Parsing Target albedo in (Kopernicus.Configuration.PropertiesLoader) as (Kopernicus.ConfigParser.BuiltinTypeParsers.NumericParser`1[System.Double])
[LOG 22:22:46]: Parsing Target emissivity in (Kopernicus.Configuration.PropertiesLoader) as (Kopernicus.ConfigParser.BuiltinTypeParsers.NumericParser`1[System.Double])
[LOG 22:22:46]: Parsing Target coreTemperatureOffset in (Kopernicus.Configuration.PropertiesLoader) as (Kopernicus.ConfigParser.BuiltinTypeParsers.NumericParser`1[System.Double])
[LOG 22:22:46]: Parsing Target timewarpAltitudeLimits in (Kopernicus.Configuration.PropertiesLoader) as (Kopernicus.ConfigParser.BuiltinTypeParsers.NumericCollectionParser`1[System.Single])
[LOG 22:22:46]: Parsing Target sphereOfInfluence in (Kopernicus.Configuration.PropertiesLoader) as (Kopernicus.ConfigParser.BuiltinTypeParsers.NumericParser`1[System.Double])
[LOG 22:22:46]: Parsing Target solarRotationPeriod in (Kopernicus.Configuration.PropertiesLoader) as (Kopernicus.ConfigParser.BuiltinTypeParsers.NumericParser`1[System.Boolean])
[LOG 22:22:46]: Parsing Target navballSwitchRadiusMult in (Kopernicus.Configuration.PropertiesLoader) as (Kopernicus.ConfigParser.BuiltinTypeParsers.NumericParser`1[System.Double])
[LOG 22:22:46]: Parsing Target navballSwitchRadiusMultLow in (Kopernicus.Configuration.PropertiesLoader) as (Kopernicus.ConfigParser.BuiltinTypeParsers.NumericParser`1[System.Double])
[LOG 22:22:46]: Parsing Target ScienceValues in (Kopernicus.Configuration.PropertiesLoader) as (Kopernicus.Configuration.ScienceValuesLoader)
[LOG 22:22:46]: Parsing Target landedDataValue in (Kopernicus.Configuration.ScienceValuesLoader) as (Kopernicus.ConfigParser.BuiltinTypeParsers.NumericParser`1[System.Single])
[LOG 22:22:46]: Parsing Target splashedDataValue in (Kopernicus.Configuration.ScienceValuesLoader) as (Kopernicus.ConfigParser.BuiltinTypeParsers.NumericParser`1[System.Single])
[LOG 22:22:46]: Parsing Target flyingLowDataValue in (Kopernicus.Configuration.ScienceValuesLoader) as (Kopernicus.ConfigParser.BuiltinTypeParsers.NumericParser`1[System.Single])
[LOG 22:22:46]: Parsing Target flyingHighDataValue in (Kopernicus.Configuration.ScienceValuesLoader) as (Kopernicus.ConfigParser.BuiltinTypeParsers.NumericParser`1[System.Single])
[LOG 22:22:46]: Parsing Target inSpaceLowDataValue in (Kopernicus.Configuration.ScienceValuesLoader) as (Kopernicus.ConfigParser.BuiltinTypeParsers.NumericParser`1[System.Single])
[LOG 22:22:46]: Parsing Target inSpaceHighDataValue in (Kopernicus.Configuration.ScienceValuesLoader) as (Kopernicus.ConfigParser.BuiltinTypeParsers.NumericParser`1[System.Single])
[LOG 22:22:46]: Parsing Target recoveryValue in (Kopernicus.Configuration.ScienceValuesLoader) as (Kopernicus.ConfigParser.BuiltinTypeParsers.NumericParser`1[System.Single])
[LOG 22:22:46]: Parsing Target flyingAltitudeThreshold in (Kopernicus.Configuration.ScienceValuesLoader) as (Kopernicus.ConfigParser.BuiltinTypeParsers.NumericParser`1[System.Single])
[LOG 22:22:46]: Parsing Target spaceAltitudeThreshold in (Kopernicus.Configuration.ScienceValuesLoader) as (Kopernicus.ConfigParser.BuiltinTypeParsers.NumericParser`1[System.Single])
[LOG 22:22:46]: Parsing Target biomeMap in (Kopernicus.Configuration.PropertiesLoader) as (Kopernicus.Configuration.Parsing.MapSOParserRGB`1[CBAttributeMapSO])
[LOG 22:22:46]: Parsing Target nonExactThreshold in (Kopernicus.Configuration.PropertiesLoader) as (Kopernicus.ConfigParser.BuiltinTypeParsers.NumericParser`1[System.Single])
[LOG 22:22:46]: Parsing Target exactSearch in (Kopernicus.Configuration.PropertiesLoader) as (Kopernicus.ConfigParser.BuiltinTypeParsers.NumericParser`1[System.Boolean])
[LOG 22:22:46]: Parsing Target Biomes in (Kopernicus.Configuration.PropertiesLoader) as (Kopernicus.Configuration.Parsing.CallbackList`1[Kopernicus.Configuration.BiomeLoader])
[LOG 22:22:46]: Parsing Target useTheInName in (Kopernicus.Configuration.PropertiesLoader) as (Kopernicus.ConfigParser.BuiltinTypeParsers.NumericParser`1[System.Boolean])
[LOG 22:22:46]: Parsing Target displayName in (Kopernicus.Configuration.PropertiesLoader) as (System.String)
[LOG 22:22:46]: Parsing Target selectable in (Kopernicus.Configuration.PropertiesLoader) as (Kopernicus.ConfigParser.BuiltinTypeParsers.NumericParser`1[System.Boolean])
[LOG 22:22:46]: Parsing Target RDVisibility in (Kopernicus.Configuration.PropertiesLoader) as (Kopernicus.ConfigParser.BuiltinTypeParsers.EnumParser`1[Kopernicus.Configuration.PropertiesLoader+RnDVisibility])
[LOG 22:22:46]: Parsing Target RnDVisibility in (Kopernicus.Configuration.PropertiesLoader) as (Kopernicus.ConfigParser.BuiltinTypeParsers.EnumParser`1[Kopernicus.Configuration.PropertiesLoader+RnDVisibility])
[LOG 22:22:46]: Parsing Target RnDRotation in (Kopernicus.Configuration.PropertiesLoader) as (Kopernicus.ConfigParser.BuiltinTypeParsers.NumericParser`1[System.Boolean])
[LOG 22:22:46]: Parsing Target maxZoom in (Kopernicus.Configuration.PropertiesLoader) as (Kopernicus.ConfigParser.BuiltinTypeParsers.NumericParser`1[System.Single])
[LOG 22:22:46]: --------- Science Values ------------
[LOG 22:22:46]: LandedDataValue = 8
[LOG 22:22:46]: SplashedDataValue = 8
[LOG 22:22:46]: FlyingLowDataValue = 6
[LOG 22:22:46]: FlyingHighDataValue = 6
[LOG 22:22:46]: InSpaceLowDataValue = 7
[LOG 22:22:46]: InSpaceHighDataValue = 5
[LOG 22:22:46]: RecoveryValue = 5
[LOG 22:22:46]: flyingAltitudeThreshold = 22000
[LOG 22:22:46]: spaceAltitudeThreshold = 400000
[LOG 22:22:46]: --------------------------------------
[LOG 22:22:46]: Found Biome: Poles : RGBA(0.863, 0.757, 0.996, 1.000) : 0
[LOG 22:22:46]: Found Biome: Midlands : RGBA(0.451, 0.180, 0.525, 1.000) : 0
[LOG 22:22:46]: Found Biome: Explodium Sea : RGBA(0.694, 0.349, 0.514, 1.000) : 0
[LOG 22:22:46]: Found Biome: Lowlands : RGBA(0.361, 0.098, 0.435, 1.000) : 0
[LOG 22:22:46]: Found Biome: Highlands : RGBA(0.541, 0.286, 0.612, 1.000) : 0
[LOG 22:22:46]: Found Biome: Peaks : RGBA(0.659, 0.443, 0.729, 1.000) : 0
[LOG 22:22:46]: Found Biome: Impact Ejecta : RGBA(0.655, 0.396, 0.980, 1.000) : 0
[LOG 22:22:46]: Found Biome: Crater Lake : RGBA(0.557, 0.184, 0.361, 1.000) : 0
[LOG 22:22:46]: Found Biome: Western Sea : RGBA(0.835, 0.557, 0.690, 1.000) : 0
[LOG 22:22:46]: Found Biome: Olympus : RGBA(1.000, 1.000, 1.000, 1.000) : 0
[LOG 22:22:46]: Found Biome: Eastern Sea : RGBA(0.416, 0.071, 0.235, 1.000) : 0
[LOG 22:22:46]: Found Biome: Craters : RGBA(0.655, 0.396, 0.980, 1.000) : 0
[LOG 22:22:46]: Found Biome: Foothills : RGBA(0.812, 0.651, 0.855, 1.000) : 0
[LOG 22:22:46]: Found Biome: Akatsuki Lake : RGBA(0.729, 0.569, 0.741, 1.000) : 0
[LOG 22:22:46]: Found Biome: Shallows : RGBA(0.545, 0.400, 0.553, 1.000) : 0
[LOG 22:22:46]: Parsing Target Orbit in (Kopernicus.Configuration.Body) as (Kopernicus.Configuration.OrbitLoader)
[LOG 22:22:46]: Parsing Target referenceBody in (Kopernicus.Configuration.OrbitLoader) as (System.String)
[LOG 22:22:46]: Parsing Target inclination in (Kopernicus.Configuration.OrbitLoader) as (Kopernicus.ConfigParser.BuiltinTypeParsers.NumericParser`1[System.Double])
[LOG 22:22:46]: Parsing Target eccentricity in (Kopernicus.Configuration.OrbitLoader) as (Kopernicus.ConfigParser.BuiltinTypeParsers.NumericParser`1[System.Double])
[LOG 22:22:46]: Parsing Target semiMajorAxis in (Kopernicus.Configuration.OrbitLoader) as (Kopernicus.ConfigParser.BuiltinTypeParsers.NumericParser`1[System.Double])
[LOG 22:22:46]: Parsing Target longitudeOfAscendingNode in (Kopernicus.Configuration.OrbitLoader) as (Kopernicus.ConfigParser.BuiltinTypeParsers.NumericParser`1[System.Double])
[LOG 22:22:46]: Parsing Target argumentOfPeriapsis in (Kopernicus.Configuration.OrbitLoader) as (Kopernicus.ConfigParser.BuiltinTypeParsers.NumericParser`1[System.Double])
[LOG 22:22:46]: Parsing Target meanAnomalyAtEpoch in (Kopernicus.Configuration.OrbitLoader) as (Kopernicus.ConfigParser.BuiltinTypeParsers.NumericParser`1[System.Double])
[LOG 22:22:46]: Parsing Target meanAnomalyAtEpochD in (Kopernicus.Configuration.OrbitLoader) as (Kopernicus.ConfigParser.BuiltinTypeParsers.NumericParser`1[System.Double])
[LOG 22:22:46]: Parsing Target epoch in (Kopernicus.Configuration.OrbitLoader) as (Kopernicus.ConfigParser.BuiltinTypeParsers.NumericParser`1[System.Double])
[LOG 22:22:46]: Parsing Target color in (Kopernicus.Configuration.OrbitLoader) as (Kopernicus.ConfigParser.BuiltinTypeParsers.ColorParser)
[LOG 22:22:46]: Parsing Target iconColor in (Kopernicus.Configuration.OrbitLoader) as (Kopernicus.ConfigParser.BuiltinTypeParsers.ColorParser)
[LOG 22:22:46]: Parsing Target nodeColor in (Kopernicus.Configuration.OrbitLoader) as (Kopernicus.ConfigParser.BuiltinTypeParsers.ColorParser)
[LOG 22:22:46]: Parsing Target mode in (Kopernicus.Configuration.OrbitLoader) as (Kopernicus.ConfigParser.BuiltinTypeParsers.EnumParser`1[OrbitRendererBase+DrawMode])
[LOG 22:22:46]: Parsing Target icon in (Kopernicus.Configuration.OrbitLoader) as (Kopernicus.ConfigParser.BuiltinTypeParsers.EnumParser`1[OrbitRendererBase+DrawIcons])
[LOG 22:22:46]: Parsing Target cameraSmaRatioBounds in (Kopernicus.Configuration.OrbitLoader) as (Kopernicus.ConfigParser.BuiltinTypeParsers.NumericCollectionParser`1[System.Single])
[LOG 22:22:46]: Parsing Target period in (Kopernicus.Configuration.OrbitLoader) as (Kopernicus.ConfigParser.BuiltinTypeParsers.NumericParser`1[System.Double])
[LOG 22:22:46]: Parsing Target iconTexture in (Kopernicus.Configuration.OrbitLoader) as (Kopernicus.Configuration.Parsing.Texture2DParser)
[LOG 22:22:46]: Parsing Target ScaledVersion in (Kopernicus.Configuration.Body) as (Kopernicus.Configuration.ScaledVersionLoader)
[LOG 22:22:46]: Parsing Target type in (Kopernicus.Configuration.ScaledVersionLoader) as (Kopernicus.ConfigParser.BuiltinTypeParsers.EnumParser`1[Kopernicus.Configuration.Enumerations.BodyType])
[LOG 22:22:46]: Copying "celestialBody": <NULL> => <NULL>
[LOG 22:22:46]: Copying "floatName": <NULL> => _Opacity
[LOG 22:22:46]: Copying "fadeStart": 0 => 105000
[LOG 22:22:46]: Copying "fadeEnd": 0 => 110000
[LOG 22:22:46]: Copying "r": <NULL> => <NULL>
[LOG 22:22:46]: Parsing Target fadeStart in (Kopernicus.Configuration.ScaledVersionLoader) as (Kopernicus.ConfigParser.BuiltinTypeParsers.NumericParser`1[System.Single])
[LOG 22:22:46]: Parsing Target fadeEnd in (Kopernicus.Configuration.ScaledVersionLoader) as (Kopernicus.ConfigParser.BuiltinTypeParsers.NumericParser`1[System.Single])
[LOG 22:22:46]: Parsing Target Light in (Kopernicus.Configuration.ScaledVersionLoader) as (Kopernicus.Configuration.LightShifterLoader)
[LOG 22:22:46]: Parsing Target sphericalModel in (Kopernicus.Configuration.ScaledVersionLoader) as (Kopernicus.ConfigParser.BuiltinTypeParsers.NumericParser`1[System.Boolean])
[LOG 22:22:46]: Parsing Target deferMesh in (Kopernicus.Configuration.ScaledVersionLoader) as (Kopernicus.ConfigParser.BuiltinTypeParsers.NumericParser`1[System.Boolean])
[LOG 22:22:46]: Parsing Target invisible in (Kopernicus.Configuration.ScaledVersionLoader) as (Kopernicus.ConfigParser.BuiltinTypeParsers.NumericParser`1[System.Boolean])
[LOG 22:22:46]: Parsing Target Material in (Kopernicus.Configuration.ScaledVersionLoader) as (UnityEngine.Material)
[LOG 22:22:46]: Parsing Target OnDemand in (Kopernicus.Configuration.ScaledVersionLoader) as (Kopernicus.Configuration.ScaledVersionLoader+OnDemandConfig)
[LOG 22:22:46]: Parsing Target TextureOptions in (Kopernicus.Configuration.ScaledVersionLoader) as (Kopernicus.UI.PlanetTextureExporter+TextureOptions)
[LOG 22:22:46]: Parsing Target Coronas in (Kopernicus.Configuration.ScaledVersionLoader) as (System.Collections.Generic.List`1[Kopernicus.Configuration.CoronaLoader])
[LOG 22:22:46]: ============= Scaled Version Dump ===================
[LOG 22:22:46]: Eve (UnityEngine.GameObject)
[LOG 22:22:46]:  >>> Components <<< 
[LOG 22:22:46]:  Eve (UnityEngine.Transform)
[LOG 22:22:46]:  Eve (UnityEngine.MeshFilter)
[LOG 22:22:46]:  Eve (UnityEngine.MeshRenderer)
[LOG 22:22:46]:  Eve (UnityEngine.SphereCollider)
[LOG 22:22:46]:  Eve (MaterialSetDirection)
[LOG 22:22:46]:  Eve (Kopernicus.Components.SharedScaledSpaceFader)
[LOG 22:22:46]:  >>> ---------- <<< 
[LOG 22:22:46]:     Atmosphere (UnityEngine.GameObject)
[LOG 22:22:46]:      >>> Components <<< 
[LOG 22:22:46]:      Atmosphere (UnityEngine.Transform)
[LOG 22:22:46]:      Atmosphere (UnityEngine.MeshFilter)
[LOG 22:22:46]:      Atmosphere (UnityEngine.MeshRenderer)
[LOG 22:22:46]:      Atmosphere (AtmosphereFromGround)
[LOG 22:22:46]:      >>> ---------- <<< 
[LOG 22:22:46]: ===========================================
[LOG 22:22:46]: Parsing Target Atmosphere in (Kopernicus.Configuration.Body) as (Kopernicus.Configuration.AtmosphereLoader)
[LOG 22:22:46]: Parsing Target enabled in (Kopernicus.Configuration.AtmosphereLoader) as (Kopernicus.ConfigParser.BuiltinTypeParsers.NumericParser`1[System.Boolean])
[LOG 22:22:46]: Parsing Target addAFG in (Kopernicus.Configuration.AtmosphereLoader) as (Kopernicus.ConfigParser.BuiltinTypeParsers.NumericParser`1[System.Boolean])
[LOG 22:22:46]: Parsing Target oxygen in (Kopernicus.Configuration.AtmosphereLoader) as (Kopernicus.ConfigParser.BuiltinTypeParsers.NumericParser`1[System.Boolean])
[LOG 22:22:46]: Parsing Target staticDensityASL in (Kopernicus.Configuration.AtmosphereLoader) as (Kopernicus.ConfigParser.BuiltinTypeParsers.NumericParser`1[System.Double])
[LOG 22:22:46]: Parsing Target adiabaticIndex in (Kopernicus.Configuration.AtmosphereLoader) as (Kopernicus.ConfigParser.BuiltinTypeParsers.NumericParser`1[System.Double])
[LOG 22:22:46]: Parsing Target maxAltitude in (Kopernicus.Configuration.AtmosphereLoader) as (Kopernicus.ConfigParser.BuiltinTypeParsers.NumericParser`1[System.Double])
[LOG 22:22:46]: Parsing Target altitude in (Kopernicus.Configuration.AtmosphereLoader) as (Kopernicus.ConfigParser.BuiltinTypeParsers.NumericParser`1[System.Double])
[LOG 22:22:46]: Parsing Target atmosphereDepth in (Kopernicus.Configuration.AtmosphereLoader) as (Kopernicus.ConfigParser.BuiltinTypeParsers.NumericParser`1[System.Double])
[LOG 22:22:46]: Parsing Target gasMassLapseRate in (Kopernicus.Configuration.AtmosphereLoader) as (Kopernicus.ConfigParser.BuiltinTypeParsers.NumericParser`1[System.Double])
[LOG 22:22:46]: Parsing Target atmosphereMolarMass in (Kopernicus.Configuration.AtmosphereLoader) as (Kopernicus.ConfigParser.BuiltinTypeParsers.NumericParser`1[System.Double])
[LOG 22:22:46]: Parsing Target pressureCurve in (Kopernicus.Configuration.AtmosphereLoader) as (Kopernicus.ConfigParser.BuiltinTypeParsers.FloatCurveParser)
[LOG 22:22:46]: Parsing Target pressureCurveIsNormalized in (Kopernicus.Configuration.AtmosphereLoader) as (Kopernicus.ConfigParser.BuiltinTypeParsers.NumericParser`1[System.Boolean])
[LOG 22:22:46]: Parsing Target staticPressureASL in (Kopernicus.Configuration.AtmosphereLoader) as (Kopernicus.ConfigParser.BuiltinTypeParsers.NumericParser`1[System.Double])
[LOG 22:22:46]: Parsing Target temperatureCurve in (Kopernicus.Configuration.AtmosphereLoader) as (Kopernicus.ConfigParser.BuiltinTypeParsers.FloatCurveParser)
[LOG 22:22:46]: Parsing Target temperatureCurveIsNormalized in (Kopernicus.Configuration.AtmosphereLoader) as (Kopernicus.ConfigParser.BuiltinTypeParsers.NumericParser`1[System.Boolean])
[LOG 22:22:46]: Parsing Target temperatureLapseRate in (Kopernicus.Configuration.AtmosphereLoader) as (Kopernicus.ConfigParser.BuiltinTypeParsers.NumericParser`1[System.Double])
[LOG 22:22:46]: Parsing Target temperatureSeaLevel in (Kopernicus.Configuration.AtmosphereLoader) as (Kopernicus.ConfigParser.BuiltinTypeParsers.NumericParser`1[System.Double])
[LOG 22:22:46]: Parsing Target temperatureSunMultCurve in (Kopernicus.Configuration.AtmosphereLoader) as (Kopernicus.ConfigParser.BuiltinTypeParsers.FloatCurveParser)
[LOG 22:22:46]: Parsing Target temperatureLatitudeBiasCurve in (Kopernicus.Configuration.AtmosphereLoader) as (Kopernicus.ConfigParser.BuiltinTypeParsers.FloatCurveParser)
[LOG 22:22:46]: Parsing Target temperatureLatitudeSunMultCurve in (Kopernicus.Configuration.AtmosphereLoader) as (Kopernicus.ConfigParser.BuiltinTypeParsers.FloatCurveParser)
[LOG 22:22:46]: Parsing Target temperatureAxialSunBiasCurve in (Kopernicus.Configuration.AtmosphereLoader) as (Kopernicus.ConfigParser.BuiltinTypeParsers.FloatCurveParser)
[LOG 22:22:46]: Parsing Target temperatureAxialSunMultCurve in (Kopernicus.Configuration.AtmosphereLoader) as (Kopernicus.ConfigParser.BuiltinTypeParsers.FloatCurveParser)
[LOG 22:22:46]: Parsing Target temperatureEccentricityBiasCurve in (Kopernicus.Configuration.AtmosphereLoader) as (Kopernicus.ConfigParser.BuiltinTypeParsers.FloatCurveParser)
[LOG 22:22:46]: Parsing Target ambientColor in (Kopernicus.Configuration.AtmosphereLoader) as (Kopernicus.ConfigParser.BuiltinTypeParsers.ColorParser)
[LOG 22:22:46]: Parsing Target AtmosphereFromGround in (Kopernicus.Configuration.AtmosphereLoader) as (Kopernicus.Configuration.AtmosphereFromGroundLoader)
[LOG 22:22:46]: Parsing Target lightColor in (Kopernicus.Configuration.AtmosphereLoader) as (Kopernicus.ConfigParser.BuiltinTypeParsers.ColorParser)
[LOG 22:22:46]: Parsing Target PQS in (Kopernicus.Configuration.Body) as (Kopernicus.Configuration.PQSLoader)
[LOG 22:22:46]: Parsing Target materialType in (Kopernicus.Configuration.PQSLoader) as (Kopernicus.ConfigParser.BuiltinTypeParsers.EnumParser`1[Kopernicus.Configuration.PQSLoader+SurfaceMaterialType])
[LOG 22:22:46]: Parsing Target PhysicsMaterial in (Kopernicus.Configuration.PQSLoader) as (Kopernicus.Configuration.Parsing.PhysicsMaterialParser)
[LOG 22:22:46]: Parsing Target minLevel in (Kopernicus.Configuration.PQSLoader) as (Kopernicus.ConfigParser.BuiltinTypeParsers.NumericParser`1[System.Int32])
[LOG 22:22:46]: Parsing Target maxLevel in (Kopernicus.Configuration.PQSLoader) as (Kopernicus.ConfigParser.BuiltinTypeParsers.NumericParser`1[System.Int32])
[LOG 22:22:46]: Parsing Target minDetailDistance in (Kopernicus.Configuration.PQSLoader) as (Kopernicus.ConfigParser.BuiltinTypeParsers.NumericParser`1[System.Double])
[LOG 22:22:46]: Parsing Target maxQuadLengthsPerFrame in (Kopernicus.Configuration.PQSLoader) as (Kopernicus.ConfigParser.BuiltinTypeParsers.NumericParser`1[System.Single])
[LOG 22:22:46]: Parsing Target fadeStart in (Kopernicus.Configuration.PQSLoader) as (Kopernicus.ConfigParser.BuiltinTypeParsers.NumericParser`1[System.Single])
[LOG 22:22:46]: Parsing Target fadeEnd in (Kopernicus.Configuration.PQSLoader) as (Kopernicus.ConfigParser.BuiltinTypeParsers.NumericParser`1[System.Single])
[LOG 22:22:46]: Parsing Target deactivateAltitude in (Kopernicus.Configuration.PQSLoader) as (Kopernicus.ConfigParser.BuiltinTypeParsers.NumericParser`1[System.Double])
[LOG 22:22:46]: Parsing Target mapMaxHeight in (Kopernicus.Configuration.PQSLoader) as (Kopernicus.ConfigParser.BuiltinTypeParsers.NumericParser`1[System.Double])
[LOG 22:22:46]: Parsing Target Material in (Kopernicus.Configuration.PQSLoader) as (UnityEngine.Material)
[LOG 22:22:46]: Parsing Target FallbackMaterial in (Kopernicus.Configuration.PQSLoader) as (UnityEngine.Material)
[LOG 22:22:46]: Parsing Target Mods in (Kopernicus.Configuration.PQSLoader) as (System.Collections.Generic.List`1[Kopernicus.Configuration.ModLoader.IModLoader])
[LOG 22:22:46]:   Eve (UnityEngine.GameObject)
[LOG 22:22:46]:    >>> Components <<< 
[LOG 22:22:46]:    Eve (UnityEngine.Transform)
[LOG 22:22:46]:    Eve (PQS)
[LOG 22:22:46]:    >>> ---------- <<< 
[LOG 22:22:46]:       _HeightNoise (UnityEngine.GameObject)
[LOG 22:22:46]:        >>> Components <<< 
[LOG 22:22:46]:        _HeightNoise (UnityEngine.Transform)
[LOG 22:22:46]:        _HeightNoise (PQSMod_VertexHeightMap)
[LOG 22:22:46]:        _HeightNoise (PQSMod_VertexSimplexHeight)
[LOG 22:22:46]:        _HeightNoise (PQSMod_VertexHeightNoiseVertHeightCurve2)
[LOG 22:22:46]:        >>> ---------- <<< 
[LOG 22:22:46]:       _LandClass (UnityEngine.GameObject)
[LOG 22:22:46]:        >>> Components <<< 
[LOG 22:22:46]:        _LandClass (UnityEngine.Transform)
[LOG 22:22:46]:        _LandClass (PQSLandControl)
[LOG 22:22:46]:        _LandClass (PQSMod_VertexSimplexNoiseColor)
[LOG 22:22:46]:        _LandClass (PQSMod_VertexColorMapBlend)
[LOG 22:22:46]:        >>> ---------- <<< 
[LOG 22:22:46]:           Scatter (UnityEngine.GameObject)
[LOG 22:22:46]:            >>> Components <<< 
[LOG 22:22:46]:            Scatter (UnityEngine.Transform)
[LOG 22:22:46]:            Scatter (Kopernicus.Components.ModularScatter.ModularScatter)
[LOG 22:22:46]:            >>> ---------- <<< 
[LOG 22:22:46]:       _Material_ModProjection (UnityEngine.GameObject)
[LOG 22:22:46]:        >>> Components <<< 
[LOG 22:22:46]:        _Material_ModProjection (UnityEngine.Transform)
[LOG 22:22:46]:        _Material_ModProjection (PQSMod_AltitudeAlpha)
[LOG 22:22:46]:        _Material_ModProjection (PQSMod_AltitudeUV)
[LOG 22:22:46]:        >>> ---------- <<< 
[LOG 22:22:46]:       _Material_AerialPerspective (UnityEngine.GameObject)
[LOG 22:22:46]:        >>> Components <<< 
[LOG 22:22:46]:        _Material_AerialPerspective (UnityEngine.Transform)
[LOG 22:22:46]:        _Material_AerialPerspective (PQSMod_AerialPerspectiveMaterial)
[LOG 22:22:46]:        >>> ---------- <<< 
[LOG 22:22:46]:       _Material_SurfaceQuads (UnityEngine.GameObject)
[LOG 22:22:46]:        >>> Components <<< 
[LOG 22:22:46]:        _Material_SurfaceQuads (UnityEngine.Transform)
[LOG 22:22:46]:        _Material_SurfaceQuads (PQSMod_UVPlanetRelativePosition)
[LOG 22:22:46]:        >>> ---------- <<< 
[LOG 22:22:46]:       _CoastlineLOD (UnityEngine.GameObject)
[LOG 22:22:46]:        >>> Components <<< 
[LOG 22:22:46]:        _CoastlineLOD (UnityEngine.Transform)
[LOG 22:22:46]:        _CoastlineLOD (PQSMod_QuadEnhanceCoast)
[LOG 22:22:46]:        >>> ---------- <<< 
[LOG 22:22:46]:       _CelestialBody (UnityEngine.GameObject)
[LOG 22:22:46]:        >>> Components <<< 
[LOG 22:22:46]:        _CelestialBody (UnityEngine.Transform)
[LOG 22:22:46]:        _CelestialBody (PQSMod_CelestialBodyTransform)
[LOG 22:22:46]:        >>> ---------- <<< 
[LOG 22:22:46]:       _Material_SunLight (UnityEngine.GameObject)
[LOG 22:22:46]:        >>> Components <<< 
[LOG 22:22:46]:        _Material_SunLight (UnityEngine.Transform)
[LOG 22:22:46]:        _Material_SunLight (PQSMod_MaterialSetDirection)
[LOG 22:22:46]:        >>> ---------- <<< 
[LOG 22:22:46]:       QuadMeshColliders (UnityEngine.GameObject)
[LOG 22:22:46]:        >>> Components <<< 
[LOG 22:22:46]:        QuadMeshColliders (UnityEngine.Transform)
[LOG 22:22:46]:        QuadMeshColliders (PQSMod_QuadMeshColliders)
[LOG 22:22:46]:        >>> ---------- <<< 
[LOG 22:22:46]:       EveOcean (UnityEngine.GameObject)
[LOG 22:22:46]:        >>> Components <<< 
[LOG 22:22:46]:        EveOcean (UnityEngine.Transform)
[LOG 22:22:46]:        EveOcean (PQS)
[LOG 22:22:46]:        >>> ---------- <<< 
[LOG 22:22:46]:           SurfaceQuadUV (UnityEngine.GameObject)
[LOG 22:22:46]:            >>> Components <<< 
[LOG 22:22:46]:            SurfaceQuadUV (UnityEngine.Transform)
[LOG 22:22:46]:            SurfaceQuadUV (PQSMod_UVPlanetRelativePosition)
[LOG 22:22:46]:            >>> ---------- <<< 
[LOG 22:22:46]:           QuadRemoveMap (UnityEngine.GameObject)
[LOG 22:22:46]:            >>> Components <<< 
[LOG 22:22:46]:            QuadRemoveMap (UnityEngine.Transform)
[LOG 22:22:46]:            QuadRemoveMap (PQSMod_RemoveQuadMap)
[LOG 22:22:46]:            >>> ---------- <<< 
[LOG 22:22:46]:           OceanFX (UnityEngine.GameObject)
[LOG 22:22:46]:            >>> Components <<< 
[LOG 22:22:46]:            OceanFX (UnityEngine.Transform)
[LOG 22:22:46]:            >>> ---------- <<< 
[LOG 22:22:46]:       Randolith (UnityEngine.GameObject)
[LOG 22:22:46]:        >>> Components <<< 
[LOG 22:22:46]:        Randolith (UnityEngine.Transform)
[LOG 22:22:46]:        Randolith (PQSCity)
[LOG 22:22:46]:        Randolith (PrefabSpawner)
[LOG 22:22:46]:        >>> ---------- <<< 
[LOG 22:22:46]:           monolith01 (UnityEngine.GameObject)
[LOG 22:22:46]:            >>> Components <<< 
[LOG 22:22:46]:            monolith01 (UnityEngine.Transform)
[LOG 22:22:46]:            monolith01 (UnityEngine.MeshFilter)
[LOG 22:22:46]:            monolith01 (UnityEngine.MeshRenderer)
[LOG 22:22:46]:            monolith01 (UnityEngine.Animation)
[LOG 22:22:46]:            monolith01 (UnityEngine.MeshCollider)
[LOG 22:22:46]:            >>> ---------- <<< 
[LOG 22:22:46]:       _PQSROCControl (UnityEngine.GameObject)
[LOG 22:22:46]:        >>> Components <<< 
[LOG 22:22:46]:        _PQSROCControl (UnityEngine.Transform)
[LOG 22:22:46]:        _PQSROCControl (PQSROCControl)
[LOG 22:22:46]:        >>> ---------- <<< 
[LOG 22:22:46]:       LandControlFixer (UnityEngine.GameObject)
[LOG 22:22:46]:        >>> Components <<< 
[LOG 22:22:46]:        LandControlFixer (UnityEngine.Transform)
[LOG 22:22:46]:        LandControlFixer (Kopernicus.Components.PQSLandControlFixer)
[LOG 22:22:46]:        >>> ---------- <<< 
[LOG 22:22:46]:       OnDemandHandler (UnityEngine.GameObject)
[LOG 22:22:46]:        >>> Components <<< 
[LOG 22:22:46]:        OnDemandHandler (UnityEngine.Transform)
[LOG 22:22:46]:        OnDemandHandler (Kopernicus.OnDemand.PQSMod_OnDemandHandler)
[LOG 22:22:46]:        >>> ---------- <<< 
[LOG 22:22:46]:       _Material_AerialPerspective (UnityEngine.GameObject)
[LOG 22:22:46]:        >>> Components <<< 
[LOG 22:22:46]:        _Material_AerialPerspective (UnityEngine.Transform)
[LOG 22:22:46]:        _Material_AerialPerspective (PQSMod_AerialPerspectiveMaterial)
[LOG 22:22:46]:        >>> ---------- <<< 
[LOG 22:22:46]: Parsing Target Ocean in (Kopernicus.Configuration.Body) as (Kopernicus.Configuration.OceanLoader)
[LOG 22:22:46]: Parsing Target Rings in (Kopernicus.Configuration.Body) as (System.Collections.Generic.List`1[Kopernicus.Configuration.RingLoader])
[LOG 22:22:46]: Parsing Target Particles in (Kopernicus.Configuration.Body) as (System.Collections.Generic.List`1[Kopernicus.Configuration.ParticleLoader])
[LOG 22:22:46]: Parsing Target HazardousBody in (Kopernicus.Configuration.Body) as (System.Collections.Generic.List`1[Kopernicus.Configuration.HazardousBodyLoader])
[LOG 22:22:46]: Parsing Target SpaceCenter in (Kopernicus.Configuration.Body) as (Kopernicus.Configuration.SpaceCenterLoader)
[LOG 22:22:46]: Parsing Target Debug in (Kopernicus.Configuration.Body) as (Kopernicus.Configuration.DebugLoader)
[LOG 22:22:46]: Parsing Target PostSpawnOrbit in (Kopernicus.Configuration.Body) as (ConfigNode)
[LOG 22:22:46]: --------- Celestial Body ------------
[LOG 22:22:46]: bodyName = Eve
[LOG 22:22:46]: bodyDisplayName = #autoLOC_910049
[LOG 22:22:46]: bodyAdjectiveDisplayName = #autoLOC_6004065
[LOG 22:22:46]: bodyDescription = #autoLOC_900103
[LOG 22:22:46]: GeeASL = 1.7005807760833
[LOG 22:22:46]: Radius = 700000
[LOG 22:22:46]: Mass = 0
[LOG 22:22:46]: Density = 0
[LOG 22:22:46]: SurfaceArea = 0
[LOG 22:22:46]: gravParameter = 0
[LOG 22:22:46]: sphereOfInfluence = 0
[LOG 22:22:46]: hillSphere = 0
[LOG 22:22:46]: gMagnitudeAtCenter = 0
[LOG 22:22:46]: atmDensityASL = 0
[LOG 22:22:46]: atmPressureASL = 0
[LOG 22:22:46]: scaledEllipsoid = True
[LOG 22:22:46]: scaledElipRadMult = [1, 1, 1]
[LOG 22:22:46]: scaledRadiusHorizonMultiplier = 1
[LOG 22:22:46]: navballSwitchRadiusMult = 0.06
[LOG 22:22:46]: navballSwitchRadiusMultLow = 0.055
[LOG 22:22:46]: use_The_InName = False
[LOG 22:22:46]: isHomeWorld = False
[LOG 22:22:46]: ocean = True
[LOG 22:22:46]: oceanUseFog = True
[LOG 22:22:46]: oceanFogPQSDepth = 1000
[LOG 22:22:46]: oceanFogPQSDepthRecip = 0.001
[LOG 22:22:46]: oceanFogDensityStart = 0.005
[LOG 22:22:46]: oceanFogDensityEnd = 0.025
[LOG 22:22:46]: oceanFogDensityPQSMult = 0.02
[LOG 22:22:46]: oceanFogDensityAltScalar = -0.0008
[LOG 22:22:46]: oceanFogDensityExponent = 1
[LOG 22:22:46]: oceanFogColorStart = RGBA(0.380, 0.000, 0.490, 1.000)
[LOG 22:22:46]: oceanFogColorEnd = RGBA(0.000, 0.085, 0.123, 1.000)
[LOG 22:22:46]: oceanFogDawnFactor = 10
[LOG 22:22:46]: oceanSkyColorMult = 1.1
[LOG 22:22:46]: oceanSkyColorOpacityBase = 0.33
[LOG 22:22:46]: oceanSkyColorOpacityAltMult = 12
[LOG 22:22:46]: oceanDensity = 1.5
[LOG 22:22:46]: oceanAFGBase = 0.6
[LOG 22:22:46]: oceanAFGAltMult = 0.05
[LOG 22:22:46]: oceanAFGMin = 0.05
[LOG 22:22:46]: oceanSunBase = 0.5
[LOG 22:22:46]: oceanSunAltMult = 0.01
[LOG 22:22:46]: oceanSunMin = 0.05
[LOG 22:22:46]: oceanAFGLerp = False
[LOG 22:22:46]: oceanMinAlphaFogDistance = 200
[LOG 22:22:46]: oceanMaxAlbedoFog = 0.95
[LOG 22:22:46]: oceanMaxAlphaFog = 0.9
[LOG 22:22:46]: oceanAlbedoDistanceScalar = 0.01
[LOG 22:22:46]: oceanAlphaDistanceScalar = 0.01
[LOG 22:22:46]: minOrbitalDistance = 100000
[LOG 22:22:46]: atmosphere = True
[LOG 22:22:46]: atmosphereContainsOxygen = False
[LOG 22:22:46]: atmosphereDepth = 90000
[LOG 22:22:46]: atmosphereTemperatureSeaLevel = 408
[LOG 22:22:46]: atmospherePressureSeaLevel = 506.625
[LOG 22:22:46]: atmosphereMolarMass = 0.0430000014603138
[LOG 22:22:46]: atmosphereAdiabaticIndex = 1.20000004768372
[LOG 22:22:46]: atmosphereTemperatureLapseRate = 0
[LOG 22:22:46]: atmosphereGasMassLapseRate = 0
[LOG 22:22:46]: atmosphereUseTemperatureCurve = True
[LOG 22:22:46]: atmosphereTemperatureCurveIsNormalized = False
[LOG 22:22:46]: atmosphereTemperatureCurve = FloatCurve
[LOG 22:22:46]: latitudeTemperatureBiasCurve = FloatCurve
[LOG 22:22:46]: latitudeTemperatureSunMultCurve = FloatCurve
[LOG 22:22:46]: axialTemperatureSunMultCurve = FloatCurve
[LOG 22:22:46]: axialTemperatureSunBiasCurve = FloatCurve
[LOG 22:22:46]: atmosphereTemperatureSunMultCurve = FloatCurve
[LOG 22:22:46]: maxAxialDot = 0
[LOG 22:22:46]: eccentricityTemperatureBiasCurve = FloatCurve
[LOG 22:22:46]: albedo = 0.45
[LOG 22:22:46]: emissivity = 0.55
[LOG 22:22:46]: coreTemperatureOffset = 0
[LOG 22:22:46]: convectionMultiplier = 1
[LOG 22:22:46]: shockTemperatureMultiplier = 1.1
[LOG 22:22:46]: atmosphereUsePressureCurve = True
[LOG 22:22:46]: atmospherePressureCurveIsNormalized = False
[LOG 22:22:46]: atmospherePressureCurve = FloatCurve
[LOG 22:22:46]: radiusAtmoFactor = 1
[LOG 22:22:46]: hasSolidSurface = True
[LOG 22:22:46]: isStar = False
[LOG 22:22:46]: rotation = (0.0, 0.0, 0.0, 0.0)
[LOG 22:22:46]: orbitDriver = Eve (OrbitDriver)
[LOG 22:22:46]: pqsController = Eve (PQS)
[LOG 22:22:46]: pqsSurfaceObjects = PQSSurfaceObject[]
[LOG 22:22:46]: scaledBody = Eve (UnityEngine.GameObject)
[LOG 22:22:46]: afg = 
[LOG 22:22:46]: rotates = True
[LOG 22:22:46]: rotationPeriod = 80500
[LOG 22:22:46]: rotPeriodRecip = 0
[LOG 22:22:46]: solarDayLength = 0
[LOG 22:22:46]: solarRotationPeriod = False
[LOG 22:22:46]: initialRotation = 0
[LOG 22:22:46]: rotationAngle = 0
[LOG 22:22:46]: directRotAngle = 0
[LOG 22:22:46]: angularVelocity = [0, 0, 0]
[LOG 22:22:46]: zUpAngularVelocity = [0, 0, 0]
[LOG 22:22:46]: tidallyLocked = False
[LOG 22:22:46]: clampInverseRotThreshold = True
[LOG 22:22:46]: inverseRotation = False
[LOG 22:22:46]: inverseRotThresholdAltitude = 100000
[LOG 22:22:46]: angularV = 0
[LOG 22:22:46]: timeWarpAltitudeLimits = System.Single[]
[LOG 22:22:46]: atmosphericAmbientColor = RGBA(0.224, 0.194, 0.306, 1.000)
[LOG 22:22:46]: orbitingBodies = System.Collections.Generic.List`1[CelestialBody]
[LOG 22:22:46]: BodyFrame = Planetarium+CelestialFrame
[LOG 22:22:46]: progressTree = KSPAchievements.CelestialBodySubtree
[LOG 22:22:46]: bodyType = Generic
[LOG 22:22:46]: scienceValues = CelestialBodyScienceParams
[LOG 22:22:46]: BiomeMap = eve_biome (CBAttributeMapSO)
[LOG 22:22:46]: MiniBiomes = MiniBiome[]
[LOG 22:22:46]: bodyTransform = 
[LOG 22:22:46]: --------------------------------------
