//===============================================================================================================//
//=====  Kopernicus 1.7.3-2 - (BuildDate: 12.09.2019 10:49:54; AssemblyHash: mEiDzMX4z4uZzKUC3t772hbCbxI=)  =====//
//===============================================================================================================//
[LOG 22:22:48]: Logger "Squad/Ike.Body" was created
[LOG 22:22:48]: Parsing Target name in (Kopernicus.Configuration.Body) as (System.String)
[LOG 22:22:48]: Parsing Target Template in (Kopernicus.Configuration.Body) as (Kopernicus.Configuration.TemplateLoader)
[LOG 22:22:48]: Parsing Target name in (Kopernicus.Configuration.TemplateLoader) as (System.String)
[LOG 22:22:48]: Parsing Target removePQS in (Kopernicus.Configuration.TemplateLoader) as (Kopernicus.ConfigParser.BuiltinTypeParsers.NumericParser`1[System.Boolean])
[LOG 22:22:48]: Parsing Target removeBiomes in (Kopernicus.Configuration.TemplateLoader) as (Kopernicus.ConfigParser.BuiltinTypeParsers.NumericParser`1[System.Boolean])
[LOG 22:22:48]: Parsing Target removeAtmosphere in (Kopernicus.Configuration.TemplateLoader) as (Kopernicus.ConfigParser.BuiltinTypeParsers.NumericParser`1[System.Boolean])
[LOG 22:22:48]: Parsing Target removeOcean in (Kopernicus.Configuration.TemplateLoader) as (Kopernicus.ConfigParser.BuiltinTypeParsers.NumericParser`1[System.Boolean])
[LOG 22:22:48]: Parsing Target removePQSMods in (Kopernicus.Configuration.TemplateLoader) as (Kopernicus.ConfigParser.BuiltinTypeParsers.StringCollectionParser)
[LOG 22:22:48]: Parsing Target removeAllPQSMods in (Kopernicus.Configuration.TemplateLoader) as (Kopernicus.ConfigParser.BuiltinTypeParsers.NumericParser`1[System.Boolean])
[LOG 22:22:48]: Parsing Target removeProgressTree in (Kopernicus.Configuration.TemplateLoader) as (Kopernicus.ConfigParser.BuiltinTypeParsers.NumericParser`1[System.Boolean])
[LOG 22:22:48]: Parsing Target removeCoronas in (Kopernicus.Configuration.TemplateLoader) as (Kopernicus.ConfigParser.BuiltinTypeParsers.NumericParser`1[System.Boolean])
[LOG 22:22:48]: Using Template "Ike"
[LOG 22:22:48]: Patching PQSLandControl
[LOG 22:22:48]: Parsing Target cacheFile in (Kopernicus.Configuration.Body) as (System.String)
[LOG 22:22:48]: Parsing Target barycenter in (Kopernicus.Configuration.Body) as (Kopernicus.ConfigParser.BuiltinTypeParsers.NumericParser`1[System.Boolean])
[LOG 22:22:48]: Parsing Target cbNameLater in (Kopernicus.Configuration.Body) as (System.String)
[LOG 22:22:48]: Parsing Target identifier in (Kopernicus.Configuration.Body) as (System.String)
[LOG 22:22:48]: Parsing Target self in (Kopernicus.Configuration.Body) as (System.Collections.Generic.List`1[Kopernicus.ConfigParser.BuiltinTypeParsers.StringCollectionParser])
[LOG 22:22:48]: Parsing Target finalizeOrbit in (Kopernicus.Configuration.Body) as (Kopernicus.ConfigParser.BuiltinTypeParsers.NumericParser`1[System.Boolean])
[LOG 22:22:48]: Parsing Target randomMainMenuBody in (Kopernicus.Configuration.Body) as (Kopernicus.ConfigParser.BuiltinTypeParsers.NumericParser`1[System.Boolean])
[LOG 22:22:48]: Parsing Target contractWeight in (Kopernicus.Configuration.Body) as (Kopernicus.ConfigParser.BuiltinTypeParsers.NumericParser`1[System.Int32])
[LOG 22:22:48]: Parsing Target Properties in (Kopernicus.Configuration.Body) as (Kopernicus.Configuration.PropertiesLoader)
[LOG 22:22:48]: Parsing Target description in (Kopernicus.Configuration.PropertiesLoader) as (System.String)
[LOG 22:22:48]: Parsing Target radius in (Kopernicus.Configuration.PropertiesLoader) as (Kopernicus.ConfigParser.BuiltinTypeParsers.NumericParser`1[System.Double])
[LOG 22:22:48]: Parsing Target geeASL in (Kopernicus.Configuration.PropertiesLoader) as (Kopernicus.ConfigParser.BuiltinTypeParsers.NumericParser`1[System.Double])
[LOG 22:22:48]: Parsing Target mass in (Kopernicus.Configuration.PropertiesLoader) as (Kopernicus.ConfigParser.BuiltinTypeParsers.NumericParser`1[System.Double])
[LOG 22:22:48]: Parsing Target gravParameter in (Kopernicus.Configuration.PropertiesLoader) as (Kopernicus.ConfigParser.BuiltinTypeParsers.NumericParser`1[System.Double])
[LOG 22:22:48]: Parsing Target rotates in (Kopernicus.Configuration.PropertiesLoader) as (Kopernicus.ConfigParser.BuiltinTypeParsers.NumericParser`1[System.Boolean])
[LOG 22:22:48]: Parsing Target rotationPeriod in (Kopernicus.Configuration.PropertiesLoader) as (Kopernicus.ConfigParser.BuiltinTypeParsers.NumericParser`1[System.Double])
[LOG 22:22:48]: Parsing Target tidallyLocked in (Kopernicus.Configuration.PropertiesLoader) as (Kopernicus.ConfigParser.BuiltinTypeParsers.NumericParser`1[System.Boolean])
[LOG 22:22:48]: Parsing Target initialRotation in (Kopernicus.Configuration.PropertiesLoader) as (Kopernicus.ConfigParser.BuiltinTypeParsers.NumericParser`1[System.Double])
[LOG 22:22:48]: Parsing Target inverseRotThresholdAltitude in (Kopernicus.Configuration.PropertiesLoader) as (Kopernicus.ConfigParser.BuiltinTypeParsers.NumericParser`1[System.Single])
[LOG 22:22:48]: Parsing Target albedo in (Kopernicus.Configuration.PropertiesLoader) as (Kopernicus.ConfigParser.BuiltinTypeParsers.NumericParser`1[System.Double])
[LOG 22:22:48]: Parsing Target emissivity in (Kopernicus.Configuration.PropertiesLoader) as (Kopernicus.ConfigParser.BuiltinTypeParsers.NumericParser`1[System.Double])
[LOG 22:22:48]: Parsing Target coreTemperatureOffset in (Kopernicus.Configuration.PropertiesLoader) as (Kopernicus.ConfigParser.BuiltinTypeParsers.NumericParser`1[System.Double])
[LOG 22:22:48]: Parsing Target timewarpAltitudeLimits in (Kopernicus.Configuration.PropertiesLoader) as (Kopernicus.ConfigParser.BuiltinTypeParsers.NumericCollectionParser`1[System.Single])
[LOG 22:22:48]: Parsing Target sphereOfInfluence in (Kopernicus.Configuration.PropertiesLoader) as (Kopernicus.ConfigParser.BuiltinTypeParsers.NumericParser`1[System.Double])
[LOG 22:22:48]: Parsing Target solarRotationPeriod in (Kopernicus.Configuration.PropertiesLoader) as (Kopernicus.ConfigParser.BuiltinTypeParsers.NumericParser`1[System.Boolean])
[LOG 22:22:48]: Parsing Target navballSwitchRadiusMult in (Kopernicus.Configuration.PropertiesLoader) as (Kopernicus.ConfigParser.BuiltinTypeParsers.NumericParser`1[System.Double])
[LOG 22:22:48]: Parsing Target navballSwitchRadiusMultLow in (Kopernicus.Configuration.PropertiesLoader) as (Kopernicus.ConfigParser.BuiltinTypeParsers.NumericParser`1[System.Double])
[LOG 22:22:48]: Parsing Target ScienceValues in (Kopernicus.Configuration.PropertiesLoader) as (Kopernicus.Configuration.ScienceValuesLoader)
[LOG 22:22:48]: Parsing Target landedDataValue in (Kopernicus.Configuration.ScienceValuesLoader) as (Kopernicus.ConfigParser.BuiltinTypeParsers.NumericParser`1[System.Single])
[LOG 22:22:48]: Parsing Target splashedDataValue in (Kopernicus.Configuration.ScienceValuesLoader) as (Kopernicus.ConfigParser.BuiltinTypeParsers.NumericParser`1[System.Single])
[LOG 22:22:48]: Parsing Target flyingLowDataValue in (Kopernicus.Configuration.ScienceValuesLoader) as (Kopernicus.ConfigParser.BuiltinTypeParsers.NumericParser`1[System.Single])
[LOG 22:22:48]: Parsing Target flyingHighDataValue in (Kopernicus.Configuration.ScienceValuesLoader) as (Kopernicus.ConfigParser.BuiltinTypeParsers.NumericParser`1[System.Single])
[LOG 22:22:48]: Parsing Target inSpaceLowDataValue in (Kopernicus.Configuration.ScienceValuesLoader) as (Kopernicus.ConfigParser.BuiltinTypeParsers.NumericParser`1[System.Single])
[LOG 22:22:48]: Parsing Target inSpaceHighDataValue in (Kopernicus.Configuration.ScienceValuesLoader) as (Kopernicus.ConfigParser.BuiltinTypeParsers.NumericParser`1[System.Single])
[LOG 22:22:48]: Parsing Target recoveryValue in (Kopernicus.Configuration.ScienceValuesLoader) as (Kopernicus.ConfigParser.BuiltinTypeParsers.NumericParser`1[System.Single])
[LOG 22:22:48]: Parsing Target flyingAltitudeThreshold in (Kopernicus.Configuration.ScienceValuesLoader) as (Kopernicus.ConfigParser.BuiltinTypeParsers.NumericParser`1[System.Single])
[LOG 22:22:48]: Parsing Target spaceAltitudeThreshold in (Kopernicus.Configuration.ScienceValuesLoader) as (Kopernicus.ConfigParser.BuiltinTypeParsers.NumericParser`1[System.Single])
[LOG 22:22:48]: Parsing Target biomeMap in (Kopernicus.Configuration.PropertiesLoader) as (Kopernicus.Configuration.Parsing.MapSOParserRGB`1[CBAttributeMapSO])
[LOG 22:22:48]: Parsing Target nonExactThreshold in (Kopernicus.Configuration.PropertiesLoader) as (Kopernicus.ConfigParser.BuiltinTypeParsers.NumericParser`1[System.Single])
[LOG 22:22:48]: Parsing Target exactSearch in (Kopernicus.Configuration.PropertiesLoader) as (Kopernicus.ConfigParser.BuiltinTypeParsers.NumericParser`1[System.Boolean])
[LOG 22:22:48]: Parsing Target Biomes in (Kopernicus.Configuration.PropertiesLoader) as (Kopernicus.Configuration.Parsing.CallbackList`1[Kopernicus.Configuration.BiomeLoader])
[LOG 22:22:48]: Parsing Target useTheInName in (Kopernicus.Configuration.PropertiesLoader) as (Kopernicus.ConfigParser.BuiltinTypeParsers.NumericParser`1[System.Boolean])
[LOG 22:22:48]: Parsing Target displayName in (Kopernicus.Configuration.PropertiesLoader) as (System.String)
[LOG 22:22:48]: Parsing Target selectable in (Kopernicus.Configuration.PropertiesLoader) as (Kopernicus.ConfigParser.BuiltinTypeParsers.NumericParser`1[System.Boolean])
[LOG 22:22:48]: Parsing Target RDVisibility in (Kopernicus.Configuration.PropertiesLoader) as (Kopernicus.ConfigParser.BuiltinTypeParsers.EnumParser`1[Kopernicus.Configuration.PropertiesLoader+RnDVisibility])
[LOG 22:22:48]: Parsing Target RnDVisibility in (Kopernicus.Configuration.PropertiesLoader) as (Kopernicus.ConfigParser.BuiltinTypeParsers.EnumParser`1[Kopernicus.Configuration.PropertiesLoader+RnDVisibility])
[LOG 22:22:48]: Parsing Target RnDRotation in (Kopernicus.Configuration.PropertiesLoader) as (Kopernicus.ConfigParser.BuiltinTypeParsers.NumericParser`1[System.Boolean])
[LOG 22:22:48]: Parsing Target maxZoom in (Kopernicus.Configuration.PropertiesLoader) as (Kopernicus.ConfigParser.BuiltinTypeParsers.NumericParser`1[System.Single])
[LOG 22:22:48]: --------- Science Values ------------
[LOG 22:22:48]: LandedDataValue = 8
[LOG 22:22:48]: SplashedDataValue = 1
[LOG 22:22:48]: FlyingLowDataValue = 1
[LOG 22:22:48]: FlyingHighDataValue = 1
[LOG 22:22:48]: InSpaceLowDataValue = 7
[LOG 22:22:48]: InSpaceHighDataValue = 5
[LOG 22:22:48]: RecoveryValue = 5
[LOG 22:22:48]: flyingAltitudeThreshold = 18000
[LOG 22:22:48]: spaceAltitudeThreshold = 50000
[LOG 22:22:48]: --------------------------------------
[LOG 22:22:48]: Found Biome: Polar Lowlands : RGBA(0.475, 0.467, 0.463, 1.000) : 0
[LOG 22:22:48]: Found Biome: Midlands : RGBA(0.576, 0.576, 0.576, 1.000) : 0
[LOG 22:22:48]: Found Biome: Eastern Mountain Ridge : RGBA(1.000, 1.000, 1.000, 1.000) : 0
[LOG 22:22:48]: Found Biome: Western Mountain Ridge : RGBA(0.925, 0.925, 0.925, 1.000) : 0
[LOG 22:22:48]: Found Biome: Lowlands : RGBA(0.408, 0.408, 0.408, 1.000) : 0
[LOG 22:22:48]: Found Biome: South Eastern Mountain Range : RGBA(0.855, 0.855, 0.855, 1.000) : 0
[LOG 22:22:48]: Found Biome: South Pole : RGBA(0.518, 0.518, 0.518, 1.000) : 0
[LOG 22:22:48]: Found Biome: Central Mountain Range : RGBA(0.800, 0.800, 0.800, 1.000) : 0
[LOG 22:22:48]: Parsing Target Orbit in (Kopernicus.Configuration.Body) as (Kopernicus.Configuration.OrbitLoader)
[LOG 22:22:48]: Parsing Target referenceBody in (Kopernicus.Configuration.OrbitLoader) as (System.String)
[LOG 22:22:48]: Parsing Target inclination in (Kopernicus.Configuration.OrbitLoader) as (Kopernicus.ConfigParser.BuiltinTypeParsers.NumericParser`1[System.Double])
[LOG 22:22:48]: Parsing Target eccentricity in (Kopernicus.Configuration.OrbitLoader) as (Kopernicus.ConfigParser.BuiltinTypeParsers.NumericParser`1[System.Double])
[LOG 22:22:48]: Parsing Target semiMajorAxis in (Kopernicus.Configuration.OrbitLoader) as (Kopernicus.ConfigParser.BuiltinTypeParsers.NumericParser`1[System.Double])
[LOG 22:22:48]: Parsing Target longitudeOfAscendingNode in (Kopernicus.Configuration.OrbitLoader) as (Kopernicus.ConfigParser.BuiltinTypeParsers.NumericParser`1[System.Double])
[LOG 22:22:48]: Parsing Target argumentOfPeriapsis in (Kopernicus.Configuration.OrbitLoader) as (Kopernicus.ConfigParser.BuiltinTypeParsers.NumericParser`1[System.Double])
[LOG 22:22:48]: Parsing Target meanAnomalyAtEpoch in (Kopernicus.Configuration.OrbitLoader) as (Kopernicus.ConfigParser.BuiltinTypeParsers.NumericParser`1[System.Double])
[LOG 22:22:48]: Parsing Target meanAnomalyAtEpochD in (Kopernicus.Configuration.OrbitLoader) as (Kopernicus.ConfigParser.BuiltinTypeParsers.NumericParser`1[System.Double])
[LOG 22:22:48]: Parsing Target epoch in (Kopernicus.Configuration.OrbitLoader) as (Kopernicus.ConfigParser.BuiltinTypeParsers.NumericParser`1[System.Double])
[LOG 22:22:48]: Parsing Target color in (Kopernicus.Configuration.OrbitLoader) as (Kopernicus.ConfigParser.BuiltinTypeParsers.ColorParser)
[LOG 22:22:48]: Parsing Target iconColor in (Kopernicus.Configuration.OrbitLoader) as (Kopernicus.ConfigParser.BuiltinTypeParsers.ColorParser)
[LOG 22:22:48]: Parsing Target nodeColor in (Kopernicus.Configuration.OrbitLoader) as (Kopernicus.ConfigParser.BuiltinTypeParsers.ColorParser)
[LOG 22:22:48]: Parsing Target mode in (Kopernicus.Configuration.OrbitLoader) as (Kopernicus.ConfigParser.BuiltinTypeParsers.EnumParser`1[OrbitRendererBase+DrawMode])
[LOG 22:22:48]: Parsing Target icon in (Kopernicus.Configuration.OrbitLoader) as (Kopernicus.ConfigParser.BuiltinTypeParsers.EnumParser`1[OrbitRendererBase+DrawIcons])
[LOG 22:22:48]: Parsing Target cameraSmaRatioBounds in (Kopernicus.Configuration.OrbitLoader) as (Kopernicus.ConfigParser.BuiltinTypeParsers.NumericCollectionParser`1[System.Single])
[LOG 22:22:48]: Parsing Target period in (Kopernicus.Configuration.OrbitLoader) as (Kopernicus.ConfigParser.BuiltinTypeParsers.NumericParser`1[System.Double])
[LOG 22:22:48]: Parsing Target iconTexture in (Kopernicus.Configuration.OrbitLoader) as (Kopernicus.Configuration.Parsing.Texture2DParser)
[LOG 22:22:48]: Parsing Target ScaledVersion in (Kopernicus.Configuration.Body) as (Kopernicus.Configuration.ScaledVersionLoader)
[LOG 22:22:48]: Parsing Target type in (Kopernicus.Configuration.ScaledVersionLoader) as (Kopernicus.ConfigParser.BuiltinTypeParsers.EnumParser`1[Kopernicus.Configuration.Enumerations.BodyType])
[LOG 22:22:48]: Copying "celestialBody": <NULL> => <NULL>
[LOG 22:22:48]: Copying "floatName": <NULL> => _Opacity
[LOG 22:22:48]: Copying "fadeStart": 0 => 135000
[LOG 22:22:48]: Copying "fadeEnd": 0 => 140000
[LOG 22:22:48]: Copying "r": <NULL> => <NULL>
[LOG 22:22:48]: Parsing Target fadeStart in (Kopernicus.Configuration.ScaledVersionLoader) as (Kopernicus.ConfigParser.BuiltinTypeParsers.NumericParser`1[System.Single])
[LOG 22:22:48]: Parsing Target fadeEnd in (Kopernicus.Configuration.ScaledVersionLoader) as (Kopernicus.ConfigParser.BuiltinTypeParsers.NumericParser`1[System.Single])
[LOG 22:22:48]: Parsing Target Light in (Kopernicus.Configuration.ScaledVersionLoader) as (Kopernicus.Configuration.LightShifterLoader)
[LOG 22:22:48]: Parsing Target sphericalModel in (Kopernicus.Configuration.ScaledVersionLoader) as (Kopernicus.ConfigParser.BuiltinTypeParsers.NumericParser`1[System.Boolean])
[LOG 22:22:48]: Parsing Target deferMesh in (Kopernicus.Configuration.ScaledVersionLoader) as (Kopernicus.ConfigParser.BuiltinTypeParsers.NumericParser`1[System.Boolean])
[LOG 22:22:48]: Parsing Target invisible in (Kopernicus.Configuration.ScaledVersionLoader) as (Kopernicus.ConfigParser.BuiltinTypeParsers.NumericParser`1[System.Boolean])
[LOG 22:22:48]: Parsing Target Material in (Kopernicus.Configuration.ScaledVersionLoader) as (UnityEngine.Material)
[LOG 22:22:48]: Parsing Target OnDemand in (Kopernicus.Configuration.ScaledVersionLoader) as (Kopernicus.Configuration.ScaledVersionLoader+OnDemandConfig)
[LOG 22:22:48]: Parsing Target TextureOptions in (Kopernicus.Configuration.ScaledVersionLoader) as (Kopernicus.UI.PlanetTextureExporter+TextureOptions)
[LOG 22:22:48]: Parsing Target Coronas in (Kopernicus.Configuration.ScaledVersionLoader) as (System.Collections.Generic.List`1[Kopernicus.Configuration.CoronaLoader])
[LOG 22:22:48]: ============= Scaled Version Dump ===================
[LOG 22:22:48]: Ike (UnityEngine.GameObject)
[LOG 22:22:48]:  >>> Components <<< 
[LOG 22:22:48]:  Ike (UnityEngine.Transform)
[LOG 22:22:48]:  Ike (UnityEngine.MeshFilter)
[LOG 22:22:48]:  Ike (UnityEngine.MeshRenderer)
[LOG 22:22:48]:  Ike (UnityEngine.SphereCollider)
[LOG 22:22:48]:  Ike (Kopernicus.Components.SharedScaledSpaceFader)
[LOG 22:22:48]:  >>> ---------- <<< 
[LOG 22:22:48]: ===========================================
[LOG 22:22:48]: Parsing Target Atmosphere in (Kopernicus.Configuration.Body) as (Kopernicus.Configuration.AtmosphereLoader)
[LOG 22:22:48]: Parsing Target PQS in (Kopernicus.Configuration.Body) as (Kopernicus.Configuration.PQSLoader)
[LOG 22:22:48]: Parsing Target materialType in (Kopernicus.Configuration.PQSLoader) as (Kopernicus.ConfigParser.BuiltinTypeParsers.EnumParser`1[Kopernicus.Configuration.PQSLoader+SurfaceMaterialType])
[LOG 22:22:48]: Parsing Target PhysicsMaterial in (Kopernicus.Configuration.PQSLoader) as (Kopernicus.Configuration.Parsing.PhysicsMaterialParser)
[LOG 22:22:48]: Parsing Target minLevel in (Kopernicus.Configuration.PQSLoader) as (Kopernicus.ConfigParser.BuiltinTypeParsers.NumericParser`1[System.Int32])
[LOG 22:22:48]: Parsing Target maxLevel in (Kopernicus.Configuration.PQSLoader) as (Kopernicus.ConfigParser.BuiltinTypeParsers.NumericParser`1[System.Int32])
[LOG 22:22:48]: Parsing Target minDetailDistance in (Kopernicus.Configuration.PQSLoader) as (Kopernicus.ConfigParser.BuiltinTypeParsers.NumericParser`1[System.Double])
[LOG 22:22:48]: Parsing Target maxQuadLengthsPerFrame in (Kopernicus.Configuration.PQSLoader) as (Kopernicus.ConfigParser.BuiltinTypeParsers.NumericParser`1[System.Single])
[LOG 22:22:48]: Parsing Target fadeStart in (Kopernicus.Configuration.PQSLoader) as (Kopernicus.ConfigParser.BuiltinTypeParsers.NumericParser`1[System.Single])
[LOG 22:22:48]: Parsing Target fadeEnd in (Kopernicus.Configuration.PQSLoader) as (Kopernicus.ConfigParser.BuiltinTypeParsers.NumericParser`1[System.Single])
[LOG 22:22:48]: Parsing Target deactivateAltitude in (Kopernicus.Configuration.PQSLoader) as (Kopernicus.ConfigParser.BuiltinTypeParsers.NumericParser`1[System.Double])
[LOG 22:22:48]: Parsing Target mapMaxHeight in (Kopernicus.Configuration.PQSLoader) as (Kopernicus.ConfigParser.BuiltinTypeParsers.NumericParser`1[System.Double])
[LOG 22:22:48]: Parsing Target Material in (Kopernicus.Configuration.PQSLoader) as (UnityEngine.Material)
[LOG 22:22:48]: Parsing Target FallbackMaterial in (Kopernicus.Configuration.PQSLoader) as (UnityEngine.Material)
[LOG 22:22:48]: Parsing Target Mods in (Kopernicus.Configuration.PQSLoader) as (System.Collections.Generic.List`1[Kopernicus.Configuration.ModLoader.IModLoader])
[LOG 22:22:48]:   Ike (UnityEngine.GameObject)
[LOG 22:22:48]:    >>> Components <<< 
[LOG 22:22:48]:    Ike (UnityEngine.Transform)
[LOG 22:22:48]:    Ike (PQS)
[LOG 22:22:48]:    >>> ---------- <<< 
[LOG 22:22:48]:       _CelestialBody (UnityEngine.GameObject)
[LOG 22:22:48]:        >>> Components <<< 
[LOG 22:22:48]:        _CelestialBody (UnityEngine.Transform)
[LOG 22:22:48]:        _CelestialBody (PQSMod_CelestialBodyTransform)
[LOG 22:22:48]:        >>> ---------- <<< 
[LOG 22:22:48]:       _Height (UnityEngine.GameObject)
[LOG 22:22:48]:        >>> Components <<< 
[LOG 22:22:48]:        _Height (UnityEngine.Transform)
[LOG 22:22:48]:        _Height (PQSMod_VertexSimplexHeightAbsolute)
[LOG 22:22:48]:        _Height (PQSMod_VertexHeightNoise)
[LOG 22:22:48]:        _Height (PQSMod_VertexSimplexHeight)
[LOG 22:22:48]:        >>> ---------- <<< 
[LOG 22:22:48]:       _Material_ModProjection (UnityEngine.GameObject)
[LOG 22:22:48]:        >>> Components <<< 
[LOG 22:22:48]:        _Material_ModProjection (UnityEngine.Transform)
[LOG 22:22:48]:        _Material_ModProjection (PQSMod_AltitudeAlpha)
[LOG 22:22:48]:        >>> ---------- <<< 
[LOG 22:22:48]:       _SurfaceQuadUVs (UnityEngine.GameObject)
[LOG 22:22:48]:        >>> Components <<< 
[LOG 22:22:48]:        _SurfaceQuadUVs (UnityEngine.Transform)
[LOG 22:22:48]:        _SurfaceQuadUVs (PQSMod_UVPlanetRelativePosition)
[LOG 22:22:48]:        >>> ---------- <<< 
[LOG 22:22:48]:       _Color (UnityEngine.GameObject)
[LOG 22:22:48]:        >>> Components <<< 
[LOG 22:22:48]:        _Color (UnityEngine.Transform)
[LOG 22:22:48]:        _Color (PQSMod_VertexSimplexNoiseColor)
[LOG 22:22:48]:        _Color (PQSMod_VertexColorMap)
[LOG 22:22:48]:        >>> ---------- <<< 
[LOG 22:22:48]:       Scatter (UnityEngine.GameObject)
[LOG 22:22:48]:        >>> Components <<< 
[LOG 22:22:48]:        Scatter (UnityEngine.Transform)
[LOG 22:22:48]:        Scatter (PQSLandControl)
[LOG 22:22:48]:        >>> ---------- <<< 
[LOG 22:22:48]:           Scatter (UnityEngine.GameObject)
[LOG 22:22:48]:            >>> Components <<< 
[LOG 22:22:48]:            Scatter (UnityEngine.Transform)
[LOG 22:22:48]:            Scatter (Kopernicus.Components.ModularScatter.ModularScatter)
[LOG 22:22:48]:            >>> ---------- <<< 
[LOG 22:22:48]:       QuadMeshColliders (UnityEngine.GameObject)
[LOG 22:22:48]:        >>> Components <<< 
[LOG 22:22:48]:        QuadMeshColliders (UnityEngine.Transform)
[LOG 22:22:48]:        QuadMeshColliders (PQSMod_QuadMeshColliders)
[LOG 22:22:48]:        >>> ---------- <<< 
[LOG 22:22:48]:       Randolith (UnityEngine.GameObject)
[LOG 22:22:48]:        >>> Components <<< 
[LOG 22:22:48]:        Randolith (UnityEngine.Transform)
[LOG 22:22:48]:        Randolith (PQSCity)
[LOG 22:22:48]:        Randolith (PrefabSpawner)
[LOG 22:22:48]:        >>> ---------- <<< 
[LOG 22:22:48]:           monolith01 (UnityEngine.GameObject)
[LOG 22:22:48]:            >>> Components <<< 
[LOG 22:22:48]:            monolith01 (UnityEngine.Transform)
[LOG 22:22:48]:            monolith01 (UnityEngine.MeshFilter)
[LOG 22:22:48]:            monolith01 (UnityEngine.MeshRenderer)
[LOG 22:22:48]:            monolith01 (UnityEngine.Animation)
[LOG 22:22:48]:            monolith01 (UnityEngine.MeshCollider)
[LOG 22:22:48]:            >>> ---------- <<< 
[LOG 22:22:48]:       _PQSROCControl (UnityEngine.GameObject)
[LOG 22:22:48]:        >>> Components <<< 
[LOG 22:22:48]:        _PQSROCControl (UnityEngine.Transform)
[LOG 22:22:48]:        _PQSROCControl (PQSROCControl)
[LOG 22:22:48]:        >>> ---------- <<< 
[LOG 22:22:48]:       LandControlFixer (UnityEngine.GameObject)
[LOG 22:22:48]:        >>> Components <<< 
[LOG 22:22:48]:        LandControlFixer (UnityEngine.Transform)
[LOG 22:22:48]:        LandControlFixer (Kopernicus.Components.PQSLandControlFixer)
[LOG 22:22:48]:        >>> ---------- <<< 
[LOG 22:22:48]:       OnDemandHandler (UnityEngine.GameObject)
[LOG 22:22:48]:        >>> Components <<< 
[LOG 22:22:48]:        OnDemandHandler (UnityEngine.Transform)
[LOG 22:22:48]:        OnDemandHandler (Kopernicus.OnDemand.PQSMod_OnDemandHandler)
[LOG 22:22:48]:        >>> ---------- <<< 
[LOG 22:22:48]: Parsing Target Ocean in (Kopernicus.Configuration.Body) as (Kopernicus.Configuration.OceanLoader)
[LOG 22:22:48]: Parsing Target Rings in (Kopernicus.Configuration.Body) as (System.Collections.Generic.List`1[Kopernicus.Configuration.RingLoader])
[LOG 22:22:48]: Parsing Target Particles in (Kopernicus.Configuration.Body) as (System.Collections.Generic.List`1[Kopernicus.Configuration.ParticleLoader])
[LOG 22:22:48]: Parsing Target HazardousBody in (Kopernicus.Configuration.Body) as (System.Collections.Generic.List`1[Kopernicus.Configuration.HazardousBodyLoader])
[LOG 22:22:48]: Parsing Target SpaceCenter in (Kopernicus.Configuration.Body) as (Kopernicus.Configuration.SpaceCenterLoader)
[LOG 22:22:48]: Parsing Target Debug in (Kopernicus.Configuration.Body) as (Kopernicus.Configuration.DebugLoader)
[LOG 22:22:48]: Parsing Target PostSpawnOrbit in (Kopernicus.Configuration.Body) as (ConfigNode)
[LOG 22:22:48]: --------- Celestial Body ------------
[LOG 22:22:48]: bodyName = Ike
[LOG 22:22:48]: bodyDisplayName = #autoLOC_910031
[LOG 22:22:48]: bodyAdjectiveDisplayName = #autoLOC_6004067
[LOG 22:22:48]: bodyDescription = #autoLOC_900086
[LOG 22:22:48]: GeeASL = 0.112038263210561
[LOG 22:22:48]: Radius = 130000
[LOG 22:22:48]: Mass = 0
[LOG 22:22:48]: Density = 0
[LOG 22:22:48]: SurfaceArea = 0
[LOG 22:22:48]: gravParameter = 0
[LOG 22:22:48]: sphereOfInfluence = 0
[LOG 22:22:48]: hillSphere = 0
[LOG 22:22:48]: gMagnitudeAtCenter = 0
[LOG 22:22:48]: atmDensityASL = 0
[LOG 22:22:48]: atmPressureASL = 0
[LOG 22:22:48]: scaledEllipsoid = True
[LOG 22:22:48]: scaledElipRadMult = [1, 1, 1]
[LOG 22:22:48]: scaledRadiusHorizonMultiplier = 1
[LOG 22:22:48]: navballSwitchRadiusMult = 0.06
[LOG 22:22:48]: navballSwitchRadiusMultLow = 0.055
[LOG 22:22:48]: use_The_InName = False
[LOG 22:22:48]: isHomeWorld = False
[LOG 22:22:48]: ocean = False
[LOG 22:22:48]: oceanUseFog = True
[LOG 22:22:48]: oceanFogPQSDepth = 1000
[LOG 22:22:48]: oceanFogPQSDepthRecip = 0.001
[LOG 22:22:48]: oceanFogDensityStart = 0.015
[LOG 22:22:48]: oceanFogDensityEnd = 0.13
[LOG 22:22:48]: oceanFogDensityPQSMult = 0.02
[LOG 22:22:48]: oceanFogDensityAltScalar = -0.0008
[LOG 22:22:48]: oceanFogDensityExponent = 1
[LOG 22:22:48]: oceanFogColorStart = RGBA(0.000, 0.337, 0.486, 1.000)
[LOG 22:22:48]: oceanFogColorEnd = RGBA(0.000, 0.084, 0.122, 1.000)
[LOG 22:22:48]: oceanFogDawnFactor = 10
[LOG 22:22:48]: oceanSkyColorMult = 1.2
[LOG 22:22:48]: oceanSkyColorOpacityBase = 0.2
[LOG 22:22:48]: oceanSkyColorOpacityAltMult = 2
[LOG 22:22:48]: oceanDensity = 1
[LOG 22:22:48]: oceanAFGBase = 0.6
[LOG 22:22:48]: oceanAFGAltMult = 0.05
[LOG 22:22:48]: oceanAFGMin = 0.05
[LOG 22:22:48]: oceanSunBase = 0.5
[LOG 22:22:48]: oceanSunAltMult = 0.01
[LOG 22:22:48]: oceanSunMin = 0.05
[LOG 22:22:48]: oceanAFGLerp = False
[LOG 22:22:48]: oceanMinAlphaFogDistance = 200
[LOG 22:22:48]: oceanMaxAlbedoFog = 0.95
[LOG 22:22:48]: oceanMaxAlphaFog = 0.9
[LOG 22:22:48]: oceanAlbedoDistanceScalar = 0.01
[LOG 22:22:48]: oceanAlphaDistanceScalar = 0.01
[LOG 22:22:48]: minOrbitalDistance = 100000
[LOG 22:22:48]: atmosphere = False
[LOG 22:22:48]: atmosphereContainsOxygen = False
[LOG 22:22:48]: atmosphereDepth = 0
[LOG 22:22:48]: atmosphereTemperatureSeaLevel = 288
[LOG 22:22:48]: atmospherePressureSeaLevel = 101.325
[LOG 22:22:48]: atmosphereMolarMass = 0.0289644
[LOG 22:22:48]: atmosphereAdiabaticIndex = 1.39999997615814
[LOG 22:22:48]: atmosphereTemperatureLapseRate = 0
[LOG 22:22:48]: atmosphereGasMassLapseRate = 0
[LOG 22:22:48]: atmosphereUseTemperatureCurve = False
[LOG 22:22:48]: atmosphereTemperatureCurveIsNormalized = False
[LOG 22:22:48]: atmosphereTemperatureCurve = FloatCurve
[LOG 22:22:48]: latitudeTemperatureBiasCurve = FloatCurve
[LOG 22:22:48]: latitudeTemperatureSunMultCurve = FloatCurve
[LOG 22:22:48]: axialTemperatureSunMultCurve = FloatCurve
[LOG 22:22:48]: axialTemperatureSunBiasCurve = FloatCurve
[LOG 22:22:48]: atmosphereTemperatureSunMultCurve = FloatCurve
[LOG 22:22:48]: maxAxialDot = 0
[LOG 22:22:48]: eccentricityTemperatureBiasCurve = FloatCurve
[LOG 22:22:48]: albedo = 0.14
[LOG 22:22:48]: emissivity = 0.86
[LOG 22:22:48]: coreTemperatureOffset = 2
[LOG 22:22:48]: convectionMultiplier = 1
[LOG 22:22:48]: shockTemperatureMultiplier = 1
[LOG 22:22:48]: atmosphereUsePressureCurve = False
[LOG 22:22:48]: atmospherePressureCurveIsNormalized = False
[LOG 22:22:48]: atmospherePressureCurve = FloatCurve
[LOG 22:22:48]: radiusAtmoFactor = 1
[LOG 22:22:48]: hasSolidSurface = True
[LOG 22:22:48]: isStar = False
[LOG 22:22:48]: rotation = (0.0, 0.0, 0.0, 0.0)
[LOG 22:22:48]: orbitDriver = Ike (OrbitDriver)
[LOG 22:22:48]: pqsController = Ike (PQS)
[LOG 22:22:48]: pqsSurfaceObjects = PQSSurfaceObject[]
[LOG 22:22:48]: scaledBody = Ike (UnityEngine.GameObject)
[LOG 22:22:48]: afg = 
[LOG 22:22:48]: rotates = True
[LOG 22:22:48]: rotationPeriod = 100
[LOG 22:22:48]: rotPeriodRecip = 0
[LOG 22:22:48]: solarDayLength = 0
[LOG 22:22:48]: solarRotationPeriod = False
[LOG 22:22:48]: initialRotation = 0
[LOG 22:22:48]: rotationAngle = 0
[LOG 22:22:48]: directRotAngle = 0
[LOG 22:22:48]: angularVelocity = [0, 0, 0]
[LOG 22:22:48]: zUpAngularVelocity = [0, 0, 0]
[LOG 22:22:48]: tidallyLocked = True
[LOG 22:22:48]: clampInverseRotThreshold = True
[LOG 22:22:48]: inverseRotation = False
[LOG 22:22:48]: inverseRotThresholdAltitude = 100000
[LOG 22:22:48]: angularV = 0
[LOG 22:22:48]: timeWarpAltitudeLimits = System.Single[]
[LOG 22:22:48]: atmosphericAmbientColor = RGBA(0.000, 0.000, 0.000, 0.000)
[LOG 22:22:48]: orbitingBodies = System.Collections.Generic.List`1[CelestialBody]
[LOG 22:22:48]: BodyFrame = Planetarium+CelestialFrame
[LOG 22:22:48]: progressTree = KSPAchievements.CelestialBodySubtree
[LOG 22:22:48]: bodyType = Generic
[LOG 22:22:48]: scienceValues = CelestialBodyScienceParams
[LOG 22:22:48]: BiomeMap = ike_biome (CBAttributeMapSO)
[LOG 22:22:48]: MiniBiomes = MiniBiome[]
[LOG 22:22:48]: bodyTransform = 
[LOG 22:22:48]: --------------------------------------
