//===============================================================================================================//
//=====  Kopernicus 1.7.3-2 - (BuildDate: 12.09.2019 10:49:54; AssemblyHash: mEiDzMX4z4uZzKUC3t772hbCbxI=)  =====//
//===============================================================================================================//
[LOG 22:22:49]: Logger "Squad/Laythe.Body" was created
[LOG 22:22:49]: Parsing Target name in (Kopernicus.Configuration.Body) as (System.String)
[LOG 22:22:49]: Parsing Target Template in (Kopernicus.Configuration.Body) as (Kopernicus.Configuration.TemplateLoader)
[LOG 22:22:49]: Parsing Target name in (Kopernicus.Configuration.TemplateLoader) as (System.String)
[LOG 22:22:49]: Parsing Target removePQS in (Kopernicus.Configuration.TemplateLoader) as (Kopernicus.ConfigParser.BuiltinTypeParsers.NumericParser`1[System.Boolean])
[LOG 22:22:49]: Parsing Target removeBiomes in (Kopernicus.Configuration.TemplateLoader) as (Kopernicus.ConfigParser.BuiltinTypeParsers.NumericParser`1[System.Boolean])
[LOG 22:22:49]: Parsing Target removeAtmosphere in (Kopernicus.Configuration.TemplateLoader) as (Kopernicus.ConfigParser.BuiltinTypeParsers.NumericParser`1[System.Boolean])
[LOG 22:22:49]: Parsing Target removeOcean in (Kopernicus.Configuration.TemplateLoader) as (Kopernicus.ConfigParser.BuiltinTypeParsers.NumericParser`1[System.Boolean])
[LOG 22:22:49]: Parsing Target removePQSMods in (Kopernicus.Configuration.TemplateLoader) as (Kopernicus.ConfigParser.BuiltinTypeParsers.StringCollectionParser)
[LOG 22:22:49]: Parsing Target removeAllPQSMods in (Kopernicus.Configuration.TemplateLoader) as (Kopernicus.ConfigParser.BuiltinTypeParsers.NumericParser`1[System.Boolean])
[LOG 22:22:49]: Parsing Target removeProgressTree in (Kopernicus.Configuration.TemplateLoader) as (Kopernicus.ConfigParser.BuiltinTypeParsers.NumericParser`1[System.Boolean])
[LOG 22:22:49]: Parsing Target removeCoronas in (Kopernicus.Configuration.TemplateLoader) as (Kopernicus.ConfigParser.BuiltinTypeParsers.NumericParser`1[System.Boolean])
[LOG 22:22:49]: Using Template "Laythe"
[LOG 22:22:49]: Patching PQSLandControl
[LOG 22:22:49]: Parsing Target cacheFile in (Kopernicus.Configuration.Body) as (System.String)
[LOG 22:22:49]: Parsing Target barycenter in (Kopernicus.Configuration.Body) as (Kopernicus.ConfigParser.BuiltinTypeParsers.NumericParser`1[System.Boolean])
[LOG 22:22:49]: Parsing Target cbNameLater in (Kopernicus.Configuration.Body) as (System.String)
[LOG 22:22:49]: Parsing Target identifier in (Kopernicus.Configuration.Body) as (System.String)
[LOG 22:22:49]: Parsing Target self in (Kopernicus.Configuration.Body) as (System.Collections.Generic.List`1[Kopernicus.ConfigParser.BuiltinTypeParsers.StringCollectionParser])
[LOG 22:22:49]: Parsing Target finalizeOrbit in (Kopernicus.Configuration.Body) as (Kopernicus.ConfigParser.BuiltinTypeParsers.NumericParser`1[System.Boolean])
[LOG 22:22:49]: Parsing Target randomMainMenuBody in (Kopernicus.Configuration.Body) as (Kopernicus.ConfigParser.BuiltinTypeParsers.NumericParser`1[System.Boolean])
[LOG 22:22:49]: Parsing Target contractWeight in (Kopernicus.Configuration.Body) as (Kopernicus.ConfigParser.BuiltinTypeParsers.NumericParser`1[System.Int32])
[LOG 22:22:49]: Parsing Target Properties in (Kopernicus.Configuration.Body) as (Kopernicus.Configuration.PropertiesLoader)
[LOG 22:22:49]: Parsing Target description in (Kopernicus.Configuration.PropertiesLoader) as (System.String)
[LOG 22:22:49]: Parsing Target radius in (Kopernicus.Configuration.PropertiesLoader) as (Kopernicus.ConfigParser.BuiltinTypeParsers.NumericParser`1[System.Double])
[LOG 22:22:49]: Parsing Target geeASL in (Kopernicus.Configuration.PropertiesLoader) as (Kopernicus.ConfigParser.BuiltinTypeParsers.NumericParser`1[System.Double])
[LOG 22:22:49]: Parsing Target mass in (Kopernicus.Configuration.PropertiesLoader) as (Kopernicus.ConfigParser.BuiltinTypeParsers.NumericParser`1[System.Double])
[LOG 22:22:49]: Parsing Target gravParameter in (Kopernicus.Configuration.PropertiesLoader) as (Kopernicus.ConfigParser.BuiltinTypeParsers.NumericParser`1[System.Double])
[LOG 22:22:49]: Parsing Target rotates in (Kopernicus.Configuration.PropertiesLoader) as (Kopernicus.ConfigParser.BuiltinTypeParsers.NumericParser`1[System.Boolean])
[LOG 22:22:49]: Parsing Target rotationPeriod in (Kopernicus.Configuration.PropertiesLoader) as (Kopernicus.ConfigParser.BuiltinTypeParsers.NumericParser`1[System.Double])
[LOG 22:22:49]: Parsing Target tidallyLocked in (Kopernicus.Configuration.PropertiesLoader) as (Kopernicus.ConfigParser.BuiltinTypeParsers.NumericParser`1[System.Boolean])
[LOG 22:22:49]: Parsing Target initialRotation in (Kopernicus.Configuration.PropertiesLoader) as (Kopernicus.ConfigParser.BuiltinTypeParsers.NumericParser`1[System.Double])
[LOG 22:22:49]: Parsing Target inverseRotThresholdAltitude in (Kopernicus.Configuration.PropertiesLoader) as (Kopernicus.ConfigParser.BuiltinTypeParsers.NumericParser`1[System.Single])
[LOG 22:22:49]: Parsing Target albedo in (Kopernicus.Configuration.PropertiesLoader) as (Kopernicus.ConfigParser.BuiltinTypeParsers.NumericParser`1[System.Double])
[LOG 22:22:49]: Parsing Target emissivity in (Kopernicus.Configuration.PropertiesLoader) as (Kopernicus.ConfigParser.BuiltinTypeParsers.NumericParser`1[System.Double])
[LOG 22:22:49]: Parsing Target coreTemperatureOffset in (Kopernicus.Configuration.PropertiesLoader) as (Kopernicus.ConfigParser.BuiltinTypeParsers.NumericParser`1[System.Double])
[LOG 22:22:49]: Parsing Target timewarpAltitudeLimits in (Kopernicus.Configuration.PropertiesLoader) as (Kopernicus.ConfigParser.BuiltinTypeParsers.NumericCollectionParser`1[System.Single])
[LOG 22:22:49]: Parsing Target sphereOfInfluence in (Kopernicus.Configuration.PropertiesLoader) as (Kopernicus.ConfigParser.BuiltinTypeParsers.NumericParser`1[System.Double])
[LOG 22:22:49]: Parsing Target solarRotationPeriod in (Kopernicus.Configuration.PropertiesLoader) as (Kopernicus.ConfigParser.BuiltinTypeParsers.NumericParser`1[System.Boolean])
[LOG 22:22:49]: Parsing Target navballSwitchRadiusMult in (Kopernicus.Configuration.PropertiesLoader) as (Kopernicus.ConfigParser.BuiltinTypeParsers.NumericParser`1[System.Double])
[LOG 22:22:49]: Parsing Target navballSwitchRadiusMultLow in (Kopernicus.Configuration.PropertiesLoader) as (Kopernicus.ConfigParser.BuiltinTypeParsers.NumericParser`1[System.Double])
[LOG 22:22:49]: Parsing Target ScienceValues in (Kopernicus.Configuration.PropertiesLoader) as (Kopernicus.Configuration.ScienceValuesLoader)
[LOG 22:22:49]: Parsing Target landedDataValue in (Kopernicus.Configuration.ScienceValuesLoader) as (Kopernicus.ConfigParser.BuiltinTypeParsers.NumericParser`1[System.Single])
[LOG 22:22:49]: Parsing Target splashedDataValue in (Kopernicus.Configuration.ScienceValuesLoader) as (Kopernicus.ConfigParser.BuiltinTypeParsers.NumericParser`1[System.Single])
[LOG 22:22:49]: Parsing Target flyingLowDataValue in (Kopernicus.Configuration.ScienceValuesLoader) as (Kopernicus.ConfigParser.BuiltinTypeParsers.NumericParser`1[System.Single])
[LOG 22:22:49]: Parsing Target flyingHighDataValue in (Kopernicus.Configuration.ScienceValuesLoader) as (Kopernicus.ConfigParser.BuiltinTypeParsers.NumericParser`1[System.Single])
[LOG 22:22:49]: Parsing Target inSpaceLowDataValue in (Kopernicus.Configuration.ScienceValuesLoader) as (Kopernicus.ConfigParser.BuiltinTypeParsers.NumericParser`1[System.Single])
[LOG 22:22:49]: Parsing Target inSpaceHighDataValue in (Kopernicus.Configuration.ScienceValuesLoader) as (Kopernicus.ConfigParser.BuiltinTypeParsers.NumericParser`1[System.Single])
[LOG 22:22:49]: Parsing Target recoveryValue in (Kopernicus.Configuration.ScienceValuesLoader) as (Kopernicus.ConfigParser.BuiltinTypeParsers.NumericParser`1[System.Single])
[LOG 22:22:49]: Parsing Target flyingAltitudeThreshold in (Kopernicus.Configuration.ScienceValuesLoader) as (Kopernicus.ConfigParser.BuiltinTypeParsers.NumericParser`1[System.Single])
[LOG 22:22:49]: Parsing Target spaceAltitudeThreshold in (Kopernicus.Configuration.ScienceValuesLoader) as (Kopernicus.ConfigParser.BuiltinTypeParsers.NumericParser`1[System.Single])
[LOG 22:22:49]: Parsing Target biomeMap in (Kopernicus.Configuration.PropertiesLoader) as (Kopernicus.Configuration.Parsing.MapSOParserRGB`1[CBAttributeMapSO])
[LOG 22:22:49]: Parsing Target nonExactThreshold in (Kopernicus.Configuration.PropertiesLoader) as (Kopernicus.ConfigParser.BuiltinTypeParsers.NumericParser`1[System.Single])
[LOG 22:22:49]: Parsing Target exactSearch in (Kopernicus.Configuration.PropertiesLoader) as (Kopernicus.ConfigParser.BuiltinTypeParsers.NumericParser`1[System.Boolean])
[LOG 22:22:49]: Parsing Target Biomes in (Kopernicus.Configuration.PropertiesLoader) as (Kopernicus.Configuration.Parsing.CallbackList`1[Kopernicus.Configuration.BiomeLoader])
[LOG 22:22:49]: Parsing Target useTheInName in (Kopernicus.Configuration.PropertiesLoader) as (Kopernicus.ConfigParser.BuiltinTypeParsers.NumericParser`1[System.Boolean])
[LOG 22:22:49]: Parsing Target displayName in (Kopernicus.Configuration.PropertiesLoader) as (System.String)
[LOG 22:22:49]: Parsing Target selectable in (Kopernicus.Configuration.PropertiesLoader) as (Kopernicus.ConfigParser.BuiltinTypeParsers.NumericParser`1[System.Boolean])
[LOG 22:22:49]: Parsing Target RDVisibility in (Kopernicus.Configuration.PropertiesLoader) as (Kopernicus.ConfigParser.BuiltinTypeParsers.EnumParser`1[Kopernicus.Configuration.PropertiesLoader+RnDVisibility])
[LOG 22:22:49]: Parsing Target RnDVisibility in (Kopernicus.Configuration.PropertiesLoader) as (Kopernicus.ConfigParser.BuiltinTypeParsers.EnumParser`1[Kopernicus.Configuration.PropertiesLoader+RnDVisibility])
[LOG 22:22:49]: Parsing Target RnDRotation in (Kopernicus.Configuration.PropertiesLoader) as (Kopernicus.ConfigParser.BuiltinTypeParsers.NumericParser`1[System.Boolean])
[LOG 22:22:49]: Parsing Target maxZoom in (Kopernicus.Configuration.PropertiesLoader) as (Kopernicus.ConfigParser.BuiltinTypeParsers.NumericParser`1[System.Single])
[LOG 22:22:49]: --------- Science Values ------------
[LOG 22:22:49]: LandedDataValue = 14
[LOG 22:22:49]: SplashedDataValue = 12
[LOG 22:22:49]: FlyingLowDataValue = 11
[LOG 22:22:49]: FlyingHighDataValue = 10
[LOG 22:22:49]: InSpaceLowDataValue = 9
[LOG 22:22:49]: InSpaceHighDataValue = 8
[LOG 22:22:49]: RecoveryValue = 8
[LOG 22:22:49]: flyingAltitudeThreshold = 10000
[LOG 22:22:49]: spaceAltitudeThreshold = 200000
[LOG 22:22:49]: --------------------------------------
[LOG 22:22:49]: Found Biome: Poles : RGBA(0.725, 0.835, 0.890, 1.000) : 0
[LOG 22:22:49]: Found Biome: Shores : RGBA(1.000, 0.925, 0.647, 1.000) : 0
[LOG 22:22:49]: Found Biome: Dunes : RGBA(0.839, 0.745, 0.384, 1.000) : 0
[LOG 22:22:49]: Found Biome: Crescent Bay : RGBA(0.369, 0.439, 0.800, 1.000) : 0
[LOG 22:22:49]: Found Biome: The Sagen Sea : RGBA(0.149, 0.384, 0.686, 1.000) : 0
[LOG 22:22:49]: Found Biome: Crater Island : RGBA(0.678, 0.580, 0.196, 1.000) : 0
[LOG 22:22:49]: Found Biome: Shallows : RGBA(0.443, 0.620, 0.843, 1.000) : 0
[LOG 22:22:49]: Found Biome: Crater Bay : RGBA(0.282, 0.490, 0.761, 1.000) : 0
[LOG 22:22:49]: Found Biome: DeGrasse Sea : RGBA(0.047, 0.267, 0.549, 1.000) : 0
[LOG 22:22:49]: Found Biome: Peaks : RGBA(1.000, 0.965, 0.835, 1.000) : 0
[LOG 22:22:49]: Parsing Target Orbit in (Kopernicus.Configuration.Body) as (Kopernicus.Configuration.OrbitLoader)
[LOG 22:22:49]: Parsing Target referenceBody in (Kopernicus.Configuration.OrbitLoader) as (System.String)
[LOG 22:22:49]: Parsing Target inclination in (Kopernicus.Configuration.OrbitLoader) as (Kopernicus.ConfigParser.BuiltinTypeParsers.NumericParser`1[System.Double])
[LOG 22:22:49]: Parsing Target eccentricity in (Kopernicus.Configuration.OrbitLoader) as (Kopernicus.ConfigParser.BuiltinTypeParsers.NumericParser`1[System.Double])
[LOG 22:22:49]: Parsing Target semiMajorAxis in (Kopernicus.Configuration.OrbitLoader) as (Kopernicus.ConfigParser.BuiltinTypeParsers.NumericParser`1[System.Double])
[LOG 22:22:49]: Parsing Target longitudeOfAscendingNode in (Kopernicus.Configuration.OrbitLoader) as (Kopernicus.ConfigParser.BuiltinTypeParsers.NumericParser`1[System.Double])
[LOG 22:22:49]: Parsing Target argumentOfPeriapsis in (Kopernicus.Configuration.OrbitLoader) as (Kopernicus.ConfigParser.BuiltinTypeParsers.NumericParser`1[System.Double])
[LOG 22:22:49]: Parsing Target meanAnomalyAtEpoch in (Kopernicus.Configuration.OrbitLoader) as (Kopernicus.ConfigParser.BuiltinTypeParsers.NumericParser`1[System.Double])
[LOG 22:22:49]: Parsing Target meanAnomalyAtEpochD in (Kopernicus.Configuration.OrbitLoader) as (Kopernicus.ConfigParser.BuiltinTypeParsers.NumericParser`1[System.Double])
[LOG 22:22:49]: Parsing Target epoch in (Kopernicus.Configuration.OrbitLoader) as (Kopernicus.ConfigParser.BuiltinTypeParsers.NumericParser`1[System.Double])
[LOG 22:22:49]: Parsing Target color in (Kopernicus.Configuration.OrbitLoader) as (Kopernicus.ConfigParser.BuiltinTypeParsers.ColorParser)
[LOG 22:22:49]: Parsing Target iconColor in (Kopernicus.Configuration.OrbitLoader) as (Kopernicus.ConfigParser.BuiltinTypeParsers.ColorParser)
[LOG 22:22:49]: Parsing Target nodeColor in (Kopernicus.Configuration.OrbitLoader) as (Kopernicus.ConfigParser.BuiltinTypeParsers.ColorParser)
[LOG 22:22:49]: Parsing Target mode in (Kopernicus.Configuration.OrbitLoader) as (Kopernicus.ConfigParser.BuiltinTypeParsers.EnumParser`1[OrbitRendererBase+DrawMode])
[LOG 22:22:49]: Parsing Target icon in (Kopernicus.Configuration.OrbitLoader) as (Kopernicus.ConfigParser.BuiltinTypeParsers.EnumParser`1[OrbitRendererBase+DrawIcons])
[LOG 22:22:49]: Parsing Target cameraSmaRatioBounds in (Kopernicus.Configuration.OrbitLoader) as (Kopernicus.ConfigParser.BuiltinTypeParsers.NumericCollectionParser`1[System.Single])
[LOG 22:22:49]: Parsing Target period in (Kopernicus.Configuration.OrbitLoader) as (Kopernicus.ConfigParser.BuiltinTypeParsers.NumericParser`1[System.Double])
[LOG 22:22:49]: Parsing Target iconTexture in (Kopernicus.Configuration.OrbitLoader) as (Kopernicus.Configuration.Parsing.Texture2DParser)
[LOG 22:22:49]: Parsing Target ScaledVersion in (Kopernicus.Configuration.Body) as (Kopernicus.Configuration.ScaledVersionLoader)
[LOG 22:22:49]: Parsing Target type in (Kopernicus.Configuration.ScaledVersionLoader) as (Kopernicus.ConfigParser.BuiltinTypeParsers.EnumParser`1[Kopernicus.Configuration.Enumerations.BodyType])
[LOG 22:22:49]: Copying "celestialBody": <NULL> => <NULL>
[LOG 22:22:49]: Copying "floatName": <NULL> => _Opacity
[LOG 22:22:49]: Copying "fadeStart": 0 => 55000
[LOG 22:22:49]: Copying "fadeEnd": 0 => 60000
[LOG 22:22:49]: Copying "r": <NULL> => <NULL>
[LOG 22:22:49]: Parsing Target fadeStart in (Kopernicus.Configuration.ScaledVersionLoader) as (Kopernicus.ConfigParser.BuiltinTypeParsers.NumericParser`1[System.Single])
[LOG 22:22:49]: Parsing Target fadeEnd in (Kopernicus.Configuration.ScaledVersionLoader) as (Kopernicus.ConfigParser.BuiltinTypeParsers.NumericParser`1[System.Single])
[LOG 22:22:49]: Parsing Target Light in (Kopernicus.Configuration.ScaledVersionLoader) as (Kopernicus.Configuration.LightShifterLoader)
[LOG 22:22:49]: Parsing Target sphericalModel in (Kopernicus.Configuration.ScaledVersionLoader) as (Kopernicus.ConfigParser.BuiltinTypeParsers.NumericParser`1[System.Boolean])
[LOG 22:22:49]: Parsing Target deferMesh in (Kopernicus.Configuration.ScaledVersionLoader) as (Kopernicus.ConfigParser.BuiltinTypeParsers.NumericParser`1[System.Boolean])
[LOG 22:22:49]: Parsing Target invisible in (Kopernicus.Configuration.ScaledVersionLoader) as (Kopernicus.ConfigParser.BuiltinTypeParsers.NumericParser`1[System.Boolean])
[LOG 22:22:49]: Parsing Target Material in (Kopernicus.Configuration.ScaledVersionLoader) as (UnityEngine.Material)
[LOG 22:22:49]: Parsing Target OnDemand in (Kopernicus.Configuration.ScaledVersionLoader) as (Kopernicus.Configuration.ScaledVersionLoader+OnDemandConfig)
[LOG 22:22:49]: Parsing Target TextureOptions in (Kopernicus.Configuration.ScaledVersionLoader) as (Kopernicus.UI.PlanetTextureExporter+TextureOptions)
[LOG 22:22:49]: Parsing Target Coronas in (Kopernicus.Configuration.ScaledVersionLoader) as (System.Collections.Generic.List`1[Kopernicus.Configuration.CoronaLoader])
[LOG 22:22:49]: ============= Scaled Version Dump ===================
[LOG 22:22:49]: Laythe (UnityEngine.GameObject)
[LOG 22:22:49]:  >>> Components <<< 
[LOG 22:22:49]:  Laythe (UnityEngine.Transform)
[LOG 22:22:49]:  Laythe (UnityEngine.MeshFilter)
[LOG 22:22:49]:  Laythe (UnityEngine.MeshRenderer)
[LOG 22:22:49]:  Laythe (UnityEngine.SphereCollider)
[LOG 22:22:49]:  Laythe (MaterialSetDirection)
[LOG 22:22:49]:  Laythe (Kopernicus.Components.SharedScaledSpaceFader)
[LOG 22:22:49]:  >>> ---------- <<< 
[LOG 22:22:49]:     Atmosphere (UnityEngine.GameObject)
[LOG 22:22:49]:      >>> Components <<< 
[LOG 22:22:49]:      Atmosphere (UnityEngine.Transform)
[LOG 22:22:49]:      Atmosphere (UnityEngine.MeshFilter)
[LOG 22:22:49]:      Atmosphere (UnityEngine.MeshRenderer)
[LOG 22:22:49]:      Atmosphere (AtmosphereFromGround)
[LOG 22:22:49]:      >>> ---------- <<< 
[LOG 22:22:49]: ===========================================
[LOG 22:22:49]: Parsing Target Atmosphere in (Kopernicus.Configuration.Body) as (Kopernicus.Configuration.AtmosphereLoader)
[LOG 22:22:49]: Parsing Target enabled in (Kopernicus.Configuration.AtmosphereLoader) as (Kopernicus.ConfigParser.BuiltinTypeParsers.NumericParser`1[System.Boolean])
[LOG 22:22:49]: Parsing Target addAFG in (Kopernicus.Configuration.AtmosphereLoader) as (Kopernicus.ConfigParser.BuiltinTypeParsers.NumericParser`1[System.Boolean])
[LOG 22:22:49]: Parsing Target oxygen in (Kopernicus.Configuration.AtmosphereLoader) as (Kopernicus.ConfigParser.BuiltinTypeParsers.NumericParser`1[System.Boolean])
[LOG 22:22:49]: Parsing Target staticDensityASL in (Kopernicus.Configuration.AtmosphereLoader) as (Kopernicus.ConfigParser.BuiltinTypeParsers.NumericParser`1[System.Double])
[LOG 22:22:49]: Parsing Target adiabaticIndex in (Kopernicus.Configuration.AtmosphereLoader) as (Kopernicus.ConfigParser.BuiltinTypeParsers.NumericParser`1[System.Double])
[LOG 22:22:49]: Parsing Target maxAltitude in (Kopernicus.Configuration.AtmosphereLoader) as (Kopernicus.ConfigParser.BuiltinTypeParsers.NumericParser`1[System.Double])
[LOG 22:22:49]: Parsing Target altitude in (Kopernicus.Configuration.AtmosphereLoader) as (Kopernicus.ConfigParser.BuiltinTypeParsers.NumericParser`1[System.Double])
[LOG 22:22:49]: Parsing Target atmosphereDepth in (Kopernicus.Configuration.AtmosphereLoader) as (Kopernicus.ConfigParser.BuiltinTypeParsers.NumericParser`1[System.Double])
[LOG 22:22:49]: Parsing Target gasMassLapseRate in (Kopernicus.Configuration.AtmosphereLoader) as (Kopernicus.ConfigParser.BuiltinTypeParsers.NumericParser`1[System.Double])
[LOG 22:22:49]: Parsing Target atmosphereMolarMass in (Kopernicus.Configuration.AtmosphereLoader) as (Kopernicus.ConfigParser.BuiltinTypeParsers.NumericParser`1[System.Double])
[LOG 22:22:49]: Parsing Target pressureCurve in (Kopernicus.Configuration.AtmosphereLoader) as (Kopernicus.ConfigParser.BuiltinTypeParsers.FloatCurveParser)
[LOG 22:22:49]: Parsing Target pressureCurveIsNormalized in (Kopernicus.Configuration.AtmosphereLoader) as (Kopernicus.ConfigParser.BuiltinTypeParsers.NumericParser`1[System.Boolean])
[LOG 22:22:49]: Parsing Target staticPressureASL in (Kopernicus.Configuration.AtmosphereLoader) as (Kopernicus.ConfigParser.BuiltinTypeParsers.NumericParser`1[System.Double])
[LOG 22:22:49]: Parsing Target temperatureCurve in (Kopernicus.Configuration.AtmosphereLoader) as (Kopernicus.ConfigParser.BuiltinTypeParsers.FloatCurveParser)
[LOG 22:22:49]: Parsing Target temperatureCurveIsNormalized in (Kopernicus.Configuration.AtmosphereLoader) as (Kopernicus.ConfigParser.BuiltinTypeParsers.NumericParser`1[System.Boolean])
[LOG 22:22:49]: Parsing Target temperatureLapseRate in (Kopernicus.Configuration.AtmosphereLoader) as (Kopernicus.ConfigParser.BuiltinTypeParsers.NumericParser`1[System.Double])
[LOG 22:22:49]: Parsing Target temperatureSeaLevel in (Kopernicus.Configuration.AtmosphereLoader) as (Kopernicus.ConfigParser.BuiltinTypeParsers.NumericParser`1[System.Double])
[LOG 22:22:49]: Parsing Target temperatureSunMultCurve in (Kopernicus.Configuration.AtmosphereLoader) as (Kopernicus.ConfigParser.BuiltinTypeParsers.FloatCurveParser)
[LOG 22:22:49]: Parsing Target temperatureLatitudeBiasCurve in (Kopernicus.Configuration.AtmosphereLoader) as (Kopernicus.ConfigParser.BuiltinTypeParsers.FloatCurveParser)
[LOG 22:22:49]: Parsing Target temperatureLatitudeSunMultCurve in (Kopernicus.Configuration.AtmosphereLoader) as (Kopernicus.ConfigParser.BuiltinTypeParsers.FloatCurveParser)
[LOG 22:22:49]: Parsing Target temperatureAxialSunBiasCurve in (Kopernicus.Configuration.AtmosphereLoader) as (Kopernicus.ConfigParser.BuiltinTypeParsers.FloatCurveParser)
[LOG 22:22:49]: Parsing Target temperatureAxialSunMultCurve in (Kopernicus.Configuration.AtmosphereLoader) as (Kopernicus.ConfigParser.BuiltinTypeParsers.FloatCurveParser)
[LOG 22:22:49]: Parsing Target temperatureEccentricityBiasCurve in (Kopernicus.Configuration.AtmosphereLoader) as (Kopernicus.ConfigParser.BuiltinTypeParsers.FloatCurveParser)
[LOG 22:22:49]: Parsing Target ambientColor in (Kopernicus.Configuration.AtmosphereLoader) as (Kopernicus.ConfigParser.BuiltinTypeParsers.ColorParser)
[LOG 22:22:49]: Parsing Target AtmosphereFromGround in (Kopernicus.Configuration.AtmosphereLoader) as (Kopernicus.Configuration.AtmosphereFromGroundLoader)
[LOG 22:22:49]: Parsing Target lightColor in (Kopernicus.Configuration.AtmosphereLoader) as (Kopernicus.ConfigParser.BuiltinTypeParsers.ColorParser)
[LOG 22:22:49]: Parsing Target PQS in (Kopernicus.Configuration.Body) as (Kopernicus.Configuration.PQSLoader)
[LOG 22:22:49]: Parsing Target materialType in (Kopernicus.Configuration.PQSLoader) as (Kopernicus.ConfigParser.BuiltinTypeParsers.EnumParser`1[Kopernicus.Configuration.PQSLoader+SurfaceMaterialType])
[LOG 22:22:49]: Parsing Target PhysicsMaterial in (Kopernicus.Configuration.PQSLoader) as (Kopernicus.Configuration.Parsing.PhysicsMaterialParser)
[LOG 22:22:49]: Parsing Target minLevel in (Kopernicus.Configuration.PQSLoader) as (Kopernicus.ConfigParser.BuiltinTypeParsers.NumericParser`1[System.Int32])
[LOG 22:22:49]: Parsing Target maxLevel in (Kopernicus.Configuration.PQSLoader) as (Kopernicus.ConfigParser.BuiltinTypeParsers.NumericParser`1[System.Int32])
[LOG 22:22:49]: Parsing Target minDetailDistance in (Kopernicus.Configuration.PQSLoader) as (Kopernicus.ConfigParser.BuiltinTypeParsers.NumericParser`1[System.Double])
[LOG 22:22:49]: Parsing Target maxQuadLengthsPerFrame in (Kopernicus.Configuration.PQSLoader) as (Kopernicus.ConfigParser.BuiltinTypeParsers.NumericParser`1[System.Single])
[LOG 22:22:49]: Parsing Target fadeStart in (Kopernicus.Configuration.PQSLoader) as (Kopernicus.ConfigParser.BuiltinTypeParsers.NumericParser`1[System.Single])
[LOG 22:22:49]: Parsing Target fadeEnd in (Kopernicus.Configuration.PQSLoader) as (Kopernicus.ConfigParser.BuiltinTypeParsers.NumericParser`1[System.Single])
[LOG 22:22:49]: Parsing Target deactivateAltitude in (Kopernicus.Configuration.PQSLoader) as (Kopernicus.ConfigParser.BuiltinTypeParsers.NumericParser`1[System.Double])
[LOG 22:22:49]: Parsing Target mapMaxHeight in (Kopernicus.Configuration.PQSLoader) as (Kopernicus.ConfigParser.BuiltinTypeParsers.NumericParser`1[System.Double])
[LOG 22:22:49]: Parsing Target Material in (Kopernicus.Configuration.PQSLoader) as (UnityEngine.Material)
[LOG 22:22:49]: Parsing Target FallbackMaterial in (Kopernicus.Configuration.PQSLoader) as (UnityEngine.Material)
[LOG 22:22:49]: Parsing Target Mods in (Kopernicus.Configuration.PQSLoader) as (System.Collections.Generic.List`1[Kopernicus.Configuration.ModLoader.IModLoader])
[LOG 22:22:49]:   Laythe (UnityEngine.GameObject)
[LOG 22:22:49]:    >>> Components <<< 
[LOG 22:22:49]:    Laythe (UnityEngine.Transform)
[LOG 22:22:49]:    Laythe (PQS)
[LOG 22:22:49]:    >>> ---------- <<< 
[LOG 22:22:49]:       _LandClass (UnityEngine.GameObject)
[LOG 22:22:49]:        >>> Components <<< 
[LOG 22:22:49]:        _LandClass (UnityEngine.Transform)
[LOG 22:22:49]:        _LandClass (PQSLandControl)
[LOG 22:22:49]:        >>> ---------- <<< 
[LOG 22:22:49]:           Scatter (UnityEngine.GameObject)
[LOG 22:22:49]:            >>> Components <<< 
[LOG 22:22:49]:            Scatter (UnityEngine.Transform)
[LOG 22:22:49]:            Scatter (Kopernicus.Components.ModularScatter.ModularScatter)
[LOG 22:22:49]:            >>> ---------- <<< 
[LOG 22:22:49]:       _Material_ModProjection (UnityEngine.GameObject)
[LOG 22:22:49]:        >>> Components <<< 
[LOG 22:22:49]:        _Material_ModProjection (UnityEngine.Transform)
[LOG 22:22:49]:        _Material_ModProjection (PQSMod_AltitudeAlpha)
[LOG 22:22:49]:        _Material_ModProjection (PQSMod_AltitudeUV)
[LOG 22:22:49]:        >>> ---------- <<< 
[LOG 22:22:49]:       _Material_AerialPerspective (UnityEngine.GameObject)
[LOG 22:22:49]:        >>> Components <<< 
[LOG 22:22:49]:        _Material_AerialPerspective (UnityEngine.Transform)
[LOG 22:22:49]:        _Material_AerialPerspective (PQSMod_AerialPerspectiveMaterial)
[LOG 22:22:49]:        >>> ---------- <<< 
[LOG 22:22:49]:       _Material_SurfaceQuads (UnityEngine.GameObject)
[LOG 22:22:49]:        >>> Components <<< 
[LOG 22:22:49]:        _Material_SurfaceQuads (UnityEngine.Transform)
[LOG 22:22:49]:        _Material_SurfaceQuads (PQSMod_UVPlanetRelativePosition)
[LOG 22:22:49]:        >>> ---------- <<< 
[LOG 22:22:49]:       _HeightNoise (UnityEngine.GameObject)
[LOG 22:22:49]:        >>> Components <<< 
[LOG 22:22:49]:        _HeightNoise (UnityEngine.Transform)
[LOG 22:22:49]:        _HeightNoise (PQSMod_VertexHeightNoise)
[LOG 22:22:49]:        _HeightNoise (PQSMod_VertexSimplexHeightMap)
[LOG 22:22:49]:        >>> ---------- <<< 
[LOG 22:22:49]:       _CoastlineLOD (UnityEngine.GameObject)
[LOG 22:22:49]:        >>> Components <<< 
[LOG 22:22:49]:        _CoastlineLOD (UnityEngine.Transform)
[LOG 22:22:49]:        _CoastlineLOD (PQSMod_QuadEnhanceCoast)
[LOG 22:22:49]:        >>> ---------- <<< 
[LOG 22:22:49]:       _CelestialBody (UnityEngine.GameObject)
[LOG 22:22:49]:        >>> Components <<< 
[LOG 22:22:49]:        _CelestialBody (UnityEngine.Transform)
[LOG 22:22:49]:        _CelestialBody (PQSMod_CelestialBodyTransform)
[LOG 22:22:49]:        >>> ---------- <<< 
[LOG 22:22:49]:       _Material_SunLight (UnityEngine.GameObject)
[LOG 22:22:49]:        >>> Components <<< 
[LOG 22:22:49]:        _Material_SunLight (UnityEngine.Transform)
[LOG 22:22:49]:        _Material_SunLight (PQSMod_MaterialSetDirection)
[LOG 22:22:49]:        >>> ---------- <<< 
[LOG 22:22:49]:       QuadMeshColliders (UnityEngine.GameObject)
[LOG 22:22:49]:        >>> Components <<< 
[LOG 22:22:49]:        QuadMeshColliders (UnityEngine.Transform)
[LOG 22:22:49]:        QuadMeshColliders (PQSMod_QuadMeshColliders)
[LOG 22:22:49]:        >>> ---------- <<< 
[LOG 22:22:49]:       LaytheOcean (UnityEngine.GameObject)
[LOG 22:22:49]:        >>> Components <<< 
[LOG 22:22:49]:        LaytheOcean (UnityEngine.Transform)
[LOG 22:22:49]:        LaytheOcean (PQS)
[LOG 22:22:49]:        >>> ---------- <<< 
[LOG 22:22:49]:           SurfaceQuadUV (UnityEngine.GameObject)
[LOG 22:22:49]:            >>> Components <<< 
[LOG 22:22:49]:            SurfaceQuadUV (UnityEngine.Transform)
[LOG 22:22:49]:            SurfaceQuadUV (PQSMod_UVPlanetRelativePosition)
[LOG 22:22:49]:            >>> ---------- <<< 
[LOG 22:22:49]:           QuadRemoveMap (UnityEngine.GameObject)
[LOG 22:22:49]:            >>> Components <<< 
[LOG 22:22:49]:            QuadRemoveMap (UnityEngine.Transform)
[LOG 22:22:49]:            QuadRemoveMap (PQSMod_RemoveQuadMap)
[LOG 22:22:49]:            >>> ---------- <<< 
[LOG 22:22:49]:           OceanFX (UnityEngine.GameObject)
[LOG 22:22:49]:            >>> Components <<< 
[LOG 22:22:49]:            OceanFX (UnityEngine.Transform)
[LOG 22:22:49]:            OceanFX (PQSMod_OceanFX)
[LOG 22:22:49]:            >>> ---------- <<< 
[LOG 22:22:49]:       _FineDetail (UnityEngine.GameObject)
[LOG 22:22:49]:        >>> Components <<< 
[LOG 22:22:49]:        _FineDetail (UnityEngine.Transform)
[LOG 22:22:49]:        _FineDetail (PQSMod_VertexHeightNoiseVertHeight)
[LOG 22:22:49]:        >>> ---------- <<< 
[LOG 22:22:49]:       _Height (UnityEngine.GameObject)
[LOG 22:22:49]:        >>> Components <<< 
[LOG 22:22:49]:        _Height (UnityEngine.Transform)
[LOG 22:22:49]:        _Height (PQSMod_VertexHeightMap)
[LOG 22:22:49]:        >>> ---------- <<< 
[LOG 22:22:49]:       Randolith (UnityEngine.GameObject)
[LOG 22:22:49]:        >>> Components <<< 
[LOG 22:22:49]:        Randolith (UnityEngine.Transform)
[LOG 22:22:49]:        Randolith (PQSCity)
[LOG 22:22:49]:        Randolith (PrefabSpawner)
[LOG 22:22:49]:        >>> ---------- <<< 
[LOG 22:22:49]:           monolith01 (UnityEngine.GameObject)
[LOG 22:22:49]:            >>> Components <<< 
[LOG 22:22:49]:            monolith01 (UnityEngine.Transform)
[LOG 22:22:49]:            monolith01 (UnityEngine.MeshFilter)
[LOG 22:22:49]:            monolith01 (UnityEngine.MeshRenderer)
[LOG 22:22:49]:            monolith01 (UnityEngine.Animation)
[LOG 22:22:49]:            monolith01 (UnityEngine.MeshCollider)
[LOG 22:22:49]:            >>> ---------- <<< 
[LOG 22:22:49]:       _PQSROCControl (UnityEngine.GameObject)
[LOG 22:22:49]:        >>> Components <<< 
[LOG 22:22:49]:        _PQSROCControl (UnityEngine.Transform)
[LOG 22:22:49]:        _PQSROCControl (PQSROCControl)
[LOG 22:22:49]:        >>> ---------- <<< 
[LOG 22:22:49]:       LandControlFixer (UnityEngine.GameObject)
[LOG 22:22:49]:        >>> Components <<< 
[LOG 22:22:49]:        LandControlFixer (UnityEngine.Transform)
[LOG 22:22:49]:        LandControlFixer (Kopernicus.Components.PQSLandControlFixer)
[LOG 22:22:49]:        >>> ---------- <<< 
[LOG 22:22:49]:       OnDemandHandler (UnityEngine.GameObject)
[LOG 22:22:49]:        >>> Components <<< 
[LOG 22:22:49]:        OnDemandHandler (UnityEngine.Transform)
[LOG 22:22:49]:        OnDemandHandler (Kopernicus.OnDemand.PQSMod_OnDemandHandler)
[LOG 22:22:49]:        >>> ---------- <<< 
[LOG 22:22:49]:       _Material_AerialPerspective (UnityEngine.GameObject)
[LOG 22:22:49]:        >>> Components <<< 
[LOG 22:22:49]:        _Material_AerialPerspective (UnityEngine.Transform)
[LOG 22:22:49]:        _Material_AerialPerspective (PQSMod_AerialPerspectiveMaterial)
[LOG 22:22:49]:        >>> ---------- <<< 
[LOG 22:22:49]: Parsing Target Ocean in (Kopernicus.Configuration.Body) as (Kopernicus.Configuration.OceanLoader)
[LOG 22:22:49]: Parsing Target Rings in (Kopernicus.Configuration.Body) as (System.Collections.Generic.List`1[Kopernicus.Configuration.RingLoader])
[LOG 22:22:49]: Parsing Target Particles in (Kopernicus.Configuration.Body) as (System.Collections.Generic.List`1[Kopernicus.Configuration.ParticleLoader])
[LOG 22:22:49]: Parsing Target HazardousBody in (Kopernicus.Configuration.Body) as (System.Collections.Generic.List`1[Kopernicus.Configuration.HazardousBodyLoader])
[LOG 22:22:49]: Parsing Target SpaceCenter in (Kopernicus.Configuration.Body) as (Kopernicus.Configuration.SpaceCenterLoader)
[LOG 22:22:49]: Parsing Target Debug in (Kopernicus.Configuration.Body) as (Kopernicus.Configuration.DebugLoader)
[LOG 22:22:49]: Parsing Target PostSpawnOrbit in (Kopernicus.Configuration.Body) as (ConfigNode)
[LOG 22:22:49]: --------- Celestial Body ------------
[LOG 22:22:49]: bodyName = Laythe
[LOG 22:22:49]: bodyDisplayName = #autoLOC_910029
[LOG 22:22:49]: bodyAdjectiveDisplayName = #autoLOC_6004070
[LOG 22:22:49]: bodyDescription = #autoLOC_900084
[LOG 22:22:49]: GeeASL = 0.800273295870079
[LOG 22:22:49]: Radius = 500000
[LOG 22:22:49]: Mass = 0
[LOG 22:22:49]: Density = 0
[LOG 22:22:49]: SurfaceArea = 0
[LOG 22:22:49]: gravParameter = 0
[LOG 22:22:49]: sphereOfInfluence = 0
[LOG 22:22:49]: hillSphere = 0
[LOG 22:22:49]: gMagnitudeAtCenter = 0
[LOG 22:22:49]: atmDensityASL = 0
[LOG 22:22:49]: atmPressureASL = 0
[LOG 22:22:49]: scaledEllipsoid = True
[LOG 22:22:49]: scaledElipRadMult = [1, 1, 1]
[LOG 22:22:49]: scaledRadiusHorizonMultiplier = 1
[LOG 22:22:49]: navballSwitchRadiusMult = 0.06
[LOG 22:22:49]: navballSwitchRadiusMultLow = 0.055
[LOG 22:22:49]: use_The_InName = False
[LOG 22:22:49]: isHomeWorld = False
[LOG 22:22:49]: ocean = True
[LOG 22:22:49]: oceanUseFog = True
[LOG 22:22:49]: oceanFogPQSDepth = 1000
[LOG 22:22:49]: oceanFogPQSDepthRecip = 0.001
[LOG 22:22:49]: oceanFogDensityStart = 0.005
[LOG 22:22:49]: oceanFogDensityEnd = 0.025
[LOG 22:22:49]: oceanFogDensityPQSMult = 0.02
[LOG 22:22:49]: oceanFogDensityAltScalar = -0.0008
[LOG 22:22:49]: oceanFogDensityExponent = 1
[LOG 22:22:49]: oceanFogColorStart = RGBA(0.000, 0.340, 0.490, 1.000)
[LOG 22:22:49]: oceanFogColorEnd = RGBA(0.000, 0.085, 0.123, 1.000)
[LOG 22:22:49]: oceanFogDawnFactor = 10
[LOG 22:22:49]: oceanSkyColorMult = 1.1
[LOG 22:22:49]: oceanSkyColorOpacityBase = 0.25
[LOG 22:22:49]: oceanSkyColorOpacityAltMult = 15
[LOG 22:22:49]: oceanDensity = 1
[LOG 22:22:49]: oceanAFGBase = 0.6
[LOG 22:22:49]: oceanAFGAltMult = 0.05
[LOG 22:22:49]: oceanAFGMin = 0.05
[LOG 22:22:49]: oceanSunBase = 0.5
[LOG 22:22:49]: oceanSunAltMult = 0.01
[LOG 22:22:49]: oceanSunMin = 0.05
[LOG 22:22:49]: oceanAFGLerp = False
[LOG 22:22:49]: oceanMinAlphaFogDistance = 200
[LOG 22:22:49]: oceanMaxAlbedoFog = 0.95
[LOG 22:22:49]: oceanMaxAlphaFog = 0.9
[LOG 22:22:49]: oceanAlbedoDistanceScalar = 0.01
[LOG 22:22:49]: oceanAlphaDistanceScalar = 0.01
[LOG 22:22:49]: minOrbitalDistance = 100000
[LOG 22:22:49]: atmosphere = True
[LOG 22:22:49]: atmosphereContainsOxygen = True
[LOG 22:22:49]: atmosphereDepth = 50000
[LOG 22:22:49]: atmosphereTemperatureSeaLevel = 282
[LOG 22:22:49]: atmospherePressureSeaLevel = 60.795
[LOG 22:22:49]: atmosphereMolarMass = 0.0289644002914429
[LOG 22:22:49]: atmosphereAdiabaticIndex = 1.39999997615814
[LOG 22:22:49]: atmosphereTemperatureLapseRate = 0
[LOG 22:22:49]: atmosphereGasMassLapseRate = 0
[LOG 22:22:49]: atmosphereUseTemperatureCurve = True
[LOG 22:22:49]: atmosphereTemperatureCurveIsNormalized = False
[LOG 22:22:49]: atmosphereTemperatureCurve = FloatCurve
[LOG 22:22:49]: latitudeTemperatureBiasCurve = FloatCurve
[LOG 22:22:49]: latitudeTemperatureSunMultCurve = FloatCurve
[LOG 22:22:49]: axialTemperatureSunMultCurve = FloatCurve
[LOG 22:22:49]: axialTemperatureSunBiasCurve = FloatCurve
[LOG 22:22:49]: atmosphereTemperatureSunMultCurve = FloatCurve
[LOG 22:22:49]: maxAxialDot = 0
[LOG 22:22:49]: eccentricityTemperatureBiasCurve = FloatCurve
[LOG 22:22:49]: albedo = 0.3
[LOG 22:22:49]: emissivity = 0.7
[LOG 22:22:49]: coreTemperatureOffset = 80
[LOG 22:22:49]: convectionMultiplier = 1
[LOG 22:22:49]: shockTemperatureMultiplier = 1
[LOG 22:22:49]: atmosphereUsePressureCurve = True
[LOG 22:22:49]: atmospherePressureCurveIsNormalized = False
[LOG 22:22:49]: atmospherePressureCurve = FloatCurve
[LOG 22:22:49]: radiusAtmoFactor = 1
[LOG 22:22:49]: hasSolidSurface = True
[LOG 22:22:49]: isStar = False
[LOG 22:22:49]: rotation = (0.0, 0.0, 0.0, 0.0)
[LOG 22:22:49]: orbitDriver = Laythe (OrbitDriver)
[LOG 22:22:49]: pqsController = Laythe (PQS)
[LOG 22:22:49]: pqsSurfaceObjects = PQSSurfaceObject[]
[LOG 22:22:49]: scaledBody = Laythe (UnityEngine.GameObject)
[LOG 22:22:49]: afg = 
[LOG 22:22:49]: rotates = True
[LOG 22:22:49]: rotationPeriod = 21600
[LOG 22:22:49]: rotPeriodRecip = 0
[LOG 22:22:49]: solarDayLength = 0
[LOG 22:22:49]: solarRotationPeriod = False
[LOG 22:22:49]: initialRotation = 90
[LOG 22:22:49]: rotationAngle = 0
[LOG 22:22:49]: directRotAngle = 0
[LOG 22:22:49]: angularVelocity = [0, 0, 0]
[LOG 22:22:49]: zUpAngularVelocity = [0, 0, 0]
[LOG 22:22:49]: tidallyLocked = True
[LOG 22:22:49]: clampInverseRotThreshold = True
[LOG 22:22:49]: inverseRotation = False
[LOG 22:22:49]: inverseRotThresholdAltitude = 100000
[LOG 22:22:49]: angularV = 0
[LOG 22:22:49]: timeWarpAltitudeLimits = System.Single[]
[LOG 22:22:49]: atmosphericAmbientColor = RGBA(0.187, 0.239, 0.306, 1.000)
[LOG 22:22:49]: orbitingBodies = System.Collections.Generic.List`1[CelestialBody]
[LOG 22:22:49]: BodyFrame = Planetarium+CelestialFrame
[LOG 22:22:49]: progressTree = KSPAchievements.CelestialBodySubtree
[LOG 22:22:49]: bodyType = Generic
[LOG 22:22:49]: scienceValues = CelestialBodyScienceParams
[LOG 22:22:49]: BiomeMap = laythe_biome (CBAttributeMapSO)
[LOG 22:22:49]: MiniBiomes = MiniBiome[]
[LOG 22:22:49]: bodyTransform = 
[LOG 22:22:49]: --------------------------------------
