//===============================================================================================================//
//=====  Kopernicus 1.7.3-2 - (BuildDate: 12.09.2019 10:49:54; AssemblyHash: mEiDzMX4z4uZzKUC3t772hbCbxI=)  =====//
//===============================================================================================================//
[LOG 22:22:47]: Logger "Squad/Mun.Body" was created
[LOG 22:22:47]: Parsing Target name in (Kopernicus.Configuration.Body) as (System.String)
[LOG 22:22:47]: Parsing Target Template in (Kopernicus.Configuration.Body) as (Kopernicus.Configuration.TemplateLoader)
[LOG 22:22:47]: Parsing Target name in (Kopernicus.Configuration.TemplateLoader) as (System.String)
[LOG 22:22:47]: Parsing Target removePQS in (Kopernicus.Configuration.TemplateLoader) as (Kopernicus.ConfigParser.BuiltinTypeParsers.NumericParser`1[System.Boolean])
[LOG 22:22:47]: Parsing Target removeBiomes in (Kopernicus.Configuration.TemplateLoader) as (Kopernicus.ConfigParser.BuiltinTypeParsers.NumericParser`1[System.Boolean])
[LOG 22:22:47]: Parsing Target removeAtmosphere in (Kopernicus.Configuration.TemplateLoader) as (Kopernicus.ConfigParser.BuiltinTypeParsers.NumericParser`1[System.Boolean])
[LOG 22:22:47]: Parsing Target removeOcean in (Kopernicus.Configuration.TemplateLoader) as (Kopernicus.ConfigParser.BuiltinTypeParsers.NumericParser`1[System.Boolean])
[LOG 22:22:47]: Parsing Target removePQSMods in (Kopernicus.Configuration.TemplateLoader) as (Kopernicus.ConfigParser.BuiltinTypeParsers.StringCollectionParser)
[LOG 22:22:47]: Parsing Target removeAllPQSMods in (Kopernicus.Configuration.TemplateLoader) as (Kopernicus.ConfigParser.BuiltinTypeParsers.NumericParser`1[System.Boolean])
[LOG 22:22:47]: Parsing Target removeProgressTree in (Kopernicus.Configuration.TemplateLoader) as (Kopernicus.ConfigParser.BuiltinTypeParsers.NumericParser`1[System.Boolean])
[LOG 22:22:47]: Parsing Target removeCoronas in (Kopernicus.Configuration.TemplateLoader) as (Kopernicus.ConfigParser.BuiltinTypeParsers.NumericParser`1[System.Boolean])
[LOG 22:22:47]: Using Template "Mun"
[LOG 22:22:47]: Patching PQSLandControl
[LOG 22:22:47]: Parsing Target cacheFile in (Kopernicus.Configuration.Body) as (System.String)
[LOG 22:22:47]: Parsing Target barycenter in (Kopernicus.Configuration.Body) as (Kopernicus.ConfigParser.BuiltinTypeParsers.NumericParser`1[System.Boolean])
[LOG 22:22:47]: Parsing Target cbNameLater in (Kopernicus.Configuration.Body) as (System.String)
[LOG 22:22:47]: Parsing Target identifier in (Kopernicus.Configuration.Body) as (System.String)
[LOG 22:22:47]: Parsing Target self in (Kopernicus.Configuration.Body) as (System.Collections.Generic.List`1[Kopernicus.ConfigParser.BuiltinTypeParsers.StringCollectionParser])
[LOG 22:22:47]: Parsing Target finalizeOrbit in (Kopernicus.Configuration.Body) as (Kopernicus.ConfigParser.BuiltinTypeParsers.NumericParser`1[System.Boolean])
[LOG 22:22:47]: Parsing Target randomMainMenuBody in (Kopernicus.Configuration.Body) as (Kopernicus.ConfigParser.BuiltinTypeParsers.NumericParser`1[System.Boolean])
[LOG 22:22:47]: Parsing Target contractWeight in (Kopernicus.Configuration.Body) as (Kopernicus.ConfigParser.BuiltinTypeParsers.NumericParser`1[System.Int32])
[LOG 22:22:47]: Parsing Target Properties in (Kopernicus.Configuration.Body) as (Kopernicus.Configuration.PropertiesLoader)
[LOG 22:22:47]: Parsing Target description in (Kopernicus.Configuration.PropertiesLoader) as (System.String)
[LOG 22:22:47]: Parsing Target radius in (Kopernicus.Configuration.PropertiesLoader) as (Kopernicus.ConfigParser.BuiltinTypeParsers.NumericParser`1[System.Double])
[LOG 22:22:47]: Parsing Target geeASL in (Kopernicus.Configuration.PropertiesLoader) as (Kopernicus.ConfigParser.BuiltinTypeParsers.NumericParser`1[System.Double])
[LOG 22:22:47]: Parsing Target mass in (Kopernicus.Configuration.PropertiesLoader) as (Kopernicus.ConfigParser.BuiltinTypeParsers.NumericParser`1[System.Double])
[LOG 22:22:47]: Parsing Target gravParameter in (Kopernicus.Configuration.PropertiesLoader) as (Kopernicus.ConfigParser.BuiltinTypeParsers.NumericParser`1[System.Double])
[LOG 22:22:47]: Parsing Target rotates in (Kopernicus.Configuration.PropertiesLoader) as (Kopernicus.ConfigParser.BuiltinTypeParsers.NumericParser`1[System.Boolean])
[LOG 22:22:47]: Parsing Target rotationPeriod in (Kopernicus.Configuration.PropertiesLoader) as (Kopernicus.ConfigParser.BuiltinTypeParsers.NumericParser`1[System.Double])
[LOG 22:22:47]: Parsing Target tidallyLocked in (Kopernicus.Configuration.PropertiesLoader) as (Kopernicus.ConfigParser.BuiltinTypeParsers.NumericParser`1[System.Boolean])
[LOG 22:22:47]: Parsing Target initialRotation in (Kopernicus.Configuration.PropertiesLoader) as (Kopernicus.ConfigParser.BuiltinTypeParsers.NumericParser`1[System.Double])
[LOG 22:22:47]: Parsing Target inverseRotThresholdAltitude in (Kopernicus.Configuration.PropertiesLoader) as (Kopernicus.ConfigParser.BuiltinTypeParsers.NumericParser`1[System.Single])
[LOG 22:22:47]: Parsing Target albedo in (Kopernicus.Configuration.PropertiesLoader) as (Kopernicus.ConfigParser.BuiltinTypeParsers.NumericParser`1[System.Double])
[LOG 22:22:47]: Parsing Target emissivity in (Kopernicus.Configuration.PropertiesLoader) as (Kopernicus.ConfigParser.BuiltinTypeParsers.NumericParser`1[System.Double])
[LOG 22:22:47]: Parsing Target coreTemperatureOffset in (Kopernicus.Configuration.PropertiesLoader) as (Kopernicus.ConfigParser.BuiltinTypeParsers.NumericParser`1[System.Double])
[LOG 22:22:47]: Parsing Target timewarpAltitudeLimits in (Kopernicus.Configuration.PropertiesLoader) as (Kopernicus.ConfigParser.BuiltinTypeParsers.NumericCollectionParser`1[System.Single])
[LOG 22:22:47]: Parsing Target sphereOfInfluence in (Kopernicus.Configuration.PropertiesLoader) as (Kopernicus.ConfigParser.BuiltinTypeParsers.NumericParser`1[System.Double])
[LOG 22:22:47]: Parsing Target solarRotationPeriod in (Kopernicus.Configuration.PropertiesLoader) as (Kopernicus.ConfigParser.BuiltinTypeParsers.NumericParser`1[System.Boolean])
[LOG 22:22:47]: Parsing Target navballSwitchRadiusMult in (Kopernicus.Configuration.PropertiesLoader) as (Kopernicus.ConfigParser.BuiltinTypeParsers.NumericParser`1[System.Double])
[LOG 22:22:47]: Parsing Target navballSwitchRadiusMultLow in (Kopernicus.Configuration.PropertiesLoader) as (Kopernicus.ConfigParser.BuiltinTypeParsers.NumericParser`1[System.Double])
[LOG 22:22:47]: Parsing Target ScienceValues in (Kopernicus.Configuration.PropertiesLoader) as (Kopernicus.Configuration.ScienceValuesLoader)
[LOG 22:22:47]: Parsing Target landedDataValue in (Kopernicus.Configuration.ScienceValuesLoader) as (Kopernicus.ConfigParser.BuiltinTypeParsers.NumericParser`1[System.Single])
[LOG 22:22:47]: Parsing Target splashedDataValue in (Kopernicus.Configuration.ScienceValuesLoader) as (Kopernicus.ConfigParser.BuiltinTypeParsers.NumericParser`1[System.Single])
[LOG 22:22:47]: Parsing Target flyingLowDataValue in (Kopernicus.Configuration.ScienceValuesLoader) as (Kopernicus.ConfigParser.BuiltinTypeParsers.NumericParser`1[System.Single])
[LOG 22:22:47]: Parsing Target flyingHighDataValue in (Kopernicus.Configuration.ScienceValuesLoader) as (Kopernicus.ConfigParser.BuiltinTypeParsers.NumericParser`1[System.Single])
[LOG 22:22:47]: Parsing Target inSpaceLowDataValue in (Kopernicus.Configuration.ScienceValuesLoader) as (Kopernicus.ConfigParser.BuiltinTypeParsers.NumericParser`1[System.Single])
[LOG 22:22:47]: Parsing Target inSpaceHighDataValue in (Kopernicus.Configuration.ScienceValuesLoader) as (Kopernicus.ConfigParser.BuiltinTypeParsers.NumericParser`1[System.Single])
[LOG 22:22:47]: Parsing Target recoveryValue in (Kopernicus.Configuration.ScienceValuesLoader) as (Kopernicus.ConfigParser.BuiltinTypeParsers.NumericParser`1[System.Single])
[LOG 22:22:47]: Parsing Target flyingAltitudeThreshold in (Kopernicus.Configuration.ScienceValuesLoader) as (Kopernicus.ConfigParser.BuiltinTypeParsers.NumericParser`1[System.Single])
[LOG 22:22:47]: Parsing Target spaceAltitudeThreshold in (Kopernicus.Configuration.ScienceValuesLoader) as (Kopernicus.ConfigParser.BuiltinTypeParsers.NumericParser`1[System.Single])
[LOG 22:22:47]: Parsing Target biomeMap in (Kopernicus.Configuration.PropertiesLoader) as (Kopernicus.Configuration.Parsing.MapSOParserRGB`1[CBAttributeMapSO])
[LOG 22:22:47]: Parsing Target nonExactThreshold in (Kopernicus.Configuration.PropertiesLoader) as (Kopernicus.ConfigParser.BuiltinTypeParsers.NumericParser`1[System.Single])
[LOG 22:22:47]: Parsing Target exactSearch in (Kopernicus.Configuration.PropertiesLoader) as (Kopernicus.ConfigParser.BuiltinTypeParsers.NumericParser`1[System.Boolean])
[LOG 22:22:47]: Parsing Target Biomes in (Kopernicus.Configuration.PropertiesLoader) as (Kopernicus.Configuration.Parsing.CallbackList`1[Kopernicus.Configuration.BiomeLoader])
[LOG 22:22:47]: Parsing Target useTheInName in (Kopernicus.Configuration.PropertiesLoader) as (Kopernicus.ConfigParser.BuiltinTypeParsers.NumericParser`1[System.Boolean])
[LOG 22:22:47]: Parsing Target displayName in (Kopernicus.Configuration.PropertiesLoader) as (System.String)
[LOG 22:22:47]: Parsing Target selectable in (Kopernicus.Configuration.PropertiesLoader) as (Kopernicus.ConfigParser.BuiltinTypeParsers.NumericParser`1[System.Boolean])
[LOG 22:22:47]: Parsing Target RDVisibility in (Kopernicus.Configuration.PropertiesLoader) as (Kopernicus.ConfigParser.BuiltinTypeParsers.EnumParser`1[Kopernicus.Configuration.PropertiesLoader+RnDVisibility])
[LOG 22:22:47]: Parsing Target RnDVisibility in (Kopernicus.Configuration.PropertiesLoader) as (Kopernicus.ConfigParser.BuiltinTypeParsers.EnumParser`1[Kopernicus.Configuration.PropertiesLoader+RnDVisibility])
[LOG 22:22:47]: Parsing Target RnDRotation in (Kopernicus.Configuration.PropertiesLoader) as (Kopernicus.ConfigParser.BuiltinTypeParsers.NumericParser`1[System.Boolean])
[LOG 22:22:47]: Parsing Target maxZoom in (Kopernicus.Configuration.PropertiesLoader) as (Kopernicus.ConfigParser.BuiltinTypeParsers.NumericParser`1[System.Single])
[LOG 22:22:47]: --------- Science Values ------------
[LOG 22:22:47]: LandedDataValue = 4
[LOG 22:22:47]: SplashedDataValue = 1
[LOG 22:22:47]: FlyingLowDataValue = 1
[LOG 22:22:47]: FlyingHighDataValue = 1
[LOG 22:22:47]: InSpaceLowDataValue = 3
[LOG 22:22:47]: InSpaceHighDataValue = 2
[LOG 22:22:47]: RecoveryValue = 2
[LOG 22:22:47]: flyingAltitudeThreshold = 18000
[LOG 22:22:47]: spaceAltitudeThreshold = 60000
[LOG 22:22:47]: --------------------------------------
[LOG 22:22:47]: Found Biome: Midlands : RGBA(0.365, 0.459, 0.510, 1.000) : 0
[LOG 22:22:47]: Found Biome: Northern Basin : RGBA(0.424, 0.459, 0.576, 1.000) : 0
[LOG 22:22:47]: Found Biome: East Crater : RGBA(0.580, 0.627, 0.796, 1.000) : 0
[LOG 22:22:47]: Found Biome: Northwest Crater : RGBA(0.408, 0.475, 0.694, 1.000) : 0
[LOG 22:22:47]: Found Biome: Southwest Crater : RGBA(0.659, 0.678, 0.737, 1.000) : 0
[LOG 22:22:47]: Found Biome: Farside Crater : RGBA(0.561, 0.647, 0.902, 1.000) : 0
[LOG 22:22:47]: Found Biome: Canyons : RGBA(0.325, 0.369, 0.522, 1.000) : 0
[LOG 22:22:47]: Found Biome: Polar Crater : RGBA(0.604, 0.647, 0.671, 1.000) : 0
[LOG 22:22:47]: Found Biome: Poles : RGBA(0.918, 0.925, 0.929, 1.000) : 0
[LOG 22:22:47]: Found Biome: Polar Lowlands : RGBA(0.812, 0.827, 0.839, 1.000) : 0
[LOG 22:22:47]: Found Biome: Highlands : RGBA(0.451, 0.537, 0.584, 1.000) : 0
[LOG 22:22:47]: Found Biome: Highland Craters : RGBA(0.694, 0.733, 0.871, 1.000) : 0
[LOG 22:22:47]: Found Biome: Midland Craters : RGBA(0.165, 0.247, 0.294, 1.000) : 0
[LOG 22:22:47]: Found Biome: East Farside Crater : RGBA(0.604, 0.612, 0.918, 1.000) : 0
[LOG 22:22:47]: Found Biome: Twin Craters : RGBA(0.678, 0.745, 0.945, 1.000) : 0
[LOG 22:22:47]: Found Biome: Lowlands : RGBA(0.255, 0.357, 0.416, 1.000) : 0
[LOG 22:22:47]: Found Biome: Farside Basin : RGBA(0.529, 0.557, 0.639, 1.000) : 0
[LOG 22:22:47]: Parsing Target Orbit in (Kopernicus.Configuration.Body) as (Kopernicus.Configuration.OrbitLoader)
[LOG 22:22:47]: Parsing Target referenceBody in (Kopernicus.Configuration.OrbitLoader) as (System.String)
[LOG 22:22:47]: Parsing Target inclination in (Kopernicus.Configuration.OrbitLoader) as (Kopernicus.ConfigParser.BuiltinTypeParsers.NumericParser`1[System.Double])
[LOG 22:22:47]: Parsing Target eccentricity in (Kopernicus.Configuration.OrbitLoader) as (Kopernicus.ConfigParser.BuiltinTypeParsers.NumericParser`1[System.Double])
[LOG 22:22:47]: Parsing Target semiMajorAxis in (Kopernicus.Configuration.OrbitLoader) as (Kopernicus.ConfigParser.BuiltinTypeParsers.NumericParser`1[System.Double])
[LOG 22:22:47]: Parsing Target longitudeOfAscendingNode in (Kopernicus.Configuration.OrbitLoader) as (Kopernicus.ConfigParser.BuiltinTypeParsers.NumericParser`1[System.Double])
[LOG 22:22:47]: Parsing Target argumentOfPeriapsis in (Kopernicus.Configuration.OrbitLoader) as (Kopernicus.ConfigParser.BuiltinTypeParsers.NumericParser`1[System.Double])
[LOG 22:22:47]: Parsing Target meanAnomalyAtEpoch in (Kopernicus.Configuration.OrbitLoader) as (Kopernicus.ConfigParser.BuiltinTypeParsers.NumericParser`1[System.Double])
[LOG 22:22:47]: Parsing Target meanAnomalyAtEpochD in (Kopernicus.Configuration.OrbitLoader) as (Kopernicus.ConfigParser.BuiltinTypeParsers.NumericParser`1[System.Double])
[LOG 22:22:47]: Parsing Target epoch in (Kopernicus.Configuration.OrbitLoader) as (Kopernicus.ConfigParser.BuiltinTypeParsers.NumericParser`1[System.Double])
[LOG 22:22:47]: Parsing Target color in (Kopernicus.Configuration.OrbitLoader) as (Kopernicus.ConfigParser.BuiltinTypeParsers.ColorParser)
[LOG 22:22:47]: Parsing Target iconColor in (Kopernicus.Configuration.OrbitLoader) as (Kopernicus.ConfigParser.BuiltinTypeParsers.ColorParser)
[LOG 22:22:47]: Parsing Target nodeColor in (Kopernicus.Configuration.OrbitLoader) as (Kopernicus.ConfigParser.BuiltinTypeParsers.ColorParser)
[LOG 22:22:47]: Parsing Target mode in (Kopernicus.Configuration.OrbitLoader) as (Kopernicus.ConfigParser.BuiltinTypeParsers.EnumParser`1[OrbitRendererBase+DrawMode])
[LOG 22:22:47]: Parsing Target icon in (Kopernicus.Configuration.OrbitLoader) as (Kopernicus.ConfigParser.BuiltinTypeParsers.EnumParser`1[OrbitRendererBase+DrawIcons])
[LOG 22:22:47]: Parsing Target cameraSmaRatioBounds in (Kopernicus.Configuration.OrbitLoader) as (Kopernicus.ConfigParser.BuiltinTypeParsers.NumericCollectionParser`1[System.Single])
[LOG 22:22:47]: Parsing Target period in (Kopernicus.Configuration.OrbitLoader) as (Kopernicus.ConfigParser.BuiltinTypeParsers.NumericParser`1[System.Double])
[LOG 22:22:47]: Parsing Target iconTexture in (Kopernicus.Configuration.OrbitLoader) as (Kopernicus.Configuration.Parsing.Texture2DParser)
[LOG 22:22:47]: Parsing Target ScaledVersion in (Kopernicus.Configuration.Body) as (Kopernicus.Configuration.ScaledVersionLoader)
[LOG 22:22:47]: Parsing Target type in (Kopernicus.Configuration.ScaledVersionLoader) as (Kopernicus.ConfigParser.BuiltinTypeParsers.EnumParser`1[Kopernicus.Configuration.Enumerations.BodyType])
[LOG 22:22:47]: Copying "celestialBody": <NULL> => <NULL>
[LOG 22:22:47]: Copying "floatName": <NULL> => _Opacity
[LOG 22:22:47]: Copying "fadeStart": 0 => 55000
[LOG 22:22:47]: Copying "fadeEnd": 0 => 60000
[LOG 22:22:47]: Copying "r": <NULL> => <NULL>
[LOG 22:22:47]: Parsing Target fadeStart in (Kopernicus.Configuration.ScaledVersionLoader) as (Kopernicus.ConfigParser.BuiltinTypeParsers.NumericParser`1[System.Single])
[LOG 22:22:47]: Parsing Target fadeEnd in (Kopernicus.Configuration.ScaledVersionLoader) as (Kopernicus.ConfigParser.BuiltinTypeParsers.NumericParser`1[System.Single])
[LOG 22:22:47]: Parsing Target Light in (Kopernicus.Configuration.ScaledVersionLoader) as (Kopernicus.Configuration.LightShifterLoader)
[LOG 22:22:47]: Parsing Target sphericalModel in (Kopernicus.Configuration.ScaledVersionLoader) as (Kopernicus.ConfigParser.BuiltinTypeParsers.NumericParser`1[System.Boolean])
[LOG 22:22:47]: Parsing Target deferMesh in (Kopernicus.Configuration.ScaledVersionLoader) as (Kopernicus.ConfigParser.BuiltinTypeParsers.NumericParser`1[System.Boolean])
[LOG 22:22:47]: Parsing Target invisible in (Kopernicus.Configuration.ScaledVersionLoader) as (Kopernicus.ConfigParser.BuiltinTypeParsers.NumericParser`1[System.Boolean])
[LOG 22:22:47]: Parsing Target Material in (Kopernicus.Configuration.ScaledVersionLoader) as (UnityEngine.Material)
[LOG 22:22:47]: Parsing Target OnDemand in (Kopernicus.Configuration.ScaledVersionLoader) as (Kopernicus.Configuration.ScaledVersionLoader+OnDemandConfig)
[LOG 22:22:47]: Parsing Target TextureOptions in (Kopernicus.Configuration.ScaledVersionLoader) as (Kopernicus.UI.PlanetTextureExporter+TextureOptions)
[LOG 22:22:47]: Parsing Target Coronas in (Kopernicus.Configuration.ScaledVersionLoader) as (System.Collections.Generic.List`1[Kopernicus.Configuration.CoronaLoader])
[LOG 22:22:47]: ============= Scaled Version Dump ===================
[LOG 22:22:47]: Mun (UnityEngine.GameObject)
[LOG 22:22:47]:  >>> Components <<< 
[LOG 22:22:47]:  Mun (UnityEngine.Transform)
[LOG 22:22:47]:  Mun (UnityEngine.MeshFilter)
[LOG 22:22:47]:  Mun (UnityEngine.MeshRenderer)
[LOG 22:22:47]:  Mun (UnityEngine.SphereCollider)
[LOG 22:22:47]:  Mun (Kopernicus.Components.SharedScaledSpaceFader)
[LOG 22:22:47]:  >>> ---------- <<< 
[LOG 22:22:47]: ===========================================
[LOG 22:22:47]: Parsing Target Atmosphere in (Kopernicus.Configuration.Body) as (Kopernicus.Configuration.AtmosphereLoader)
[LOG 22:22:47]: Parsing Target PQS in (Kopernicus.Configuration.Body) as (Kopernicus.Configuration.PQSLoader)
[LOG 22:22:47]: Parsing Target materialType in (Kopernicus.Configuration.PQSLoader) as (Kopernicus.ConfigParser.BuiltinTypeParsers.EnumParser`1[Kopernicus.Configuration.PQSLoader+SurfaceMaterialType])
[LOG 22:22:47]: Parsing Target PhysicsMaterial in (Kopernicus.Configuration.PQSLoader) as (Kopernicus.Configuration.Parsing.PhysicsMaterialParser)
[LOG 22:22:47]: Parsing Target minLevel in (Kopernicus.Configuration.PQSLoader) as (Kopernicus.ConfigParser.BuiltinTypeParsers.NumericParser`1[System.Int32])
[LOG 22:22:47]: Parsing Target maxLevel in (Kopernicus.Configuration.PQSLoader) as (Kopernicus.ConfigParser.BuiltinTypeParsers.NumericParser`1[System.Int32])
[LOG 22:22:47]: Parsing Target minDetailDistance in (Kopernicus.Configuration.PQSLoader) as (Kopernicus.ConfigParser.BuiltinTypeParsers.NumericParser`1[System.Double])
[LOG 22:22:47]: Parsing Target maxQuadLengthsPerFrame in (Kopernicus.Configuration.PQSLoader) as (Kopernicus.ConfigParser.BuiltinTypeParsers.NumericParser`1[System.Single])
[LOG 22:22:47]: Parsing Target fadeStart in (Kopernicus.Configuration.PQSLoader) as (Kopernicus.ConfigParser.BuiltinTypeParsers.NumericParser`1[System.Single])
[LOG 22:22:47]: Parsing Target fadeEnd in (Kopernicus.Configuration.PQSLoader) as (Kopernicus.ConfigParser.BuiltinTypeParsers.NumericParser`1[System.Single])
[LOG 22:22:47]: Parsing Target deactivateAltitude in (Kopernicus.Configuration.PQSLoader) as (Kopernicus.ConfigParser.BuiltinTypeParsers.NumericParser`1[System.Double])
[LOG 22:22:47]: Parsing Target mapMaxHeight in (Kopernicus.Configuration.PQSLoader) as (Kopernicus.ConfigParser.BuiltinTypeParsers.NumericParser`1[System.Double])
[LOG 22:22:47]: Parsing Target Material in (Kopernicus.Configuration.PQSLoader) as (UnityEngine.Material)
[LOG 22:22:47]: Parsing Target FallbackMaterial in (Kopernicus.Configuration.PQSLoader) as (UnityEngine.Material)
[LOG 22:22:47]: Parsing Target Mods in (Kopernicus.Configuration.PQSLoader) as (System.Collections.Generic.List`1[Kopernicus.Configuration.ModLoader.IModLoader])
[LOG 22:22:47]:   Mun (UnityEngine.GameObject)
[LOG 22:22:47]:    >>> Components <<< 
[LOG 22:22:47]:    Mun (UnityEngine.Transform)
[LOG 22:22:47]:    Mun (PQS)
[LOG 22:22:47]:    >>> ---------- <<< 
[LOG 22:22:47]:       _CelestialBody (UnityEngine.GameObject)
[LOG 22:22:47]:        >>> Components <<< 
[LOG 22:22:47]:        _CelestialBody (UnityEngine.Transform)
[LOG 22:22:47]:        _CelestialBody (PQSMod_CelestialBodyTransform)
[LOG 22:22:47]:        >>> ---------- <<< 
[LOG 22:22:47]:       _Color (UnityEngine.GameObject)
[LOG 22:22:47]:        >>> Components <<< 
[LOG 22:22:47]:        _Color (UnityEngine.Transform)
[LOG 22:22:47]:        _Color (PQSMod_VertexColorMap)
[LOG 22:22:47]:        >>> ---------- <<< 
[LOG 22:22:47]:       _Height (UnityEngine.GameObject)
[LOG 22:22:47]:        >>> Components <<< 
[LOG 22:22:47]:        _Height (UnityEngine.Transform)
[LOG 22:22:47]:        _Height (PQSMod_VertexHeightMap)
[LOG 22:22:47]:        >>> ---------- <<< 
[LOG 22:22:47]:       _Material_ModProjection (UnityEngine.GameObject)
[LOG 22:22:47]:        >>> Components <<< 
[LOG 22:22:47]:        _Material_ModProjection (UnityEngine.Transform)
[LOG 22:22:47]:        _Material_ModProjection (PQSMod_AltitudeAlpha)
[LOG 22:22:47]:        >>> ---------- <<< 
[LOG 22:22:47]:       _SurfaceQuadUVs (UnityEngine.GameObject)
[LOG 22:22:47]:        >>> Components <<< 
[LOG 22:22:47]:        _SurfaceQuadUVs (UnityEngine.Transform)
[LOG 22:22:47]:        _SurfaceQuadUVs (PQSMod_UVPlanetRelativePosition)
[LOG 22:22:47]:        >>> ---------- <<< 
[LOG 22:22:47]:       Scatter (UnityEngine.GameObject)
[LOG 22:22:47]:        >>> Components <<< 
[LOG 22:22:47]:        Scatter (UnityEngine.Transform)
[LOG 22:22:47]:        Scatter (PQSLandControl)
[LOG 22:22:47]:        >>> ---------- <<< 
[LOG 22:22:47]:           Scatter (UnityEngine.GameObject)
[LOG 22:22:47]:            >>> Components <<< 
[LOG 22:22:47]:            Scatter (UnityEngine.Transform)
[LOG 22:22:47]:            Scatter (Kopernicus.Components.ModularScatter.ModularScatter)
[LOG 22:22:47]:            >>> ---------- <<< 
[LOG 22:22:47]:       Monolith00 (UnityEngine.GameObject)
[LOG 22:22:47]:        >>> Components <<< 
[LOG 22:22:47]:        Monolith00 (UnityEngine.Transform)
[LOG 22:22:47]:        Monolith00 (PQSCity)
[LOG 22:22:47]:        >>> ---------- <<< 
[LOG 22:22:47]:           monolith00 (UnityEngine.GameObject)
[LOG 22:22:47]:            >>> Components <<< 
[LOG 22:22:47]:            monolith00 (UnityEngine.Transform)
[LOG 22:22:47]:            monolith00 (UnityEngine.MeshFilter)
[LOG 22:22:47]:            monolith00 (UnityEngine.MeshRenderer)
[LOG 22:22:47]:            monolith00 (UnityEngine.Animation)
[LOG 22:22:47]:            monolith00 (UnityEngine.MeshCollider)
[LOG 22:22:47]:            >>> ---------- <<< 
[LOG 22:22:47]:       QuadMeshColliders (UnityEngine.GameObject)
[LOG 22:22:47]:        >>> Components <<< 
[LOG 22:22:47]:        QuadMeshColliders (UnityEngine.Transform)
[LOG 22:22:47]:        QuadMeshColliders (PQSMod_QuadMeshColliders)
[LOG 22:22:47]:        >>> ---------- <<< 
[LOG 22:22:47]:       Monolith02 (UnityEngine.GameObject)
[LOG 22:22:47]:        >>> Components <<< 
[LOG 22:22:47]:        Monolith02 (UnityEngine.Transform)
[LOG 22:22:47]:        Monolith02 (PQSCity)
[LOG 22:22:47]:        Monolith02 (PQSMod_FlattenArea)
[LOG 22:22:47]:        >>> ---------- <<< 
[LOG 22:22:47]:           monolith00 (UnityEngine.GameObject)
[LOG 22:22:47]:            >>> Components <<< 
[LOG 22:22:47]:            monolith00 (UnityEngine.Transform)
[LOG 22:22:47]:            monolith00 (UnityEngine.MeshFilter)
[LOG 22:22:47]:            monolith00 (UnityEngine.MeshRenderer)
[LOG 22:22:47]:            monolith00 (UnityEngine.Animation)
[LOG 22:22:47]:            monolith00 (UnityEngine.MeshCollider)
[LOG 22:22:47]:            >>> ---------- <<< 
[LOG 22:22:47]:       Monolith01 (UnityEngine.GameObject)
[LOG 22:22:47]:        >>> Components <<< 
[LOG 22:22:47]:        Monolith01 (UnityEngine.Transform)
[LOG 22:22:47]:        Monolith01 (PQSCity)
[LOG 22:22:47]:        Monolith01 (PQSMod_FlattenArea)
[LOG 22:22:47]:        >>> ---------- <<< 
[LOG 22:22:47]:           monolith00 (UnityEngine.GameObject)
[LOG 22:22:47]:            >>> Components <<< 
[LOG 22:22:47]:            monolith00 (UnityEngine.Transform)
[LOG 22:22:47]:            monolith00 (UnityEngine.MeshFilter)
[LOG 22:22:47]:            monolith00 (UnityEngine.MeshRenderer)
[LOG 22:22:47]:            monolith00 (UnityEngine.Animation)
[LOG 22:22:47]:            monolith00 (UnityEngine.MeshCollider)
[LOG 22:22:47]:            >>> ---------- <<< 
[LOG 22:22:47]:       RockArch02 (UnityEngine.GameObject)
[LOG 22:22:47]:        >>> Components <<< 
[LOG 22:22:47]:        RockArch02 (UnityEngine.Transform)
[LOG 22:22:47]:        RockArch02 (PQSCity)
[LOG 22:22:47]:        >>> ---------- <<< 
[LOG 22:22:47]:           RockArch (UnityEngine.GameObject)
[LOG 22:22:47]:            >>> Components <<< 
[LOG 22:22:47]:            RockArch (UnityEngine.Transform)
[LOG 22:22:47]:            RockArch (UnityEngine.MeshFilter)
[LOG 22:22:47]:            RockArch (UnityEngine.MeshRenderer)
[LOG 22:22:47]:            RockArch (UnityEngine.MeshCollider)
[LOG 22:22:47]:            RockArch (UnityEngine.Animation)
[LOG 22:22:47]:            >>> ---------- <<< 
[LOG 22:22:47]:       RockArch00 (UnityEngine.GameObject)
[LOG 22:22:47]:        >>> Components <<< 
[LOG 22:22:47]:        RockArch00 (UnityEngine.Transform)
[LOG 22:22:47]:        RockArch00 (PQSCity)
[LOG 22:22:47]:        >>> ---------- <<< 
[LOG 22:22:47]:           RockArch (UnityEngine.GameObject)
[LOG 22:22:47]:            >>> Components <<< 
[LOG 22:22:47]:            RockArch (UnityEngine.Transform)
[LOG 22:22:47]:            RockArch (UnityEngine.MeshFilter)
[LOG 22:22:47]:            RockArch (UnityEngine.MeshRenderer)
[LOG 22:22:47]:            RockArch (UnityEngine.MeshCollider)
[LOG 22:22:47]:            RockArch (UnityEngine.Animation)
[LOG 22:22:47]:            >>> ---------- <<< 
[LOG 22:22:47]:       RockArch01 (UnityEngine.GameObject)
[LOG 22:22:47]:        >>> Components <<< 
[LOG 22:22:47]:        RockArch01 (UnityEngine.Transform)
[LOG 22:22:47]:        RockArch01 (PQSCity)
[LOG 22:22:47]:        >>> ---------- <<< 
[LOG 22:22:47]:           RockArch (UnityEngine.GameObject)
[LOG 22:22:47]:            >>> Components <<< 
[LOG 22:22:47]:            RockArch (UnityEngine.Transform)
[LOG 22:22:47]:            RockArch (UnityEngine.MeshFilter)
[LOG 22:22:47]:            RockArch (UnityEngine.MeshRenderer)
[LOG 22:22:47]:            RockArch (UnityEngine.MeshCollider)
[LOG 22:22:47]:            RockArch (UnityEngine.Animation)
[LOG 22:22:47]:            >>> ---------- <<< 
[LOG 22:22:47]:       ArmstrongMemorial (UnityEngine.GameObject)
[LOG 22:22:47]:        >>> Components <<< 
[LOG 22:22:47]:        ArmstrongMemorial (UnityEngine.Transform)
[LOG 22:22:47]:        ArmstrongMemorial (PQSCity)
[LOG 22:22:47]:        >>> ---------- <<< 
[LOG 22:22:47]:           Memorial (UnityEngine.GameObject)
[LOG 22:22:47]:            >>> Components <<< 
[LOG 22:22:47]:            Memorial (UnityEngine.Transform)
[LOG 22:22:47]:            Memorial (UnityEngine.MeshFilter)
[LOG 22:22:47]:            Memorial (UnityEngine.MeshRenderer)
[LOG 22:22:47]:            Memorial (UnityEngine.Animation)
[LOG 22:22:47]:            Memorial (UnityEngine.BoxCollider)
[LOG 22:22:47]:            Memorial (UnityEngine.CapsuleCollider)
[LOG 22:22:47]:            Memorial (UnityEngine.CapsuleCollider)
[LOG 22:22:47]:            Memorial (UnityEngine.CapsuleCollider)
[LOG 22:22:47]:            Memorial (UnityEngine.SphereCollider)
[LOG 22:22:47]:            >>> ---------- <<< 
[LOG 22:22:47]:       UFO (UnityEngine.GameObject)
[LOG 22:22:47]:        >>> Components <<< 
[LOG 22:22:47]:        UFO (UnityEngine.Transform)
[LOG 22:22:47]:        UFO (PQSCity)
[LOG 22:22:47]:        >>> ---------- <<< 
[LOG 22:22:47]:           ufo (UnityEngine.GameObject)
[LOG 22:22:47]:            >>> Components <<< 
[LOG 22:22:47]:            ufo (UnityEngine.Transform)
[LOG 22:22:47]:            ufo (UnityEngine.MeshFilter)
[LOG 22:22:47]:            ufo (UnityEngine.MeshRenderer)
[LOG 22:22:47]:            ufo (UnityEngine.MeshCollider)
[LOG 22:22:47]:            >>> ---------- <<< 
[LOG 22:22:47]:       Randolith (UnityEngine.GameObject)
[LOG 22:22:47]:        >>> Components <<< 
[LOG 22:22:47]:        Randolith (UnityEngine.Transform)
[LOG 22:22:47]:        Randolith (PQSCity)
[LOG 22:22:47]:        Randolith (PrefabSpawner)
[LOG 22:22:47]:        >>> ---------- <<< 
[LOG 22:22:47]:           monolith01 (UnityEngine.GameObject)
[LOG 22:22:47]:            >>> Components <<< 
[LOG 22:22:47]:            monolith01 (UnityEngine.Transform)
[LOG 22:22:47]:            monolith01 (UnityEngine.MeshFilter)
[LOG 22:22:47]:            monolith01 (UnityEngine.MeshRenderer)
[LOG 22:22:47]:            monolith01 (UnityEngine.Animation)
[LOG 22:22:47]:            monolith01 (UnityEngine.MeshCollider)
[LOG 22:22:47]:            >>> ---------- <<< 
[LOG 22:22:47]:       _ColorNoise (UnityEngine.GameObject)
[LOG 22:22:47]:        >>> Components <<< 
[LOG 22:22:47]:        _ColorNoise (UnityEngine.Transform)
[LOG 22:22:47]:        _ColorNoise (PQSMod_VertexSimplexNoiseColor)
[LOG 22:22:47]:        >>> ---------- <<< 
[LOG 22:22:47]:       _HeightNoise (UnityEngine.GameObject)
[LOG 22:22:47]:        >>> Components <<< 
[LOG 22:22:47]:        _HeightNoise (UnityEngine.Transform)
[LOG 22:22:47]:        _HeightNoise (PQSMod_VertexSimplexHeight)
[LOG 22:22:47]:        _HeightNoise (PQSMod_VertexHeightNoiseVertHeight)
[LOG 22:22:47]:        _HeightNoise (PQSMod_VoronoiCraters)
[LOG 22:22:47]:        _HeightNoise (PQSMod_VoronoiCraters)
[LOG 22:22:47]:        >>> ---------- <<< 
[LOG 22:22:47]:       _PQSROCControl (UnityEngine.GameObject)
[LOG 22:22:47]:        >>> Components <<< 
[LOG 22:22:47]:        _PQSROCControl (UnityEngine.Transform)
[LOG 22:22:47]:        _PQSROCControl (PQSROCControl)
[LOG 22:22:47]:        >>> ---------- <<< 
[LOG 22:22:47]:       LandControlFixer (UnityEngine.GameObject)
[LOG 22:22:47]:        >>> Components <<< 
[LOG 22:22:47]:        LandControlFixer (UnityEngine.Transform)
[LOG 22:22:47]:        LandControlFixer (Kopernicus.Components.PQSLandControlFixer)
[LOG 22:22:47]:        >>> ---------- <<< 
[LOG 22:22:47]:       OnDemandHandler (UnityEngine.GameObject)
[LOG 22:22:47]:        >>> Components <<< 
[LOG 22:22:47]:        OnDemandHandler (UnityEngine.Transform)
[LOG 22:22:47]:        OnDemandHandler (Kopernicus.OnDemand.PQSMod_OnDemandHandler)
[LOG 22:22:47]:        >>> ---------- <<< 
[LOG 22:22:47]: Parsing Target Ocean in (Kopernicus.Configuration.Body) as (Kopernicus.Configuration.OceanLoader)
[LOG 22:22:47]: Parsing Target Rings in (Kopernicus.Configuration.Body) as (System.Collections.Generic.List`1[Kopernicus.Configuration.RingLoader])
[LOG 22:22:47]: Parsing Target Particles in (Kopernicus.Configuration.Body) as (System.Collections.Generic.List`1[Kopernicus.Configuration.ParticleLoader])
[LOG 22:22:47]: Parsing Target HazardousBody in (Kopernicus.Configuration.Body) as (System.Collections.Generic.List`1[Kopernicus.Configuration.HazardousBodyLoader])
[LOG 22:22:47]: Parsing Target SpaceCenter in (Kopernicus.Configuration.Body) as (Kopernicus.Configuration.SpaceCenterLoader)
[LOG 22:22:47]: Parsing Target Debug in (Kopernicus.Configuration.Body) as (Kopernicus.Configuration.DebugLoader)
[LOG 22:22:47]: Parsing Target PostSpawnOrbit in (Kopernicus.Configuration.Body) as (ConfigNode)
[LOG 22:22:47]: --------- Celestial Body ------------
[LOG 22:22:47]: bodyName = Mun
[LOG 22:22:47]: bodyDisplayName = #autoLOC_910035
[LOG 22:22:47]: bodyAdjectiveDisplayName = #autoLOC_6004073
[LOG 22:22:47]: bodyDescription = #autoLOC_900090
[LOG 22:22:47]: GeeASL = 0.166056700098353
[LOG 22:22:47]: Radius = 200000
[LOG 22:22:47]: Mass = 0
[LOG 22:22:47]: Density = 0
[LOG 22:22:47]: SurfaceArea = 0
[LOG 22:22:47]: gravParameter = 0
[LOG 22:22:47]: sphereOfInfluence = 0
[LOG 22:22:47]: hillSphere = 0
[LOG 22:22:47]: gMagnitudeAtCenter = 0
[LOG 22:22:47]: atmDensityASL = 0
[LOG 22:22:47]: atmPressureASL = 0
[LOG 22:22:47]: scaledEllipsoid = True
[LOG 22:22:47]: scaledElipRadMult = [1, 1, 1]
[LOG 22:22:47]: scaledRadiusHorizonMultiplier = 1
[LOG 22:22:47]: navballSwitchRadiusMult = 0.06
[LOG 22:22:47]: navballSwitchRadiusMultLow = 0.055
[LOG 22:22:47]: use_The_InName = False
[LOG 22:22:47]: isHomeWorld = False
[LOG 22:22:47]: ocean = False
[LOG 22:22:47]: oceanUseFog = True
[LOG 22:22:47]: oceanFogPQSDepth = 1000
[LOG 22:22:47]: oceanFogPQSDepthRecip = 0.001
[LOG 22:22:47]: oceanFogDensityStart = 0.015
[LOG 22:22:47]: oceanFogDensityEnd = 0.13
[LOG 22:22:47]: oceanFogDensityPQSMult = 0.02
[LOG 22:22:47]: oceanFogDensityAltScalar = -0.0008
[LOG 22:22:47]: oceanFogDensityExponent = 1
[LOG 22:22:47]: oceanFogColorStart = RGBA(0.000, 0.337, 0.486, 1.000)
[LOG 22:22:47]: oceanFogColorEnd = RGBA(0.000, 0.084, 0.122, 1.000)
[LOG 22:22:47]: oceanFogDawnFactor = 10
[LOG 22:22:47]: oceanSkyColorMult = 1.2
[LOG 22:22:47]: oceanSkyColorOpacityBase = 0.2
[LOG 22:22:47]: oceanSkyColorOpacityAltMult = 2
[LOG 22:22:47]: oceanDensity = 1
[LOG 22:22:47]: oceanAFGBase = 0.6
[LOG 22:22:47]: oceanAFGAltMult = 0.05
[LOG 22:22:47]: oceanAFGMin = 0.05
[LOG 22:22:47]: oceanSunBase = 0.5
[LOG 22:22:47]: oceanSunAltMult = 0.01
[LOG 22:22:47]: oceanSunMin = 0.05
[LOG 22:22:47]: oceanAFGLerp = False
[LOG 22:22:47]: oceanMinAlphaFogDistance = 200
[LOG 22:22:47]: oceanMaxAlbedoFog = 0.95
[LOG 22:22:47]: oceanMaxAlphaFog = 0.9
[LOG 22:22:47]: oceanAlbedoDistanceScalar = 0.01
[LOG 22:22:47]: oceanAlphaDistanceScalar = 0.01
[LOG 22:22:47]: minOrbitalDistance = 100000
[LOG 22:22:47]: atmosphere = False
[LOG 22:22:47]: atmosphereContainsOxygen = False
[LOG 22:22:47]: atmosphereDepth = 0
[LOG 22:22:47]: atmosphereTemperatureSeaLevel = 288
[LOG 22:22:47]: atmospherePressureSeaLevel = 101.325
[LOG 22:22:47]: atmosphereMolarMass = 0.0289644
[LOG 22:22:47]: atmosphereAdiabaticIndex = 1.39999997615814
[LOG 22:22:47]: atmosphereTemperatureLapseRate = 0
[LOG 22:22:47]: atmosphereGasMassLapseRate = 0
[LOG 22:22:47]: atmosphereUseTemperatureCurve = False
[LOG 22:22:47]: atmosphereTemperatureCurveIsNormalized = False
[LOG 22:22:47]: atmosphereTemperatureCurve = FloatCurve
[LOG 22:22:47]: latitudeTemperatureBiasCurve = FloatCurve
[LOG 22:22:47]: latitudeTemperatureSunMultCurve = FloatCurve
[LOG 22:22:47]: axialTemperatureSunMultCurve = FloatCurve
[LOG 22:22:47]: axialTemperatureSunBiasCurve = FloatCurve
[LOG 22:22:47]: atmosphereTemperatureSunMultCurve = FloatCurve
[LOG 22:22:47]: maxAxialDot = 0
[LOG 22:22:47]: eccentricityTemperatureBiasCurve = FloatCurve
[LOG 22:22:47]: albedo = 0.1
[LOG 22:22:47]: emissivity = 0.9
[LOG 22:22:47]: coreTemperatureOffset = 5
[LOG 22:22:47]: convectionMultiplier = 1
[LOG 22:22:47]: shockTemperatureMultiplier = 1
[LOG 22:22:47]: atmosphereUsePressureCurve = False
[LOG 22:22:47]: atmospherePressureCurveIsNormalized = False
[LOG 22:22:47]: atmospherePressureCurve = FloatCurve
[LOG 22:22:47]: radiusAtmoFactor = 1
[LOG 22:22:47]: hasSolidSurface = True
[LOG 22:22:47]: isStar = False
[LOG 22:22:47]: rotation = (0.0, 0.0, 0.0, 0.0)
[LOG 22:22:47]: orbitDriver = Mun (OrbitDriver)
[LOG 22:22:47]: pqsController = Mun (PQS)
[LOG 22:22:47]: pqsSurfaceObjects = PQSSurfaceObject[]
[LOG 22:22:47]: scaledBody = Mun (UnityEngine.GameObject)
[LOG 22:22:47]: afg = 
[LOG 22:22:47]: rotates = True
[LOG 22:22:47]: rotationPeriod = 100
[LOG 22:22:47]: rotPeriodRecip = 0
[LOG 22:22:47]: solarDayLength = 0
[LOG 22:22:47]: solarRotationPeriod = False
[LOG 22:22:47]: initialRotation = 230
[LOG 22:22:47]: rotationAngle = 0
[LOG 22:22:47]: directRotAngle = 0
[LOG 22:22:47]: angularVelocity = [0, 0, 0]
[LOG 22:22:47]: zUpAngularVelocity = [0, 0, 0]
[LOG 22:22:47]: tidallyLocked = True
[LOG 22:22:47]: clampInverseRotThreshold = True
[LOG 22:22:47]: inverseRotation = True
[LOG 22:22:47]: inverseRotThresholdAltitude = 100000
[LOG 22:22:47]: angularV = 0
[LOG 22:22:47]: timeWarpAltitudeLimits = System.Single[]
[LOG 22:22:47]: atmosphericAmbientColor = RGBA(0.000, 0.000, 0.000, 0.000)
[LOG 22:22:47]: orbitingBodies = System.Collections.Generic.List`1[CelestialBody]
[LOG 22:22:47]: BodyFrame = Planetarium+CelestialFrame
[LOG 22:22:47]: progressTree = KSPAchievements.CelestialBodySubtree
[LOG 22:22:47]: bodyType = Generic
[LOG 22:22:47]: scienceValues = CelestialBodyScienceParams
[LOG 22:22:47]: BiomeMap = mun_biome (CBAttributeMapSO)
[LOG 22:22:47]: MiniBiomes = MiniBiome[]
[LOG 22:22:47]: bodyTransform = 
[LOG 22:22:47]: --------------------------------------
