//===============================================================================================================//
//=====  Kopernicus 1.7.3-2 - (BuildDate: 12.09.2019 10:49:54; AssemblyHash: mEiDzMX4z4uZzKUC3t772hbCbxI=)  =====//
//===============================================================================================================//
[LOG 22:22:49]: Logger "Squad/Pol.Body" was created
[LOG 22:22:49]: Parsing Target name in (Kopernicus.Configuration.Body) as (System.String)
[LOG 22:22:49]: Parsing Target Template in (Kopernicus.Configuration.Body) as (Kopernicus.Configuration.TemplateLoader)
[LOG 22:22:49]: Parsing Target name in (Kopernicus.Configuration.TemplateLoader) as (System.String)
[LOG 22:22:49]: Parsing Target removePQS in (Kopernicus.Configuration.TemplateLoader) as (Kopernicus.ConfigParser.BuiltinTypeParsers.NumericParser`1[System.Boolean])
[LOG 22:22:49]: Parsing Target removeBiomes in (Kopernicus.Configuration.TemplateLoader) as (Kopernicus.ConfigParser.BuiltinTypeParsers.NumericParser`1[System.Boolean])
[LOG 22:22:49]: Parsing Target removeAtmosphere in (Kopernicus.Configuration.TemplateLoader) as (Kopernicus.ConfigParser.BuiltinTypeParsers.NumericParser`1[System.Boolean])
[LOG 22:22:49]: Parsing Target removeOcean in (Kopernicus.Configuration.TemplateLoader) as (Kopernicus.ConfigParser.BuiltinTypeParsers.NumericParser`1[System.Boolean])
[LOG 22:22:49]: Parsing Target removePQSMods in (Kopernicus.Configuration.TemplateLoader) as (Kopernicus.ConfigParser.BuiltinTypeParsers.StringCollectionParser)
[LOG 22:22:49]: Parsing Target removeAllPQSMods in (Kopernicus.Configuration.TemplateLoader) as (Kopernicus.ConfigParser.BuiltinTypeParsers.NumericParser`1[System.Boolean])
[LOG 22:22:49]: Parsing Target removeProgressTree in (Kopernicus.Configuration.TemplateLoader) as (Kopernicus.ConfigParser.BuiltinTypeParsers.NumericParser`1[System.Boolean])
[LOG 22:22:49]: Parsing Target removeCoronas in (Kopernicus.Configuration.TemplateLoader) as (Kopernicus.ConfigParser.BuiltinTypeParsers.NumericParser`1[System.Boolean])
[LOG 22:22:49]: Using Template "Pol"
[LOG 22:22:49]: Patching PQSLandControl
[LOG 22:22:49]: Parsing Target cacheFile in (Kopernicus.Configuration.Body) as (System.String)
[LOG 22:22:49]: Parsing Target barycenter in (Kopernicus.Configuration.Body) as (Kopernicus.ConfigParser.BuiltinTypeParsers.NumericParser`1[System.Boolean])
[LOG 22:22:49]: Parsing Target cbNameLater in (Kopernicus.Configuration.Body) as (System.String)
[LOG 22:22:49]: Parsing Target identifier in (Kopernicus.Configuration.Body) as (System.String)
[LOG 22:22:49]: Parsing Target self in (Kopernicus.Configuration.Body) as (System.Collections.Generic.List`1[Kopernicus.ConfigParser.BuiltinTypeParsers.StringCollectionParser])
[LOG 22:22:49]: Parsing Target finalizeOrbit in (Kopernicus.Configuration.Body) as (Kopernicus.ConfigParser.BuiltinTypeParsers.NumericParser`1[System.Boolean])
[LOG 22:22:49]: Parsing Target randomMainMenuBody in (Kopernicus.Configuration.Body) as (Kopernicus.ConfigParser.BuiltinTypeParsers.NumericParser`1[System.Boolean])
[LOG 22:22:49]: Parsing Target contractWeight in (Kopernicus.Configuration.Body) as (Kopernicus.ConfigParser.BuiltinTypeParsers.NumericParser`1[System.Int32])
[LOG 22:22:49]: Parsing Target Properties in (Kopernicus.Configuration.Body) as (Kopernicus.Configuration.PropertiesLoader)
[LOG 22:22:49]: Parsing Target description in (Kopernicus.Configuration.PropertiesLoader) as (System.String)
[LOG 22:22:49]: Parsing Target radius in (Kopernicus.Configuration.PropertiesLoader) as (Kopernicus.ConfigParser.BuiltinTypeParsers.NumericParser`1[System.Double])
[LOG 22:22:49]: Parsing Target geeASL in (Kopernicus.Configuration.PropertiesLoader) as (Kopernicus.ConfigParser.BuiltinTypeParsers.NumericParser`1[System.Double])
[LOG 22:22:49]: Parsing Target mass in (Kopernicus.Configuration.PropertiesLoader) as (Kopernicus.ConfigParser.BuiltinTypeParsers.NumericParser`1[System.Double])
[LOG 22:22:49]: Parsing Target gravParameter in (Kopernicus.Configuration.PropertiesLoader) as (Kopernicus.ConfigParser.BuiltinTypeParsers.NumericParser`1[System.Double])
[LOG 22:22:49]: Parsing Target rotates in (Kopernicus.Configuration.PropertiesLoader) as (Kopernicus.ConfigParser.BuiltinTypeParsers.NumericParser`1[System.Boolean])
[LOG 22:22:49]: Parsing Target rotationPeriod in (Kopernicus.Configuration.PropertiesLoader) as (Kopernicus.ConfigParser.BuiltinTypeParsers.NumericParser`1[System.Double])
[LOG 22:22:49]: Parsing Target tidallyLocked in (Kopernicus.Configuration.PropertiesLoader) as (Kopernicus.ConfigParser.BuiltinTypeParsers.NumericParser`1[System.Boolean])
[LOG 22:22:49]: Parsing Target initialRotation in (Kopernicus.Configuration.PropertiesLoader) as (Kopernicus.ConfigParser.BuiltinTypeParsers.NumericParser`1[System.Double])
[LOG 22:22:49]: Parsing Target inverseRotThresholdAltitude in (Kopernicus.Configuration.PropertiesLoader) as (Kopernicus.ConfigParser.BuiltinTypeParsers.NumericParser`1[System.Single])
[LOG 22:22:49]: Parsing Target albedo in (Kopernicus.Configuration.PropertiesLoader) as (Kopernicus.ConfigParser.BuiltinTypeParsers.NumericParser`1[System.Double])
[LOG 22:22:49]: Parsing Target emissivity in (Kopernicus.Configuration.PropertiesLoader) as (Kopernicus.ConfigParser.BuiltinTypeParsers.NumericParser`1[System.Double])
[LOG 22:22:49]: Parsing Target coreTemperatureOffset in (Kopernicus.Configuration.PropertiesLoader) as (Kopernicus.ConfigParser.BuiltinTypeParsers.NumericParser`1[System.Double])
[LOG 22:22:49]: Parsing Target timewarpAltitudeLimits in (Kopernicus.Configuration.PropertiesLoader) as (Kopernicus.ConfigParser.BuiltinTypeParsers.NumericCollectionParser`1[System.Single])
[LOG 22:22:49]: Parsing Target sphereOfInfluence in (Kopernicus.Configuration.PropertiesLoader) as (Kopernicus.ConfigParser.BuiltinTypeParsers.NumericParser`1[System.Double])
[LOG 22:22:49]: Parsing Target solarRotationPeriod in (Kopernicus.Configuration.PropertiesLoader) as (Kopernicus.ConfigParser.BuiltinTypeParsers.NumericParser`1[System.Boolean])
[LOG 22:22:49]: Parsing Target navballSwitchRadiusMult in (Kopernicus.Configuration.PropertiesLoader) as (Kopernicus.ConfigParser.BuiltinTypeParsers.NumericParser`1[System.Double])
[LOG 22:22:49]: Parsing Target navballSwitchRadiusMultLow in (Kopernicus.Configuration.PropertiesLoader) as (Kopernicus.ConfigParser.BuiltinTypeParsers.NumericParser`1[System.Double])
[LOG 22:22:49]: Parsing Target ScienceValues in (Kopernicus.Configuration.PropertiesLoader) as (Kopernicus.Configuration.ScienceValuesLoader)
[LOG 22:22:49]: Parsing Target landedDataValue in (Kopernicus.Configuration.ScienceValuesLoader) as (Kopernicus.ConfigParser.BuiltinTypeParsers.NumericParser`1[System.Single])
[LOG 22:22:49]: Parsing Target splashedDataValue in (Kopernicus.Configuration.ScienceValuesLoader) as (Kopernicus.ConfigParser.BuiltinTypeParsers.NumericParser`1[System.Single])
[LOG 22:22:49]: Parsing Target flyingLowDataValue in (Kopernicus.Configuration.ScienceValuesLoader) as (Kopernicus.ConfigParser.BuiltinTypeParsers.NumericParser`1[System.Single])
[LOG 22:22:49]: Parsing Target flyingHighDataValue in (Kopernicus.Configuration.ScienceValuesLoader) as (Kopernicus.ConfigParser.BuiltinTypeParsers.NumericParser`1[System.Single])
[LOG 22:22:49]: Parsing Target inSpaceLowDataValue in (Kopernicus.Configuration.ScienceValuesLoader) as (Kopernicus.ConfigParser.BuiltinTypeParsers.NumericParser`1[System.Single])
[LOG 22:22:49]: Parsing Target inSpaceHighDataValue in (Kopernicus.Configuration.ScienceValuesLoader) as (Kopernicus.ConfigParser.BuiltinTypeParsers.NumericParser`1[System.Single])
[LOG 22:22:49]: Parsing Target recoveryValue in (Kopernicus.Configuration.ScienceValuesLoader) as (Kopernicus.ConfigParser.BuiltinTypeParsers.NumericParser`1[System.Single])
[LOG 22:22:49]: Parsing Target flyingAltitudeThreshold in (Kopernicus.Configuration.ScienceValuesLoader) as (Kopernicus.ConfigParser.BuiltinTypeParsers.NumericParser`1[System.Single])
[LOG 22:22:49]: Parsing Target spaceAltitudeThreshold in (Kopernicus.Configuration.ScienceValuesLoader) as (Kopernicus.ConfigParser.BuiltinTypeParsers.NumericParser`1[System.Single])
[LOG 22:22:49]: Parsing Target biomeMap in (Kopernicus.Configuration.PropertiesLoader) as (Kopernicus.Configuration.Parsing.MapSOParserRGB`1[CBAttributeMapSO])
[LOG 22:22:49]: Parsing Target nonExactThreshold in (Kopernicus.Configuration.PropertiesLoader) as (Kopernicus.ConfigParser.BuiltinTypeParsers.NumericParser`1[System.Single])
[LOG 22:22:49]: Parsing Target exactSearch in (Kopernicus.Configuration.PropertiesLoader) as (Kopernicus.ConfigParser.BuiltinTypeParsers.NumericParser`1[System.Boolean])
[LOG 22:22:49]: Parsing Target Biomes in (Kopernicus.Configuration.PropertiesLoader) as (Kopernicus.Configuration.Parsing.CallbackList`1[Kopernicus.Configuration.BiomeLoader])
[LOG 22:22:49]: Parsing Target useTheInName in (Kopernicus.Configuration.PropertiesLoader) as (Kopernicus.ConfigParser.BuiltinTypeParsers.NumericParser`1[System.Boolean])
[LOG 22:22:49]: Parsing Target displayName in (Kopernicus.Configuration.PropertiesLoader) as (System.String)
[LOG 22:22:49]: Parsing Target selectable in (Kopernicus.Configuration.PropertiesLoader) as (Kopernicus.ConfigParser.BuiltinTypeParsers.NumericParser`1[System.Boolean])
[LOG 22:22:49]: Parsing Target RDVisibility in (Kopernicus.Configuration.PropertiesLoader) as (Kopernicus.ConfigParser.BuiltinTypeParsers.EnumParser`1[Kopernicus.Configuration.PropertiesLoader+RnDVisibility])
[LOG 22:22:49]: Parsing Target RnDVisibility in (Kopernicus.Configuration.PropertiesLoader) as (Kopernicus.ConfigParser.BuiltinTypeParsers.EnumParser`1[Kopernicus.Configuration.PropertiesLoader+RnDVisibility])
[LOG 22:22:49]: Parsing Target RnDRotation in (Kopernicus.Configuration.PropertiesLoader) as (Kopernicus.ConfigParser.BuiltinTypeParsers.NumericParser`1[System.Boolean])
[LOG 22:22:49]: Parsing Target maxZoom in (Kopernicus.Configuration.PropertiesLoader) as (Kopernicus.ConfigParser.BuiltinTypeParsers.NumericParser`1[System.Single])
[LOG 22:22:49]: --------- Science Values ------------
[LOG 22:22:49]: LandedDataValue = 12
[LOG 22:22:49]: SplashedDataValue = 1
[LOG 22:22:49]: FlyingLowDataValue = 1
[LOG 22:22:49]: FlyingHighDataValue = 1
[LOG 22:22:49]: InSpaceLowDataValue = 9
[LOG 22:22:49]: InSpaceHighDataValue = 8
[LOG 22:22:49]: RecoveryValue = 8
[LOG 22:22:49]: flyingAltitudeThreshold = 18000
[LOG 22:22:49]: spaceAltitudeThreshold = 22000
[LOG 22:22:49]: --------------------------------------
[LOG 22:22:49]: Found Biome: Poles : RGBA(1.000, 0.953, 0.773, 1.000) : 0
[LOG 22:22:49]: Found Biome: Lowlands : RGBA(0.714, 0.647, 0.408, 1.000) : 0
[LOG 22:22:49]: Found Biome: Highlands : RGBA(0.961, 0.894, 0.639, 1.000) : 0
[LOG 22:22:49]: Found Biome: Midlands : RGBA(0.831, 0.757, 0.478, 1.000) : 0
[LOG 22:22:49]: Parsing Target Orbit in (Kopernicus.Configuration.Body) as (Kopernicus.Configuration.OrbitLoader)
[LOG 22:22:49]: Parsing Target referenceBody in (Kopernicus.Configuration.OrbitLoader) as (System.String)
[LOG 22:22:49]: Parsing Target inclination in (Kopernicus.Configuration.OrbitLoader) as (Kopernicus.ConfigParser.BuiltinTypeParsers.NumericParser`1[System.Double])
[LOG 22:22:49]: Parsing Target eccentricity in (Kopernicus.Configuration.OrbitLoader) as (Kopernicus.ConfigParser.BuiltinTypeParsers.NumericParser`1[System.Double])
[LOG 22:22:49]: Parsing Target semiMajorAxis in (Kopernicus.Configuration.OrbitLoader) as (Kopernicus.ConfigParser.BuiltinTypeParsers.NumericParser`1[System.Double])
[LOG 22:22:49]: Parsing Target longitudeOfAscendingNode in (Kopernicus.Configuration.OrbitLoader) as (Kopernicus.ConfigParser.BuiltinTypeParsers.NumericParser`1[System.Double])
[LOG 22:22:49]: Parsing Target argumentOfPeriapsis in (Kopernicus.Configuration.OrbitLoader) as (Kopernicus.ConfigParser.BuiltinTypeParsers.NumericParser`1[System.Double])
[LOG 22:22:49]: Parsing Target meanAnomalyAtEpoch in (Kopernicus.Configuration.OrbitLoader) as (Kopernicus.ConfigParser.BuiltinTypeParsers.NumericParser`1[System.Double])
[LOG 22:22:49]: Parsing Target meanAnomalyAtEpochD in (Kopernicus.Configuration.OrbitLoader) as (Kopernicus.ConfigParser.BuiltinTypeParsers.NumericParser`1[System.Double])
[LOG 22:22:49]: Parsing Target epoch in (Kopernicus.Configuration.OrbitLoader) as (Kopernicus.ConfigParser.BuiltinTypeParsers.NumericParser`1[System.Double])
[LOG 22:22:49]: Parsing Target color in (Kopernicus.Configuration.OrbitLoader) as (Kopernicus.ConfigParser.BuiltinTypeParsers.ColorParser)
[LOG 22:22:49]: Parsing Target iconColor in (Kopernicus.Configuration.OrbitLoader) as (Kopernicus.ConfigParser.BuiltinTypeParsers.ColorParser)
[LOG 22:22:49]: Parsing Target nodeColor in (Kopernicus.Configuration.OrbitLoader) as (Kopernicus.ConfigParser.BuiltinTypeParsers.ColorParser)
[LOG 22:22:49]: Parsing Target mode in (Kopernicus.Configuration.OrbitLoader) as (Kopernicus.ConfigParser.BuiltinTypeParsers.EnumParser`1[OrbitRendererBase+DrawMode])
[LOG 22:22:49]: Parsing Target icon in (Kopernicus.Configuration.OrbitLoader) as (Kopernicus.ConfigParser.BuiltinTypeParsers.EnumParser`1[OrbitRendererBase+DrawIcons])
[LOG 22:22:49]: Parsing Target cameraSmaRatioBounds in (Kopernicus.Configuration.OrbitLoader) as (Kopernicus.ConfigParser.BuiltinTypeParsers.NumericCollectionParser`1[System.Single])
[LOG 22:22:49]: Parsing Target period in (Kopernicus.Configuration.OrbitLoader) as (Kopernicus.ConfigParser.BuiltinTypeParsers.NumericParser`1[System.Double])
[LOG 22:22:49]: Parsing Target iconTexture in (Kopernicus.Configuration.OrbitLoader) as (Kopernicus.Configuration.Parsing.Texture2DParser)
[LOG 22:22:49]: Parsing Target ScaledVersion in (Kopernicus.Configuration.Body) as (Kopernicus.Configuration.ScaledVersionLoader)
[LOG 22:22:49]: Parsing Target type in (Kopernicus.Configuration.ScaledVersionLoader) as (Kopernicus.ConfigParser.BuiltinTypeParsers.EnumParser`1[Kopernicus.Configuration.Enumerations.BodyType])
[LOG 22:22:49]: Copying "celestialBody": <NULL> => <NULL>
[LOG 22:22:49]: Copying "floatName": <NULL> => _Opacity
[LOG 22:22:49]: Copying "fadeStart": 0 => 130000
[LOG 22:22:49]: Copying "fadeEnd": 0 => 135000
[LOG 22:22:49]: Copying "r": <NULL> => <NULL>
[LOG 22:22:49]: Parsing Target fadeStart in (Kopernicus.Configuration.ScaledVersionLoader) as (Kopernicus.ConfigParser.BuiltinTypeParsers.NumericParser`1[System.Single])
[LOG 22:22:49]: Parsing Target fadeEnd in (Kopernicus.Configuration.ScaledVersionLoader) as (Kopernicus.ConfigParser.BuiltinTypeParsers.NumericParser`1[System.Single])
[LOG 22:22:49]: Parsing Target Light in (Kopernicus.Configuration.ScaledVersionLoader) as (Kopernicus.Configuration.LightShifterLoader)
[LOG 22:22:49]: Parsing Target sphericalModel in (Kopernicus.Configuration.ScaledVersionLoader) as (Kopernicus.ConfigParser.BuiltinTypeParsers.NumericParser`1[System.Boolean])
[LOG 22:22:49]: Parsing Target deferMesh in (Kopernicus.Configuration.ScaledVersionLoader) as (Kopernicus.ConfigParser.BuiltinTypeParsers.NumericParser`1[System.Boolean])
[LOG 22:22:49]: Parsing Target invisible in (Kopernicus.Configuration.ScaledVersionLoader) as (Kopernicus.ConfigParser.BuiltinTypeParsers.NumericParser`1[System.Boolean])
[LOG 22:22:49]: Parsing Target Material in (Kopernicus.Configuration.ScaledVersionLoader) as (UnityEngine.Material)
[LOG 22:22:49]: Parsing Target OnDemand in (Kopernicus.Configuration.ScaledVersionLoader) as (Kopernicus.Configuration.ScaledVersionLoader+OnDemandConfig)
[LOG 22:22:49]: Parsing Target TextureOptions in (Kopernicus.Configuration.ScaledVersionLoader) as (Kopernicus.UI.PlanetTextureExporter+TextureOptions)
[LOG 22:22:49]: Parsing Target Coronas in (Kopernicus.Configuration.ScaledVersionLoader) as (System.Collections.Generic.List`1[Kopernicus.Configuration.CoronaLoader])
[LOG 22:22:49]: ============= Scaled Version Dump ===================
[LOG 22:22:49]: Pol (UnityEngine.GameObject)
[LOG 22:22:49]:  >>> Components <<< 
[LOG 22:22:49]:  Pol (UnityEngine.Transform)
[LOG 22:22:49]:  Pol (UnityEngine.MeshFilter)
[LOG 22:22:49]:  Pol (UnityEngine.MeshRenderer)
[LOG 22:22:49]:  Pol (UnityEngine.SphereCollider)
[LOG 22:22:49]:  Pol (Kopernicus.Components.SharedScaledSpaceFader)
[LOG 22:22:49]:  >>> ---------- <<< 
[LOG 22:22:49]: ===========================================
[LOG 22:22:49]: Parsing Target Atmosphere in (Kopernicus.Configuration.Body) as (Kopernicus.Configuration.AtmosphereLoader)
[LOG 22:22:49]: Parsing Target PQS in (Kopernicus.Configuration.Body) as (Kopernicus.Configuration.PQSLoader)
[LOG 22:22:49]: Parsing Target materialType in (Kopernicus.Configuration.PQSLoader) as (Kopernicus.ConfigParser.BuiltinTypeParsers.EnumParser`1[Kopernicus.Configuration.PQSLoader+SurfaceMaterialType])
[LOG 22:22:49]: Parsing Target PhysicsMaterial in (Kopernicus.Configuration.PQSLoader) as (Kopernicus.Configuration.Parsing.PhysicsMaterialParser)
[LOG 22:22:49]: Parsing Target minLevel in (Kopernicus.Configuration.PQSLoader) as (Kopernicus.ConfigParser.BuiltinTypeParsers.NumericParser`1[System.Int32])
[LOG 22:22:49]: Parsing Target maxLevel in (Kopernicus.Configuration.PQSLoader) as (Kopernicus.ConfigParser.BuiltinTypeParsers.NumericParser`1[System.Int32])
[LOG 22:22:49]: Parsing Target minDetailDistance in (Kopernicus.Configuration.PQSLoader) as (Kopernicus.ConfigParser.BuiltinTypeParsers.NumericParser`1[System.Double])
[LOG 22:22:49]: Parsing Target maxQuadLengthsPerFrame in (Kopernicus.Configuration.PQSLoader) as (Kopernicus.ConfigParser.BuiltinTypeParsers.NumericParser`1[System.Single])
[LOG 22:22:49]: Parsing Target fadeStart in (Kopernicus.Configuration.PQSLoader) as (Kopernicus.ConfigParser.BuiltinTypeParsers.NumericParser`1[System.Single])
[LOG 22:22:49]: Parsing Target fadeEnd in (Kopernicus.Configuration.PQSLoader) as (Kopernicus.ConfigParser.BuiltinTypeParsers.NumericParser`1[System.Single])
[LOG 22:22:49]: Parsing Target deactivateAltitude in (Kopernicus.Configuration.PQSLoader) as (Kopernicus.ConfigParser.BuiltinTypeParsers.NumericParser`1[System.Double])
[LOG 22:22:49]: Parsing Target mapMaxHeight in (Kopernicus.Configuration.PQSLoader) as (Kopernicus.ConfigParser.BuiltinTypeParsers.NumericParser`1[System.Double])
[LOG 22:22:49]: Parsing Target Material in (Kopernicus.Configuration.PQSLoader) as (UnityEngine.Material)
[LOG 22:22:49]: Parsing Target FallbackMaterial in (Kopernicus.Configuration.PQSLoader) as (UnityEngine.Material)
[LOG 22:22:49]: Parsing Target Mods in (Kopernicus.Configuration.PQSLoader) as (System.Collections.Generic.List`1[Kopernicus.Configuration.ModLoader.IModLoader])
[LOG 22:22:49]:   Pol (UnityEngine.GameObject)
[LOG 22:22:49]:    >>> Components <<< 
[LOG 22:22:49]:    Pol (UnityEngine.Transform)
[LOG 22:22:49]:    Pol (PQS)
[LOG 22:22:49]:    >>> ---------- <<< 
[LOG 22:22:49]:       _CelestialBody (UnityEngine.GameObject)
[LOG 22:22:49]:        >>> Components <<< 
[LOG 22:22:49]:        _CelestialBody (UnityEngine.Transform)
[LOG 22:22:49]:        _CelestialBody (PQSMod_CelestialBodyTransform)
[LOG 22:22:49]:        >>> ---------- <<< 
[LOG 22:22:49]:       _Height (UnityEngine.GameObject)
[LOG 22:22:49]:        >>> Components <<< 
[LOG 22:22:49]:        _Height (UnityEngine.Transform)
[LOG 22:22:49]:        _Height (PQSMod_VertexSimplexHeightAbsolute)
[LOG 22:22:49]:        _Height (PQSMod_VertexHeightNoise)
[LOG 22:22:49]:        _Height (PQSMod_FlattenOcean)
[LOG 22:22:49]:        _Height (PQSMod_VertexSimplexHeightAbsolute)
[LOG 22:22:49]:        _Height (PQSMod_VertexHeightOffset)
[LOG 22:22:49]:        >>> ---------- <<< 
[LOG 22:22:49]:       _Material_ModProjection (UnityEngine.GameObject)
[LOG 22:22:49]:        >>> Components <<< 
[LOG 22:22:49]:        _Material_ModProjection (UnityEngine.Transform)
[LOG 22:22:49]:        _Material_ModProjection (PQSMod_AltitudeAlpha)
[LOG 22:22:49]:        >>> ---------- <<< 
[LOG 22:22:49]:       _SurfaceQuadUVs (UnityEngine.GameObject)
[LOG 22:22:49]:        >>> Components <<< 
[LOG 22:22:49]:        _SurfaceQuadUVs (UnityEngine.Transform)
[LOG 22:22:49]:        _SurfaceQuadUVs (PQSMod_UVPlanetRelativePosition)
[LOG 22:22:49]:        >>> ---------- <<< 
[LOG 22:22:49]:       _Color (UnityEngine.GameObject)
[LOG 22:22:49]:        >>> Components <<< 
[LOG 22:22:49]:        _Color (UnityEngine.Transform)
[LOG 22:22:49]:        _Color (PQSMod_VertexSimplexNoiseColor)
[LOG 22:22:49]:        _Color (PQSMod_HeightColorMap)
[LOG 22:22:49]:        >>> ---------- <<< 
[LOG 22:22:49]:       Scatter (UnityEngine.GameObject)
[LOG 22:22:49]:        >>> Components <<< 
[LOG 22:22:49]:        Scatter (UnityEngine.Transform)
[LOG 22:22:49]:        Scatter (PQSLandControl)
[LOG 22:22:49]:        >>> ---------- <<< 
[LOG 22:22:49]:           Scatter (UnityEngine.GameObject)
[LOG 22:22:49]:            >>> Components <<< 
[LOG 22:22:49]:            Scatter (UnityEngine.Transform)
[LOG 22:22:49]:            Scatter (Kopernicus.Components.ModularScatter.ModularScatter)
[LOG 22:22:49]:            >>> ---------- <<< 
[LOG 22:22:49]:           Scatter (UnityEngine.GameObject)
[LOG 22:22:49]:            >>> Components <<< 
[LOG 22:22:49]:            Scatter (UnityEngine.Transform)
[LOG 22:22:49]:            Scatter (Kopernicus.Components.ModularScatter.ModularScatter)
[LOG 22:22:49]:            >>> ---------- <<< 
[LOG 22:22:49]:       QuadMeshColliders (UnityEngine.GameObject)
[LOG 22:22:49]:        >>> Components <<< 
[LOG 22:22:49]:        QuadMeshColliders (UnityEngine.Transform)
[LOG 22:22:49]:        QuadMeshColliders (PQSMod_QuadMeshColliders)
[LOG 22:22:49]:        >>> ---------- <<< 
[LOG 22:22:49]:       Randolith (UnityEngine.GameObject)
[LOG 22:22:49]:        >>> Components <<< 
[LOG 22:22:49]:        Randolith (UnityEngine.Transform)
[LOG 22:22:49]:        Randolith (PQSCity)
[LOG 22:22:49]:        Randolith (PrefabSpawner)
[LOG 22:22:49]:        >>> ---------- <<< 
[LOG 22:22:49]:           monolith01 (UnityEngine.GameObject)
[LOG 22:22:49]:            >>> Components <<< 
[LOG 22:22:49]:            monolith01 (UnityEngine.Transform)
[LOG 22:22:49]:            monolith01 (UnityEngine.MeshFilter)
[LOG 22:22:49]:            monolith01 (UnityEngine.MeshRenderer)
[LOG 22:22:49]:            monolith01 (UnityEngine.Animation)
[LOG 22:22:49]:            monolith01 (UnityEngine.MeshCollider)
[LOG 22:22:49]:            >>> ---------- <<< 
[LOG 22:22:49]:       _PQSROCControl (UnityEngine.GameObject)
[LOG 22:22:49]:        >>> Components <<< 
[LOG 22:22:49]:        _PQSROCControl (UnityEngine.Transform)
[LOG 22:22:49]:        _PQSROCControl (PQSROCControl)
[LOG 22:22:49]:        >>> ---------- <<< 
[LOG 22:22:49]:       LandControlFixer (UnityEngine.GameObject)
[LOG 22:22:49]:        >>> Components <<< 
[LOG 22:22:49]:        LandControlFixer (UnityEngine.Transform)
[LOG 22:22:49]:        LandControlFixer (Kopernicus.Components.PQSLandControlFixer)
[LOG 22:22:49]:        >>> ---------- <<< 
[LOG 22:22:49]:       OnDemandHandler (UnityEngine.GameObject)
[LOG 22:22:49]:        >>> Components <<< 
[LOG 22:22:49]:        OnDemandHandler (UnityEngine.Transform)
[LOG 22:22:49]:        OnDemandHandler (Kopernicus.OnDemand.PQSMod_OnDemandHandler)
[LOG 22:22:49]:        >>> ---------- <<< 
[LOG 22:22:49]: Parsing Target Ocean in (Kopernicus.Configuration.Body) as (Kopernicus.Configuration.OceanLoader)
[LOG 22:22:49]: Parsing Target Rings in (Kopernicus.Configuration.Body) as (System.Collections.Generic.List`1[Kopernicus.Configuration.RingLoader])
[LOG 22:22:49]: Parsing Target Particles in (Kopernicus.Configuration.Body) as (System.Collections.Generic.List`1[Kopernicus.Configuration.ParticleLoader])
[LOG 22:22:49]: Parsing Target HazardousBody in (Kopernicus.Configuration.Body) as (System.Collections.Generic.List`1[Kopernicus.Configuration.HazardousBodyLoader])
[LOG 22:22:49]: Parsing Target SpaceCenter in (Kopernicus.Configuration.Body) as (Kopernicus.Configuration.SpaceCenterLoader)
[LOG 22:22:49]: Parsing Target Debug in (Kopernicus.Configuration.Body) as (Kopernicus.Configuration.DebugLoader)
[LOG 22:22:49]: Parsing Target PostSpawnOrbit in (Kopernicus.Configuration.Body) as (ConfigNode)
[LOG 22:22:50]: --------- Celestial Body ------------
[LOG 22:22:50]: bodyName = Pol
[LOG 22:22:50]: bodyDisplayName = #autoLOC_910021
[LOG 22:22:50]: bodyAdjectiveDisplayName = #autoLOC_6004074
[LOG 22:22:50]: bodyDescription = #autoLOC_900077
[LOG 22:22:50]: GeeASL = 0.0380129809873912
[LOG 22:22:50]: Radius = 44000
[LOG 22:22:50]: Mass = 0
[LOG 22:22:50]: Density = 0
[LOG 22:22:50]: SurfaceArea = 0
[LOG 22:22:50]: gravParameter = 0
[LOG 22:22:50]: sphereOfInfluence = 0
[LOG 22:22:50]: hillSphere = 0
[LOG 22:22:50]: gMagnitudeAtCenter = 0
[LOG 22:22:50]: atmDensityASL = 0
[LOG 22:22:50]: atmPressureASL = 0
[LOG 22:22:50]: scaledEllipsoid = True
[LOG 22:22:50]: scaledElipRadMult = [1, 1, 1]
[LOG 22:22:50]: scaledRadiusHorizonMultiplier = 1
[LOG 22:22:50]: navballSwitchRadiusMult = 0.06
[LOG 22:22:50]: navballSwitchRadiusMultLow = 0.055
[LOG 22:22:50]: use_The_InName = False
[LOG 22:22:50]: isHomeWorld = False
[LOG 22:22:50]: ocean = False
[LOG 22:22:50]: oceanUseFog = True
[LOG 22:22:50]: oceanFogPQSDepth = 1000
[LOG 22:22:50]: oceanFogPQSDepthRecip = 0.001
[LOG 22:22:50]: oceanFogDensityStart = 0.015
[LOG 22:22:50]: oceanFogDensityEnd = 0.13
[LOG 22:22:50]: oceanFogDensityPQSMult = 0.02
[LOG 22:22:50]: oceanFogDensityAltScalar = -0.0008
[LOG 22:22:50]: oceanFogDensityExponent = 1
[LOG 22:22:50]: oceanFogColorStart = RGBA(0.000, 0.337, 0.486, 1.000)
[LOG 22:22:50]: oceanFogColorEnd = RGBA(0.000, 0.084, 0.122, 1.000)
[LOG 22:22:50]: oceanFogDawnFactor = 10
[LOG 22:22:50]: oceanSkyColorMult = 1.2
[LOG 22:22:50]: oceanSkyColorOpacityBase = 0.2
[LOG 22:22:50]: oceanSkyColorOpacityAltMult = 2
[LOG 22:22:50]: oceanDensity = 1
[LOG 22:22:50]: oceanAFGBase = 0.6
[LOG 22:22:50]: oceanAFGAltMult = 0.05
[LOG 22:22:50]: oceanAFGMin = 0.05
[LOG 22:22:50]: oceanSunBase = 0.5
[LOG 22:22:50]: oceanSunAltMult = 0.01
[LOG 22:22:50]: oceanSunMin = 0.05
[LOG 22:22:50]: oceanAFGLerp = False
[LOG 22:22:50]: oceanMinAlphaFogDistance = 200
[LOG 22:22:50]: oceanMaxAlbedoFog = 0.95
[LOG 22:22:50]: oceanMaxAlphaFog = 0.9
[LOG 22:22:50]: oceanAlbedoDistanceScalar = 0.01
[LOG 22:22:50]: oceanAlphaDistanceScalar = 0.01
[LOG 22:22:50]: minOrbitalDistance = 100000
[LOG 22:22:50]: atmosphere = False
[LOG 22:22:50]: atmosphereContainsOxygen = False
[LOG 22:22:50]: atmosphereDepth = 0
[LOG 22:22:50]: atmosphereTemperatureSeaLevel = 288
[LOG 22:22:50]: atmospherePressureSeaLevel = 101.325
[LOG 22:22:50]: atmosphereMolarMass = 0.0289644
[LOG 22:22:50]: atmosphereAdiabaticIndex = 1.39999997615814
[LOG 22:22:50]: atmosphereTemperatureLapseRate = 0
[LOG 22:22:50]: atmosphereGasMassLapseRate = 0
[LOG 22:22:50]: atmosphereUseTemperatureCurve = False
[LOG 22:22:50]: atmosphereTemperatureCurveIsNormalized = False
[LOG 22:22:50]: atmosphereTemperatureCurve = FloatCurve
[LOG 22:22:50]: latitudeTemperatureBiasCurve = FloatCurve
[LOG 22:22:50]: latitudeTemperatureSunMultCurve = FloatCurve
[LOG 22:22:50]: axialTemperatureSunMultCurve = FloatCurve
[LOG 22:22:50]: axialTemperatureSunBiasCurve = FloatCurve
[LOG 22:22:50]: atmosphereTemperatureSunMultCurve = FloatCurve
[LOG 22:22:50]: maxAxialDot = 0
[LOG 22:22:50]: eccentricityTemperatureBiasCurve = FloatCurve
[LOG 22:22:50]: albedo = 0.5
[LOG 22:22:50]: emissivity = 0.5
[LOG 22:22:50]: coreTemperatureOffset = 7
[LOG 22:22:50]: convectionMultiplier = 1
[LOG 22:22:50]: shockTemperatureMultiplier = 1
[LOG 22:22:50]: atmosphereUsePressureCurve = False
[LOG 22:22:50]: atmospherePressureCurveIsNormalized = False
[LOG 22:22:50]: atmospherePressureCurve = FloatCurve
[LOG 22:22:50]: radiusAtmoFactor = 1
[LOG 22:22:50]: hasSolidSurface = True
[LOG 22:22:50]: isStar = False
[LOG 22:22:50]: rotation = (0.0, 0.0, 0.0, 0.0)
[LOG 22:22:50]: orbitDriver = Pol (OrbitDriver)
[LOG 22:22:50]: pqsController = Pol (PQS)
[LOG 22:22:50]: pqsSurfaceObjects = PQSSurfaceObject[]
[LOG 22:22:50]: scaledBody = Pol (UnityEngine.GameObject)
[LOG 22:22:50]: afg = 
[LOG 22:22:50]: rotates = True
[LOG 22:22:50]: rotationPeriod = 14800
[LOG 22:22:50]: rotPeriodRecip = 0
[LOG 22:22:50]: solarDayLength = 0
[LOG 22:22:50]: solarRotationPeriod = False
[LOG 22:22:50]: initialRotation = 25
[LOG 22:22:50]: rotationAngle = 0
[LOG 22:22:50]: directRotAngle = 0
[LOG 22:22:50]: angularVelocity = [0, 0, 0]
[LOG 22:22:50]: zUpAngularVelocity = [0, 0, 0]
[LOG 22:22:50]: tidallyLocked = True
[LOG 22:22:50]: clampInverseRotThreshold = True
[LOG 22:22:50]: inverseRotation = False
[LOG 22:22:50]: inverseRotThresholdAltitude = 100000
[LOG 22:22:50]: angularV = 0
[LOG 22:22:50]: timeWarpAltitudeLimits = System.Single[]
[LOG 22:22:50]: atmosphericAmbientColor = RGBA(0.000, 0.000, 0.000, 0.000)
[LOG 22:22:50]: orbitingBodies = System.Collections.Generic.List`1[CelestialBody]
[LOG 22:22:50]: BodyFrame = Planetarium+CelestialFrame
[LOG 22:22:50]: progressTree = KSPAchievements.CelestialBodySubtree
[LOG 22:22:50]: bodyType = Generic
[LOG 22:22:50]: scienceValues = CelestialBodyScienceParams
[LOG 22:22:50]: BiomeMap = pol_biome (CBAttributeMapSO)
[LOG 22:22:50]: MiniBiomes = MiniBiome[]
[LOG 22:22:50]: bodyTransform = 
[LOG 22:22:50]: --------------------------------------
