//===============================================================================================================//
//=====  Kopernicus 1.7.3-2 - (BuildDate: 12.09.2019 10:49:54; AssemblyHash: mEiDzMX4z4uZzKUC3t772hbCbxI=)  =====//
//===============================================================================================================//
[LOG 22:22:45]: Logger "Squad/Sun.Body" was created
[LOG 22:22:45]: Parsing Target name in (Kopernicus.Configuration.Body) as (System.String)
[LOG 22:22:45]: Parsing Target Template in (Kopernicus.Configuration.Body) as (Kopernicus.Configuration.TemplateLoader)
[LOG 22:22:45]: Parsing Target name in (Kopernicus.Configuration.TemplateLoader) as (System.String)
[LOG 22:22:45]: Parsing Target removePQS in (Kopernicus.Configuration.TemplateLoader) as (Kopernicus.ConfigParser.BuiltinTypeParsers.NumericParser`1[System.Boolean])
[LOG 22:22:45]: Parsing Target removeBiomes in (Kopernicus.Configuration.TemplateLoader) as (Kopernicus.ConfigParser.BuiltinTypeParsers.NumericParser`1[System.Boolean])
[LOG 22:22:45]: Parsing Target removeAtmosphere in (Kopernicus.Configuration.TemplateLoader) as (Kopernicus.ConfigParser.BuiltinTypeParsers.NumericParser`1[System.Boolean])
[LOG 22:22:45]: Parsing Target removeOcean in (Kopernicus.Configuration.TemplateLoader) as (Kopernicus.ConfigParser.BuiltinTypeParsers.NumericParser`1[System.Boolean])
[LOG 22:22:45]: Parsing Target removePQSMods in (Kopernicus.Configuration.TemplateLoader) as (Kopernicus.ConfigParser.BuiltinTypeParsers.StringCollectionParser)
[LOG 22:22:45]: Parsing Target removeAllPQSMods in (Kopernicus.Configuration.TemplateLoader) as (Kopernicus.ConfigParser.BuiltinTypeParsers.NumericParser`1[System.Boolean])
[LOG 22:22:45]: Parsing Target removeProgressTree in (Kopernicus.Configuration.TemplateLoader) as (Kopernicus.ConfigParser.BuiltinTypeParsers.NumericParser`1[System.Boolean])
[LOG 22:22:45]: Parsing Target removeCoronas in (Kopernicus.Configuration.TemplateLoader) as (Kopernicus.ConfigParser.BuiltinTypeParsers.NumericParser`1[System.Boolean])
[LOG 22:22:45]: Using Template "Sun"
[LOG 22:22:45]: Parsing Target cacheFile in (Kopernicus.Configuration.Body) as (System.String)
[LOG 22:22:45]: Parsing Target barycenter in (Kopernicus.Configuration.Body) as (Kopernicus.ConfigParser.BuiltinTypeParsers.NumericParser`1[System.Boolean])
[LOG 22:22:45]: Parsing Target cbNameLater in (Kopernicus.Configuration.Body) as (System.String)
[LOG 22:22:45]: Parsing Target identifier in (Kopernicus.Configuration.Body) as (System.String)
[LOG 22:22:45]: Parsing Target self in (Kopernicus.Configuration.Body) as (System.Collections.Generic.List`1[Kopernicus.ConfigParser.BuiltinTypeParsers.StringCollectionParser])
[LOG 22:22:45]: Parsing Target finalizeOrbit in (Kopernicus.Configuration.Body) as (Kopernicus.ConfigParser.BuiltinTypeParsers.NumericParser`1[System.Boolean])
[LOG 22:22:45]: Parsing Target randomMainMenuBody in (Kopernicus.Configuration.Body) as (Kopernicus.ConfigParser.BuiltinTypeParsers.NumericParser`1[System.Boolean])
[LOG 22:22:45]: Parsing Target contractWeight in (Kopernicus.Configuration.Body) as (Kopernicus.ConfigParser.BuiltinTypeParsers.NumericParser`1[System.Int32])
[LOG 22:22:45]: Parsing Target Properties in (Kopernicus.Configuration.Body) as (Kopernicus.Configuration.PropertiesLoader)
[LOG 22:22:45]: Parsing Target description in (Kopernicus.Configuration.PropertiesLoader) as (System.String)
[LOG 22:22:45]: Parsing Target radius in (Kopernicus.Configuration.PropertiesLoader) as (Kopernicus.ConfigParser.BuiltinTypeParsers.NumericParser`1[System.Double])
[LOG 22:22:45]: Parsing Target geeASL in (Kopernicus.Configuration.PropertiesLoader) as (Kopernicus.ConfigParser.BuiltinTypeParsers.NumericParser`1[System.Double])
[LOG 22:22:45]: Parsing Target mass in (Kopernicus.Configuration.PropertiesLoader) as (Kopernicus.ConfigParser.BuiltinTypeParsers.NumericParser`1[System.Double])
[LOG 22:22:45]: Parsing Target gravParameter in (Kopernicus.Configuration.PropertiesLoader) as (Kopernicus.ConfigParser.BuiltinTypeParsers.NumericParser`1[System.Double])
[LOG 22:22:45]: Parsing Target rotates in (Kopernicus.Configuration.PropertiesLoader) as (Kopernicus.ConfigParser.BuiltinTypeParsers.NumericParser`1[System.Boolean])
[LOG 22:22:45]: Parsing Target rotationPeriod in (Kopernicus.Configuration.PropertiesLoader) as (Kopernicus.ConfigParser.BuiltinTypeParsers.NumericParser`1[System.Double])
[LOG 22:22:45]: Parsing Target tidallyLocked in (Kopernicus.Configuration.PropertiesLoader) as (Kopernicus.ConfigParser.BuiltinTypeParsers.NumericParser`1[System.Boolean])
[LOG 22:22:45]: Parsing Target initialRotation in (Kopernicus.Configuration.PropertiesLoader) as (Kopernicus.ConfigParser.BuiltinTypeParsers.NumericParser`1[System.Double])
[LOG 22:22:45]: Parsing Target inverseRotThresholdAltitude in (Kopernicus.Configuration.PropertiesLoader) as (Kopernicus.ConfigParser.BuiltinTypeParsers.NumericParser`1[System.Single])
[LOG 22:22:45]: Parsing Target albedo in (Kopernicus.Configuration.PropertiesLoader) as (Kopernicus.ConfigParser.BuiltinTypeParsers.NumericParser`1[System.Double])
[LOG 22:22:45]: Parsing Target emissivity in (Kopernicus.Configuration.PropertiesLoader) as (Kopernicus.ConfigParser.BuiltinTypeParsers.NumericParser`1[System.Double])
[LOG 22:22:45]: Parsing Target coreTemperatureOffset in (Kopernicus.Configuration.PropertiesLoader) as (Kopernicus.ConfigParser.BuiltinTypeParsers.NumericParser`1[System.Double])
[LOG 22:22:45]: Parsing Target timewarpAltitudeLimits in (Kopernicus.Configuration.PropertiesLoader) as (Kopernicus.ConfigParser.BuiltinTypeParsers.NumericCollectionParser`1[System.Single])
[LOG 22:22:45]: Parsing Target sphereOfInfluence in (Kopernicus.Configuration.PropertiesLoader) as (Kopernicus.ConfigParser.BuiltinTypeParsers.NumericParser`1[System.Double])
[LOG 22:22:45]: Parsing Target solarRotationPeriod in (Kopernicus.Configuration.PropertiesLoader) as (Kopernicus.ConfigParser.BuiltinTypeParsers.NumericParser`1[System.Boolean])
[LOG 22:22:45]: Parsing Target navballSwitchRadiusMult in (Kopernicus.Configuration.PropertiesLoader) as (Kopernicus.ConfigParser.BuiltinTypeParsers.NumericParser`1[System.Double])
[LOG 22:22:45]: Parsing Target navballSwitchRadiusMultLow in (Kopernicus.Configuration.PropertiesLoader) as (Kopernicus.ConfigParser.BuiltinTypeParsers.NumericParser`1[System.Double])
[LOG 22:22:45]: Parsing Target ScienceValues in (Kopernicus.Configuration.PropertiesLoader) as (Kopernicus.Configuration.ScienceValuesLoader)
[LOG 22:22:45]: Parsing Target landedDataValue in (Kopernicus.Configuration.ScienceValuesLoader) as (Kopernicus.ConfigParser.BuiltinTypeParsers.NumericParser`1[System.Single])
[LOG 22:22:45]: Parsing Target splashedDataValue in (Kopernicus.Configuration.ScienceValuesLoader) as (Kopernicus.ConfigParser.BuiltinTypeParsers.NumericParser`1[System.Single])
[LOG 22:22:45]: Parsing Target flyingLowDataValue in (Kopernicus.Configuration.ScienceValuesLoader) as (Kopernicus.ConfigParser.BuiltinTypeParsers.NumericParser`1[System.Single])
[LOG 22:22:45]: Parsing Target flyingHighDataValue in (Kopernicus.Configuration.ScienceValuesLoader) as (Kopernicus.ConfigParser.BuiltinTypeParsers.NumericParser`1[System.Single])
[LOG 22:22:45]: Parsing Target inSpaceLowDataValue in (Kopernicus.Configuration.ScienceValuesLoader) as (Kopernicus.ConfigParser.BuiltinTypeParsers.NumericParser`1[System.Single])
[LOG 22:22:45]: Parsing Target inSpaceHighDataValue in (Kopernicus.Configuration.ScienceValuesLoader) as (Kopernicus.ConfigParser.BuiltinTypeParsers.NumericParser`1[System.Single])
[LOG 22:22:45]: Parsing Target recoveryValue in (Kopernicus.Configuration.ScienceValuesLoader) as (Kopernicus.ConfigParser.BuiltinTypeParsers.NumericParser`1[System.Single])
[LOG 22:22:45]: Parsing Target flyingAltitudeThreshold in (Kopernicus.Configuration.ScienceValuesLoader) as (Kopernicus.ConfigParser.BuiltinTypeParsers.NumericParser`1[System.Single])
[LOG 22:22:45]: Parsing Target spaceAltitudeThreshold in (Kopernicus.Configuration.ScienceValuesLoader) as (Kopernicus.ConfigParser.BuiltinTypeParsers.NumericParser`1[System.Single])
[LOG 22:22:45]: Parsing Target biomeMap in (Kopernicus.Configuration.PropertiesLoader) as (Kopernicus.Configuration.Parsing.MapSOParserRGB`1[CBAttributeMapSO])
[LOG 22:22:45]: Parsing Target nonExactThreshold in (Kopernicus.Configuration.PropertiesLoader) as (Kopernicus.ConfigParser.BuiltinTypeParsers.NumericParser`1[System.Single])
[LOG 22:22:45]: Parsing Target exactSearch in (Kopernicus.Configuration.PropertiesLoader) as (Kopernicus.ConfigParser.BuiltinTypeParsers.NumericParser`1[System.Boolean])
[LOG 22:22:45]: Parsing Target Biomes in (Kopernicus.Configuration.PropertiesLoader) as (Kopernicus.Configuration.Parsing.CallbackList`1[Kopernicus.Configuration.BiomeLoader])
[LOG 22:22:45]: Parsing Target useTheInName in (Kopernicus.Configuration.PropertiesLoader) as (Kopernicus.ConfigParser.BuiltinTypeParsers.NumericParser`1[System.Boolean])
[LOG 22:22:45]: Parsing Target displayName in (Kopernicus.Configuration.PropertiesLoader) as (System.String)
[LOG 22:22:45]: Parsing Target selectable in (Kopernicus.Configuration.PropertiesLoader) as (Kopernicus.ConfigParser.BuiltinTypeParsers.NumericParser`1[System.Boolean])
[LOG 22:22:45]: Parsing Target RDVisibility in (Kopernicus.Configuration.PropertiesLoader) as (Kopernicus.ConfigParser.BuiltinTypeParsers.EnumParser`1[Kopernicus.Configuration.PropertiesLoader+RnDVisibility])
[LOG 22:22:45]: Parsing Target RnDVisibility in (Kopernicus.Configuration.PropertiesLoader) as (Kopernicus.ConfigParser.BuiltinTypeParsers.EnumParser`1[Kopernicus.Configuration.PropertiesLoader+RnDVisibility])
[LOG 22:22:45]: Parsing Target RnDRotation in (Kopernicus.Configuration.PropertiesLoader) as (Kopernicus.ConfigParser.BuiltinTypeParsers.NumericParser`1[System.Boolean])
[LOG 22:22:45]: Parsing Target maxZoom in (Kopernicus.Configuration.PropertiesLoader) as (Kopernicus.ConfigParser.BuiltinTypeParsers.NumericParser`1[System.Single])
[LOG 22:22:45]: --------- Science Values ------------
[LOG 22:22:45]: LandedDataValue = 1
[LOG 22:22:45]: SplashedDataValue = 1
[LOG 22:22:45]: FlyingLowDataValue = 1
[LOG 22:22:45]: FlyingHighDataValue = 1
[LOG 22:22:45]: InSpaceLowDataValue = 11
[LOG 22:22:45]: InSpaceHighDataValue = 2
[LOG 22:22:45]: RecoveryValue = 4
[LOG 22:22:45]: flyingAltitudeThreshold = 18000
[LOG 22:22:45]: spaceAltitudeThreshold = 1E+09
[LOG 22:22:45]: --------------------------------------
[LOG 22:22:45]: Parsing Target Orbit in (Kopernicus.Configuration.Body) as (Kopernicus.Configuration.OrbitLoader)
[LOG 22:22:45]: Parsing Target ScaledVersion in (Kopernicus.Configuration.Body) as (Kopernicus.Configuration.ScaledVersionLoader)
[LOG 22:22:45]: Parsing Target type in (Kopernicus.Configuration.ScaledVersionLoader) as (Kopernicus.ConfigParser.BuiltinTypeParsers.EnumParser`1[Kopernicus.Configuration.Enumerations.BodyType])
[LOG 22:22:45]: Copying "usePlanetariumTime": False => False
[LOG 22:22:45]: Copying "speedFactor": 1 => 0.01
[LOG 22:22:45]: Copying "frequency0": 4 => 1.213247
[LOG 22:22:45]: Copying "curve0": UnityEngine.AnimationCurve => UnityEngine.AnimationCurve
[LOG 22:22:45]: Copying "frequency1": 3 => 1.324546
[LOG 22:22:45]: Copying "curve1": UnityEngine.AnimationCurve => UnityEngine.AnimationCurve
[LOG 22:22:45]: Copying "frequency2": 2 => 1.132255
[LOG 22:22:45]: Copying "curve2": UnityEngine.AnimationCurve => UnityEngine.AnimationCurve
[LOG 22:22:45]: Copying "frequency3": 1 => 1.235449
[LOG 22:22:45]: Copying "curve3": UnityEngine.AnimationCurve => UnityEngine.AnimationCurve
[LOG 22:22:45]: Parsing Target fadeStart in (Kopernicus.Configuration.ScaledVersionLoader) as (Kopernicus.ConfigParser.BuiltinTypeParsers.NumericParser`1[System.Single])
[LOG 22:22:45]: Parsing Target fadeEnd in (Kopernicus.Configuration.ScaledVersionLoader) as (Kopernicus.ConfigParser.BuiltinTypeParsers.NumericParser`1[System.Single])
[LOG 22:22:45]: Parsing Target Light in (Kopernicus.Configuration.ScaledVersionLoader) as (Kopernicus.Configuration.LightShifterLoader)
[LOG 22:22:46]: Parsing Target sunFlare in (Kopernicus.Configuration.LightShifterLoader) as (Kopernicus.Configuration.Parsing.AssetParser`1[UnityEngine.Flare])
[LOG 22:22:46]: Parsing Target sunlightColor in (Kopernicus.Configuration.LightShifterLoader) as (Kopernicus.ConfigParser.BuiltinTypeParsers.ColorParser)
[LOG 22:22:46]: Parsing Target sunlightIntensity in (Kopernicus.Configuration.LightShifterLoader) as (Kopernicus.ConfigParser.BuiltinTypeParsers.NumericParser`1[System.Single])
[LOG 22:22:46]: Parsing Target sunlightShadowStrength in (Kopernicus.Configuration.LightShifterLoader) as (Kopernicus.ConfigParser.BuiltinTypeParsers.NumericParser`1[System.Single])
[LOG 22:22:46]: Parsing Target scaledSunlightColor in (Kopernicus.Configuration.LightShifterLoader) as (Kopernicus.ConfigParser.BuiltinTypeParsers.ColorParser)
[LOG 22:22:46]: Parsing Target scaledSunlightIntensity in (Kopernicus.Configuration.LightShifterLoader) as (Kopernicus.ConfigParser.BuiltinTypeParsers.NumericParser`1[System.Single])
[LOG 22:22:46]: Parsing Target IVASunColor in (Kopernicus.Configuration.LightShifterLoader) as (Kopernicus.ConfigParser.BuiltinTypeParsers.ColorParser)
[LOG 22:22:46]: Parsing Target IVASunIntensity in (Kopernicus.Configuration.LightShifterLoader) as (Kopernicus.ConfigParser.BuiltinTypeParsers.NumericParser`1[System.Single])
[LOG 22:22:46]: Parsing Target ambientLightColor in (Kopernicus.Configuration.LightShifterLoader) as (Kopernicus.ConfigParser.BuiltinTypeParsers.ColorParser)
[LOG 22:22:46]: Parsing Target sunLensFlareColor in (Kopernicus.Configuration.LightShifterLoader) as (Kopernicus.ConfigParser.BuiltinTypeParsers.ColorParser)
[LOG 22:22:46]: Parsing Target givesOffLight in (Kopernicus.Configuration.LightShifterLoader) as (Kopernicus.ConfigParser.BuiltinTypeParsers.NumericParser`1[System.Boolean])
[LOG 22:22:46]: Parsing Target sunAU in (Kopernicus.Configuration.LightShifterLoader) as (Kopernicus.ConfigParser.BuiltinTypeParsers.NumericParser`1[System.Double])
[LOG 22:22:46]: Parsing Target brightnessCurve in (Kopernicus.Configuration.LightShifterLoader) as (Kopernicus.ConfigParser.BuiltinTypeParsers.FloatCurveParser)
[LOG 22:22:46]: Parsing Target self in (Kopernicus.ConfigParser.BuiltinTypeParsers.FloatCurveParser) as (System.Collections.Generic.List`1[Kopernicus.ConfigParser.BuiltinTypeParsers.NumericCollectionParser`1[System.Single]])
[LOG 22:22:46]: Parsing Target luminosity in (Kopernicus.Configuration.LightShifterLoader) as (Kopernicus.ConfigParser.BuiltinTypeParsers.NumericParser`1[System.Double])
[LOG 22:22:46]: Parsing Target insolation in (Kopernicus.Configuration.LightShifterLoader) as (Kopernicus.ConfigParser.BuiltinTypeParsers.NumericParser`1[System.Double])
[LOG 22:22:46]: Parsing Target radiationFactor in (Kopernicus.Configuration.LightShifterLoader) as (Kopernicus.ConfigParser.BuiltinTypeParsers.NumericParser`1[System.Double])
[LOG 22:22:46]: Parsing Target IntensityCurve in (Kopernicus.Configuration.LightShifterLoader) as (Kopernicus.ConfigParser.BuiltinTypeParsers.FloatCurveParser)
[LOG 22:22:46]: Parsing Target self in (Kopernicus.ConfigParser.BuiltinTypeParsers.FloatCurveParser) as (System.Collections.Generic.List`1[Kopernicus.ConfigParser.BuiltinTypeParsers.NumericCollectionParser`1[System.Single]])
[LOG 22:22:46]: Parsing Target ScaledIntensityCurve in (Kopernicus.Configuration.LightShifterLoader) as (Kopernicus.ConfigParser.BuiltinTypeParsers.FloatCurveParser)
[LOG 22:22:46]: Parsing Target self in (Kopernicus.ConfigParser.BuiltinTypeParsers.FloatCurveParser) as (System.Collections.Generic.List`1[Kopernicus.ConfigParser.BuiltinTypeParsers.NumericCollectionParser`1[System.Single]])
[LOG 22:22:46]: Parsing Target IVAIntensityCurve in (Kopernicus.Configuration.LightShifterLoader) as (Kopernicus.ConfigParser.BuiltinTypeParsers.FloatCurveParser)
[LOG 22:22:46]: Parsing Target self in (Kopernicus.ConfigParser.BuiltinTypeParsers.FloatCurveParser) as (System.Collections.Generic.List`1[Kopernicus.ConfigParser.BuiltinTypeParsers.NumericCollectionParser`1[System.Single]])
[LOG 22:22:46]: Parsing Target sphericalModel in (Kopernicus.Configuration.ScaledVersionLoader) as (Kopernicus.ConfigParser.BuiltinTypeParsers.NumericParser`1[System.Boolean])
[LOG 22:22:46]: Parsing Target deferMesh in (Kopernicus.Configuration.ScaledVersionLoader) as (Kopernicus.ConfigParser.BuiltinTypeParsers.NumericParser`1[System.Boolean])
[LOG 22:22:46]: Parsing Target invisible in (Kopernicus.Configuration.ScaledVersionLoader) as (Kopernicus.ConfigParser.BuiltinTypeParsers.NumericParser`1[System.Boolean])
[LOG 22:22:46]: Parsing Target Material in (Kopernicus.Configuration.ScaledVersionLoader) as (UnityEngine.Material)
[LOG 22:22:46]: Parsing Target OnDemand in (Kopernicus.Configuration.ScaledVersionLoader) as (Kopernicus.Configuration.ScaledVersionLoader+OnDemandConfig)
[LOG 22:22:46]: Parsing Target TextureOptions in (Kopernicus.Configuration.ScaledVersionLoader) as (Kopernicus.UI.PlanetTextureExporter+TextureOptions)
[LOG 22:22:46]: Parsing Target Coronas in (Kopernicus.Configuration.ScaledVersionLoader) as (System.Collections.Generic.List`1[Kopernicus.Configuration.CoronaLoader])
[LOG 22:22:46]: ============= Scaled Version Dump ===================
[LOG 22:22:46]: Sun (UnityEngine.GameObject)
[LOG 22:22:46]:  >>> Components <<< 
[LOG 22:22:46]:  Sun (UnityEngine.Transform)
[LOG 22:22:46]:  Sun (UnityEngine.MeshFilter)
[LOG 22:22:46]:  Sun (UnityEngine.MeshRenderer)
[LOG 22:22:46]:  Sun (ScaledSun)
[LOG 22:22:46]:  Sun (UnityEngine.SphereCollider)
[LOG 22:22:46]:  Sun (Kopernicus.Components.SharedSunShaderController)
[LOG 22:22:46]:  Sun (Kopernicus.RuntimeUtility.StarComponent)
[LOG 22:22:46]:  >>> ---------- <<< 
[LOG 22:22:46]:     Sun (UnityEngine.GameObject)
[LOG 22:22:46]:      >>> Components <<< 
[LOG 22:22:46]:      Sun (UnityEngine.Transform)
[LOG 22:22:46]:      Sun (Kopernicus.Components.LightShifter)
[LOG 22:22:46]:      >>> ---------- <<< 
[LOG 22:22:46]: ===========================================
[LOG 22:22:46]: Parsing Target Atmosphere in (Kopernicus.Configuration.Body) as (Kopernicus.Configuration.AtmosphereLoader)
[LOG 22:22:46]: Parsing Target PQS in (Kopernicus.Configuration.Body) as (Kopernicus.Configuration.PQSLoader)
[LOG 22:22:46]: Parsing Target Ocean in (Kopernicus.Configuration.Body) as (Kopernicus.Configuration.OceanLoader)
[LOG 22:22:46]: Parsing Target Rings in (Kopernicus.Configuration.Body) as (System.Collections.Generic.List`1[Kopernicus.Configuration.RingLoader])
[LOG 22:22:46]: Parsing Target Particles in (Kopernicus.Configuration.Body) as (System.Collections.Generic.List`1[Kopernicus.Configuration.ParticleLoader])
[LOG 22:22:46]: Parsing Target HazardousBody in (Kopernicus.Configuration.Body) as (System.Collections.Generic.List`1[Kopernicus.Configuration.HazardousBodyLoader])
[LOG 22:22:46]: Parsing Target SpaceCenter in (Kopernicus.Configuration.Body) as (Kopernicus.Configuration.SpaceCenterLoader)
[LOG 22:22:46]: Parsing Target Debug in (Kopernicus.Configuration.Body) as (Kopernicus.Configuration.DebugLoader)
[LOG 22:22:46]: Parsing Target PostSpawnOrbit in (Kopernicus.Configuration.Body) as (ConfigNode)
[LOG 22:22:46]: --------- Celestial Body ------------
[LOG 22:22:46]: bodyName = Sun
[LOG 22:22:46]: bodyDisplayName = #autoLOC_910053
[LOG 22:22:46]: bodyAdjectiveDisplayName = #autoLOC_6004075
[LOG 22:22:46]: bodyDescription = #autoLOC_910002
[LOG 22:22:46]: GeeASL = 1.74684656100137
[LOG 22:22:46]: Radius = 261600000
[LOG 22:22:46]: Mass = 0
[LOG 22:22:46]: Density = 0
[LOG 22:22:46]: SurfaceArea = 0
[LOG 22:22:46]: gravParameter = 0
[LOG 22:22:46]: sphereOfInfluence = 0
[LOG 22:22:46]: hillSphere = 0
[LOG 22:22:46]: gMagnitudeAtCenter = 0
[LOG 22:22:46]: atmDensityASL = 0
[LOG 22:22:46]: atmPressureASL = 0
[LOG 22:22:46]: scaledEllipsoid = True
[LOG 22:22:46]: scaledElipRadMult = [1, 1, 1]
[LOG 22:22:46]: scaledRadiusHorizonMultiplier = 1
[LOG 22:22:46]: navballSwitchRadiusMult = 0.06
[LOG 22:22:46]: navballSwitchRadiusMultLow = 0.055
[LOG 22:22:46]: use_The_InName = False
[LOG 22:22:46]: isHomeWorld = False
[LOG 22:22:46]: ocean = False
[LOG 22:22:46]: oceanUseFog = True
[LOG 22:22:46]: oceanFogPQSDepth = 1000
[LOG 22:22:46]: oceanFogPQSDepthRecip = 0.001
[LOG 22:22:46]: oceanFogDensityStart = 0.015
[LOG 22:22:46]: oceanFogDensityEnd = 0.13
[LOG 22:22:46]: oceanFogDensityPQSMult = 0.02
[LOG 22:22:46]: oceanFogDensityAltScalar = -0.0008
[LOG 22:22:46]: oceanFogDensityExponent = 1
[LOG 22:22:46]: oceanFogColorStart = RGBA(0.000, 0.337, 0.486, 1.000)
[LOG 22:22:46]: oceanFogColorEnd = RGBA(0.000, 0.084, 0.122, 1.000)
[LOG 22:22:46]: oceanFogDawnFactor = 10
[LOG 22:22:46]: oceanSkyColorMult = 1.2
[LOG 22:22:46]: oceanSkyColorOpacityBase = 0.2
[LOG 22:22:46]: oceanSkyColorOpacityAltMult = 2
[LOG 22:22:46]: oceanDensity = 1
[LOG 22:22:46]: oceanAFGBase = 0.6
[LOG 22:22:46]: oceanAFGAltMult = 0.05
[LOG 22:22:46]: oceanAFGMin = 0.05
[LOG 22:22:46]: oceanSunBase = 0.5
[LOG 22:22:46]: oceanSunAltMult = 0.01
[LOG 22:22:46]: oceanSunMin = 0.05
[LOG 22:22:46]: oceanAFGLerp = False
[LOG 22:22:46]: oceanMinAlphaFogDistance = 200
[LOG 22:22:46]: oceanMaxAlbedoFog = 0.95
[LOG 22:22:46]: oceanMaxAlphaFog = 0.9
[LOG 22:22:46]: oceanAlbedoDistanceScalar = 0.01
[LOG 22:22:46]: oceanAlphaDistanceScalar = 0.01
[LOG 22:22:46]: minOrbitalDistance = 100000
[LOG 22:22:46]: atmosphere = True
[LOG 22:22:46]: atmosphereContainsOxygen = False
[LOG 22:22:46]: atmosphereDepth = 600000
[LOG 22:22:46]: atmosphereTemperatureSeaLevel = 5840
[LOG 22:22:46]: atmospherePressureSeaLevel = 16
[LOG 22:22:46]: atmosphereMolarMass = 0.0022
[LOG 22:22:46]: atmosphereAdiabaticIndex = 1.43
[LOG 22:22:46]: atmosphereTemperatureLapseRate = 0
[LOG 22:22:46]: atmosphereGasMassLapseRate = 0
[LOG 22:22:46]: atmosphereUseTemperatureCurve = True
[LOG 22:22:46]: atmosphereTemperatureCurveIsNormalized = False
[LOG 22:22:46]: atmosphereTemperatureCurve = FloatCurve
[LOG 22:22:46]: latitudeTemperatureBiasCurve = FloatCurve
[LOG 22:22:46]: latitudeTemperatureSunMultCurve = FloatCurve
[LOG 22:22:46]: axialTemperatureSunMultCurve = FloatCurve
[LOG 22:22:46]: axialTemperatureSunBiasCurve = FloatCurve
[LOG 22:22:46]: atmosphereTemperatureSunMultCurve = FloatCurve
[LOG 22:22:46]: maxAxialDot = 0
[LOG 22:22:46]: eccentricityTemperatureBiasCurve = FloatCurve
[LOG 22:22:46]: albedo = 0
[LOG 22:22:46]: emissivity = 0
[LOG 22:22:46]: coreTemperatureOffset = 0
[LOG 22:22:46]: convectionMultiplier = 1
[LOG 22:22:46]: shockTemperatureMultiplier = 0.5
[LOG 22:22:46]: atmosphereUsePressureCurve = True
[LOG 22:22:46]: atmospherePressureCurveIsNormalized = False
[LOG 22:22:46]: atmospherePressureCurve = FloatCurve
[LOG 22:22:46]: radiusAtmoFactor = 1
[LOG 22:22:46]: hasSolidSurface = False
[LOG 22:22:46]: isStar = True
[LOG 22:22:46]: rotation = (0.0, 0.0, 0.0, 0.0)
[LOG 22:22:46]: orbitDriver = 
[LOG 22:22:46]: pqsController = 
[LOG 22:22:46]: pqsSurfaceObjects = PQSSurfaceObject[]
[LOG 22:22:46]: scaledBody = Sun (UnityEngine.GameObject)
[LOG 22:22:46]: afg = 
[LOG 22:22:46]: rotates = True
[LOG 22:22:46]: rotationPeriod = 432000
[LOG 22:22:46]: rotPeriodRecip = 0
[LOG 22:22:46]: solarDayLength = 0
[LOG 22:22:46]: solarRotationPeriod = False
[LOG 22:22:46]: initialRotation = 0
[LOG 22:22:46]: rotationAngle = 0
[LOG 22:22:46]: directRotAngle = 0
[LOG 22:22:46]: angularVelocity = [0, 0, 0]
[LOG 22:22:46]: zUpAngularVelocity = [0, 0, 0]
[LOG 22:22:46]: tidallyLocked = False
[LOG 22:22:46]: clampInverseRotThreshold = True
[LOG 22:22:46]: inverseRotation = False
[LOG 22:22:46]: inverseRotThresholdAltitude = 100000
[LOG 22:22:46]: angularV = 0
[LOG 22:22:46]: timeWarpAltitudeLimits = System.Single[]
[LOG 22:22:46]: atmosphericAmbientColor = RGBA(0.000, 0.000, 0.000, 0.000)
[LOG 22:22:46]: orbitingBodies = System.Collections.Generic.List`1[CelestialBody]
[LOG 22:22:46]: BodyFrame = Planetarium+CelestialFrame
[LOG 22:22:46]: progressTree = KSPAchievements.CelestialBodySubtree
[LOG 22:22:46]: bodyType = Generic
[LOG 22:22:46]: scienceValues = CelestialBodyScienceParams
[LOG 22:22:46]: BiomeMap = 
[LOG 22:22:46]: MiniBiomes = MiniBiome[]
[LOG 22:22:46]: bodyTransform = 
[LOG 22:22:46]: --------------------------------------
