//===============================================================================================================//
//=====  Kopernicus 1.7.3-2 - (BuildDate: 12.09.2019 10:49:54; AssemblyHash: mEiDzMX4z4uZzKUC3t772hbCbxI=)  =====//
//===============================================================================================================//
[LOG 22:22:49]: Logger "Squad/Vall.Body" was created
[LOG 22:22:49]: Parsing Target name in (Kopernicus.Configuration.Body) as (System.String)
[LOG 22:22:49]: Parsing Target Template in (Kopernicus.Configuration.Body) as (Kopernicus.Configuration.TemplateLoader)
[LOG 22:22:49]: Parsing Target name in (Kopernicus.Configuration.TemplateLoader) as (System.String)
[LOG 22:22:49]: Parsing Target removePQS in (Kopernicus.Configuration.TemplateLoader) as (Kopernicus.ConfigParser.BuiltinTypeParsers.NumericParser`1[System.Boolean])
[LOG 22:22:49]: Parsing Target removeBiomes in (Kopernicus.Configuration.TemplateLoader) as (Kopernicus.ConfigParser.BuiltinTypeParsers.NumericParser`1[System.Boolean])
[LOG 22:22:49]: Parsing Target removeAtmosphere in (Kopernicus.Configuration.TemplateLoader) as (Kopernicus.ConfigParser.BuiltinTypeParsers.NumericParser`1[System.Boolean])
[LOG 22:22:49]: Parsing Target removeOcean in (Kopernicus.Configuration.TemplateLoader) as (Kopernicus.ConfigParser.BuiltinTypeParsers.NumericParser`1[System.Boolean])
[LOG 22:22:49]: Parsing Target removePQSMods in (Kopernicus.Configuration.TemplateLoader) as (Kopernicus.ConfigParser.BuiltinTypeParsers.StringCollectionParser)
[LOG 22:22:49]: Parsing Target removeAllPQSMods in (Kopernicus.Configuration.TemplateLoader) as (Kopernicus.ConfigParser.BuiltinTypeParsers.NumericParser`1[System.Boolean])
[LOG 22:22:49]: Parsing Target removeProgressTree in (Kopernicus.Configuration.TemplateLoader) as (Kopernicus.ConfigParser.BuiltinTypeParsers.NumericParser`1[System.Boolean])
[LOG 22:22:49]: Parsing Target removeCoronas in (Kopernicus.Configuration.TemplateLoader) as (Kopernicus.ConfigParser.BuiltinTypeParsers.NumericParser`1[System.Boolean])
[LOG 22:22:49]: Using Template "Vall"
[LOG 22:22:49]: Patching PQSLandControl
[LOG 22:22:49]: Parsing Target cacheFile in (Kopernicus.Configuration.Body) as (System.String)
[LOG 22:22:49]: Parsing Target barycenter in (Kopernicus.Configuration.Body) as (Kopernicus.ConfigParser.BuiltinTypeParsers.NumericParser`1[System.Boolean])
[LOG 22:22:49]: Parsing Target cbNameLater in (Kopernicus.Configuration.Body) as (System.String)
[LOG 22:22:49]: Parsing Target identifier in (Kopernicus.Configuration.Body) as (System.String)
[LOG 22:22:49]: Parsing Target self in (Kopernicus.Configuration.Body) as (System.Collections.Generic.List`1[Kopernicus.ConfigParser.BuiltinTypeParsers.StringCollectionParser])
[LOG 22:22:49]: Parsing Target finalizeOrbit in (Kopernicus.Configuration.Body) as (Kopernicus.ConfigParser.BuiltinTypeParsers.NumericParser`1[System.Boolean])
[LOG 22:22:49]: Parsing Target randomMainMenuBody in (Kopernicus.Configuration.Body) as (Kopernicus.ConfigParser.BuiltinTypeParsers.NumericParser`1[System.Boolean])
[LOG 22:22:49]: Parsing Target contractWeight in (Kopernicus.Configuration.Body) as (Kopernicus.ConfigParser.BuiltinTypeParsers.NumericParser`1[System.Int32])
[LOG 22:22:49]: Parsing Target Properties in (Kopernicus.Configuration.Body) as (Kopernicus.Configuration.PropertiesLoader)
[LOG 22:22:49]: Parsing Target description in (Kopernicus.Configuration.PropertiesLoader) as (System.String)
[LOG 22:22:49]: Parsing Target radius in (Kopernicus.Configuration.PropertiesLoader) as (Kopernicus.ConfigParser.BuiltinTypeParsers.NumericParser`1[System.Double])
[LOG 22:22:49]: Parsing Target geeASL in (Kopernicus.Configuration.PropertiesLoader) as (Kopernicus.ConfigParser.BuiltinTypeParsers.NumericParser`1[System.Double])
[LOG 22:22:49]: Parsing Target mass in (Kopernicus.Configuration.PropertiesLoader) as (Kopernicus.ConfigParser.BuiltinTypeParsers.NumericParser`1[System.Double])
[LOG 22:22:49]: Parsing Target gravParameter in (Kopernicus.Configuration.PropertiesLoader) as (Kopernicus.ConfigParser.BuiltinTypeParsers.NumericParser`1[System.Double])
[LOG 22:22:49]: Parsing Target rotates in (Kopernicus.Configuration.PropertiesLoader) as (Kopernicus.ConfigParser.BuiltinTypeParsers.NumericParser`1[System.Boolean])
[LOG 22:22:49]: Parsing Target rotationPeriod in (Kopernicus.Configuration.PropertiesLoader) as (Kopernicus.ConfigParser.BuiltinTypeParsers.NumericParser`1[System.Double])
[LOG 22:22:49]: Parsing Target tidallyLocked in (Kopernicus.Configuration.PropertiesLoader) as (Kopernicus.ConfigParser.BuiltinTypeParsers.NumericParser`1[System.Boolean])
[LOG 22:22:49]: Parsing Target initialRotation in (Kopernicus.Configuration.PropertiesLoader) as (Kopernicus.ConfigParser.BuiltinTypeParsers.NumericParser`1[System.Double])
[LOG 22:22:49]: Parsing Target inverseRotThresholdAltitude in (Kopernicus.Configuration.PropertiesLoader) as (Kopernicus.ConfigParser.BuiltinTypeParsers.NumericParser`1[System.Single])
[LOG 22:22:49]: Parsing Target albedo in (Kopernicus.Configuration.PropertiesLoader) as (Kopernicus.ConfigParser.BuiltinTypeParsers.NumericParser`1[System.Double])
[LOG 22:22:49]: Parsing Target emissivity in (Kopernicus.Configuration.PropertiesLoader) as (Kopernicus.ConfigParser.BuiltinTypeParsers.NumericParser`1[System.Double])
[LOG 22:22:49]: Parsing Target coreTemperatureOffset in (Kopernicus.Configuration.PropertiesLoader) as (Kopernicus.ConfigParser.BuiltinTypeParsers.NumericParser`1[System.Double])
[LOG 22:22:49]: Parsing Target timewarpAltitudeLimits in (Kopernicus.Configuration.PropertiesLoader) as (Kopernicus.ConfigParser.BuiltinTypeParsers.NumericCollectionParser`1[System.Single])
[LOG 22:22:49]: Parsing Target sphereOfInfluence in (Kopernicus.Configuration.PropertiesLoader) as (Kopernicus.ConfigParser.BuiltinTypeParsers.NumericParser`1[System.Double])
[LOG 22:22:49]: Parsing Target solarRotationPeriod in (Kopernicus.Configuration.PropertiesLoader) as (Kopernicus.ConfigParser.BuiltinTypeParsers.NumericParser`1[System.Boolean])
[LOG 22:22:49]: Parsing Target navballSwitchRadiusMult in (Kopernicus.Configuration.PropertiesLoader) as (Kopernicus.ConfigParser.BuiltinTypeParsers.NumericParser`1[System.Double])
[LOG 22:22:49]: Parsing Target navballSwitchRadiusMultLow in (Kopernicus.Configuration.PropertiesLoader) as (Kopernicus.ConfigParser.BuiltinTypeParsers.NumericParser`1[System.Double])
[LOG 22:22:49]: Parsing Target ScienceValues in (Kopernicus.Configuration.PropertiesLoader) as (Kopernicus.Configuration.ScienceValuesLoader)
[LOG 22:22:49]: Parsing Target landedDataValue in (Kopernicus.Configuration.ScienceValuesLoader) as (Kopernicus.ConfigParser.BuiltinTypeParsers.NumericParser`1[System.Single])
[LOG 22:22:49]: Parsing Target splashedDataValue in (Kopernicus.Configuration.ScienceValuesLoader) as (Kopernicus.ConfigParser.BuiltinTypeParsers.NumericParser`1[System.Single])
[LOG 22:22:49]: Parsing Target flyingLowDataValue in (Kopernicus.Configuration.ScienceValuesLoader) as (Kopernicus.ConfigParser.BuiltinTypeParsers.NumericParser`1[System.Single])
[LOG 22:22:49]: Parsing Target flyingHighDataValue in (Kopernicus.Configuration.ScienceValuesLoader) as (Kopernicus.ConfigParser.BuiltinTypeParsers.NumericParser`1[System.Single])
[LOG 22:22:49]: Parsing Target inSpaceLowDataValue in (Kopernicus.Configuration.ScienceValuesLoader) as (Kopernicus.ConfigParser.BuiltinTypeParsers.NumericParser`1[System.Single])
[LOG 22:22:49]: Parsing Target inSpaceHighDataValue in (Kopernicus.Configuration.ScienceValuesLoader) as (Kopernicus.ConfigParser.BuiltinTypeParsers.NumericParser`1[System.Single])
[LOG 22:22:49]: Parsing Target recoveryValue in (Kopernicus.Configuration.ScienceValuesLoader) as (Kopernicus.ConfigParser.BuiltinTypeParsers.NumericParser`1[System.Single])
[LOG 22:22:49]: Parsing Target flyingAltitudeThreshold in (Kopernicus.Configuration.ScienceValuesLoader) as (Kopernicus.ConfigParser.BuiltinTypeParsers.NumericParser`1[System.Single])
[LOG 22:22:49]: Parsing Target spaceAltitudeThreshold in (Kopernicus.Configuration.ScienceValuesLoader) as (Kopernicus.ConfigParser.BuiltinTypeParsers.NumericParser`1[System.Single])
[LOG 22:22:49]: Parsing Target biomeMap in (Kopernicus.Configuration.PropertiesLoader) as (Kopernicus.Configuration.Parsing.MapSOParserRGB`1[CBAttributeMapSO])
[LOG 22:22:49]: Parsing Target nonExactThreshold in (Kopernicus.Configuration.PropertiesLoader) as (Kopernicus.ConfigParser.BuiltinTypeParsers.NumericParser`1[System.Single])
[LOG 22:22:49]: Parsing Target exactSearch in (Kopernicus.Configuration.PropertiesLoader) as (Kopernicus.ConfigParser.BuiltinTypeParsers.NumericParser`1[System.Boolean])
[LOG 22:22:49]: Parsing Target Biomes in (Kopernicus.Configuration.PropertiesLoader) as (Kopernicus.Configuration.Parsing.CallbackList`1[Kopernicus.Configuration.BiomeLoader])
[LOG 22:22:49]: Parsing Target useTheInName in (Kopernicus.Configuration.PropertiesLoader) as (Kopernicus.ConfigParser.BuiltinTypeParsers.NumericParser`1[System.Boolean])
[LOG 22:22:49]: Parsing Target displayName in (Kopernicus.Configuration.PropertiesLoader) as (System.String)
[LOG 22:22:49]: Parsing Target selectable in (Kopernicus.Configuration.PropertiesLoader) as (Kopernicus.ConfigParser.BuiltinTypeParsers.NumericParser`1[System.Boolean])
[LOG 22:22:49]: Parsing Target RDVisibility in (Kopernicus.Configuration.PropertiesLoader) as (Kopernicus.ConfigParser.BuiltinTypeParsers.EnumParser`1[Kopernicus.Configuration.PropertiesLoader+RnDVisibility])
[LOG 22:22:49]: Parsing Target RnDVisibility in (Kopernicus.Configuration.PropertiesLoader) as (Kopernicus.ConfigParser.BuiltinTypeParsers.EnumParser`1[Kopernicus.Configuration.PropertiesLoader+RnDVisibility])
[LOG 22:22:49]: Parsing Target RnDRotation in (Kopernicus.Configuration.PropertiesLoader) as (Kopernicus.ConfigParser.BuiltinTypeParsers.NumericParser`1[System.Boolean])
[LOG 22:22:49]: Parsing Target maxZoom in (Kopernicus.Configuration.PropertiesLoader) as (Kopernicus.ConfigParser.BuiltinTypeParsers.NumericParser`1[System.Single])
[LOG 22:22:49]: --------- Science Values ------------
[LOG 22:22:49]: LandedDataValue = 12
[LOG 22:22:49]: SplashedDataValue = 1
[LOG 22:22:49]: FlyingLowDataValue = 1
[LOG 22:22:49]: FlyingHighDataValue = 1
[LOG 22:22:49]: InSpaceLowDataValue = 9
[LOG 22:22:49]: InSpaceHighDataValue = 8
[LOG 22:22:49]: RecoveryValue = 8
[LOG 22:22:49]: flyingAltitudeThreshold = 18000
[LOG 22:22:49]: spaceAltitudeThreshold = 90000
[LOG 22:22:49]: --------------------------------------
[LOG 22:22:49]: Found Biome: Poles : RGBA(0.745, 0.969, 0.988, 1.000) : 0
[LOG 22:22:49]: Found Biome: Midlands : RGBA(0.420, 0.776, 0.808, 1.000) : 0
[LOG 22:22:49]: Found Biome: Highlands : RGBA(0.271, 0.698, 0.737, 1.000) : 0
[LOG 22:22:49]: Found Biome: Lowlands : RGBA(1.000, 1.000, 1.000, 1.000) : 0
[LOG 22:22:49]: Found Biome: Northeast Basin : RGBA(0.698, 0.698, 0.698, 1.000) : 0
[LOG 22:22:49]: Found Biome: Northwest Basin : RGBA(0.588, 0.588, 0.588, 1.000) : 0
[LOG 22:22:49]: Found Biome: Southern Basin : RGBA(0.867, 0.867, 0.867, 1.000) : 0
[LOG 22:22:49]: Found Biome: Southern Valleys : RGBA(0.780, 0.780, 0.780, 1.000) : 0
[LOG 22:22:49]: Found Biome: Mountains : RGBA(0.612, 0.851, 0.871, 1.000) : 0
[LOG 22:22:49]: Parsing Target Orbit in (Kopernicus.Configuration.Body) as (Kopernicus.Configuration.OrbitLoader)
[LOG 22:22:49]: Parsing Target referenceBody in (Kopernicus.Configuration.OrbitLoader) as (System.String)
[LOG 22:22:49]: Parsing Target inclination in (Kopernicus.Configuration.OrbitLoader) as (Kopernicus.ConfigParser.BuiltinTypeParsers.NumericParser`1[System.Double])
[LOG 22:22:49]: Parsing Target eccentricity in (Kopernicus.Configuration.OrbitLoader) as (Kopernicus.ConfigParser.BuiltinTypeParsers.NumericParser`1[System.Double])
[LOG 22:22:49]: Parsing Target semiMajorAxis in (Kopernicus.Configuration.OrbitLoader) as (Kopernicus.ConfigParser.BuiltinTypeParsers.NumericParser`1[System.Double])
[LOG 22:22:49]: Parsing Target longitudeOfAscendingNode in (Kopernicus.Configuration.OrbitLoader) as (Kopernicus.ConfigParser.BuiltinTypeParsers.NumericParser`1[System.Double])
[LOG 22:22:49]: Parsing Target argumentOfPeriapsis in (Kopernicus.Configuration.OrbitLoader) as (Kopernicus.ConfigParser.BuiltinTypeParsers.NumericParser`1[System.Double])
[LOG 22:22:49]: Parsing Target meanAnomalyAtEpoch in (Kopernicus.Configuration.OrbitLoader) as (Kopernicus.ConfigParser.BuiltinTypeParsers.NumericParser`1[System.Double])
[LOG 22:22:49]: Parsing Target meanAnomalyAtEpochD in (Kopernicus.Configuration.OrbitLoader) as (Kopernicus.ConfigParser.BuiltinTypeParsers.NumericParser`1[System.Double])
[LOG 22:22:49]: Parsing Target epoch in (Kopernicus.Configuration.OrbitLoader) as (Kopernicus.ConfigParser.BuiltinTypeParsers.NumericParser`1[System.Double])
[LOG 22:22:49]: Parsing Target color in (Kopernicus.Configuration.OrbitLoader) as (Kopernicus.ConfigParser.BuiltinTypeParsers.ColorParser)
[LOG 22:22:49]: Parsing Target iconColor in (Kopernicus.Configuration.OrbitLoader) as (Kopernicus.ConfigParser.BuiltinTypeParsers.ColorParser)
[LOG 22:22:49]: Parsing Target nodeColor in (Kopernicus.Configuration.OrbitLoader) as (Kopernicus.ConfigParser.BuiltinTypeParsers.ColorParser)
[LOG 22:22:49]: Parsing Target mode in (Kopernicus.Configuration.OrbitLoader) as (Kopernicus.ConfigParser.BuiltinTypeParsers.EnumParser`1[OrbitRendererBase+DrawMode])
[LOG 22:22:49]: Parsing Target icon in (Kopernicus.Configuration.OrbitLoader) as (Kopernicus.ConfigParser.BuiltinTypeParsers.EnumParser`1[OrbitRendererBase+DrawIcons])
[LOG 22:22:49]: Parsing Target cameraSmaRatioBounds in (Kopernicus.Configuration.OrbitLoader) as (Kopernicus.ConfigParser.BuiltinTypeParsers.NumericCollectionParser`1[System.Single])
[LOG 22:22:49]: Parsing Target period in (Kopernicus.Configuration.OrbitLoader) as (Kopernicus.ConfigParser.BuiltinTypeParsers.NumericParser`1[System.Double])
[LOG 22:22:49]: Parsing Target iconTexture in (Kopernicus.Configuration.OrbitLoader) as (Kopernicus.Configuration.Parsing.Texture2DParser)
[LOG 22:22:49]: Parsing Target ScaledVersion in (Kopernicus.Configuration.Body) as (Kopernicus.Configuration.ScaledVersionLoader)
[LOG 22:22:49]: Parsing Target type in (Kopernicus.Configuration.ScaledVersionLoader) as (Kopernicus.ConfigParser.BuiltinTypeParsers.EnumParser`1[Kopernicus.Configuration.Enumerations.BodyType])
[LOG 22:22:49]: Copying "celestialBody": <NULL> => <NULL>
[LOG 22:22:49]: Copying "floatName": <NULL> => _Opacity
[LOG 22:22:49]: Copying "fadeStart": 0 => 295000
[LOG 22:22:49]: Copying "fadeEnd": 0 => 300000
[LOG 22:22:49]: Copying "r": <NULL> => <NULL>
[LOG 22:22:49]: Parsing Target fadeStart in (Kopernicus.Configuration.ScaledVersionLoader) as (Kopernicus.ConfigParser.BuiltinTypeParsers.NumericParser`1[System.Single])
[LOG 22:22:49]: Parsing Target fadeEnd in (Kopernicus.Configuration.ScaledVersionLoader) as (Kopernicus.ConfigParser.BuiltinTypeParsers.NumericParser`1[System.Single])
[LOG 22:22:49]: Parsing Target Light in (Kopernicus.Configuration.ScaledVersionLoader) as (Kopernicus.Configuration.LightShifterLoader)
[LOG 22:22:49]: Parsing Target sphericalModel in (Kopernicus.Configuration.ScaledVersionLoader) as (Kopernicus.ConfigParser.BuiltinTypeParsers.NumericParser`1[System.Boolean])
[LOG 22:22:49]: Parsing Target deferMesh in (Kopernicus.Configuration.ScaledVersionLoader) as (Kopernicus.ConfigParser.BuiltinTypeParsers.NumericParser`1[System.Boolean])
[LOG 22:22:49]: Parsing Target invisible in (Kopernicus.Configuration.ScaledVersionLoader) as (Kopernicus.ConfigParser.BuiltinTypeParsers.NumericParser`1[System.Boolean])
[LOG 22:22:49]: Parsing Target Material in (Kopernicus.Configuration.ScaledVersionLoader) as (UnityEngine.Material)
[LOG 22:22:49]: Parsing Target OnDemand in (Kopernicus.Configuration.ScaledVersionLoader) as (Kopernicus.Configuration.ScaledVersionLoader+OnDemandConfig)
[LOG 22:22:49]: Parsing Target TextureOptions in (Kopernicus.Configuration.ScaledVersionLoader) as (Kopernicus.UI.PlanetTextureExporter+TextureOptions)
[LOG 22:22:49]: Parsing Target Coronas in (Kopernicus.Configuration.ScaledVersionLoader) as (System.Collections.Generic.List`1[Kopernicus.Configuration.CoronaLoader])
[LOG 22:22:49]: ============= Scaled Version Dump ===================
[LOG 22:22:49]: Vall (UnityEngine.GameObject)
[LOG 22:22:49]:  >>> Components <<< 
[LOG 22:22:49]:  Vall (UnityEngine.Transform)
[LOG 22:22:49]:  Vall (UnityEngine.MeshFilter)
[LOG 22:22:49]:  Vall (UnityEngine.MeshRenderer)
[LOG 22:22:49]:  Vall (UnityEngine.SphereCollider)
[LOG 22:22:49]:  Vall (Kopernicus.Components.SharedScaledSpaceFader)
[LOG 22:22:49]:  >>> ---------- <<< 
[LOG 22:22:49]: ===========================================
[LOG 22:22:49]: Parsing Target Atmosphere in (Kopernicus.Configuration.Body) as (Kopernicus.Configuration.AtmosphereLoader)
[LOG 22:22:49]: Parsing Target PQS in (Kopernicus.Configuration.Body) as (Kopernicus.Configuration.PQSLoader)
[LOG 22:22:49]: Parsing Target materialType in (Kopernicus.Configuration.PQSLoader) as (Kopernicus.ConfigParser.BuiltinTypeParsers.EnumParser`1[Kopernicus.Configuration.PQSLoader+SurfaceMaterialType])
[LOG 22:22:49]: Parsing Target PhysicsMaterial in (Kopernicus.Configuration.PQSLoader) as (Kopernicus.Configuration.Parsing.PhysicsMaterialParser)
[LOG 22:22:49]: Parsing Target minLevel in (Kopernicus.Configuration.PQSLoader) as (Kopernicus.ConfigParser.BuiltinTypeParsers.NumericParser`1[System.Int32])
[LOG 22:22:49]: Parsing Target maxLevel in (Kopernicus.Configuration.PQSLoader) as (Kopernicus.ConfigParser.BuiltinTypeParsers.NumericParser`1[System.Int32])
[LOG 22:22:49]: Parsing Target minDetailDistance in (Kopernicus.Configuration.PQSLoader) as (Kopernicus.ConfigParser.BuiltinTypeParsers.NumericParser`1[System.Double])
[LOG 22:22:49]: Parsing Target maxQuadLengthsPerFrame in (Kopernicus.Configuration.PQSLoader) as (Kopernicus.ConfigParser.BuiltinTypeParsers.NumericParser`1[System.Single])
[LOG 22:22:49]: Parsing Target fadeStart in (Kopernicus.Configuration.PQSLoader) as (Kopernicus.ConfigParser.BuiltinTypeParsers.NumericParser`1[System.Single])
[LOG 22:22:49]: Parsing Target fadeEnd in (Kopernicus.Configuration.PQSLoader) as (Kopernicus.ConfigParser.BuiltinTypeParsers.NumericParser`1[System.Single])
[LOG 22:22:49]: Parsing Target deactivateAltitude in (Kopernicus.Configuration.PQSLoader) as (Kopernicus.ConfigParser.BuiltinTypeParsers.NumericParser`1[System.Double])
[LOG 22:22:49]: Parsing Target mapMaxHeight in (Kopernicus.Configuration.PQSLoader) as (Kopernicus.ConfigParser.BuiltinTypeParsers.NumericParser`1[System.Double])
[LOG 22:22:49]: Parsing Target Material in (Kopernicus.Configuration.PQSLoader) as (UnityEngine.Material)
[LOG 22:22:49]: Parsing Target FallbackMaterial in (Kopernicus.Configuration.PQSLoader) as (UnityEngine.Material)
[LOG 22:22:49]: Parsing Target Mods in (Kopernicus.Configuration.PQSLoader) as (System.Collections.Generic.List`1[Kopernicus.Configuration.ModLoader.IModLoader])
[LOG 22:22:49]:   Vall (UnityEngine.GameObject)
[LOG 22:22:49]:    >>> Components <<< 
[LOG 22:22:49]:    Vall (UnityEngine.Transform)
[LOG 22:22:49]:    Vall (PQS)
[LOG 22:22:49]:    >>> ---------- <<< 
[LOG 22:22:49]:       _CelestialBody (UnityEngine.GameObject)
[LOG 22:22:49]:        >>> Components <<< 
[LOG 22:22:49]:        _CelestialBody (UnityEngine.Transform)
[LOG 22:22:49]:        _CelestialBody (PQSMod_CelestialBodyTransform)
[LOG 22:22:49]:        >>> ---------- <<< 
[LOG 22:22:49]:       _Height (UnityEngine.GameObject)
[LOG 22:22:49]:        >>> Components <<< 
[LOG 22:22:49]:        _Height (UnityEngine.Transform)
[LOG 22:22:49]:        _Height (PQSMod_VertexSimplexHeightAbsolute)
[LOG 22:22:49]:        _Height (PQSMod_VertexHeightNoise)
[LOG 22:22:49]:        _Height (PQSMod_VertexHeightMap)
[LOG 22:22:49]:        _Height (PQSMod_VertexSimplexHeightAbsolute)
[LOG 22:22:49]:        _Height (PQSMod_VertexHeightMap)
[LOG 22:22:49]:        >>> ---------- <<< 
[LOG 22:22:49]:       _Material_ModProjection (UnityEngine.GameObject)
[LOG 22:22:49]:        >>> Components <<< 
[LOG 22:22:49]:        _Material_ModProjection (UnityEngine.Transform)
[LOG 22:22:49]:        _Material_ModProjection (PQSMod_AltitudeAlpha)
[LOG 22:22:49]:        >>> ---------- <<< 
[LOG 22:22:49]:       _SurfaceQuadUVs (UnityEngine.GameObject)
[LOG 22:22:49]:        >>> Components <<< 
[LOG 22:22:49]:        _SurfaceQuadUVs (UnityEngine.Transform)
[LOG 22:22:49]:        _SurfaceQuadUVs (PQSMod_UVPlanetRelativePosition)
[LOG 22:22:49]:        >>> ---------- <<< 
[LOG 22:22:49]:       _Color (UnityEngine.GameObject)
[LOG 22:22:49]:        >>> Components <<< 
[LOG 22:22:49]:        _Color (UnityEngine.Transform)
[LOG 22:22:49]:        _Color (PQSMod_HeightColorMap)
[LOG 22:22:49]:        _Color (PQSMod_VertexSimplexNoiseColor)
[LOG 22:22:49]:        >>> ---------- <<< 
[LOG 22:22:49]:       Scatter (UnityEngine.GameObject)
[LOG 22:22:49]:        >>> Components <<< 
[LOG 22:22:49]:        Scatter (UnityEngine.Transform)
[LOG 22:22:49]:        Scatter (PQSLandControl)
[LOG 22:22:49]:        >>> ---------- <<< 
[LOG 22:22:49]:           Scatter (UnityEngine.GameObject)
[LOG 22:22:49]:            >>> Components <<< 
[LOG 22:22:49]:            Scatter (UnityEngine.Transform)
[LOG 22:22:49]:            Scatter (Kopernicus.Components.ModularScatter.ModularScatter)
[LOG 22:22:49]:            >>> ---------- <<< 
[LOG 22:22:49]:       QuadMeshColliders (UnityEngine.GameObject)
[LOG 22:22:49]:        >>> Components <<< 
[LOG 22:22:49]:        QuadMeshColliders (UnityEngine.Transform)
[LOG 22:22:49]:        QuadMeshColliders (PQSMod_QuadMeshColliders)
[LOG 22:22:49]:        >>> ---------- <<< 
[LOG 22:22:49]:       Icehenge (UnityEngine.GameObject)
[LOG 22:22:49]:        >>> Components <<< 
[LOG 22:22:49]:        Icehenge (UnityEngine.Transform)
[LOG 22:22:49]:        Icehenge (PQSCity)
[LOG 22:22:49]:        >>> ---------- <<< 
[LOG 22:22:49]:           Icehenge (UnityEngine.GameObject)
[LOG 22:22:49]:            >>> Components <<< 
[LOG 22:22:49]:            Icehenge (UnityEngine.Transform)
[LOG 22:22:49]:            >>> ---------- <<< 
[LOG 22:22:49]:               Ice Block (UnityEngine.GameObject)
[LOG 22:22:49]:                >>> Components <<< 
[LOG 22:22:49]:                Ice Block (UnityEngine.Transform)
[LOG 22:22:49]:                Ice Block (UnityEngine.MeshFilter)
[LOG 22:22:49]:                Ice Block (UnityEngine.MeshRenderer)
[LOG 22:22:49]:                Ice Block (UnityEngine.MeshCollider)
[LOG 22:22:49]:                >>> ---------- <<< 
[LOG 22:22:49]:               Ice Block (UnityEngine.GameObject)
[LOG 22:22:49]:                >>> Components <<< 
[LOG 22:22:49]:                Ice Block (UnityEngine.Transform)
[LOG 22:22:49]:                Ice Block (UnityEngine.MeshFilter)
[LOG 22:22:49]:                Ice Block (UnityEngine.MeshRenderer)
[LOG 22:22:49]:                Ice Block (UnityEngine.MeshCollider)
[LOG 22:22:49]:                >>> ---------- <<< 
[LOG 22:22:49]:               Ice Block (UnityEngine.GameObject)
[LOG 22:22:49]:                >>> Components <<< 
[LOG 22:22:49]:                Ice Block (UnityEngine.Transform)
[LOG 22:22:49]:                Ice Block (UnityEngine.MeshFilter)
[LOG 22:22:49]:                Ice Block (UnityEngine.MeshRenderer)
[LOG 22:22:49]:                Ice Block (UnityEngine.MeshCollider)
[LOG 22:22:49]:                >>> ---------- <<< 
[LOG 22:22:49]:               Ice Block (UnityEngine.GameObject)
[LOG 22:22:49]:                >>> Components <<< 
[LOG 22:22:49]:                Ice Block (UnityEngine.Transform)
[LOG 22:22:49]:                Ice Block (UnityEngine.MeshFilter)
[LOG 22:22:49]:                Ice Block (UnityEngine.MeshRenderer)
[LOG 22:22:49]:                Ice Block (UnityEngine.MeshCollider)
[LOG 22:22:49]:                >>> ---------- <<< 
[LOG 22:22:49]:               Ice Block (UnityEngine.GameObject)
[LOG 22:22:49]:                >>> Components <<< 
[LOG 22:22:49]:                Ice Block (UnityEngine.Transform)
[LOG 22:22:49]:                Ice Block (UnityEngine.MeshFilter)
[LOG 22:22:49]:                Ice Block (UnityEngine.MeshRenderer)
[LOG 22:22:49]:                Ice Block (UnityEngine.MeshCollider)
[LOG 22:22:49]:                >>> ---------- <<< 
[LOG 22:22:49]:               Ice Block (UnityEngine.GameObject)
[LOG 22:22:49]:                >>> Components <<< 
[LOG 22:22:49]:                Ice Block (UnityEngine.Transform)
[LOG 22:22:49]:                Ice Block (UnityEngine.MeshFilter)
[LOG 22:22:49]:                Ice Block (UnityEngine.MeshRenderer)
[LOG 22:22:49]:                Ice Block (UnityEngine.MeshCollider)
[LOG 22:22:49]:                >>> ---------- <<< 
[LOG 22:22:49]:               Ice Block (UnityEngine.GameObject)
[LOG 22:22:49]:                >>> Components <<< 
[LOG 22:22:49]:                Ice Block (UnityEngine.Transform)
[LOG 22:22:49]:                Ice Block (UnityEngine.MeshFilter)
[LOG 22:22:49]:                Ice Block (UnityEngine.MeshRenderer)
[LOG 22:22:49]:                Ice Block (UnityEngine.MeshCollider)
[LOG 22:22:49]:                >>> ---------- <<< 
[LOG 22:22:49]:               Ice Block (UnityEngine.GameObject)
[LOG 22:22:49]:                >>> Components <<< 
[LOG 22:22:49]:                Ice Block (UnityEngine.Transform)
[LOG 22:22:49]:                Ice Block (UnityEngine.MeshFilter)
[LOG 22:22:49]:                Ice Block (UnityEngine.MeshRenderer)
[LOG 22:22:49]:                Ice Block (UnityEngine.MeshCollider)
[LOG 22:22:49]:                >>> ---------- <<< 
[LOG 22:22:49]:               Ice Block (UnityEngine.GameObject)
[LOG 22:22:49]:                >>> Components <<< 
[LOG 22:22:49]:                Ice Block (UnityEngine.Transform)
[LOG 22:22:49]:                Ice Block (UnityEngine.MeshFilter)
[LOG 22:22:49]:                Ice Block (UnityEngine.MeshRenderer)
[LOG 22:22:49]:                Ice Block (UnityEngine.MeshCollider)
[LOG 22:22:49]:                >>> ---------- <<< 
[LOG 22:22:49]:               Ice Block (UnityEngine.GameObject)
[LOG 22:22:49]:                >>> Components <<< 
[LOG 22:22:49]:                Ice Block (UnityEngine.Transform)
[LOG 22:22:49]:                Ice Block (UnityEngine.MeshFilter)
[LOG 22:22:49]:                Ice Block (UnityEngine.MeshRenderer)
[LOG 22:22:49]:                Ice Block (UnityEngine.MeshCollider)
[LOG 22:22:49]:                >>> ---------- <<< 
[LOG 22:22:49]:               Ice Pyramid (UnityEngine.GameObject)
[LOG 22:22:49]:                >>> Components <<< 
[LOG 22:22:49]:                Ice Pyramid (UnityEngine.Transform)
[LOG 22:22:49]:                Ice Pyramid (UnityEngine.MeshFilter)
[LOG 22:22:49]:                Ice Pyramid (UnityEngine.MeshRenderer)
[LOG 22:22:49]:                Ice Pyramid (UnityEngine.MeshCollider)
[LOG 22:22:49]:                >>> ---------- <<< 
[LOG 22:22:49]:               Ice Block (UnityEngine.GameObject)
[LOG 22:22:49]:                >>> Components <<< 
[LOG 22:22:49]:                Ice Block (UnityEngine.Transform)
[LOG 22:22:49]:                Ice Block (UnityEngine.MeshFilter)
[LOG 22:22:49]:                Ice Block (UnityEngine.MeshRenderer)
[LOG 22:22:49]:                Ice Block (UnityEngine.MeshCollider)
[LOG 22:22:49]:                >>> ---------- <<< 
[LOG 22:22:49]:               Ice Pyramid (UnityEngine.GameObject)
[LOG 22:22:49]:                >>> Components <<< 
[LOG 22:22:49]:                Ice Pyramid (UnityEngine.Transform)
[LOG 22:22:49]:                Ice Pyramid (UnityEngine.MeshFilter)
[LOG 22:22:49]:                Ice Pyramid (UnityEngine.MeshRenderer)
[LOG 22:22:49]:                Ice Pyramid (UnityEngine.MeshCollider)
[LOG 22:22:49]:                >>> ---------- <<< 
[LOG 22:22:49]:               Ice Pyramid (UnityEngine.GameObject)
[LOG 22:22:49]:                >>> Components <<< 
[LOG 22:22:49]:                Ice Pyramid (UnityEngine.Transform)
[LOG 22:22:49]:                Ice Pyramid (UnityEngine.MeshFilter)
[LOG 22:22:49]:                Ice Pyramid (UnityEngine.MeshRenderer)
[LOG 22:22:49]:                Ice Pyramid (UnityEngine.MeshCollider)
[LOG 22:22:49]:                >>> ---------- <<< 
[LOG 22:22:49]:               Ice Pyramid (UnityEngine.GameObject)
[LOG 22:22:49]:                >>> Components <<< 
[LOG 22:22:49]:                Ice Pyramid (UnityEngine.Transform)
[LOG 22:22:49]:                Ice Pyramid (UnityEngine.MeshFilter)
[LOG 22:22:49]:                Ice Pyramid (UnityEngine.MeshRenderer)
[LOG 22:22:49]:                Ice Pyramid (UnityEngine.MeshCollider)
[LOG 22:22:49]:                >>> ---------- <<< 
[LOG 22:22:49]:               Ice Pyramid (UnityEngine.GameObject)
[LOG 22:22:49]:                >>> Components <<< 
[LOG 22:22:49]:                Ice Pyramid (UnityEngine.Transform)
[LOG 22:22:49]:                Ice Pyramid (UnityEngine.MeshFilter)
[LOG 22:22:49]:                Ice Pyramid (UnityEngine.MeshRenderer)
[LOG 22:22:49]:                Ice Pyramid (UnityEngine.MeshCollider)
[LOG 22:22:49]:                >>> ---------- <<< 
[LOG 22:22:49]:       Randolith (UnityEngine.GameObject)
[LOG 22:22:49]:        >>> Components <<< 
[LOG 22:22:49]:        Randolith (UnityEngine.Transform)
[LOG 22:22:49]:        Randolith (PQSCity)
[LOG 22:22:49]:        Randolith (PrefabSpawner)
[LOG 22:22:49]:        >>> ---------- <<< 
[LOG 22:22:49]:           monolith01 (UnityEngine.GameObject)
[LOG 22:22:49]:            >>> Components <<< 
[LOG 22:22:49]:            monolith01 (UnityEngine.Transform)
[LOG 22:22:49]:            monolith01 (UnityEngine.MeshFilter)
[LOG 22:22:49]:            monolith01 (UnityEngine.MeshRenderer)
[LOG 22:22:49]:            monolith01 (UnityEngine.Animation)
[LOG 22:22:49]:            monolith01 (UnityEngine.MeshCollider)
[LOG 22:22:49]:            >>> ---------- <<< 
[LOG 22:22:49]:       _PQSROCControl (UnityEngine.GameObject)
[LOG 22:22:49]:        >>> Components <<< 
[LOG 22:22:49]:        _PQSROCControl (UnityEngine.Transform)
[LOG 22:22:49]:        _PQSROCControl (PQSROCControl)
[LOG 22:22:49]:        >>> ---------- <<< 
[LOG 22:22:49]:       LandControlFixer (UnityEngine.GameObject)
[LOG 22:22:49]:        >>> Components <<< 
[LOG 22:22:49]:        LandControlFixer (UnityEngine.Transform)
[LOG 22:22:49]:        LandControlFixer (Kopernicus.Components.PQSLandControlFixer)
[LOG 22:22:49]:        >>> ---------- <<< 
[LOG 22:22:49]:       OnDemandHandler (UnityEngine.GameObject)
[LOG 22:22:49]:        >>> Components <<< 
[LOG 22:22:49]:        OnDemandHandler (UnityEngine.Transform)
[LOG 22:22:49]:        OnDemandHandler (Kopernicus.OnDemand.PQSMod_OnDemandHandler)
[LOG 22:22:49]:        >>> ---------- <<< 
[LOG 22:22:49]: Parsing Target Ocean in (Kopernicus.Configuration.Body) as (Kopernicus.Configuration.OceanLoader)
[LOG 22:22:49]: Parsing Target Rings in (Kopernicus.Configuration.Body) as (System.Collections.Generic.List`1[Kopernicus.Configuration.RingLoader])
[LOG 22:22:49]: Parsing Target Particles in (Kopernicus.Configuration.Body) as (System.Collections.Generic.List`1[Kopernicus.Configuration.ParticleLoader])
[LOG 22:22:49]: Parsing Target HazardousBody in (Kopernicus.Configuration.Body) as (System.Collections.Generic.List`1[Kopernicus.Configuration.HazardousBodyLoader])
[LOG 22:22:49]: Parsing Target SpaceCenter in (Kopernicus.Configuration.Body) as (Kopernicus.Configuration.SpaceCenterLoader)
[LOG 22:22:49]: Parsing Target Debug in (Kopernicus.Configuration.Body) as (Kopernicus.Configuration.DebugLoader)
[LOG 22:22:49]: Parsing Target PostSpawnOrbit in (Kopernicus.Configuration.Body) as (ConfigNode)
[LOG 22:22:49]: --------- Celestial Body ------------
[LOG 22:22:49]: bodyName = Vall
[LOG 22:22:49]: bodyDisplayName = #autoLOC_910027
[LOG 22:22:49]: bodyAdjectiveDisplayName = #autoLOC_6004077
[LOG 22:22:49]: bodyDescription = #autoLOC_900082
[LOG 22:22:49]: GeeASL = 0.235080276562617
[LOG 22:22:49]: Radius = 300000
[LOG 22:22:49]: Mass = 0
[LOG 22:22:49]: Density = 0
[LOG 22:22:49]: SurfaceArea = 0
[LOG 22:22:49]: gravParameter = 0
[LOG 22:22:49]: sphereOfInfluence = 0
[LOG 22:22:49]: hillSphere = 0
[LOG 22:22:49]: gMagnitudeAtCenter = 0
[LOG 22:22:49]: atmDensityASL = 0
[LOG 22:22:49]: atmPressureASL = 0
[LOG 22:22:49]: scaledEllipsoid = True
[LOG 22:22:49]: scaledElipRadMult = [1, 1, 1]
[LOG 22:22:49]: scaledRadiusHorizonMultiplier = 1
[LOG 22:22:49]: navballSwitchRadiusMult = 0.06
[LOG 22:22:49]: navballSwitchRadiusMultLow = 0.055
[LOG 22:22:49]: use_The_InName = False
[LOG 22:22:49]: isHomeWorld = False
[LOG 22:22:49]: ocean = False
[LOG 22:22:49]: oceanUseFog = True
[LOG 22:22:49]: oceanFogPQSDepth = 1000
[LOG 22:22:49]: oceanFogPQSDepthRecip = 0.001
[LOG 22:22:49]: oceanFogDensityStart = 0.015
[LOG 22:22:49]: oceanFogDensityEnd = 0.13
[LOG 22:22:49]: oceanFogDensityPQSMult = 0.02
[LOG 22:22:49]: oceanFogDensityAltScalar = -0.0008
[LOG 22:22:49]: oceanFogDensityExponent = 1
[LOG 22:22:49]: oceanFogColorStart = RGBA(0.000, 0.337, 0.486, 1.000)
[LOG 22:22:49]: oceanFogColorEnd = RGBA(0.000, 0.084, 0.122, 1.000)
[LOG 22:22:49]: oceanFogDawnFactor = 10
[LOG 22:22:49]: oceanSkyColorMult = 1.2
[LOG 22:22:49]: oceanSkyColorOpacityBase = 0.2
[LOG 22:22:49]: oceanSkyColorOpacityAltMult = 2
[LOG 22:22:49]: oceanDensity = 1
[LOG 22:22:49]: oceanAFGBase = 0.6
[LOG 22:22:49]: oceanAFGAltMult = 0.05
[LOG 22:22:49]: oceanAFGMin = 0.05
[LOG 22:22:49]: oceanSunBase = 0.5
[LOG 22:22:49]: oceanSunAltMult = 0.01
[LOG 22:22:49]: oceanSunMin = 0.05
[LOG 22:22:49]: oceanAFGLerp = False
[LOG 22:22:49]: oceanMinAlphaFogDistance = 200
[LOG 22:22:49]: oceanMaxAlbedoFog = 0.95
[LOG 22:22:49]: oceanMaxAlphaFog = 0.9
[LOG 22:22:49]: oceanAlbedoDistanceScalar = 0.01
[LOG 22:22:49]: oceanAlphaDistanceScalar = 0.01
[LOG 22:22:49]: minOrbitalDistance = 100000
[LOG 22:22:49]: atmosphere = False
[LOG 22:22:49]: atmosphereContainsOxygen = False
[LOG 22:22:49]: atmosphereDepth = 0
[LOG 22:22:49]: atmosphereTemperatureSeaLevel = 288
[LOG 22:22:49]: atmospherePressureSeaLevel = 101.325
[LOG 22:22:49]: atmosphereMolarMass = 0.0289644
[LOG 22:22:49]: atmosphereAdiabaticIndex = 1.39999997615814
[LOG 22:22:49]: atmosphereTemperatureLapseRate = 0
[LOG 22:22:49]: atmosphereGasMassLapseRate = 0
[LOG 22:22:49]: atmosphereUseTemperatureCurve = False
[LOG 22:22:49]: atmosphereTemperatureCurveIsNormalized = False
[LOG 22:22:49]: atmosphereTemperatureCurve = FloatCurve
[LOG 22:22:49]: latitudeTemperatureBiasCurve = FloatCurve
[LOG 22:22:49]: latitudeTemperatureSunMultCurve = FloatCurve
[LOG 22:22:49]: axialTemperatureSunMultCurve = FloatCurve
[LOG 22:22:49]: axialTemperatureSunBiasCurve = FloatCurve
[LOG 22:22:49]: atmosphereTemperatureSunMultCurve = FloatCurve
[LOG 22:22:49]: maxAxialDot = 0
[LOG 22:22:49]: eccentricityTemperatureBiasCurve = FloatCurve
[LOG 22:22:49]: albedo = 0.5
[LOG 22:22:49]: emissivity = 0.7
[LOG 22:22:49]: coreTemperatureOffset = 40
[LOG 22:22:49]: convectionMultiplier = 1
[LOG 22:22:49]: shockTemperatureMultiplier = 1
[LOG 22:22:49]: atmosphereUsePressureCurve = False
[LOG 22:22:49]: atmospherePressureCurveIsNormalized = False
[LOG 22:22:49]: atmospherePressureCurve = FloatCurve
[LOG 22:22:49]: radiusAtmoFactor = 1
[LOG 22:22:49]: hasSolidSurface = True
[LOG 22:22:49]: isStar = False
[LOG 22:22:49]: rotation = (0.0, 0.0, 0.0, 0.0)
[LOG 22:22:49]: orbitDriver = Vall (OrbitDriver)
[LOG 22:22:49]: pqsController = Vall (PQS)
[LOG 22:22:49]: pqsSurfaceObjects = PQSSurfaceObject[]
[LOG 22:22:49]: scaledBody = Vall (UnityEngine.GameObject)
[LOG 22:22:49]: afg = 
[LOG 22:22:49]: rotates = True
[LOG 22:22:49]: rotationPeriod = 100
[LOG 22:22:49]: rotPeriodRecip = 0
[LOG 22:22:49]: solarDayLength = 0
[LOG 22:22:49]: solarRotationPeriod = False
[LOG 22:22:49]: initialRotation = 0
[LOG 22:22:49]: rotationAngle = 0
[LOG 22:22:49]: directRotAngle = 0
[LOG 22:22:49]: angularVelocity = [0, 0, 0]
[LOG 22:22:49]: zUpAngularVelocity = [0, 0, 0]
[LOG 22:22:49]: tidallyLocked = True
[LOG 22:22:49]: clampInverseRotThreshold = True
[LOG 22:22:49]: inverseRotation = False
[LOG 22:22:49]: inverseRotThresholdAltitude = 100000
[LOG 22:22:49]: angularV = 0
[LOG 22:22:49]: timeWarpAltitudeLimits = System.Single[]
[LOG 22:22:49]: atmosphericAmbientColor = RGBA(0.000, 0.000, 0.000, 0.000)
[LOG 22:22:49]: orbitingBodies = System.Collections.Generic.List`1[CelestialBody]
[LOG 22:22:49]: BodyFrame = Planetarium+CelestialFrame
[LOG 22:22:49]: progressTree = KSPAchievements.CelestialBodySubtree
[LOG 22:22:49]: bodyType = Generic
[LOG 22:22:49]: scienceValues = CelestialBodyScienceParams
[LOG 22:22:49]: BiomeMap = vall_biome (CBAttributeMapSO)
[LOG 22:22:49]: MiniBiomes = MiniBiome[]
[LOG 22:22:49]: bodyTransform = 
[LOG 22:22:49]: --------------------------------------
