//===============================================================================================================//
//=====  Kopernicus 1.7.3-2 - (BuildDate: 12.09.2019 10:49:54; AssemblyHash: mEiDzMX4z4uZzKUC3t772hbCbxI=)  =====//
//===============================================================================================================//
[LOG 22:59:25]: Logger "SLIPPIST-1/SLIPPIST-1.Body" was created
[LOG 22:59:25]: Parsing Target name in (Kopernicus.Configuration.Body) as (System.String)
[LOG 22:59:25]: Parsing Target Template in (Kopernicus.Configuration.Body) as (Kopernicus.Configuration.TemplateLoader)
[LOG 22:59:25]: Parsing Target name in (Kopernicus.Configuration.TemplateLoader) as (System.String)
[LOG 22:59:25]: Parsing Target removePQS in (Kopernicus.Configuration.TemplateLoader) as (Kopernicus.ConfigParser.BuiltinTypeParsers.NumericParser`1[System.Boolean])
[LOG 22:59:25]: Parsing Target removeBiomes in (Kopernicus.Configuration.TemplateLoader) as (Kopernicus.ConfigParser.BuiltinTypeParsers.NumericParser`1[System.Boolean])
[LOG 22:59:25]: Parsing Target removeAtmosphere in (Kopernicus.Configuration.TemplateLoader) as (Kopernicus.ConfigParser.BuiltinTypeParsers.NumericParser`1[System.Boolean])
[LOG 22:59:25]: Parsing Target removeOcean in (Kopernicus.Configuration.TemplateLoader) as (Kopernicus.ConfigParser.BuiltinTypeParsers.NumericParser`1[System.Boolean])
[LOG 22:59:25]: Parsing Target removePQSMods in (Kopernicus.Configuration.TemplateLoader) as (Kopernicus.ConfigParser.BuiltinTypeParsers.StringCollectionParser)
[LOG 22:59:25]: Parsing Target removeAllPQSMods in (Kopernicus.Configuration.TemplateLoader) as (Kopernicus.ConfigParser.BuiltinTypeParsers.NumericParser`1[System.Boolean])
[LOG 22:59:25]: Parsing Target removeProgressTree in (Kopernicus.Configuration.TemplateLoader) as (Kopernicus.ConfigParser.BuiltinTypeParsers.NumericParser`1[System.Boolean])
[LOG 22:59:25]: Parsing Target removeCoronas in (Kopernicus.Configuration.TemplateLoader) as (Kopernicus.ConfigParser.BuiltinTypeParsers.NumericParser`1[System.Boolean])
[LOG 22:59:25]: Using Template "Sun"
[LOG 22:59:25]: Parsing Target cacheFile in (Kopernicus.Configuration.Body) as (System.String)
[LOG 22:59:25]: Parsing Target barycenter in (Kopernicus.Configuration.Body) as (Kopernicus.ConfigParser.BuiltinTypeParsers.NumericParser`1[System.Boolean])
[LOG 22:59:25]: Parsing Target cbNameLater in (Kopernicus.Configuration.Body) as (System.String)
[LOG 22:59:25]: Parsing Target identifier in (Kopernicus.Configuration.Body) as (System.String)
[LOG 22:59:25]: Parsing Target self in (Kopernicus.Configuration.Body) as (System.Collections.Generic.List`1[Kopernicus.ConfigParser.BuiltinTypeParsers.StringCollectionParser])
[LOG 22:59:25]: Parsing Target finalizeOrbit in (Kopernicus.Configuration.Body) as (Kopernicus.ConfigParser.BuiltinTypeParsers.NumericParser`1[System.Boolean])
[LOG 22:59:25]: Parsing Target randomMainMenuBody in (Kopernicus.Configuration.Body) as (Kopernicus.ConfigParser.BuiltinTypeParsers.NumericParser`1[System.Boolean])
[LOG 22:59:25]: Parsing Target contractWeight in (Kopernicus.Configuration.Body) as (Kopernicus.ConfigParser.BuiltinTypeParsers.NumericParser`1[System.Int32])
[LOG 22:59:25]: Parsing Target Properties in (Kopernicus.Configuration.Body) as (Kopernicus.Configuration.PropertiesLoader)
[LOG 22:59:25]: Parsing Target description in (Kopernicus.Configuration.PropertiesLoader) as (System.String)
[LOG 22:59:25]: Parsing Target radius in (Kopernicus.Configuration.PropertiesLoader) as (Kopernicus.ConfigParser.BuiltinTypeParsers.NumericParser`1[System.Double])
[LOG 22:59:25]: Parsing Target geeASL in (Kopernicus.Configuration.PropertiesLoader) as (Kopernicus.ConfigParser.BuiltinTypeParsers.NumericParser`1[System.Double])
[LOG 22:59:25]: Parsing Target mass in (Kopernicus.Configuration.PropertiesLoader) as (Kopernicus.ConfigParser.BuiltinTypeParsers.NumericParser`1[System.Double])
[LOG 22:59:25]: Via mass, set gravParam to 1.1811167095672E+17, surface G to 169.96417505769
[LOG 22:59:25]: Parsing Target gravParameter in (Kopernicus.Configuration.PropertiesLoader) as (Kopernicus.ConfigParser.BuiltinTypeParsers.NumericParser`1[System.Double])
[LOG 22:59:25]: Parsing Target rotates in (Kopernicus.Configuration.PropertiesLoader) as (Kopernicus.ConfigParser.BuiltinTypeParsers.NumericParser`1[System.Boolean])
[LOG 22:59:25]: Parsing Target rotationPeriod in (Kopernicus.Configuration.PropertiesLoader) as (Kopernicus.ConfigParser.BuiltinTypeParsers.NumericParser`1[System.Double])
[LOG 22:59:25]: Parsing Target tidallyLocked in (Kopernicus.Configuration.PropertiesLoader) as (Kopernicus.ConfigParser.BuiltinTypeParsers.NumericParser`1[System.Boolean])
[LOG 22:59:25]: Parsing Target initialRotation in (Kopernicus.Configuration.PropertiesLoader) as (Kopernicus.ConfigParser.BuiltinTypeParsers.NumericParser`1[System.Double])
[LOG 22:59:25]: Parsing Target inverseRotThresholdAltitude in (Kopernicus.Configuration.PropertiesLoader) as (Kopernicus.ConfigParser.BuiltinTypeParsers.NumericParser`1[System.Single])
[LOG 22:59:25]: Parsing Target albedo in (Kopernicus.Configuration.PropertiesLoader) as (Kopernicus.ConfigParser.BuiltinTypeParsers.NumericParser`1[System.Double])
[LOG 22:59:25]: Parsing Target emissivity in (Kopernicus.Configuration.PropertiesLoader) as (Kopernicus.ConfigParser.BuiltinTypeParsers.NumericParser`1[System.Double])
[LOG 22:59:25]: Parsing Target coreTemperatureOffset in (Kopernicus.Configuration.PropertiesLoader) as (Kopernicus.ConfigParser.BuiltinTypeParsers.NumericParser`1[System.Double])
[LOG 22:59:25]: Parsing Target timewarpAltitudeLimits in (Kopernicus.Configuration.PropertiesLoader) as (Kopernicus.ConfigParser.BuiltinTypeParsers.NumericCollectionParser`1[System.Single])
[LOG 22:59:25]: Parsing Target sphereOfInfluence in (Kopernicus.Configuration.PropertiesLoader) as (Kopernicus.ConfigParser.BuiltinTypeParsers.NumericParser`1[System.Double])
[LOG 22:59:25]: Parsing Target solarRotationPeriod in (Kopernicus.Configuration.PropertiesLoader) as (Kopernicus.ConfigParser.BuiltinTypeParsers.NumericParser`1[System.Boolean])
[LOG 22:59:25]: Parsing Target navballSwitchRadiusMult in (Kopernicus.Configuration.PropertiesLoader) as (Kopernicus.ConfigParser.BuiltinTypeParsers.NumericParser`1[System.Double])
[LOG 22:59:25]: Parsing Target navballSwitchRadiusMultLow in (Kopernicus.Configuration.PropertiesLoader) as (Kopernicus.ConfigParser.BuiltinTypeParsers.NumericParser`1[System.Double])
[LOG 22:59:25]: Parsing Target ScienceValues in (Kopernicus.Configuration.PropertiesLoader) as (Kopernicus.Configuration.ScienceValuesLoader)
[LOG 22:59:25]: Parsing Target landedDataValue in (Kopernicus.Configuration.ScienceValuesLoader) as (Kopernicus.ConfigParser.BuiltinTypeParsers.NumericParser`1[System.Single])
[LOG 22:59:25]: Parsing Target splashedDataValue in (Kopernicus.Configuration.ScienceValuesLoader) as (Kopernicus.ConfigParser.BuiltinTypeParsers.NumericParser`1[System.Single])
[LOG 22:59:25]: Parsing Target flyingLowDataValue in (Kopernicus.Configuration.ScienceValuesLoader) as (Kopernicus.ConfigParser.BuiltinTypeParsers.NumericParser`1[System.Single])
[LOG 22:59:25]: Parsing Target flyingHighDataValue in (Kopernicus.Configuration.ScienceValuesLoader) as (Kopernicus.ConfigParser.BuiltinTypeParsers.NumericParser`1[System.Single])
[LOG 22:59:25]: Parsing Target inSpaceLowDataValue in (Kopernicus.Configuration.ScienceValuesLoader) as (Kopernicus.ConfigParser.BuiltinTypeParsers.NumericParser`1[System.Single])
[LOG 22:59:25]: Parsing Target inSpaceHighDataValue in (Kopernicus.Configuration.ScienceValuesLoader) as (Kopernicus.ConfigParser.BuiltinTypeParsers.NumericParser`1[System.Single])
[LOG 22:59:25]: Parsing Target recoveryValue in (Kopernicus.Configuration.ScienceValuesLoader) as (Kopernicus.ConfigParser.BuiltinTypeParsers.NumericParser`1[System.Single])
[LOG 22:59:25]: Parsing Target flyingAltitudeThreshold in (Kopernicus.Configuration.ScienceValuesLoader) as (Kopernicus.ConfigParser.BuiltinTypeParsers.NumericParser`1[System.Single])
[LOG 22:59:25]: Parsing Target spaceAltitudeThreshold in (Kopernicus.Configuration.ScienceValuesLoader) as (Kopernicus.ConfigParser.BuiltinTypeParsers.NumericParser`1[System.Single])
[LOG 22:59:25]: Parsing Target biomeMap in (Kopernicus.Configuration.PropertiesLoader) as (Kopernicus.Configuration.Parsing.MapSOParserRGB`1[CBAttributeMapSO])
[LOG 22:59:25]: Parsing Target nonExactThreshold in (Kopernicus.Configuration.PropertiesLoader) as (Kopernicus.ConfigParser.BuiltinTypeParsers.NumericParser`1[System.Single])
[LOG 22:59:25]: Parsing Target exactSearch in (Kopernicus.Configuration.PropertiesLoader) as (Kopernicus.ConfigParser.BuiltinTypeParsers.NumericParser`1[System.Boolean])
[LOG 22:59:25]: Parsing Target Biomes in (Kopernicus.Configuration.PropertiesLoader) as (Kopernicus.Configuration.Parsing.CallbackList`1[Kopernicus.Configuration.BiomeLoader])
[LOG 22:59:25]: Parsing Target name in (Kopernicus.Configuration.BiomeLoader) as (System.String)
[LOG 22:59:25]: Parsing Target displayName in (Kopernicus.Configuration.BiomeLoader) as (System.String)
[LOG 22:59:25]: Parsing Target value in (Kopernicus.Configuration.BiomeLoader) as (Kopernicus.ConfigParser.BuiltinTypeParsers.NumericParser`1[System.Single])
[LOG 22:59:25]: Parsing Target color in (Kopernicus.Configuration.BiomeLoader) as (Kopernicus.ConfigParser.BuiltinTypeParsers.ColorParser)
[LOG 22:59:25]: Parsing Target name in (Kopernicus.Configuration.BiomeLoader) as (System.String)
[LOG 22:59:25]: Parsing Target displayName in (Kopernicus.Configuration.BiomeLoader) as (System.String)
[LOG 22:59:25]: Parsing Target value in (Kopernicus.Configuration.BiomeLoader) as (Kopernicus.ConfigParser.BuiltinTypeParsers.NumericParser`1[System.Single])
[LOG 22:59:25]: Parsing Target color in (Kopernicus.Configuration.BiomeLoader) as (Kopernicus.ConfigParser.BuiltinTypeParsers.ColorParser)
[LOG 22:59:25]: Parsing Target useTheInName in (Kopernicus.Configuration.PropertiesLoader) as (Kopernicus.ConfigParser.BuiltinTypeParsers.NumericParser`1[System.Boolean])
[LOG 22:59:25]: Parsing Target displayName in (Kopernicus.Configuration.PropertiesLoader) as (System.String)
[LOG 22:59:25]: Parsing Target selectable in (Kopernicus.Configuration.PropertiesLoader) as (Kopernicus.ConfigParser.BuiltinTypeParsers.NumericParser`1[System.Boolean])
[LOG 22:59:25]: Parsing Target RDVisibility in (Kopernicus.Configuration.PropertiesLoader) as (Kopernicus.ConfigParser.BuiltinTypeParsers.EnumParser`1[Kopernicus.Configuration.PropertiesLoader+RnDVisibility])
[LOG 22:59:25]: Parsing Target RnDVisibility in (Kopernicus.Configuration.PropertiesLoader) as (Kopernicus.ConfigParser.BuiltinTypeParsers.EnumParser`1[Kopernicus.Configuration.PropertiesLoader+RnDVisibility])
[LOG 22:59:25]: Parsing Target RnDRotation in (Kopernicus.Configuration.PropertiesLoader) as (Kopernicus.ConfigParser.BuiltinTypeParsers.NumericParser`1[System.Boolean])
[LOG 22:59:25]: Parsing Target maxZoom in (Kopernicus.Configuration.PropertiesLoader) as (Kopernicus.ConfigParser.BuiltinTypeParsers.NumericParser`1[System.Single])
[LOG 22:59:25]: --------- Science Values ------------
[LOG 22:59:25]: LandedDataValue = 1
[LOG 22:59:25]: SplashedDataValue = 1
[LOG 22:59:25]: FlyingLowDataValue = 1
[LOG 22:59:25]: FlyingHighDataValue = 1
[LOG 22:59:25]: InSpaceLowDataValue = 11
[LOG 22:59:25]: InSpaceHighDataValue = 2
[LOG 22:59:25]: RecoveryValue = 4
[LOG 22:59:25]: flyingAltitudeThreshold = 18000
[LOG 22:59:25]: spaceAltitudeThreshold = 1E+09
[LOG 22:59:25]: --------------------------------------
[LOG 22:59:25]: Found Biome: Photosphere : RGBA(1.000, 0.733, 0.310, 1.000) : 0
[LOG 22:59:25]: Found Biome: Starspots : RGBA(0.506, 0.267, 0.090, 1.000) : 0
[LOG 22:59:25]: Parsing Target Orbit in (Kopernicus.Configuration.Body) as (Kopernicus.Configuration.OrbitLoader)
[LOG 22:59:25]: Parsing Target ScaledVersion in (Kopernicus.Configuration.Body) as (Kopernicus.Configuration.ScaledVersionLoader)
[LOG 22:59:25]: Parsing Target type in (Kopernicus.Configuration.ScaledVersionLoader) as (Kopernicus.ConfigParser.BuiltinTypeParsers.EnumParser`1[Kopernicus.Configuration.Enumerations.BodyType])
[LOG 22:59:25]: Copying "usePlanetariumTime": False => False
[LOG 22:59:25]: Copying "speedFactor": 1 => 0.01
[LOG 22:59:25]: Copying "frequency0": 4 => 1.213247
[LOG 22:59:25]: Copying "curve0": UnityEngine.AnimationCurve => UnityEngine.AnimationCurve
[LOG 22:59:25]: Copying "frequency1": 3 => 1.324546
[LOG 22:59:25]: Copying "curve1": UnityEngine.AnimationCurve => UnityEngine.AnimationCurve
[LOG 22:59:25]: Copying "frequency2": 2 => 1.132255
[LOG 22:59:25]: Copying "curve2": UnityEngine.AnimationCurve => UnityEngine.AnimationCurve
[LOG 22:59:25]: Copying "frequency3": 1 => 1.235449
[LOG 22:59:25]: Copying "curve3": UnityEngine.AnimationCurve => UnityEngine.AnimationCurve
[LOG 22:59:25]: Parsing Target fadeStart in (Kopernicus.Configuration.ScaledVersionLoader) as (Kopernicus.ConfigParser.BuiltinTypeParsers.NumericParser`1[System.Single])
[LOG 22:59:25]: Parsing Target fadeEnd in (Kopernicus.Configuration.ScaledVersionLoader) as (Kopernicus.ConfigParser.BuiltinTypeParsers.NumericParser`1[System.Single])
[LOG 22:59:25]: Parsing Target Light in (Kopernicus.Configuration.ScaledVersionLoader) as (Kopernicus.Configuration.LightShifterLoader)
[LOG 22:59:25]: Parsing Target sunFlare in (Kopernicus.Configuration.LightShifterLoader) as (Kopernicus.Configuration.Parsing.AssetParser`1[UnityEngine.Flare])
[LOG 22:59:25]: Parsing Target sunlightColor in (Kopernicus.Configuration.LightShifterLoader) as (Kopernicus.ConfigParser.BuiltinTypeParsers.ColorParser)
[LOG 22:59:25]: Parsing Target sunlightIntensity in (Kopernicus.Configuration.LightShifterLoader) as (Kopernicus.ConfigParser.BuiltinTypeParsers.NumericParser`1[System.Single])
[LOG 22:59:25]: Parsing Target sunlightShadowStrength in (Kopernicus.Configuration.LightShifterLoader) as (Kopernicus.ConfigParser.BuiltinTypeParsers.NumericParser`1[System.Single])
[LOG 22:59:25]: Parsing Target scaledSunlightColor in (Kopernicus.Configuration.LightShifterLoader) as (Kopernicus.ConfigParser.BuiltinTypeParsers.ColorParser)
[LOG 22:59:25]: Parsing Target scaledSunlightIntensity in (Kopernicus.Configuration.LightShifterLoader) as (Kopernicus.ConfigParser.BuiltinTypeParsers.NumericParser`1[System.Single])
[LOG 22:59:25]: Parsing Target IVASunColor in (Kopernicus.Configuration.LightShifterLoader) as (Kopernicus.ConfigParser.BuiltinTypeParsers.ColorParser)
[LOG 22:59:25]: Parsing Target IVASunIntensity in (Kopernicus.Configuration.LightShifterLoader) as (Kopernicus.ConfigParser.BuiltinTypeParsers.NumericParser`1[System.Single])
[LOG 22:59:25]: Parsing Target ambientLightColor in (Kopernicus.Configuration.LightShifterLoader) as (Kopernicus.ConfigParser.BuiltinTypeParsers.ColorParser)
[LOG 22:59:25]: Parsing Target sunLensFlareColor in (Kopernicus.Configuration.LightShifterLoader) as (Kopernicus.ConfigParser.BuiltinTypeParsers.ColorParser)
[LOG 22:59:25]: Parsing Target givesOffLight in (Kopernicus.Configuration.LightShifterLoader) as (Kopernicus.ConfigParser.BuiltinTypeParsers.NumericParser`1[System.Boolean])
[LOG 22:59:25]: Parsing Target sunAU in (Kopernicus.Configuration.LightShifterLoader) as (Kopernicus.ConfigParser.BuiltinTypeParsers.NumericParser`1[System.Double])
[LOG 22:59:25]: Parsing Target brightnessCurve in (Kopernicus.Configuration.LightShifterLoader) as (Kopernicus.ConfigParser.BuiltinTypeParsers.FloatCurveParser)
[LOG 22:59:25]: Parsing Target self in (Kopernicus.ConfigParser.BuiltinTypeParsers.FloatCurveParser) as (System.Collections.Generic.List`1[Kopernicus.ConfigParser.BuiltinTypeParsers.NumericCollectionParser`1[System.Single]])
[LOG 22:59:25]: Parsing Target luminosity in (Kopernicus.Configuration.LightShifterLoader) as (Kopernicus.ConfigParser.BuiltinTypeParsers.NumericParser`1[System.Double])
[LOG 22:59:25]: Parsing Target insolation in (Kopernicus.Configuration.LightShifterLoader) as (Kopernicus.ConfigParser.BuiltinTypeParsers.NumericParser`1[System.Double])
[LOG 22:59:25]: Parsing Target radiationFactor in (Kopernicus.Configuration.LightShifterLoader) as (Kopernicus.ConfigParser.BuiltinTypeParsers.NumericParser`1[System.Double])
[LOG 22:59:25]: Parsing Target IntensityCurve in (Kopernicus.Configuration.LightShifterLoader) as (Kopernicus.ConfigParser.BuiltinTypeParsers.FloatCurveParser)
[LOG 22:59:25]: Parsing Target self in (Kopernicus.ConfigParser.BuiltinTypeParsers.FloatCurveParser) as (System.Collections.Generic.List`1[Kopernicus.ConfigParser.BuiltinTypeParsers.NumericCollectionParser`1[System.Single]])
[LOG 22:59:25]: Parsing Target ScaledIntensityCurve in (Kopernicus.Configuration.LightShifterLoader) as (Kopernicus.ConfigParser.BuiltinTypeParsers.FloatCurveParser)
[LOG 22:59:25]: Parsing Target self in (Kopernicus.ConfigParser.BuiltinTypeParsers.FloatCurveParser) as (System.Collections.Generic.List`1[Kopernicus.ConfigParser.BuiltinTypeParsers.NumericCollectionParser`1[System.Single]])
[LOG 22:59:25]: Parsing Target IVAIntensityCurve in (Kopernicus.Configuration.LightShifterLoader) as (Kopernicus.ConfigParser.BuiltinTypeParsers.FloatCurveParser)
[LOG 22:59:25]: Parsing Target self in (Kopernicus.ConfigParser.BuiltinTypeParsers.FloatCurveParser) as (System.Collections.Generic.List`1[Kopernicus.ConfigParser.BuiltinTypeParsers.NumericCollectionParser`1[System.Single]])
[LOG 22:59:25]: Parsing Target sphericalModel in (Kopernicus.Configuration.ScaledVersionLoader) as (Kopernicus.ConfigParser.BuiltinTypeParsers.NumericParser`1[System.Boolean])
[LOG 22:59:25]: Parsing Target deferMesh in (Kopernicus.Configuration.ScaledVersionLoader) as (Kopernicus.ConfigParser.BuiltinTypeParsers.NumericParser`1[System.Boolean])
[LOG 22:59:25]: Parsing Target invisible in (Kopernicus.Configuration.ScaledVersionLoader) as (Kopernicus.ConfigParser.BuiltinTypeParsers.NumericParser`1[System.Boolean])
[LOG 22:59:25]: Parsing Target Material in (Kopernicus.Configuration.ScaledVersionLoader) as (UnityEngine.Material)
[LOG 22:59:25]: Parsing Target rampMap in (Kopernicus.Configuration.MaterialLoader.EmissiveMultiRampSunspotsLoader) as (Kopernicus.Configuration.Parsing.Texture2DParser)
[LOG 22:59:25]: Parsing Target rampMapScale in (Kopernicus.Configuration.MaterialLoader.EmissiveMultiRampSunspotsLoader) as (Kopernicus.ConfigParser.BuiltinTypeParsers.Vector2Parser)
[LOG 22:59:25]: Parsing Target rampMapOffset in (Kopernicus.Configuration.MaterialLoader.EmissiveMultiRampSunspotsLoader) as (Kopernicus.ConfigParser.BuiltinTypeParsers.Vector2Parser)
[LOG 22:59:25]: Parsing Target noiseMap in (Kopernicus.Configuration.MaterialLoader.EmissiveMultiRampSunspotsLoader) as (Kopernicus.Configuration.Parsing.Texture2DParser)
[LOG 22:59:25]: Parsing Target noiseMapScale in (Kopernicus.Configuration.MaterialLoader.EmissiveMultiRampSunspotsLoader) as (Kopernicus.ConfigParser.BuiltinTypeParsers.Vector2Parser)
[LOG 22:59:25]: Parsing Target noiseMapOffset in (Kopernicus.Configuration.MaterialLoader.EmissiveMultiRampSunspotsLoader) as (Kopernicus.ConfigParser.BuiltinTypeParsers.Vector2Parser)
[LOG 22:59:25]: Parsing Target emitColor0 in (Kopernicus.Configuration.MaterialLoader.EmissiveMultiRampSunspotsLoader) as (Kopernicus.ConfigParser.BuiltinTypeParsers.ColorParser)
[LOG 22:59:25]: Parsing Target emitColor1 in (Kopernicus.Configuration.MaterialLoader.EmissiveMultiRampSunspotsLoader) as (Kopernicus.ConfigParser.BuiltinTypeParsers.ColorParser)
[LOG 22:59:25]: Parsing Target sunspotTex in (Kopernicus.Configuration.MaterialLoader.EmissiveMultiRampSunspotsLoader) as (Kopernicus.Configuration.Parsing.Texture2DParser)
[LOG 22:59:25]: Parsing Target sunspotTexScale in (Kopernicus.Configuration.MaterialLoader.EmissiveMultiRampSunspotsLoader) as (Kopernicus.ConfigParser.BuiltinTypeParsers.Vector2Parser)
[LOG 22:59:25]: Parsing Target sunspotTexOffset in (Kopernicus.Configuration.MaterialLoader.EmissiveMultiRampSunspotsLoader) as (Kopernicus.ConfigParser.BuiltinTypeParsers.Vector2Parser)
[LOG 22:59:25]: Parsing Target sunspotPower in (Kopernicus.Configuration.MaterialLoader.EmissiveMultiRampSunspotsLoader) as (Kopernicus.ConfigParser.BuiltinTypeParsers.NumericParser`1[System.Single])
[LOG 22:59:25]: Parsing Target sunspotColor in (Kopernicus.Configuration.MaterialLoader.EmissiveMultiRampSunspotsLoader) as (Kopernicus.ConfigParser.BuiltinTypeParsers.ColorParser)
[LOG 22:59:25]: Parsing Target rimColor in (Kopernicus.Configuration.MaterialLoader.EmissiveMultiRampSunspotsLoader) as (Kopernicus.ConfigParser.BuiltinTypeParsers.ColorParser)
[LOG 22:59:25]: Parsing Target rimPower in (Kopernicus.Configuration.MaterialLoader.EmissiveMultiRampSunspotsLoader) as (Kopernicus.ConfigParser.BuiltinTypeParsers.NumericParser`1[System.Single])
[LOG 22:59:25]: Parsing Target rimBlend in (Kopernicus.Configuration.MaterialLoader.EmissiveMultiRampSunspotsLoader) as (Kopernicus.ConfigParser.BuiltinTypeParsers.NumericParser`1[System.Single])
[LOG 22:59:25]: Parsing Target OnDemand in (Kopernicus.Configuration.ScaledVersionLoader) as (Kopernicus.Configuration.ScaledVersionLoader+OnDemandConfig)
[LOG 22:59:25]: Parsing Target TextureOptions in (Kopernicus.Configuration.ScaledVersionLoader) as (Kopernicus.UI.PlanetTextureExporter+TextureOptions)
[LOG 22:59:25]: Parsing Target Coronas in (Kopernicus.Configuration.ScaledVersionLoader) as (System.Collections.Generic.List`1[Kopernicus.Configuration.CoronaLoader])
[LOG 22:59:25]: Parsing Target scaleSpeed in (Kopernicus.Configuration.CoronaLoader) as (Kopernicus.ConfigParser.BuiltinTypeParsers.NumericParser`1[System.Single])
[LOG 22:59:25]: Parsing Target scaleLimitY in (Kopernicus.Configuration.CoronaLoader) as (Kopernicus.ConfigParser.BuiltinTypeParsers.NumericParser`1[System.Single])
[LOG 22:59:25]: Parsing Target scaleLimitX in (Kopernicus.Configuration.CoronaLoader) as (Kopernicus.ConfigParser.BuiltinTypeParsers.NumericParser`1[System.Single])
[LOG 22:59:25]: Parsing Target updateInterval in (Kopernicus.Configuration.CoronaLoader) as (Kopernicus.ConfigParser.BuiltinTypeParsers.NumericParser`1[System.Single])
[LOG 22:59:25]: Parsing Target speed in (Kopernicus.Configuration.CoronaLoader) as (Kopernicus.ConfigParser.BuiltinTypeParsers.NumericParser`1[System.Int32])
[LOG 22:59:25]: Parsing Target rotation in (Kopernicus.Configuration.CoronaLoader) as (Kopernicus.ConfigParser.BuiltinTypeParsers.NumericParser`1[System.Single])
[LOG 22:59:25]: Parsing Target Material in (Kopernicus.Configuration.CoronaLoader) as (Kopernicus.Configuration.MaterialLoader.ParticleAddSmoothLoader)
[LOG 22:59:25]: Parsing Target texture in (Kopernicus.Configuration.MaterialLoader.ParticleAddSmoothLoader) as (Kopernicus.Configuration.Parsing.Texture2DParser)
[LOG 22:59:25]: Parsing Target mainTexScale in (Kopernicus.Configuration.MaterialLoader.ParticleAddSmoothLoader) as (Kopernicus.ConfigParser.BuiltinTypeParsers.Vector2Parser)
[LOG 22:59:25]: Parsing Target mainTexOffset in (Kopernicus.Configuration.MaterialLoader.ParticleAddSmoothLoader) as (Kopernicus.ConfigParser.BuiltinTypeParsers.Vector2Parser)
[LOG 22:59:25]: Parsing Target invFade in (Kopernicus.Configuration.MaterialLoader.ParticleAddSmoothLoader) as (Kopernicus.ConfigParser.BuiltinTypeParsers.NumericParser`1[System.Single])
[LOG 22:59:25]: ============= Scaled Version Dump ===================
[LOG 22:59:25]: Sun (UnityEngine.GameObject)
[LOG 22:59:25]:  >>> Components <<< 
[LOG 22:59:25]:  Sun (UnityEngine.Transform)
[LOG 22:59:25]:  Sun (UnityEngine.MeshFilter)
[LOG 22:59:25]:  Sun (UnityEngine.MeshRenderer)
[LOG 22:59:25]:  Sun (ScaledSun)
[LOG 22:59:25]:  Sun (UnityEngine.SphereCollider)
[LOG 22:59:25]:  Sun (Kopernicus.Components.SharedSunShaderController)
[LOG 22:59:25]:  Sun (Kopernicus.RuntimeUtility.StarComponent)
[LOG 22:59:25]:  >>> ---------- <<< 
[LOG 22:59:25]:     Sun (UnityEngine.GameObject)
[LOG 22:59:25]:      >>> Components <<< 
[LOG 22:59:25]:      Sun (UnityEngine.Transform)
[LOG 22:59:25]:      Sun (Kopernicus.Components.LightShifter)
[LOG 22:59:25]:      >>> ---------- <<< 
[LOG 22:59:25]:     Corona(Clone) (UnityEngine.GameObject)
[LOG 22:59:25]:      >>> Components <<< 
[LOG 22:59:25]:      Corona(Clone) (UnityEngine.Transform)
[LOG 22:59:25]:      Corona(Clone) (UnityEngine.MeshFilter)
[LOG 22:59:25]:      Corona(Clone) (UnityEngine.MeshRenderer)
[LOG 22:59:25]:      Corona(Clone) (SunCoronas)
[LOG 22:59:25]:      >>> ---------- <<< 
[LOG 22:59:25]: ===========================================
[LOG 22:59:25]: Parsing Target Atmosphere in (Kopernicus.Configuration.Body) as (Kopernicus.Configuration.AtmosphereLoader)
[LOG 22:59:25]: Parsing Target PQS in (Kopernicus.Configuration.Body) as (Kopernicus.Configuration.PQSLoader)
[LOG 22:59:25]: Parsing Target Ocean in (Kopernicus.Configuration.Body) as (Kopernicus.Configuration.OceanLoader)
[LOG 22:59:25]: Parsing Target Rings in (Kopernicus.Configuration.Body) as (System.Collections.Generic.List`1[Kopernicus.Configuration.RingLoader])
[LOG 22:59:25]: Parsing Target Particles in (Kopernicus.Configuration.Body) as (System.Collections.Generic.List`1[Kopernicus.Configuration.ParticleLoader])
[LOG 22:59:25]: Parsing Target HazardousBody in (Kopernicus.Configuration.Body) as (System.Collections.Generic.List`1[Kopernicus.Configuration.HazardousBodyLoader])
[LOG 22:59:25]: Parsing Target SpaceCenter in (Kopernicus.Configuration.Body) as (Kopernicus.Configuration.SpaceCenterLoader)
[LOG 22:59:25]: Parsing Target Debug in (Kopernicus.Configuration.Body) as (Kopernicus.Configuration.DebugLoader)
[LOG 22:59:25]: Parsing Target PostSpawnOrbit in (Kopernicus.Configuration.Body) as (ConfigNode)
[LOG 22:59:25]: --------- Celestial Body ------------
[LOG 22:59:25]: bodyName = Sun
[LOG 22:59:25]: bodyDisplayName = Slippist^N
[LOG 22:59:25]: bodyAdjectiveDisplayName = #autoLOC_6004075
[LOG 22:59:25]: bodyDescription = Slippist is the brightest object in the sky. Visible to half of the globe, Slippist gives heat and light to all of the planets in the sky. Despite its stationary appearance in the sky, all of the planets--including Echo--orbit in circular paths around it. Scientists have discovered that Slippist is actually a small star, very average among the stellar population but rare in the sky due to its dimness. Most of the stars in the sky are thousands of times more luminous and several times hotter!
[LOG 22:59:25]: GeeASL = 169.96417505769
[LOG 22:59:25]: Radius = 8417970
[LOG 22:59:25]: Mass = 1.76970715E+27
[LOG 22:59:25]: Density = 0
[LOG 22:59:25]: SurfaceArea = 0
[LOG 22:59:25]: gravParameter = 1.1811167095672E+17
[LOG 22:59:25]: sphereOfInfluence = 0
[LOG 22:59:25]: hillSphere = 0
[LOG 22:59:25]: gMagnitudeAtCenter = 1.1811167095672E+17
[LOG 22:59:25]: atmDensityASL = 0
[LOG 22:59:25]: atmPressureASL = 0
[LOG 22:59:25]: scaledEllipsoid = True
[LOG 22:59:25]: scaledElipRadMult = [1, 1, 1]
[LOG 22:59:25]: scaledRadiusHorizonMultiplier = 1
[LOG 22:59:25]: navballSwitchRadiusMult = 0.06
[LOG 22:59:25]: navballSwitchRadiusMultLow = 0.055
[LOG 22:59:25]: use_The_InName = False
[LOG 22:59:25]: isHomeWorld = False
[LOG 22:59:25]: ocean = False
[LOG 22:59:25]: oceanUseFog = True
[LOG 22:59:25]: oceanFogPQSDepth = 1000
[LOG 22:59:25]: oceanFogPQSDepthRecip = 0.001
[LOG 22:59:25]: oceanFogDensityStart = 0.015
[LOG 22:59:25]: oceanFogDensityEnd = 0.13
[LOG 22:59:25]: oceanFogDensityPQSMult = 0.02
[LOG 22:59:25]: oceanFogDensityAltScalar = -0.0008
[LOG 22:59:25]: oceanFogDensityExponent = 1
[LOG 22:59:25]: oceanFogColorStart = RGBA(0.000, 0.337, 0.486, 1.000)
[LOG 22:59:25]: oceanFogColorEnd = RGBA(0.000, 0.084, 0.122, 1.000)
[LOG 22:59:25]: oceanFogDawnFactor = 10
[LOG 22:59:25]: oceanSkyColorMult = 1.2
[LOG 22:59:25]: oceanSkyColorOpacityBase = 0.2
[LOG 22:59:25]: oceanSkyColorOpacityAltMult = 2
[LOG 22:59:25]: oceanDensity = 1
[LOG 22:59:25]: oceanAFGBase = 0.6
[LOG 22:59:25]: oceanAFGAltMult = 0.05
[LOG 22:59:25]: oceanAFGMin = 0.05
[LOG 22:59:25]: oceanSunBase = 0.5
[LOG 22:59:25]: oceanSunAltMult = 0.01
[LOG 22:59:25]: oceanSunMin = 0.05
[LOG 22:59:25]: oceanAFGLerp = False
[LOG 22:59:25]: oceanMinAlphaFogDistance = 200
[LOG 22:59:25]: oceanMaxAlbedoFog = 0.95
[LOG 22:59:25]: oceanMaxAlphaFog = 0.9
[LOG 22:59:25]: oceanAlbedoDistanceScalar = 0.01
[LOG 22:59:25]: oceanAlphaDistanceScalar = 0.01
[LOG 22:59:25]: minOrbitalDistance = 100000
[LOG 22:59:25]: atmosphere = True
[LOG 22:59:25]: atmosphereContainsOxygen = False
[LOG 22:59:25]: atmosphereDepth = 600000
[LOG 22:59:25]: atmosphereTemperatureSeaLevel = 5840
[LOG 22:59:25]: atmospherePressureSeaLevel = 16
[LOG 22:59:25]: atmosphereMolarMass = 0.0022
[LOG 22:59:25]: atmosphereAdiabaticIndex = 1.43
[LOG 22:59:25]: atmosphereTemperatureLapseRate = 0
[LOG 22:59:25]: atmosphereGasMassLapseRate = 0
[LOG 22:59:25]: atmosphereUseTemperatureCurve = True
[LOG 22:59:25]: atmosphereTemperatureCurveIsNormalized = False
[LOG 22:59:25]: atmosphereTemperatureCurve = FloatCurve
[LOG 22:59:25]: latitudeTemperatureBiasCurve = FloatCurve
[LOG 22:59:25]: latitudeTemperatureSunMultCurve = FloatCurve
[LOG 22:59:25]: axialTemperatureSunMultCurve = FloatCurve
[LOG 22:59:25]: axialTemperatureSunBiasCurve = FloatCurve
[LOG 22:59:25]: atmosphereTemperatureSunMultCurve = FloatCurve
[LOG 22:59:25]: maxAxialDot = 0
[LOG 22:59:25]: eccentricityTemperatureBiasCurve = FloatCurve
[LOG 22:59:25]: albedo = 0
[LOG 22:59:25]: emissivity = 0
[LOG 22:59:25]: coreTemperatureOffset = 0
[LOG 22:59:25]: convectionMultiplier = 1
[LOG 22:59:25]: shockTemperatureMultiplier = 0.5
[LOG 22:59:25]: atmosphereUsePressureCurve = True
[LOG 22:59:25]: atmospherePressureCurveIsNormalized = False
[LOG 22:59:25]: atmospherePressureCurve = FloatCurve
[LOG 22:59:25]: radiusAtmoFactor = 1
[LOG 22:59:25]: hasSolidSurface = False
[LOG 22:59:25]: isStar = True
[LOG 22:59:25]: rotation = (0.0, 0.0, 0.0, 0.0)
[LOG 22:59:25]: orbitDriver = 
[LOG 22:59:25]: pqsController = 
[LOG 22:59:25]: pqsSurfaceObjects = PQSSurfaceObject[]
[LOG 22:59:25]: scaledBody = Sun (UnityEngine.GameObject)
[LOG 22:59:25]: afg = 
[LOG 22:59:25]: rotates = True
[LOG 22:59:25]: rotationPeriod = 90026.25
[LOG 22:59:25]: rotPeriodRecip = 0
[LOG 22:59:25]: solarDayLength = 0
[LOG 22:59:25]: solarRotationPeriod = False
[LOG 22:59:25]: initialRotation = 0
[LOG 22:59:25]: rotationAngle = 0
[LOG 22:59:25]: directRotAngle = 0
[LOG 22:59:25]: angularVelocity = [0, 0, 0]
[LOG 22:59:25]: zUpAngularVelocity = [0, 0, 0]
[LOG 22:59:25]: tidallyLocked = False
[LOG 22:59:25]: clampInverseRotThreshold = True
[LOG 22:59:25]: inverseRotation = False
[LOG 22:59:25]: inverseRotThresholdAltitude = 100000
[LOG 22:59:25]: angularV = 0
[LOG 22:59:25]: timeWarpAltitudeLimits = System.Single[]
[LOG 22:59:25]: atmosphericAmbientColor = RGBA(0.000, 0.000, 0.000, 0.000)
[LOG 22:59:25]: orbitingBodies = System.Collections.Generic.List`1[CelestialBody]
[LOG 22:59:25]: BodyFrame = Planetarium+CelestialFrame
[LOG 22:59:25]: progressTree = KSPAchievements.CelestialBodySubtree
[LOG 22:59:25]: bodyType = Generic
[LOG 22:59:25]: scienceValues = CelestialBodyScienceParams
[LOG 22:59:25]: BiomeMap = aSlippist_Biomes (CBG) for Sun (Kopernicus.OnDemand.CBAttributeMapSODemand)
[LOG 22:59:25]: MiniBiomes = MiniBiome[]
[LOG 22:59:25]: bodyTransform = 
[LOG 22:59:25]: --------------------------------------
[LOG 22:59:25]: Sun is using custom cache file 'D:/Games/Modded Profiles/Modded ksp 1.7.3/KSP_1.7.3_Data/../GameData/SLIPPIST-1/Cache/Slippist.bin'
[LOG 22:59:25]: Body.PostApply(ConfigNode): Loading cached scaled space mesh: Sun
